*************************************************************************
*****        G A M M A   S P E C T R U M    A N A L Y S I S         *****
*************************************************************************


Filename: DSA1000A                                                     

Report Generated On             : 6/29/2018   5:25:18 PM

Sample Title                    : Sample title.                          
Sample Description              :                                 
Sample Identification           :                 
Sample Type                     :                 
Sample Geometry                 :                 

Peak Locate Threshold           :  2.50
Peak Locate Range (in channels) :     1 - 65535
Peak Area Range (in channels)   :   100 -  8172
Identification Energy Tolerance :    3.000 keV

Sample Size                     :  1.000E+000 Unit    

Sample Taken On                 :                       
Acquisition Started             : 6/29/2018   4:34:30 PM

Live Time                       :     3600.0 seconds
Real Time                       :     3606.1 seconds

Dead Time                       :   0.17 %


              Energy Calibration Used Done On       : 6/23/2018 
              Efficiency Calibration Used Done On   : 6/23/2018 
              Efficiency ID                         :                        

Peak Analysis Report             6/29/2018   5:25:18 PM            Page  2


**************************************************************************
*****           P E A K    A N A L Y S I S    R E P O R T            *****
**************************************************************************


     Detector Name:  DSA1000A                        
     Sample Title:   Sample title.                                     
     Peak Analysis Performed on:  6/29/2018   5:25:18 PM
               Peak Analysis From Channel:      1
               Peak Analysis To Channel:     8192

   Peak  ROI  ROI    Peak    Energy   FWHM  Net Peak  Net Area  Continuum 
    No. start end  centroid   (keV)   (keV)  Area     Uncert.    Counts 

    1    16-   33    22.29     5.83   1.27      1172.6   71.46   1.11E+003 
    2    33-   40    37.21     9.90   0.28       -23.4   46.99   1.11E+003 
    3    44-   54    47.82    12.79   1.67       321.9   57.77   1.25E+003 
    4    59-   71    64.51    17.35   0.97       498.4   54.98   9.47E+002 
    5    82-   89    86.83    23.44   0.57        22.4   28.05   3.80E+002 
    6   264-  271   268.14    72.90   0.67       -16.1   30.04   4.22E+002 
    7   272-  283   275.72    74.97   0.68       204.3   39.13   5.15E+002 
    8   305-  322   309.00    84.05   1.36       153.9   51.25   7.45E+002 
    9   472-  479   475.81   129.56   1.15        60.8   29.15   3.92E+002 
   10   591-  600   596.31   162.44   0.40        42.1   33.01   4.64E+002 
   11   637-  646   642.24   174.97   0.47        16.8   33.22   4.81E+002 
   12   679-  690   685.85   186.86   0.27        15.3   36.52   5.26E+002 
   13   723-  736   727.69   198.28   0.42        61.4   40.49   5.73E+002 
   14   763-  774   769.62   209.72   1.10        63.1   35.83   4.86E+002 
   15   775-  786   778.95   212.26   0.29       -54.3   35.71   5.30E+002 
   16   845-  856   848.21   231.16   0.41         0.9   35.09   4.90E+002 
 M 17   870-  892   874.37   238.30   0.60        51.5   15.87   2.71E+002 
 m 18   870-  892   888.17   242.06   0.61        41.7   14.84   3.02E+002 
   19   931-  939   935.32   254.93   0.46       -17.8   25.85   3.18E+002 
   20  1004- 1013  1007.58   274.64   0.65        16.5   24.95   2.69E+002 
   21  1078- 1088  1083.62   295.39   1.11        71.8   28.31   3.05E+002 
   22  1136- 1149  1144.21   311.92   0.73        30.8   30.25   3.19E+002 
   23  1187- 1199  1192.80   325.17   0.53       -21.1   28.17   3.08E+002 
   24  1283- 1298  1290.64   351.87   1.04       119.5   33.68   3.37E+002 
   25  1400- 1414  1410.19   384.48   0.27         6.9   26.88   2.47E+002 
   26  1415- 1430  1421.05   387.45   0.27        -9.3   29.38   2.90E+002 
   27  1480- 1490  1483.20   404.40   0.38        -8.7   21.51   1.96E+002 
   28  1501- 1519  1509.99   411.71   1.23       731.8   40.91   2.79E+002 
   29  1820- 1834  1824.81   497.60   0.31         3.7   21.92   1.65E+002 
   30  1862- 1883  1874.38   511.12   1.83       269.5   34.97   2.54E+002 
   31  2059- 2074  2069.71   564.42   0.44        26.9   23.07   1.67E+002 
   32  2123- 2146  2139.73   583.52   1.02        66.0   32.04   2.40E+002 
   33  2228- 2240  2235.09   609.54   0.97       160.7   23.41   1.47E+002 
   34  2420- 2434  2426.30   661.70   1.53       374.3   27.65   1.34E+002 
   35  2469- 2481  2475.41   675.10   0.31         5.1   16.05   9.39E+001 
   36  2497- 2509  2501.75   682.29   0.27       -17.9   16.71   1.12E+002 
   37  2686- 2696  2690.55   733.80   0.34        16.3   13.16   6.57E+001 
   38  2771- 2780  2775.90   757.08   0.47         6.5   11.20   5.25E+001 
   39  2853- 2865  2860.66   780.21   0.29        33.2   14.54   6.68E+001 
   40  2904- 2915  2910.60   793.83   0.27         3.7   13.41   7.03E+001 
   41  2928- 2937  2932.32   799.76   0.79        16.7   11.65   5.03E+001 
   42  3058- 3072  3067.00   836.50   0.69        14.1   16.87   9.39E+001 
Peak Analysis Report             6/29/2018   5:25:18 PM            Page  3


   Peak  ROI  ROI    Peak    Energy   FWHM  Net Peak  Net Area  Continuum 
    No. start end  centroid   (keV)   (keV)  Area     Uncert.    Counts 

   43  3081- 3090  3085.97   841.68   0.27        -6.2   12.28   6.92E+001 
   44  3176- 3187  3182.51   868.02   0.40         8.0   13.16   6.60E+001 
   45  3337- 3348  3343.95   912.06   0.85        73.6   16.68   8.04E+001 
   46  3381- 3395  3389.12   924.39   0.28         5.1   15.31   7.79E+001 
   47  3547- 3563  3554.40   969.48   0.67        45.8   17.39   8.12E+001 
   48  3625- 3644  3636.22   991.80   0.37        31.7   16.90   7.23E+001 
   49  3750- 3762  3757.25  1024.82   0.80        11.9   12.68   5.51E+001 
   50  4102- 4116  4109.41  1120.90   0.94        63.9   16.99   7.61E+001 
   51  4161- 4174  4165.91  1136.31   0.29        25.3   13.44   5.57E+001 
   52  4794- 4805  4799.05  1309.05   0.87        20.8    8.64   2.12E+001 
   53  5011- 5028  5019.58  1369.21   1.98       115.3   14.62   2.97E+001 
   54  5046- 5060  5054.92  1378.86   0.91        34.3   11.31   3.17E+001 
   55  5160- 5171  5165.13  1408.92   0.46        11.9    8.00   1.71E+001 
   56  5205- 5216  5210.44  1421.29   0.81        12.8    6.26   1.02E+001 
   57  5218- 5229  5223.56  1424.87   0.36        -5.8    7.56   1.98E+001 
   58  5347- 5371  5358.85  1461.78   1.92      1376.9   38.08   1.81E+001 
   59  6463- 6485  6471.42  1765.31   1.96        94.8   12.71   1.73E+001 
   60  6773- 6784  6778.21  1849.02   0.90        15.8    5.79   6.23E+000 
   61  8088- 8099  8093.20  2207.78   0.27         3.1    7.40   1.79E+001 

M = First peak in a multiplet region
m = Other peak in a multiplet region
F = Fitted singlet

Errors quoted at  1.000 sigma
Nuclide Identification Report        6/29/2018   5:25:19 PM        Page  4


No nuclide identification results available for reporting purposes
*************************************************************************
*****        G A M M A   S P E C T R U M    A N A L Y S I S         *****
*************************************************************************


Filename: DSA1000A                                                     

Report Generated On             : 6/29/2018   5:25:19 PM

Sample Title                    : Sample title.                          
Sample Description              :                                 
Sample Identification           :                 
Sample Type                     :                 
Sample Geometry                 :                 

Peak Locate Threshold           :  2.50
Peak Locate Range (in channels) :     1 - 65535
Peak Area Range (in channels)   :     1 -  8192
Identification Energy Tolerance :    3.000 keV

Sample Size                     :  1.000E+000 Unit    

Sample Taken On                 :                       
Acquisition Started             : 6/29/2018   4:34:30 PM

Live Time                       :     3600.0 seconds
Real Time                       :     3606.1 seconds

Dead Time                       :   0.17 %


              Energy Calibration Used Done On       : 6/23/2018 
              Efficiency Calibration Used Done On   : 6/23/2018 
              Efficiency ID                         :                        

Energy Calibration Report            6/29/2018   5:25:19 PM       Page  5


**************************************************************************
*****       E N E R G Y   C A L I B R A T I O N   R E P O R T        *****
**************************************************************************

     Detector Name:  DSA1000A                        
     Sample Title:   Sample title.                                     

       *************  ENERGY CALIBRATION COEFFICIENTS  *************

               Energy Calibrate Performed on:  6/23/2018  12:56:08 PM
                       by:                       
               Energy Calibrate Type:          POLY    

   Energy(keV) =    -0.253 +     0.273*ch +  0.00E+000*ch^2 +  0.00E+000*ch^3

       *************  SHAPE CALIBRATION COEFFICIENTS   *************

               Shape Calibrate Performed on:  6/23/2018  12:56:08 PM
                       by:                        

               FWHM     =     0.795  +   0.026*E^1/2

               LOW TAIL =   0.0E+000 +  0.0E+000*E

****************     ENERGY CALIBRATION RESULTS TABLE     ****************

                    Centroid      Centroid         Energy
                    Channel       error            (keV )
                      220.59        0.07             60.01
                      317.99        0.02             86.54
                      386.80        0.01            105.31
                      451.84        0.03            122.06
                     2426.14        0.01            661.66
                     3062.96        0.38            834.83

       *********     SHAPE CALIBRATION RESULTS TABLE      *********

             Energy     FWHM       FWHM         TAIL        TAIL
             (keV )     channels   error        channels    error
               60.01      3.13      0.17           0.00      0.00
               86.54      3.87      0.04           0.00      0.00
              105.31      3.88      0.01           0.00      0.00
              122.06      3.92      0.07           0.00      0.00
              661.66      5.34      0.01           0.00      0.00
              834.83      1.36      0.55           0.00      0.00
Efficiency Calibration Report             6/29/2018   5:25:19 PM   Page  6


**************************************************************************
*****   E F F I C I E N C Y   C A L I B R A T I O N    R E P O R T   *****
**************************************************************************

     Detector Name:  DSA1000A                        
     Sample Title:   Sample title.                                     

     Geometry Description:                 
     Efficiency Calibration Performed on:  6/23/2018   4:29:36 PM
                       by:                         
     Geometry Type Used:   INTERPOL        

                            Efficiency Triplets
                            ===================

                   Energy         Efficiency        Error

                     60.00         2.39E-002      2.06E-003
                     86.50         7.50E-002      1.86E-004
                    105.30         9.27E-002      2.42E-004
                    176.30         9.35E-002      6.01E-004
                    427.90         4.77E-002      2.21E-004
                    600.60         3.51E-002      2.22E-004
                    834.80         2.64E-002      2.00E-004
                   1173.20         1.87E-002      5.20E-005
                   1332.50         1.69E-002      4.80E-005

                      DUAL Efficiency Calibration Equation
                      ====================================

         Single Equation Terms ->   Offset:     -143.191
                                     Slope:       91.147
                                 Quadratic:      -21.757
                                     Cubic:        2.279
                                 4th Order:       -0.089
                                 5th Order:        0.000
                                 6th Order:        0.000
                                 7th Order:        0.000
                                 8th Order:        0.000
                                 9th Order:        0.000
Efficiency Calibration Report             6/29/2018   5:25:19 PM   Page  7


                      EMPIRICAL Efficiency Calibration Equation
                      =========================================

      Empirical Equation Terms ->  Scaling:      696.250
                                    Offset:       -3.494
                                     Slope:        0.899
                                 Quadratic:        0.043
                                     Cubic:        0.059
                                 4th Order:       -0.089
                                 5th Order:        0.000

                      LINEAR Efficiency Calibration Equation
                      ======================================

         Linear Equation Terms ->   Offset:       -0.000
                                     Slope:       -1.569
                                 Quadratic:      189.136
                                     Cubic:   -17233.867
                                 4th Order:   376762.938
                                 5th Order:        0.000
                                 6th Order:        0.000
                                 7th Order:        0.000
                                 8th Order:        0.000
                                 9th Order:        0.000
Peak-to-Total Calibration Report          6/29/2018   5:25:19 PM   Page  8


**************************************************************************
**   P E A K - T O - T O T A L   C A L I B R A T I O N   R E P O R T   ***
**************************************************************************

     Detector Name:  DSA1000A                        
     Sample Title:   Sample title.                                     


                  Peak-to-Total Calibration Equation
                  =============================================

                                 No Peak-to-Total Equation

Peak Locate Analysis Report             6/29/2018   5:25:19 PM     Page  9

**************************************************************************
*****             P E A K    L O C A T E    R E P O R T              *****
**************************************************************************

     Detector Name:  DSA1000A                        
     Sample Title:   Sample title.                                     
               Peak Locate Performed on:  6/29/2018   5:25:18 PM
               Peak Locate From Channel:      1
               Peak Locate To Channel:    65535
               Peak Search Sensitivity:     2.50

     Peak   Centroid    Centroid     Energy       Peak
      No.    Channel   Uncertainty   (keV)    Significance

       1       22.29      <NA>          5.83      <NA> 
       2       37.21      <NA>          9.90      <NA> 
       3       47.82      <NA>         12.79      <NA> 
       4       64.51      <NA>         17.35      <NA> 
       5       86.83      <NA>         23.44      <NA> 
       6      268.14      <NA>         72.90      <NA> 
       7      275.72      <NA>         74.97      <NA> 
       8      309.00      <NA>         84.05      <NA> 
       9      475.81      <NA>        129.56      <NA> 
      10      596.31      <NA>        162.44      <NA> 
      11      642.24      <NA>        174.97      <NA> 
      12      685.85      <NA>        186.86      <NA> 
      13      727.69      <NA>        198.28      <NA> 
      14      769.62      <NA>        209.72      <NA> 
      15      778.95      <NA>        212.26      <NA> 
      16      848.21      <NA>        231.16      <NA> 
      17      875.96      <NA>        238.30      <NA> 
      18      887.75      <NA>        242.06      <NA> 
      19      935.32      <NA>        254.93      <NA> 
      20     1007.58      <NA>        274.64      <NA> 
      21     1083.62      <NA>        295.39      <NA> 
      22     1144.21      <NA>        311.92      <NA> 
      23     1192.80      <NA>        325.17      <NA> 
      24     1290.64      <NA>        351.87      <NA> 
      25     1410.19      <NA>        384.48      <NA> 
      26     1421.05      <NA>        387.45      <NA> 
      27     1483.20      <NA>        404.40      <NA> 
      28     1509.99      <NA>        411.71      <NA> 
      29     1824.81      <NA>        497.60      <NA> 
      30     1874.38      <NA>        511.12      <NA> 
      31     2069.71      <NA>        564.42      <NA> 
      32     2139.73      <NA>        583.52      <NA> 
      33     2235.09      <NA>        609.54      <NA> 
      34     2426.30      <NA>        661.70      <NA> 
      35     2475.41      <NA>        675.10      <NA> 
      36     2501.75      <NA>        682.29      <NA> 
      37     2690.55      <NA>        733.80      <NA> 
      38     2775.90      <NA>        757.08      <NA> 
      39     2860.66      <NA>        780.21      <NA> 
      40     2910.60      <NA>        793.83      <NA> 
      41     2932.32      <NA>        799.76      <NA> 
Peak Locate Analysis Report             6/29/2018   5:25:19 PM     Page 10


     Peak   Centroid    Centroid     Energy       Peak
      No.    Channel   Uncertainty   (keV)    Significance

      42     3067.00      <NA>        836.50      <NA> 
      43     3085.97      <NA>        841.68      <NA> 
      44     3182.51      <NA>        868.02      <NA> 
      45     3343.95      <NA>        912.06      <NA> 
      46     3389.12      <NA>        924.39      <NA> 
      47     3554.40      <NA>        969.48      <NA> 
      48     3636.22      <NA>        991.80      <NA> 
      49     3757.25      <NA>       1024.82      <NA> 
      50     4109.41      <NA>       1120.90      <NA> 
      51     4165.91      <NA>       1136.31      <NA> 
      52     4799.05      <NA>       1309.05      <NA> 
      53     5019.58      <NA>       1369.21      <NA> 
      54     5054.92      <NA>       1378.86      <NA> 
      55     5165.13      <NA>       1408.92      <NA> 
      56     5210.44      <NA>       1421.29      <NA> 
      57     5223.56      <NA>       1424.87      <NA> 
      58     5358.85      <NA>       1461.78      <NA> 
      59     6471.42      <NA>       1765.31      <NA> 
      60     6778.21      <NA>       1849.02      <NA> 
      61     8093.20      <NA>       2207.78      <NA> 

? = Adjacent peak noted

Errors quoted at  1.000 sigma
Peak Analysis Report             6/29/2018   5:25:19 PM            Page 11


**************************************************************************
*****           P E A K    A N A L Y S I S    R E P O R T            *****
**************************************************************************


     Detector Name:  DSA1000A                        
     Sample Title:   Sample title.                                     
     Peak Analysis Performed on:  6/29/2018   5:25:18 PM
               Peak Analysis From Channel:      1
               Peak Analysis To Channel:     8192

   Peak  ROI  ROI    Peak    Energy   FWHM  Net Peak  Net Area  Continuum 
    No. start end  centroid   (keV)   (keV)  Area     Uncert.    Counts 

    1    16-   33    22.29     5.83   1.27      1172.6   71.46   1.11E+003 
    2    33-   40    37.21     9.90   0.28       -23.4   46.99   1.11E+003 
    3    44-   54    47.82    12.79   1.67       321.9   57.77   1.25E+003 
    4    59-   71    64.51    17.35   0.97       498.4   54.98   9.47E+002 
    5    82-   89    86.83    23.44   0.57        22.4   28.05   3.80E+002 
    6   264-  271   268.14    72.90   0.67       -16.1   30.04   4.22E+002 
    7   272-  283   275.72    74.97   0.68       204.3   39.13   5.15E+002 
    8   305-  322   309.00    84.05   1.36       153.9   51.25   7.45E+002 
    9   472-  479   475.81   129.56   1.15        60.8   29.15   3.92E+002 
   10   591-  600   596.31   162.44   0.40        42.1   33.01   4.64E+002 
   11   637-  646   642.24   174.97   0.47        16.8   33.22   4.81E+002 
   12   679-  690   685.85   186.86   0.27        15.3   36.52   5.26E+002 
   13   723-  736   727.69   198.28   0.42        61.4   40.49   5.73E+002 
   14   763-  774   769.62   209.72   1.10        63.1   35.83   4.86E+002 
   15   775-  786   778.95   212.26   0.29       -54.3   35.71   5.30E+002 
   16   845-  856   848.21   231.16   0.41         0.9   35.09   4.90E+002 
 M 17   870-  892   874.37   238.30   0.60        51.5   15.87   2.71E+002 
 m 18   870-  892   888.17   242.06   0.61        41.7   14.84   3.02E+002 
   19   931-  939   935.32   254.93   0.46       -17.8   25.85   3.18E+002 
   20  1004- 1013  1007.58   274.64   0.65        16.5   24.95   2.69E+002 
   21  1078- 1088  1083.62   295.39   1.11        71.8   28.31   3.05E+002 
   22  1136- 1149  1144.21   311.92   0.73        30.8   30.25   3.19E+002 
   23  1187- 1199  1192.80   325.17   0.53       -21.1   28.17   3.08E+002 
   24  1283- 1298  1290.64   351.87   1.04       119.5   33.68   3.37E+002 
   25  1400- 1414  1410.19   384.48   0.27         6.9   26.88   2.47E+002 
   26  1415- 1430  1421.05   387.45   0.27        -9.3   29.38   2.90E+002 
   27  1480- 1490  1483.20   404.40   0.38        -8.7   21.51   1.96E+002 
   28  1501- 1519  1509.99   411.71   1.23       731.8   40.91   2.79E+002 
   29  1820- 1834  1824.81   497.60   0.31         3.7   21.92   1.65E+002 
   30  1862- 1883  1874.38   511.12   1.83       269.5   34.97   2.54E+002 
   31  2059- 2074  2069.71   564.42   0.44        26.9   23.07   1.67E+002 
   32  2123- 2146  2139.73   583.52   1.02        66.0   32.04   2.40E+002 
   33  2228- 2240  2235.09   609.54   0.97       160.7   23.41   1.47E+002 
   34  2420- 2434  2426.30   661.70   1.53       374.3   27.65   1.34E+002 
   35  2469- 2481  2475.41   675.10   0.31         5.1   16.05   9.39E+001 
   36  2497- 2509  2501.75   682.29   0.27       -17.9   16.71   1.12E+002 
   37  2686- 2696  2690.55   733.80   0.34        16.3   13.16   6.57E+001 
   38  2771- 2780  2775.90   757.08   0.47         6.5   11.20   5.25E+001 
   39  2853- 2865  2860.66   780.21   0.29        33.2   14.54   6.68E+001 
   40  2904- 2915  2910.60   793.83   0.27         3.7   13.41   7.03E+001 
   41  2928- 2937  2932.32   799.76   0.79        16.7   11.65   5.03E+001 
   42  3058- 3072  3067.00   836.50   0.69        14.1   16.87   9.39E+001 
Peak Analysis Report             6/29/2018   5:25:19 PM            Page 12


   Peak  ROI  ROI    Peak    Energy   FWHM  Net Peak  Net Area  Continuum 
    No. start end  centroid   (keV)   (keV)  Area     Uncert.    Counts 

   43  3081- 3090  3085.97   841.68   0.27        -6.2   12.28   6.92E+001 
   44  3176- 3187  3182.51   868.02   0.40         8.0   13.16   6.60E+001 
   45  3337- 3348  3343.95   912.06   0.85        73.6   16.68   8.04E+001 
   46  3381- 3395  3389.12   924.39   0.28         5.1   15.31   7.79E+001 
   47  3547- 3563  3554.40   969.48   0.67        45.8   17.39   8.12E+001 
   48  3625- 3644  3636.22   991.80   0.37        31.7   16.90   7.23E+001 
   49  3750- 3762  3757.25  1024.82   0.80        11.9   12.68   5.51E+001 
   50  4102- 4116  4109.41  1120.90   0.94        63.9   16.99   7.61E+001 
   51  4161- 4174  4165.91  1136.31   0.29        25.3   13.44   5.57E+001 
   52  4794- 4805  4799.05  1309.05   0.87        20.8    8.64   2.12E+001 
   53  5011- 5028  5019.58  1369.21   1.98       115.3   14.62   2.97E+001 
   54  5046- 5060  5054.92  1378.86   0.91        34.3   11.31   3.17E+001 
   55  5160- 5171  5165.13  1408.92   0.46        11.9    8.00   1.71E+001 
   56  5205- 5216  5210.44  1421.29   0.81        12.8    6.26   1.02E+001 
   57  5218- 5229  5223.56  1424.87   0.36        -5.8    7.56   1.98E+001 
   58  5347- 5371  5358.85  1461.78   1.92      1376.9   38.08   1.81E+001 
   59  6463- 6485  6471.42  1765.31   1.96        94.8   12.71   1.73E+001 
   60  6773- 6784  6778.21  1849.02   0.90        15.8    5.79   6.23E+000 
   61  8088- 8099  8093.20  2207.78   0.27         3.1    7.40   1.79E+001 

M = First peak in a multiplet region
m = Other peak in a multiplet region
F = Fitted singlet

Errors quoted at  1.000 sigma
Peak Analysis Report                    6/29/2018   5:25:19 PM          Page 13


*******************************************************************************
*****  S T A N D A R D   V M S   P E A K   A N A L Y S I S   R E P O R T  *****
*******************************************************************************

        Configuration Title:                                         
        Spectrum Title:              Sample title.            
        Peak Analysis Performed on:  6/29/18   5:25:18 PM
        Peak Analysis From Channel:      1    To Channel:     8192
        Peak Search Sensitivity:      2.50    Gaussian Sensitivity:  1.00
        Max Iterations: 15  Fit Singlets: No  Critical Level Test: No 
        Use Fixed FWHM: No  FWHM Reject:  No  FWHM Reject Ratio:  0.00 
        Peak Fit Engine Name: PANOLIN1        Continuum Type: STEP   

   Pk IT  Energy      Area   Bkgnd  FWHM Channel  Left  PW  Cts/Sec  %err   Fit

    1  0     5.83     1173    1107  1.27   22.29    16  18 3.3E-001   6.1   0.0
    2  0     9.90      -23    1110  0.28   37.21    33   8-6.5E-003 -201.   0.0
    3  0    12.79      322    1252  1.67   47.82    44  11 8.9E-002  17.9   0.0
    4  0    17.35      498     947  0.97   64.51    59  13 1.4E-001  11.0   0.0
    5  0    23.44       22     380  0.57   86.83    82   8 6.2E-003 125.1   0.0
    6  0    72.90      -16     422  0.67  268.14   264   8-4.5E-003 -186.   0.0
    7  0    74.97      204     515  0.68  275.72   272  12 5.7E-002  19.2   0.0
    8  0    84.05      154     745  1.36  309.00   305  18 4.3E-002  33.3   0.0
    9  0   129.56       61     392  1.15  475.81   472   8 1.7E-002  48.0   0.0
   10  0   162.44       42     464  0.40  596.31   591  10 1.2E-002  78.4   0.0
   11  0   174.97       17     481  0.47  642.24   637  10 4.7E-003 197.2   0.0
   12  0   186.86       15     526  0.27  685.85   679  12 4.3E-003 238.4   0.0
   13  0   198.28       61     573  0.42  727.69   723  14 1.7E-002  65.9   0.0
   14  0   209.72       63     486  1.10  769.62   763  12 1.8E-002  56.8   0.0
   15  0   212.26      -54     530  0.29  778.95   775  12-1.5E-002 -65.8   0.0
   16  0   231.16        1     490  0.41  848.21   845  12 2.5E-004 3891.   0.0
 M 17 14   238.30       52     271  0.60  874.37   870  23 1.4E-002  30.8   1.3
 m 18 14   242.06       42     302  0.61  888.17   870  23 1.2E-002  35.6   1.3
   19  0   254.93      -18     318  0.46  935.32   931   9-4.9E-003 -145.   0.0
   20  0   274.64       16     269  0.65 1007.58  1004  10 4.6E-003 151.4   0.0
   21  0   295.39       72     305  1.11 1083.62  1078  11 2.0E-002  39.5   0.0
   22  0   311.92       31     319  0.73 1144.21  1136  14 8.6E-003  98.2   0.0
   23  0   325.17      -21     308  0.53 1192.80  1187  13-5.9E-003 -133.   0.0
   24  0   351.87      120     337  1.04 1290.64  1283  16 3.3E-002  28.2   0.0
   25  0   384.48        7     247  0.27 1410.19  1400  15 1.9E-003 388.0   0.0
   26  0   387.45       -9     290  0.27 1421.05  1415  16-2.6E-003 -315.   0.0
   27  0   404.40       -9     196  0.38 1483.20  1480  11-2.4E-003 -246.   0.0
   28  0   411.71      732     279  1.23 1509.99  1501  19 2.0E-001   5.6   0.0
   29  0   497.60        4     165  0.31 1824.81  1820  15 1.0E-003 597.1   0.0
   30  0   511.12      269     254  1.83 1874.38  1862  22 7.5E-002  13.0   0.0
   31  0   564.42       27     167  0.44 2069.71  2059  16 7.5E-003  85.9   0.0
   32  0   583.52       66     240  1.02 2139.73  2123  24 1.8E-002  48.6   0.0
   33  0   609.54      161     147  0.97 2235.09  2228  13 4.5E-002  14.6   0.0
   34  0   661.70      374     134  1.53 2426.30  2420  15 1.0E-001   7.4   0.0
   35  0   675.10        5      94  0.31 2475.41  2469  13 1.4E-003 312.4   0.0
   36  0   682.29      -18     112  0.27 2501.75  2497  13-5.0E-003 -93.2   0.0
   37  0   733.80       16      66  0.34 2690.55  2686  11 4.5E-003  80.7   0.0
   38  0   757.08        7      53  0.47 2775.90  2771  10 1.8E-003 172.3   0.0
Peak Analysis Report                    6/29/2018   5:25:19 PM          Page 14


   Pk IT  Energy      Area   Bkgnd  FWHM Channel  Left  PW  Cts/Sec  %err   Fit

   39  0   780.21       33      67  0.29 2860.66  2853  13 9.2E-003  43.8   0.0
   40  0   793.83        4      70  0.27 2910.60  2904  12 1.0E-003 364.1   0.0
   41  0   799.76       17      50  0.79 2932.32  2928  10 4.6E-003  70.0   0.0
   42  0   836.50       14      94  0.69 3067.00  3058  15 3.9E-003 119.4   0.0
   43  0   841.68       -6      69  0.27 3085.97  3081  10-1.7E-003 -199.   0.0
   44  0   868.02        8      66  0.40 3182.51  3176  12 2.2E-003 164.5   0.0
   45  0   912.06       74      80  0.85 3343.95  3337  12 2.0E-002  22.7   0.0
   46  0   924.39        5      78  0.28 3389.12  3381  15 1.4E-003 298.8   0.0
   47  0   969.48       46      81  0.67 3554.40  3547  17 1.3E-002  38.0   0.0
   48  0   991.80       32      72  0.37 3636.22  3625  20 8.8E-003  53.3   0.0
   49  0  1024.82       12      55  0.80 3757.25  3750  13 3.3E-003 106.6   0.0
   50  0  1120.90       64      76  0.94 4109.41  4102  15 1.8E-002  26.6   0.0
   51  0  1136.31       25      56  0.29 4165.91  4161  14 7.0E-003  53.1   0.0
   52  0  1309.05       21      21  0.87 4799.05  4794  12 5.8E-003  41.5   0.0
   53  0  1369.21      115      30  1.98 5019.58  5011  18 3.2E-002  12.7   0.0
   54  0  1378.86       34      32  0.91 5054.92  5046  15 9.5E-003  33.0   0.0
   55  0  1408.92       12      17  0.46 5165.13  5160  12 3.3E-003  67.3   0.0
   56  0  1421.29       13      10  0.81 5210.44  5205  12 3.5E-003  49.0   0.0
   57  0  1424.87       -6      20  0.36 5223.56  5218  12-1.6E-003 -129.   0.0
   58  0  1461.78     1377      18  1.92 5358.85  5347  25 3.8E-001   2.8   0.0
   59  0  1765.31       95      17  1.96 6471.42  6463  23 2.6E-002  13.4   0.0
   60  0  1849.02       16       6  0.90 6778.21  6773  12 4.4E-003  36.7   0.0
   61  0  2207.78        3      18  0.27 8093.20  8088  12 8.7E-004 235.5   0.0

M = First peak in a multiplet region
m = Other peak in a multiplet region
F = Fitted singlet

Errors quoted at  1.000 sigma
Peak Analysis Report             6/29/2018   5:25:19 PM            Page 15


**************************************************************************
*****           P E A K    A N A L Y S I S    R E P O R T            *****
**************************************************************************


     Detector Name:  DSA1000A                        
     Sample Title:   Sample title.                                     
     Peak Analysis Performed on:  6/29/2018   5:25:18 PM
               Peak Analysis From Channel:      1
               Peak Analysis To Channel:     8192

   Peak  ROI  ROI   Energy   Net Peak Net Area  Continuum  Critical 
    No. start end    (keV)     Area    Uncert.    Counts     Level

    1    16-   33     5.83      1172.6   71.46   1.11E+003  1.03E+002 
    2    33-   40     9.90       -23.4   46.99   1.11E+003  7.77E+001 
    3    44-   54    12.79       321.9   57.77   1.25E+003  9.03E+001 
    4    59-   71    17.35       498.4   54.98   9.47E+002  8.26E+001 
    5    82-   89    23.44        22.4   28.05   3.80E+002  4.55E+001 
    6   264-  271    72.90       -16.1   30.04   4.22E+002  4.99E+001 
    7   272-  283    74.97       204.3   39.13   5.15E+002  5.99E+001 
    8   305-  322    84.05       153.9   51.25   7.45E+002  8.18E+001 
    9   472-  479   129.56        60.8   29.15   3.92E+002  4.62E+001 
   10   591-  600   162.44        42.1   33.01   4.64E+002  5.32E+001 
   11   637-  646   174.97        16.8   33.22   4.81E+002  5.42E+001 
   12   679-  690   186.86        15.3   36.52   5.26E+002  5.97E+001 
   13   723-  736   198.28        61.4   40.49   5.73E+002  6.53E+001 
   14   763-  774   209.72        63.1   35.83   4.86E+002  5.75E+001 
   15   775-  786   212.26       -54.3   35.71   5.30E+002  6.00E+001 
   16   845-  856   231.16         0.9   35.09   4.90E+002  5.77E+001 
 M 17   870-  892   238.30        51.5   15.87   2.71E+002  3.83E+001 
 m 18   870-  892   242.06        41.7   14.84   3.02E+002  4.04E+001 
   19   931-  939   254.93       -17.8   25.85   3.18E+002  4.31E+001 
   20  1004- 1013   274.64        16.5   24.95   2.69E+002  4.05E+001 
   21  1078- 1088   295.39        71.8   28.31   3.05E+002  4.44E+001 
   22  1136- 1149   311.92        30.8   30.25   3.19E+002  4.89E+001 
   23  1187- 1199   325.17       -21.1   28.17   3.08E+002  4.69E+001 
   24  1283- 1298   351.87       119.5   33.68   3.37E+002  5.24E+001 
   25  1400- 1414   384.48         6.9   26.88   2.47E+002  4.40E+001 
   26  1415- 1430   387.45        -9.3   29.38   2.90E+002  4.86E+001 
   27  1480- 1490   404.40        -8.7   21.51   1.96E+002  3.57E+001 
   28  1501- 1519   411.71       731.8   40.91   2.79E+002  5.05E+001 
   29  1820- 1834   497.60         3.7   21.92   1.65E+002  3.59E+001 
   30  1862- 1883   511.12       269.5   34.97   2.54E+002  5.08E+001 
   31  2059- 2074   564.42        26.9   23.07   1.67E+002  3.70E+001 
   32  2123- 2146   583.52        66.0   32.04   2.40E+002  5.10E+001 
   33  2228- 2240   609.54       160.7   23.41   1.47E+002  3.24E+001 
   34  2420- 2434   661.70       374.3   27.65   1.34E+002  3.25E+001 
   35  2469- 2481   675.10         5.1   16.05   9.39E+001  2.61E+001 
   36  2497- 2509   682.29       -17.9   16.71   1.12E+002  2.84E+001 
   37  2686- 2696   733.80        16.3   13.16   6.57E+001  2.06E+001 
   38  2771- 2780   757.08         6.5   11.20   5.25E+001  1.79E+001 
   39  2853- 2865   780.21        33.2   14.54   6.68E+001  2.20E+001 
   40  2904- 2915   793.83         3.7   13.41   7.03E+001  2.18E+001 
   41  2928- 2937   799.76        16.7   11.65   5.03E+001  1.80E+001 
   42  3058- 3072   836.50        14.1   16.87   9.39E+001  2.71E+001 
Peak Analysis Report             6/29/2018   5:25:19 PM            Page 16


   Peak  ROI  ROI   Energy   Net Peak Net Area  Continuum  Critical 
    No. start end    (keV)     Area    Uncert.    Counts     Level

   43  3081- 3090   841.68        -6.2   12.28   6.92E+001  2.06E+001 
   44  3176- 3187   868.02         8.0   13.16   6.60E+001  2.11E+001 
   45  3337- 3348   912.06        73.6   16.68   8.04E+001  2.35E+001 
   46  3381- 3395   924.39         5.1   15.31   7.79E+001  2.49E+001 
   47  3547- 3563   969.48        45.8   17.39   8.12E+001  2.64E+001 
   48  3625- 3644   991.80        31.7   16.90   7.23E+001  2.62E+001 
   49  3750- 3762  1024.82        11.9   12.68   5.51E+001  2.01E+001 
   50  4102- 4116  1120.90        63.9   16.99   7.61E+001  2.47E+001 
   51  4161- 4174  1136.31        25.3   13.44   5.57E+001  2.05E+001 
   52  4794- 4805  1309.05        20.8    8.64   2.12E+001  1.21E+001 
   53  5011- 5028  1369.21       115.3   14.62   2.97E+001  1.63E+001 
   54  5046- 5060  1378.86        34.3   11.31   3.17E+001  1.59E+001 
   55  5160- 5171  1408.92        11.9    8.00   1.71E+001  1.19E+001 
   56  5205- 5216  1421.29        12.8    6.26   1.02E+001  8.45E+000 
   57  5218- 5229  1424.87        -5.8    7.56   1.98E+001  1.30E+001 
   58  5347- 5371  1461.78      1376.9   38.08   1.81E+001  1.40E+001 
   59  6463- 6485  1765.31        94.8   12.71   1.73E+001  1.35E+001 
   60  6773- 6784  1849.02        15.8    5.79   6.23E+000  6.92E+000 
   61  8088- 8099  2207.78         3.1    7.40   1.79E+001  1.18E+001 

M = First peak in a multiplet region
m = Other peak in a multiplet region
F = Fitted singlet

Errors quoted at  1.000 sigma
Peak with NID Report             6/29/2018   5:25:19 PM            Page 17


**************************************************************************
*****           P E A K    W I T H   N I D    R E P O R T            *****
**************************************************************************


     Detector Name:  DSA1000A                        
     Sample Title:   Sample title.                                     
     Peak Analysis Performed on:  6/29/2018   5:25:18 PM
               Peak Analysis From Channel:      1
               Peak Analysis To Channel:     8192
     Tentative NID Library:   C:\GENIE2K\CAMFILES\NAA LIB LONG.NLB     
     Peak Match Tolerance :    3.000 keV

   Peak  ROI  ROI    Peak    Energy   Net Peak Net Area  Continuum  Tentative
    No. Start End  Centroid   (keV)     Area    Uncert.    Counts    Nuclide 

    1    16-   33    22.29     5.83  1.17E+003   71.46   1.11E+003   .....    
    2    33-   40    37.21     9.90 -2.34E+001   46.99   1.11E+003   .....    
    3    44-   54    47.82    12.79  3.22E+002   57.77   1.25E+003   .....    
    4    59-   71    64.51    17.35  4.98E+002   54.98   9.47E+002   .....    
    5    82-   89    86.83    23.44  2.24E+001   28.05   3.80E+002   .....    
    6   264-  271   268.14    72.90 -1.61E+001   30.04   4.22E+002   W-187    
    7   272-  283   275.72    74.97  2.04E+002   39.13   5.15E+002   W-187    
    8   305-  322   309.00    84.05  1.54E+002   51.25   7.45E+002   .....    
    9   472-  479   475.81   129.56  6.08E+001   29.15   3.92E+002   OS-191   
                                                                     YB-169   
                                                                     LU-177x  
   10   591-  600   596.31   162.44  4.21E+001   33.01   4.64E+002   .....    
   11   637-  646   642.24   174.97  1.68E+001   33.22   4.81E+002   AS-71    
                                                                     LU-177x  
                                                                     SB-125   
                                                                     YB-169   
                                                                     XE-127   
   12   679-  690   685.85   186.86  1.53E+001   36.52   5.26E+002   XE-125   
                                                                     HO-166   
   13   723-  736   727.69   198.28  6.14E+001   40.49   5.73E+002   YB-169   
                                                                     TB-160   
                                                                     XE-129m  
                                                                     TE-131x  
   14   763-  774   769.62   209.72  6.31E+001   35.83   4.86E+002   GE-77    
                                                                     LU-177x  
                                                                     LU-177   
                                                                     TE-121x  
   15   775-  786   778.95   212.26 -5.43E+001   35.71   5.30E+002   TE-121x  
                                                                     GE-77    
                                                                     LU-177x  
                                                                     AU-198m  
   16   845-  856   848.21   231.16  9.02E-001   35.09   4.90E+002   XE-133m  
                                                                     LU-177x  
 M 17   870-  892   874.37   238.30  5.15E+001   15.87   2.71E+002   AS-77    
                                                                     TE-131x  
 m 18   870-  892   888.17   242.06  4.17E+001   14.84   3.02E+002   TE-131x  
                                                                     XE-125   
                                                                     EU-152x  
   19   931-  939   935.32   254.93 -1.78E+001   25.85   3.18E+002   CE-137x  
   20  1004- 1013  1007.58   274.64  1.65E+001   24.95   2.69E+002   PM-151   
                                                                     BA-133m  
Peak with NID Report             6/29/2018   5:25:19 PM            Page 18

                                                                     BA-133   
   21  1078- 1088  1083.62   295.39  7.18E+001   28.31   3.05E+002   IR-192   
                                                                     LU-177x  
                                                                     CE-143   
   22  1136- 1149  1144.21   311.92  3.08E+001   30.25   3.19E+002   .....    
   23  1187- 1199  1192.80   325.17 -2.11E+001   28.17   3.08E+002   RU-97    
                                                                     LU-177x  
   24  1283- 1298  1290.64   351.87  1.20E+002   33.68   3.37E+002   .....    
   25  1400- 1414  1410.19   384.48  6.93E+000   26.88   2.47E+002   BA-133   
   26  1415- 1430  1421.05   387.45 -9.32E+000   29.38   2.90E+002   PA-232   
   27  1480- 1490  1483.20   404.40 -8.73E+000   21.51   1.96E+002   .....    
   28  1501- 1519  1509.99   411.71  7.32E+002   40.91   2.79E+002   AU-198   
                                                                     HO-166   
                                                                     LU-177x  
   29  1820- 1834  1824.81   497.60  3.67E+000   21.92   1.65E+002   RU-103   
                                                                     BA-131   
   30  1862- 1883  1874.38   511.12  2.69E+002   34.97   2.54E+002   AS-71    
                                                                     ZN-65    
                                                                     SR-85x   
   31  2059- 2074  2069.71   564.42  2.69E+001   23.07   1.67E+002   SB-122   
                                                                     CS-134   
   32  2123- 2146  2139.73   583.52  6.60E+001   32.04   2.40E+002   PA-232   
   33  2228- 2240  2235.09   609.54  1.61E+002   23.41   1.47E+002   RU-103   
                                                                     SB-125   
                                                                     IR-192   
   34  2420- 2434  2426.30   661.70  3.74E+002   27.65   1.34E+002   CE-143   
   35  2469- 2481  2475.41   675.10  5.14E+000   16.05   9.39E+001   AG-110m  
   36  2497- 2509  2501.75   682.29 -1.79E+001   16.71   1.12E+002   .....    
   37  2686- 2696  2690.55   733.80  1.63E+001   13.16   6.57E+001   .....    
   38  2771- 2780  2775.90   757.08  6.50E+000   11.20   5.25E+001   ZR-95    
Peak with NID Report             6/29/2018   5:25:19 PM            Page 19


   Peak  ROI  ROI    Peak    Energy   Net Peak Net Area  Continuum  Tentative
    No. start end  centroid   (keV)     Area    Uncert.    Counts    Nuclide 

   39  2853- 2865  2860.66   780.21  3.32E+001   14.54   6.68E+001   EU-152x  
   40  2904- 2915  2910.60   793.83  3.68E+000   13.41   7.03E+001   TE-131x  
                                                                     CS-134   
   41  2928- 2937  2932.32   799.76  1.67E+001   11.65   5.03E+001   CS-134   
   42  3058- 3072  3067.00   836.50  1.41E+001   16.87   9.39E+001   GA-72    
   43  3081- 3090  3085.97   841.68 -6.17E+000   12.28   6.92E+001   .....    
   44  3176- 3187  3182.51   868.02  8.00E+000   13.16   6.60E+001   LA-140   
                                                                     PA-232   
   45  3337- 3348  3343.95   912.06  7.36E+001   16.68   8.04E+001   .....    
   46  3381- 3395  3389.12   924.39  5.12E+000   15.31   7.79E+001   LA-140   
   47  3547- 3563  3554.40   969.48  4.58E+001   17.39   8.12E+001   PA-232   
   48  3625- 3644  3636.22   991.80  3.17E+001   16.90   7.23E+001   .....    
   49  3750- 3762  3757.25  1024.82  1.19E+001   12.68   5.51E+001   .....    
   50  4102- 4116  4109.41  1120.90  6.39E+001   16.99   7.61E+001   SC-46    
                                                                     TA-182   
   51  4161- 4174  4165.91  1136.31  2.53E+001   13.44   5.57E+001   .....    
   52  4794- 4805  4799.05  1309.05  2.08E+001    8.64   2.12E+001   .....    
   53  5011- 5028  5019.58  1369.21  1.15E+002   14.62   2.97E+001   .....    
   54  5046- 5060  5054.92  1378.86  3.43E+001   11.31   3.17E+001   .....    
   55  5160- 5171  5165.13  1408.92  1.19E+001    8.00   1.71E+001   EU-152x  
   56  5205- 5216  5210.44  1421.29  1.28E+001    6.26   1.02E+001   .....    
   57  5218- 5229  5223.56  1424.87 -5.82E+000    7.56   1.98E+001   .....    
   58  5347- 5371  5358.85  1461.78  1.38E+003   38.08   1.81E+001   .....    
   59  6463- 6485  6471.42  1765.31  9.48E+001   12.71   1.73E+001   .....    
   60  6773- 6784  6778.21  1849.02  1.58E+001    5.79   6.23E+000   .....    
   61  8088- 8099  8093.20  2207.78  3.14E+000    7.40   1.79E+001   .....    

M = First peak in a multiplet region
m = Other peak in a multiplet region
F = Fitted singlet

Errors quoted at  1.000 sigma
Peak Efficiency Report             6/29/2018   5:25:19 PM          Page 20


**************************************************************************
*****         P E A K    E F F I C I E N C Y    R E P O R T          *****
**************************************************************************

     Detector Name:  DSA1000A                        
     Sample Title:   Sample title.                                     
     Peak Analysis Performed on:  6/29/2018   5:25:18 PM


 Peak  Energy   Net Peak  Net Area       Peak     Efficiency
 No.   (keV)      Area   Uncertainty  Efficiency  Uncertainty

    1     5.83  1.17E+003    71.46     2.39E-002    2.06E-003
    2     9.90 -2.34E+001    46.99     2.39E-002    2.06E-003
    3    12.79  3.22E+002    57.77     2.39E-002    2.06E-003
    4    17.35  4.98E+002    54.98     2.39E-002    2.06E-003
    5    23.44  2.24E+001    28.05     2.39E-002    2.06E-003
    6    72.90 -1.61E+001    30.04     4.39E-002    5.72E-004
    7    74.97  2.04E+002    39.13     4.79E-002    4.77E-004
    8    84.05  1.54E+002    51.25     6.85E-002    2.25E-004
    9   129.56  6.08E+001    29.15     9.31E-002    3.49E-004
   10   162.44  4.21E+001    33.01     9.34E-002    5.20E-004
   11   174.97  1.68E+001    33.22     9.35E-002    5.93E-004
   12   186.86  1.53E+001    36.52     8.95E-002    5.63E-004
   13   198.28  6.14E+001    40.49     8.55E-002    5.26E-004
   14   209.72  6.31E+001    35.83     8.20E-002    4.94E-004
   15   212.26 -5.43E+001    35.71     8.12E-002    4.87E-004
   16   231.16  9.02E-001    35.09     7.61E-002    4.42E-004
 M 17   238.30  5.15E+001    15.87     7.44E-002    4.28E-004
 m 18   242.06  4.17E+001    14.84     7.35E-002    4.20E-004
   19   254.93 -1.78E+001    25.85     7.07E-002    3.96E-004
   20   274.64  1.65E+001    24.95     6.68E-002    3.64E-004
   21   295.39  7.18E+001    28.31     6.32E-002    3.35E-004
   22   311.92  3.08E+001    30.25     6.06E-002    3.15E-004
   23   325.17 -2.11E+001    28.17     5.87E-002    3.01E-004
   24   351.87  1.20E+002    33.68     5.53E-002    2.75E-004
   25   384.48  6.93E+000    26.88     5.17E-002    2.49E-004
   26   387.45 -9.32E+000    29.38     5.14E-002    2.47E-004
   27   404.40 -8.73E+000    21.51     4.98E-002    2.35E-004
   28   411.71  7.32E+002    40.91     4.91E-002    2.31E-004
   29   497.60  3.67E+000    21.92     4.16E-002    2.21E-004
   30   511.12  2.69E+002    34.97     4.06E-002    2.22E-004
   31   564.42  2.69E+001    23.07     3.72E-002    2.22E-004
   32   583.52  6.60E+001    32.04     3.61E-002    2.22E-004
   33   609.54  1.61E+002    23.41     3.47E-002    2.21E-004
   34   661.70  3.74E+002    27.65     3.23E-002    2.15E-004
   35   675.10  5.14E+000    16.05     3.17E-002    2.14E-004
   36   682.29 -1.79E+001    16.71     3.14E-002    2.13E-004
   37   733.80  1.63E+001    13.16     2.95E-002    2.08E-004
   38   757.08  6.50E+000    11.20     2.87E-002    2.06E-004
   39   780.21  3.32E+001    14.54     2.80E-002    2.04E-004
   40   793.83  3.68E+000    13.41     2.75E-002    2.03E-004
   41   799.76  1.67E+001    11.65     2.74E-002    2.02E-004
   42   836.50  1.41E+001    16.87     2.63E-002    1.98E-004
Peak Efficiency Report             6/29/2018   5:25:19 PM          Page 21


 Peak  Energy   Net Peak  Net Area       Peak     Efficiency
 No.   (keV)      Area   Uncertainty  Efficiency  Uncertainty

   43   841.68 -6.17E+000    12.28     2.61E-002    1.93E-004
   44   868.02  8.00E+000    13.16     2.53E-002    1.71E-004
   45   912.06  7.36E+001    16.68     2.41E-002    1.41E-004
   46   924.39  5.12E+000    15.31     2.38E-002    1.33E-004
   47   969.48  4.58E+001    17.39     2.27E-002    1.11E-004
   48   991.80  3.17E+001    16.90     2.22E-002    1.01E-004
   49  1024.82  1.19E+001    12.68     2.14E-002    8.88E-005
   50  1120.90  6.39E+001    16.99     1.96E-002    6.23E-005
   51  1136.31  2.53E+001    13.44     1.93E-002    5.90E-005
   52  1309.05  2.08E+001     8.64     1.71E-002    4.86E-005
   53  1369.21  1.15E+002    14.62     1.69E-002    4.80E-005
   54  1378.86  3.43E+001    11.31     1.69E-002    4.80E-005
   55  1408.92  1.19E+001     8.00     1.69E-002    4.80E-005
   56  1421.29  1.28E+001     6.26     1.69E-002    4.80E-005
   57  1424.87 -5.82E+000     7.56     1.69E-002    4.80E-005
   58  1461.78  1.38E+003    38.08     1.69E-002    4.80E-005
   59  1765.31  9.48E+001    12.71     1.69E-002    4.80E-005
   60  1849.02  1.58E+001     5.79     1.69E-002    4.80E-005
   61  2207.78  3.14E+000     7.40     1.69E-002    4.80E-005


M = First peak in a multiplet region
m = Other peak in a multiplet region
F = Fitted singlet

Errors quoted at  1.000 sigma
Background Subtract Report             6/29/2018   5:25:19 PM      Page 22

No background subtract performed on this spectrum.
No area correction performed on this spectrum.
Nuclide Identification Report        6/29/2018   5:25:19 PM        Page 23


*************************************************************************
*****   N U C L I D E   I D E N T I F I C A T I O N   R E P O R T   *****
*************************************************************************

     Sample Title:         Sample title.                           
     Nuclide Library Used: C:\GENIE2K\CAMFILES\NAA LIB LONG.NLB    

   ....................    IDENTIFIED NUCLIDES     ....................

   Nuclide    Id       Energy   Yield     Activity     Activity
   Name    Confidence  (keV)     (%)     (uCi/Unit)   Uncertainty

   SC-46     0.152    889.28    99.98
                     1120.55*   99.99    2.448E-005   6.510E-006
   GA-72     0.306    600.95     5.54
                      629.96    24.80
                      834.03*   95.63    4.322E-006   5.160E-006
                      894.25     9.88
                     1050.69     6.91
                     1861.09     5.25
                     2201.66    25.90
                     2490.98     7.68
                     2507.79    12.78
   AS-77     0.991    239.01*    1.59    3.299E-004   1.132E-004
   SR-85x    0.863    514.01*   96.00    5.188E-005   7.077E-006
   ZR-95     0.275    724.20    44.15
                      756.73*   54.50    3.120E-006   5.377E-006
   RU-103    0.995    497.08*   91.00    7.280E-007   4.347E-006
                      610.33*    5.73    6.074E-004   9.081E-005
   TE-121x   1.000    212.19*   81.40   -6.166E-006   4.057E-006
   SB-122    0.999    564.24*   69.30    7.875E-006   6.765E-006
   XE-125    0.961    188.43*   54.90    2.389E-006   5.696E-006
                      243.40*   28.80    1.508E-005   5.402E-006
   BA-133m   0.971    275.92*   17.50    1.068E-005   1.617E-005
   XE-133m   0.927    233.22*   10.00    8.952E-007   3.484E-005
   CS-134    0.085    563.23*    8.38    6.478E-005   5.564E-005
                      569.32    15.43
                      604.70    97.60
                      795.84*   85.40    1.175E-006   4.279E-006
                      801.93*    8.73    5.235E-005   3.663E-005
   CE-137x   0.993    254.29*   11.00   -1.736E-005   2.524E-005
   CE-143    0.807    293.27*   42.80    2.013E-005   7.947E-006
                      664.57*    5.69    1.546E-003   1.162E-004
                      721.93     5.39
   YB-169    0.538    109.78    17.50
                      130.52*   11.31    4.338E-005   2.082E-005
                      177.21*   22.20    6.094E-006   1.202E-005
                      197.96*   35.80    1.507E-005   9.936E-006
                      307.74    10.05
   LU-177    0.369    112.95     6.40
                      208.36*   11.00    5.267E-005   3.014E-005
   OS-191    1.000    129.43*   25.70    1.910E-005   9.332E-006
   AU-198    1.000    411.80*   95.58    1.177E-004   6.604E-006
   PA-232    0.169    150.06    10.80
Nuclide Identification Report        6/29/2018   5:25:19 PM        Page 24


   Nuclide    Id       Energy   Yield    Activity     Activity
   Name    Confidence  (keV)     (%)    (uCi/Unit)   Uncertainty

   PA-232    0.169    387.88*    7.00   -1.966E-005   6.197E-005
                      453.65     8.62
                      515.61     5.52
                      581.40*    6.00    2.316E-004   1.130E-004
                      819.19     7.45
                      866.76*    5.81    4.124E-005   6.786E-005
                      894.35    19.80
                      969.32*   41.60    3.687E-005   1.411E-005

       * = Energy line found in the spectrum.
       Energy Tolerance :    3.000 keV
       Nuclide confidence index threshold =   0.05
       Errors quoted at  1.000 sigma

Nuclide Identification Report        6/29/2018   5:25:19 PM        Page 25


   **********   U N I D E N T I F I E D   P E A K S   **********

               Peak Locate Performed on:  6/29/2018   5:25:18 PM
               Peak Locate From Channel:      1
               Peak Locate To Channel:    65535

       Peak   Energy           Peak Size in        Peak CPS
        No.   (keV)          Counts per Second   % Uncertainty

         1     5.83             3.2573E-001           6.09
         2     9.90            -6.4942E-003        -200.98
         3    12.79             8.9425E-002          17.94
         4    17.35             1.3846E-001          11.03
         5    23.44             6.2305E-003         125.08
         6    72.90            -4.4646E-003        -186.91
         7    74.97             5.6762E-002          19.15
         8    84.05             4.2743E-002          33.31
        10   162.44             1.1695E-002          78.40
        22   311.92             8.5579E-003          98.18
        23   325.17            -5.8553E-003        -133.62
        24   351.87             3.3198E-002          28.18
        25   384.48             1.9242E-003         388.04
        27   404.40            -2.4254E-003        -246.31
        35   675.10             1.4268E-003         312.43
        36   682.29            -4.9778E-003         -93.24
        37   733.80             4.5274E-003          80.73
        39   780.21             9.2146E-003          43.84
        43   841.68            -1.7130E-003        -199.13
        45   912.06             2.0436E-002          22.67
        46   924.39             1.4232E-003         298.85
        48   991.80             8.8114E-003          53.28
        49  1024.82             3.3043E-003         106.62
        51  1136.31             7.0285E-003          53.11
        52  1309.05             5.7738E-003          41.55
        53  1369.21             3.2033E-002          12.68
        54  1378.86             9.5307E-003          32.97
        55  1408.92             3.2998E-003          67.32
        56  1421.29             3.5447E-003          49.04
        57  1424.87            -1.6171E-003        -129.80
        58  1461.78             3.8248E-001           2.77
        59  1765.31             2.6319E-002          13.42
        60  1849.02             4.3813E-003          36.68
        61  2207.78             8.7302E-004         235.54

       M = First peak in a multiplet region
       m = Other peak in a multiplet region
       F = Fitted singlet

       Errors quoted at  1.000 sigma
Interference Corrected Activity Report    6/29/2018   5:25:20 PM   Page 26


*************************************************************************
*****   N U C L I D E   I D E N T I F I C A T I O N   R E P O R T   *****
*************************************************************************

     Sample Title:         Sample title.                           
     Nuclide Library Used: C:\GENIE2K\CAMFILES\NAA LIB LONG.NLB    

   ....................    IDENTIFIED NUCLIDES     ....................

   Nuclide    Id       Energy    Yield     Activity     Activity
   Name    Confidence  (keV)      (%)     (uCi/Unit)   Uncertainty

   SC-46     0.152    889.28     99.98
                     1120.55*    99.99   2.44797E-005  6.51027E-006
   GA-72     0.306    600.95      5.54
                      629.96     24.80
                      834.03*    95.63   4.32168E-006  5.15971E-006
                      894.25      9.88
                     1050.69      6.91
                     1861.09      5.25
                     2201.66     25.90
                     2490.98      7.68
                     2507.79     12.78
   AS-77     0.991    239.01*     1.59   3.29921E-004  1.13179E-004
   SR-85x    0.863    514.01*    96.00   5.18793E-005  7.07723E-006
   ZR-95     0.275    724.20     44.15
                      756.73*    54.50   3.12005E-006  5.37737E-006
   RU-103    0.995    497.08*    91.00   7.28028E-007  4.34705E-006
                      610.33*     5.73   6.07377E-004  9.08105E-005
   TE-121x   1.000    212.19*    81.40  -6.16623E-006  4.05713E-006
   SB-122    0.999    564.24*    69.30   7.87550E-006  6.76462E-006
   XE-125    0.961    188.43*    54.90   2.38939E-006  5.69589E-006
                      243.40*    28.80   1.50839E-005  5.40221E-006
   BA-133m   0.971    275.92*    17.50   1.06841E-005  1.61732E-005
   XE-133m   0.927    233.22*    10.00   8.95209E-007  3.48383E-005
   CS-134    0.085    563.23*     8.38   6.47802E-005  5.56401E-005
                      569.32     15.43
                      604.70     97.60
                      795.84*    85.40   1.17540E-006  4.27907E-006
                      801.93*     8.73   5.23482E-005  3.66276E-005
   CE-137x   0.993    254.29*    11.00  -1.73646E-005  2.52352E-005
   CE-143    0.807    293.27*    42.80   2.01271E-005  7.94699E-006
                      664.57*     5.69   1.54601E-003  1.16210E-004
                      721.93      5.39
   YB-169    0.538    109.78     17.50
                      130.52*    11.31   4.33817E-005  2.08207E-005
                      177.21*    22.20   6.09447E-006  1.20191E-005
                      197.96*    35.80   1.50692E-005  9.93550E-006
                      307.74     10.05
   LU-177    0.369    112.95      6.40
                      208.36*    11.00   5.26672E-005  3.01427E-005
   OS-191    1.000    129.43*    25.70   1.91006E-005  9.33237E-006
   AU-198    1.000    411.80*    95.58   1.17693E-004  6.60402E-006
   PA-232    0.169    150.06     10.80
Interference Corrected Activity Report    6/29/2018   5:25:20 PM   Page 27


   Nuclide    Id       Energy    Yield    Activity     Activity
   Name    Confidence  (keV)      (%)    (uCi/Unit)   Uncertainty

   PA-232    0.169    387.88*     7.00  -1.96623E-005  6.19716E-005
                      453.65      8.62
                      515.61      5.52
                      581.40*     6.00   2.31575E-004  1.13034E-004
                      819.19      7.45
                      866.76*     5.81   4.12407E-005  6.78634E-005
                      894.35     19.80
                      969.32*    41.60   3.68664E-005  1.41068E-005

       * = Energy line found in the spectrum.
       @ = Energy line not used for Weighted Mean Activity
       Energy Tolerance :    3.000 keV
       Nuclide confidence index threshold =   0.05
       Errors quoted at  1.000 sigma

Interference Corrected Activity Report    6/29/2018   5:25:20 PM   Page 28


*************************************************************************
*****   I N T E R F E R E N C E   C O R R E C T E D   R E P O R T   *****
*************************************************************************


                 Nuclide       Wt mean         Wt mean
       Nuclide     Id          Activity        Activity
       Name     Confidence    (uCi/Unit)      Uncertainty

       SC-46      0.152      2.447968E-005   6.510267E-006
    X  AS-71      1.000
       GA-72      0.306      4.321681E-006   5.159712E-006
       AS-77      0.991      3.299208E-004   1.131786E-004
       SR-85x     0.863      5.187933E-005   7.077232E-006
       ZR-95      0.275      3.120053E-006   5.377366E-006
       RU-103     0.995      2.114980E-006   4.342083E-006
       TE-121x    1.000     -6.166229E-006   4.057126E-006
       SB-122     0.999      7.648830E-006   6.783855E-006
       XE-125     0.961      9.072332E-006   3.919654E-006
    X  XE-129m    0.949
       BA-133m    0.971      1.068405E-005   1.617325E-005
       XE-133m    0.927      8.952088E-007   3.483832E-005
       CS-134     0.085      1.864449E-006   4.250164E-006
       CE-137x    0.993     -1.736463E-005   2.523516E-005
       CE-143     0.807      2.722962E-005   7.928475E-006
       YB-169     0.538      1.142757E-005   7.655596E-006
       LU-177     0.369      5.266716E-005   3.014275E-005
    X  LU-177x    0.078
       OS-191     1.000      1.406916E-005   9.760795E-006
       AU-198     1.000      1.176927E-004   6.604017E-006
       PA-232     0.169      3.990916E-005   1.370957E-005

       ? = nuclide is part of an undetermined solution
       X = nuclide rejected by the interference analysis
       @ = nuclide contains energy lines not used in Weighted Mean Activity

       Errors quoted at  1.000 sigma

Interference Corrected Activity Report    6/29/2018   5:25:20 PM   Page 29


   **********   U N I D E N T I F I E D   P E A K S   **********

               Peak Locate Performed on:  6/29/2018   5:25:18 PM
               Peak Locate From Channel:      1
               Peak Locate To Channel:    65535

       Peak   Energy           Peak Size in        Peak CPS
        No.   (keV)          Counts per Second   % Uncertainty

         1     5.83             3.2573E-001           6.09
         2     9.90            -6.4942E-003        -200.98
         3    12.79             8.9425E-002          17.94
         4    17.35             1.3846E-001          11.03
         5    23.44             6.2305E-003         125.08
         6    72.90            -4.4646E-003        -186.91
         7    74.97             5.6762E-002          19.15
         8    84.05             4.2743E-002          33.31
        10   162.44             1.1695E-002          78.40
        22   311.92             8.5579E-003          98.18
        23   325.17            -5.8553E-003        -133.62
        24   351.87             3.3198E-002          28.18
        25   384.48             1.9242E-003         388.04
        27   404.40            -2.4254E-003        -246.31
        35   675.10             1.4268E-003         312.43
        36   682.29            -4.9778E-003         -93.24
        37   733.80             4.5274E-003          80.73
        39   780.21             9.2146E-003          43.84
        43   841.68            -1.7130E-003        -199.13
        45   912.06             2.0436E-002          22.67
        46   924.39             1.4232E-003         298.85
        48   991.80             8.8114E-003          53.28
        49  1024.82             3.3043E-003         106.62
        51  1136.31             7.0285E-003          53.11
        52  1309.05             5.7738E-003          41.55
        53  1369.21             3.2033E-002          12.68
        54  1378.86             9.5307E-003          32.97
        55  1408.92             3.2998E-003          67.32
        56  1421.29             3.5447E-003          49.04
        57  1424.87            -1.6171E-003        -129.80
        58  1461.78             3.8248E-001           2.77
        59  1765.31             2.6319E-002          13.42
        60  1849.02             4.3813E-003          36.68
        61  2207.78             8.7302E-004         235.54

       M = First peak in a multiplet region
       m = Other peak in a multiplet region
       F = Fitted singlet

       Errors quoted at  1.000 sigma
Nuclide MDA Report                      6/29/2018   5:25:20 PM     Page 30


No MDA analysis results available for reporting purposes
Nuclide MDA Report                      6/29/2018   5:25:20 PM     Page 31


No MDA analysis results available for reporting purposes
Action Level Summary Report             6/29/2018   5:25:20 PM     Page 32


No Action Level results available for reporting purposes
Auto Gain Adjust                     6/29/2018   5:25:20 PM       Page 33


*************************************************************************
*****                 A U T O  G A I N   A D J U S T                *****
*************************************************************************

Report Generated On:                               6/29/2018   5:25:20 PM


Status:                                                                 
No AGA results for reporting.


This report is valid only if a Certificate was the source of the true values.


Status:                                                                 
No AGA results for reporting.

