*************************************************************************
*****        G A M M A   S P E C T R U M    A N A L Y S I S         *****
*************************************************************************


Filename: DSA1000A                                                     

Report Generated On             : 6/29/2018   1:20:04 PM

Sample Title                    : Sample title.                          
Sample Description              :                                 
Sample Identification           :                 
Sample Type                     :                 
Sample Geometry                 :                 

Peak Locate Threshold           :  2.50
Peak Locate Range (in channels) :     1 - 65535
Peak Area Range (in channels)   :   100 -  8172
Identification Energy Tolerance :    3.000 keV

Sample Size                     :  1.000E+000 Unit    

Sample Taken On                 :                       
Acquisition Started             : 6/29/2018   1:18:02 PM

Live Time                       :       60.0 seconds
Real Time                       :       65.5 seconds

Dead Time                       :   8.40 %


              Energy Calibration Used Done On       : 6/23/2018 
              Efficiency Calibration Used Done On   : 6/23/2018 
              Efficiency ID                         :                        

Peak Analysis Report             6/29/2018   1:20:05 PM            Page  2


**************************************************************************
*****           P E A K    A N A L Y S I S    R E P O R T            *****
**************************************************************************


     Detector Name:  DSA1000A                        
     Sample Title:   Sample title.                                     
     Peak Analysis Performed on:  6/29/2018   1:20:05 PM
               Peak Analysis From Channel:      1
               Peak Analysis To Channel:     8192

   Peak  ROI  ROI    Peak    Energy   FWHM  Net Peak  Net Area  Continuum 
    No. start end  centroid   (keV)   (keV)  Area     Uncert.    Counts 

 M  1    17-   43    22.25     5.82   0.99      1329.0   51.41   4.43E+002 
 m  2    17-   43    26.36     6.94   1.00      1107.3   51.36   9.93E+002 
 m  3    17-   43    30.73     8.13   1.01       995.4   52.38   1.83E+003 
 m  4    17-   43    35.44     9.42   1.01       762.6   51.39   2.81E+003 
 M  5    45-   62    48.49    12.98   0.23        49.9   45.90   9.76E+002 
 m  6    45-   62    53.27    14.28   0.24        53.8   49.47   1.25E+003 
 m  7    45-   62    60.34    16.21   0.24        43.8   40.31   8.83E+002 
    8    85-   91    88.14    23.79   0.67        73.4   58.47   1.76E+003 
    9   200-  211   204.76    55.61   0.50       120.7   79.92   2.50E+003 
 M 10   215-  227   218.56    59.38   0.43        65.0   27.58   1.03E+003 
 m 11   215-  227   222.38    60.42   0.43        84.2   29.81   1.05E+003 
 M 12   239-  267   246.56    67.01   1.25       875.9   53.68   3.31E+003 
 m 13   239-  267   253.18    68.82   1.25      2350.8   69.08   3.28E+003 
 m 14   239-  267   260.44    70.80   1.25      1429.2   59.18   3.25E+003 
   15   280-  290   286.39    77.88   0.79       130.4   86.53   3.06E+003 
   16   290-  300   294.51    80.10   0.70       170.7   86.13   2.98E+003 
   17   308-  316   312.28    84.94   0.34       129.2   62.41   1.76E+003 
   18   377-  387   383.06   104.26   0.28        43.7   70.89   2.08E+003 
   19   536-  556   548.00   149.26   0.48        60.4  123.52   4.18E+003 
   20   580-  606   592.51   161.40   0.33       323.5  168.53   6.40E+003 
   21   683-  693   687.80   187.40   0.38       -25.8   77.93   2.55E+003 
   22   743-  761   755.06   205.75   0.41        87.4  121.55   4.35E+003 
   23   806-  815   810.18   220.79   0.27        55.1   73.90   2.39E+003 
   24   837-  844   840.77   229.13   0.64       -24.8   65.16   2.12E+003 
   25   871-  884   880.00   239.83   0.61       100.9  105.12   3.96E+003 
   26   925-  944   928.98   253.20   0.31        70.9  126.36   4.51E+003 
   27   993- 1001   996.99   271.75   0.60        91.0   49.74   1.11E+003 
   28  1074- 1085  1079.56   294.28   0.33        23.7   51.29   1.04E+003 
   29  1087- 1094  1090.25   297.20   0.60       -15.3   36.42   6.68E+002 
   30  1489- 1519  1509.90   411.69   1.40    137326.1  382.43   1.64E+003 
   31  1713- 1721  1716.01   467.92   0.35        -1.3    9.05   3.83E+001 
   32  1752- 1768  1762.00   480.47   0.55        11.6   17.63   9.54E+001 
   33  1786- 1793  1789.49   487.97   0.60         8.8    8.51   3.12E+001 
   34  1843- 1860  1847.91   503.90   0.37         9.0   12.19   4.00E+001 
   35  1861- 1871  1865.90   508.81   0.81        16.3    8.64   2.37E+001 
   36  1961- 1970  1965.49   535.98   0.27         4.0    7.97   2.60E+001 
   37  2076- 2086  2081.00   567.50   0.27        -1.9    6.96   1.99E+001 
   38  2099- 2108  2103.75   573.70   0.27         6.2    6.77   1.58E+001 
   39  2168- 2178  2172.69   592.51   1.09         7.0    5.76   1.10E+001 
   40  2220- 2230  2224.84   606.74   0.35         8.3    6.46   1.17E+001 
   41  2232- 2241  2236.59   609.95   0.63         8.1    5.47   8.88E+000 
   42  2349- 2358  2353.70   641.90   0.69         6.7    5.13   8.30E+000 
Peak Analysis Report             6/29/2018   1:20:05 PM            Page  3


   Peak  ROI  ROI    Peak    Energy   FWHM  Net Peak  Net Area  Continuum 
    No. start end  centroid   (keV)   (keV)  Area     Uncert.    Counts 

   43  2398- 2407  2402.18   655.12   0.34        12.5    5.85   9.52E+000 
   44  2468- 2488  2478.10   675.84   1.29       675.4   27.05   1.56E+001 
   45  2570- 2579  2574.60   702.16   0.27         7.9    4.23   4.13E+000 
   46  3012- 3026  3019.72   823.60   1.40       128.8   12.92   1.32E+001 
   47  3258- 3267  3262.50   889.84   0.31         4.9    2.76   1.13E+000 
   48  3979- 3998  3989.23  1088.11   1.45       132.1   12.21   4.88E+000 

M = First peak in a multiplet region
m = Other peak in a multiplet region
F = Fitted singlet

Errors quoted at  1.000 sigma
Nuclide Identification Report        6/29/2018   1:20:05 PM        Page  4


No nuclide identification results available for reporting purposes
*************************************************************************
*****        G A M M A   S P E C T R U M    A N A L Y S I S         *****
*************************************************************************


Filename: DSA1000A                                                     

Report Generated On             : 6/29/2018   1:20:06 PM

Sample Title                    : Sample title.                          
Sample Description              :                                 
Sample Identification           :                 
Sample Type                     :                 
Sample Geometry                 :                 

Peak Locate Threshold           :  2.50
Peak Locate Range (in channels) :     1 - 65535
Peak Area Range (in channels)   :     1 -  8192
Identification Energy Tolerance :    3.000 keV

Sample Size                     :  1.000E+000 Unit    

Sample Taken On                 :                       
Acquisition Started             : 6/29/2018   1:18:02 PM

Live Time                       :       60.0 seconds
Real Time                       :       65.5 seconds

Dead Time                       :   8.40 %


              Energy Calibration Used Done On       : 6/23/2018 
              Efficiency Calibration Used Done On   : 6/23/2018 
              Efficiency ID                         :                        

Energy Calibration Report            6/29/2018   1:20:06 PM       Page  5


**************************************************************************
*****       E N E R G Y   C A L I B R A T I O N   R E P O R T        *****
**************************************************************************

     Detector Name:  DSA1000A                        
     Sample Title:   Sample title.                                     

       *************  ENERGY CALIBRATION COEFFICIENTS  *************

               Energy Calibrate Performed on:  6/23/2018  12:56:08 PM
                       by:                       
               Energy Calibrate Type:          POLY    

   Energy(keV) =    -0.253 +     0.273*ch +  0.00E+000*ch^2 +  0.00E+000*ch^3

       *************  SHAPE CALIBRATION COEFFICIENTS   *************

               Shape Calibrate Performed on:  6/23/2018  12:56:08 PM
                       by:                        

               FWHM     =     0.795  +   0.026*E^1/2

               LOW TAIL =   0.0E+000 +  0.0E+000*E

****************     ENERGY CALIBRATION RESULTS TABLE     ****************

                    Centroid      Centroid         Energy
                    Channel       error            (keV )
                      220.59        0.07             60.01
                      317.99        0.02             86.54
                      386.80        0.01            105.31
                      451.84        0.03            122.06
                     2426.14        0.01            661.66
                     3062.96        0.38            834.83

       *********     SHAPE CALIBRATION RESULTS TABLE      *********

             Energy     FWHM       FWHM         TAIL        TAIL
             (keV )     channels   error        channels    error
               60.01      3.13      0.17           0.00      0.00
               86.54      3.87      0.04           0.00      0.00
              105.31      3.88      0.01           0.00      0.00
              122.06      3.92      0.07           0.00      0.00
              661.66      5.34      0.01           0.00      0.00
              834.83      1.36      0.55           0.00      0.00
Efficiency Calibration Report             6/29/2018   1:20:06 PM   Page  6


**************************************************************************
*****   E F F I C I E N C Y   C A L I B R A T I O N    R E P O R T   *****
**************************************************************************

     Detector Name:  DSA1000A                        
     Sample Title:   Sample title.                                     

     Geometry Description:                 
     Efficiency Calibration Performed on:  6/23/2018   4:29:36 PM
                       by:                         
     Geometry Type Used:   INTERPOL        

                            Efficiency Triplets
                            ===================

                   Energy         Efficiency        Error

                     60.00         2.39E-002      2.06E-003
                     86.50         7.50E-002      1.86E-004
                    105.30         9.27E-002      2.42E-004
                    176.30         9.35E-002      6.01E-004
                    427.90         4.77E-002      2.21E-004
                    600.60         3.51E-002      2.22E-004
                    834.80         2.64E-002      2.00E-004
                   1173.20         1.87E-002      5.20E-005
                   1332.50         1.69E-002      4.80E-005

                      DUAL Efficiency Calibration Equation
                      ====================================

         Single Equation Terms ->   Offset:     -143.191
                                     Slope:       91.147
                                 Quadratic:      -21.757
                                     Cubic:        2.279
                                 4th Order:       -0.089
                                 5th Order:        0.000
                                 6th Order:        0.000
                                 7th Order:        0.000
                                 8th Order:        0.000
                                 9th Order:        0.000
Efficiency Calibration Report             6/29/2018   1:20:06 PM   Page  7


                      EMPIRICAL Efficiency Calibration Equation
                      =========================================

      Empirical Equation Terms ->  Scaling:      696.250
                                    Offset:       -3.494
                                     Slope:        0.899
                                 Quadratic:        0.043
                                     Cubic:        0.059
                                 4th Order:       -0.089
                                 5th Order:        0.000

                      LINEAR Efficiency Calibration Equation
                      ======================================

         Linear Equation Terms ->   Offset:       -0.000
                                     Slope:       -1.569
                                 Quadratic:      189.136
                                     Cubic:   -17233.867
                                 4th Order:   376762.938
                                 5th Order:        0.000
                                 6th Order:        0.000
                                 7th Order:        0.000
                                 8th Order:        0.000
                                 9th Order:        0.000
Peak-to-Total Calibration Report          6/29/2018   1:20:06 PM   Page  8


**************************************************************************
**   P E A K - T O - T O T A L   C A L I B R A T I O N   R E P O R T   ***
**************************************************************************

     Detector Name:  DSA1000A                        
     Sample Title:   Sample title.                                     


                  Peak-to-Total Calibration Equation
                  =============================================

                                 No Peak-to-Total Equation

Peak Locate Analysis Report             6/29/2018   1:20:06 PM     Page  9

**************************************************************************
*****             P E A K    L O C A T E    R E P O R T              *****
**************************************************************************

     Detector Name:  DSA1000A                        
     Sample Title:   Sample title.                                     
               Peak Locate Performed on:  6/29/2018   1:20:04 PM
               Peak Locate From Channel:      1
               Peak Locate To Channel:    65535
               Peak Search Sensitivity:     2.50

     Peak   Centroid    Centroid     Energy       Peak
      No.    Channel   Uncertainty   (keV)    Significance

       1       23.46      <NA>          5.82      <NA> 
       2       29.95      <NA>          6.94      <NA> 
       3       35.10      <NA>          8.13      <NA> 
       4       40.83      <NA>          9.42      <NA> 
       5       47.49      <NA>         12.98      <NA> 
       6       52.91      <NA>         14.28      <NA> 
       7       59.01      <NA>         16.21      <NA> 
       8       88.14      <NA>         23.79      <NA> 
       9      204.76      <NA>         55.61      <NA> 
      10      218.00      <NA>         59.38      <NA> 
      11      223.63      <NA>         60.42      <NA> 
      12      246.94      <NA>         67.01      <NA> 
      13      253.31      <NA>         68.82      <NA> 
      14      260.34      <NA>         70.80      <NA> 
      15      286.39      <NA>         77.88      <NA> 
      16      294.51      <NA>         80.10      <NA> 
      17      312.28      <NA>         84.94      <NA> 
      18      383.06      <NA>        104.26      <NA> 
      19      548.00      <NA>        149.26      <NA> 
      20      592.51      <NA>        161.40      <NA> 
      21      687.80      <NA>        187.40      <NA> 
      22      755.06      <NA>        205.75      <NA> 
      23      810.18      <NA>        220.79      <NA> 
      24      840.77      <NA>        229.13      <NA> 
      25      880.00      <NA>        239.83      <NA> 
      26      928.98      <NA>        253.20      <NA> 
      27      996.99      <NA>        271.75      <NA> 
      28     1079.56      <NA>        294.28      <NA> 
      29     1090.25      <NA>        297.20      <NA> 
      30     1509.90      <NA>        411.69      <NA> 
      31     1716.01      <NA>        467.92      <NA> 
      32     1762.00      <NA>        480.47      <NA> 
      33     1789.49      <NA>        487.97      <NA> 
      34     1847.91      <NA>        503.90      <NA> 
      35     1865.90      <NA>        508.81      <NA> 
      36     1965.49      <NA>        535.98      <NA> 
      37     2081.00      <NA>        567.50      <NA> 
      38     2103.75      <NA>        573.70      <NA> 
      39     2172.69      <NA>        592.51      <NA> 
      40     2224.84      <NA>        606.74      <NA> 
      41     2236.59      <NA>        609.95      <NA> 
Peak Locate Analysis Report             6/29/2018   1:20:06 PM     Page 10


     Peak   Centroid    Centroid     Energy       Peak
      No.    Channel   Uncertainty   (keV)    Significance

      42     2353.70      <NA>        641.90      <NA> 
      43     2402.18      <NA>        655.12      <NA> 
      44     2478.10      <NA>        675.84      <NA> 
      45     2574.60      <NA>        702.16      <NA> 
      46     3019.72      <NA>        823.60      <NA> 
      47     3262.50      <NA>        889.84      <NA> 
      48     3989.23      <NA>       1088.11      <NA> 

? = Adjacent peak noted

Errors quoted at  1.000 sigma
Peak Analysis Report             6/29/2018   1:20:06 PM            Page 11


**************************************************************************
*****           P E A K    A N A L Y S I S    R E P O R T            *****
**************************************************************************


     Detector Name:  DSA1000A                        
     Sample Title:   Sample title.                                     
     Peak Analysis Performed on:  6/29/2018   1:20:05 PM
               Peak Analysis From Channel:      1
               Peak Analysis To Channel:     8192

   Peak  ROI  ROI    Peak    Energy   FWHM  Net Peak  Net Area  Continuum 
    No. start end  centroid   (keV)   (keV)  Area     Uncert.    Counts 

 M  1    17-   43    22.25     5.82   0.99      1329.0   51.41   4.43E+002 
 m  2    17-   43    26.36     6.94   1.00      1107.3   51.36   9.93E+002 
 m  3    17-   43    30.73     8.13   1.01       995.4   52.38   1.83E+003 
 m  4    17-   43    35.44     9.42   1.01       762.6   51.39   2.81E+003 
 M  5    45-   62    48.49    12.98   0.23        49.9   45.90   9.76E+002 
 m  6    45-   62    53.27    14.28   0.24        53.8   49.47   1.25E+003 
 m  7    45-   62    60.34    16.21   0.24        43.8   40.31   8.83E+002 
    8    85-   91    88.14    23.79   0.67        73.4   58.47   1.76E+003 
    9   200-  211   204.76    55.61   0.50       120.7   79.92   2.50E+003 
 M 10   215-  227   218.56    59.38   0.43        65.0   27.58   1.03E+003 
 m 11   215-  227   222.38    60.42   0.43        84.2   29.81   1.05E+003 
 M 12   239-  267   246.56    67.01   1.25       875.9   53.68   3.31E+003 
 m 13   239-  267   253.18    68.82   1.25      2350.8   69.08   3.28E+003 
 m 14   239-  267   260.44    70.80   1.25      1429.2   59.18   3.25E+003 
   15   280-  290   286.39    77.88   0.79       130.4   86.53   3.06E+003 
   16   290-  300   294.51    80.10   0.70       170.7   86.13   2.98E+003 
   17   308-  316   312.28    84.94   0.34       129.2   62.41   1.76E+003 
   18   377-  387   383.06   104.26   0.28        43.7   70.89   2.08E+003 
   19   536-  556   548.00   149.26   0.48        60.4  123.52   4.18E+003 
   20   580-  606   592.51   161.40   0.33       323.5  168.53   6.40E+003 
   21   683-  693   687.80   187.40   0.38       -25.8   77.93   2.55E+003 
   22   743-  761   755.06   205.75   0.41        87.4  121.55   4.35E+003 
   23   806-  815   810.18   220.79   0.27        55.1   73.90   2.39E+003 
   24   837-  844   840.77   229.13   0.64       -24.8   65.16   2.12E+003 
   25   871-  884   880.00   239.83   0.61       100.9  105.12   3.96E+003 
   26   925-  944   928.98   253.20   0.31        70.9  126.36   4.51E+003 
   27   993- 1001   996.99   271.75   0.60        91.0   49.74   1.11E+003 
   28  1074- 1085  1079.56   294.28   0.33        23.7   51.29   1.04E+003 
   29  1087- 1094  1090.25   297.20   0.60       -15.3   36.42   6.68E+002 
   30  1489- 1519  1509.90   411.69   1.40    137326.1  382.43   1.64E+003 
   31  1713- 1721  1716.01   467.92   0.35        -1.3    9.05   3.83E+001 
   32  1752- 1768  1762.00   480.47   0.55        11.6   17.63   9.54E+001 
   33  1786- 1793  1789.49   487.97   0.60         8.8    8.51   3.12E+001 
   34  1843- 1860  1847.91   503.90   0.37         9.0   12.19   4.00E+001 
   35  1861- 1871  1865.90   508.81   0.81        16.3    8.64   2.37E+001 
   36  1961- 1970  1965.49   535.98   0.27         4.0    7.97   2.60E+001 
   37  2076- 2086  2081.00   567.50   0.27        -1.9    6.96   1.99E+001 
   38  2099- 2108  2103.75   573.70   0.27         6.2    6.77   1.58E+001 
   39  2168- 2178  2172.69   592.51   1.09         7.0    5.76   1.10E+001 
   40  2220- 2230  2224.84   606.74   0.35         8.3    6.46   1.17E+001 
   41  2232- 2241  2236.59   609.95   0.63         8.1    5.47   8.88E+000 
   42  2349- 2358  2353.70   641.90   0.69         6.7    5.13   8.30E+000 
Peak Analysis Report             6/29/2018   1:20:06 PM            Page 12


   Peak  ROI  ROI    Peak    Energy   FWHM  Net Peak  Net Area  Continuum 
    No. start end  centroid   (keV)   (keV)  Area     Uncert.    Counts 

   43  2398- 2407  2402.18   655.12   0.34        12.5    5.85   9.52E+000 
   44  2468- 2488  2478.10   675.84   1.29       675.4   27.05   1.56E+001 
   45  2570- 2579  2574.60   702.16   0.27         7.9    4.23   4.13E+000 
   46  3012- 3026  3019.72   823.60   1.40       128.8   12.92   1.32E+001 
   47  3258- 3267  3262.50   889.84   0.31         4.9    2.76   1.13E+000 
   48  3979- 3998  3989.23  1088.11   1.45       132.1   12.21   4.88E+000 

M = First peak in a multiplet region
m = Other peak in a multiplet region
F = Fitted singlet

Errors quoted at  1.000 sigma
Peak Analysis Report                    6/29/2018   1:20:06 PM          Page 13


*******************************************************************************
*****  S T A N D A R D   V M S   P E A K   A N A L Y S I S   R E P O R T  *****
*******************************************************************************

        Configuration Title:                                         
        Spectrum Title:              Sample title.            
        Peak Analysis Performed on:  6/29/18   1:20:05 PM
        Peak Analysis From Channel:      1    To Channel:     8192
        Peak Search Sensitivity:      2.50    Gaussian Sensitivity:  1.00
        Max Iterations: 15  Fit Singlets: No  Critical Level Test: No 
        Use Fixed FWHM: No  FWHM Reject:  No  FWHM Reject Ratio:  0.00 
        Peak Fit Engine Name: PANOLIN1        Continuum Type: STEP   

   Pk IT  Energy      Area   Bkgnd  FWHM Channel  Left  PW  Cts/Sec  %err   Fit

 M  1 32     5.82     1329     443  0.99   22.25    17  27 2.2E+001   3.9   8.5
 m  2 32     6.94     1107     993  1.00   26.36    17  27 1.8E+001   4.6   8.5
 m  3 32     8.13      995    1833  1.01   30.73    17  27 1.7E+001   5.3   8.5
 m  4 32     9.42      763    2814  1.01   35.44    17  27 1.3E+001   6.7   8.5
 M  5 32    12.98       50     976  0.23   48.49    45  18 8.3E-001  92.0   1.1
 m  6 32    14.28       54    1253  0.24   53.27    45  18 9.0E-001  92.0   1.1
 m  7 32    16.21       44     883  0.24   60.34    45  18 7.3E-001  92.0   1.1
    8  0    23.79       73    1764  0.67   88.14    85   7 1.2E+000  79.6   0.0
    9  0    55.61      121    2496  0.50  204.76   200  12 2.0E+000  66.2   0.0
 M 10 23    59.38       65    1028  0.43  218.56   215  13 1.1E+000  42.4   0.9
 m 11 23    60.42       84    1045  0.43  222.38   215  13 1.4E+000  35.4   0.9
 M 12  6    67.01      876    3307  1.25  246.56   239  29 1.5E+001   6.1   1.1
 m 13  6    68.82     2351    3278  1.25  253.18   239  29 3.9E+001   2.9   1.1
 m 14  6    70.80     1429    3248  1.25  260.44   239  29 2.4E+001   4.1   1.1
   15  0    77.88      130    3056  0.79  286.39   280  11 2.2E+000  66.4   0.0
   16  0    80.10      171    2976  0.70  294.51   290  11 2.8E+000  50.5   0.0
   17  0    84.94      129    1762  0.34  312.28   308   9 2.2E+000  48.3   0.0
   18  0   104.26       44    2083  0.28  383.06   377  11 7.3E-001 162.2   0.0
   19  0   149.26       60    4185  0.48  548.00   536  21 1.0E+000 204.6   0.0
   20  0   161.40      323    6396  0.33  592.51   580  27 5.4E+000  52.1   0.0
   21  0   187.40      -26    2551  0.38  687.80   683  11-4.3E-001 -302.   0.0
   22  0   205.75       87    4347  0.41  755.06   743  19 1.5E+000 139.1   0.0
   23  0   220.79       55    2386  0.27  810.18   806  10 9.2E-001 134.1   0.0
   24  0   229.13      -25    2120  0.64  840.77   837   8-4.1E-001 -263.   0.0
   25  0   239.83      101    3962  0.61  880.00   871  14 1.7E+000 104.2   0.0
   26  0   253.20       71    4507  0.31  928.98   925  20 1.2E+000 178.3   0.0
   27  0   271.75       91    1114  0.60  996.99   993   9 1.5E+000  54.7   0.0
   28  0   294.28       24    1035  0.33 1079.56  1074  12 3.9E-001 216.9   0.0
   29  0   297.20      -15     668  0.60 1090.25  1087   8-2.6E-001 -237.   0.0
   30  0   411.69   137326    1637  1.40 1509.90  1489  31 2.3E+003   0.3   0.0
   31  0   467.92       -1      38  0.35 1716.01  1713   9-2.1E-002 -708.   0.0
   32  0   480.47       12      95  0.55 1762.00  1752  17 1.9E-001 152.6   0.0
   33  0   487.97        9      31  0.60 1789.49  1786   8 1.5E-001  96.7   0.0
   34  0   503.90        9      40  0.37 1847.91  1843  18 1.5E-001 135.3   0.0
   35  0   508.81       16      24  0.81 1865.90  1861  11 2.7E-001  52.9   0.0
   36  0   535.98        4      26  0.27 1965.49  1961  10 6.6E-002 200.0   0.0
   37  0   567.50       -2      20  0.27 2081.00  2076  11-3.1E-002 -368.   0.0
   38  0   573.70        6      16  0.27 2103.75  2099  10 1.0E-001 108.7   0.0
Peak Analysis Report                    6/29/2018   1:20:06 PM          Page 14


   Pk IT  Energy      Area   Bkgnd  FWHM Channel  Left  PW  Cts/Sec  %err   Fit

   39  0   592.51        7      11  1.09 2172.69  2168  11 1.2E-001  82.3   0.0
   40  0   606.74        8      12  0.35 2224.84  2220  11 1.4E-001  77.6   0.0
   41  0   609.95        8       9  0.63 2236.59  2232  10 1.4E-001  67.4   0.0
   42  0   641.90        7       8  0.69 2353.70  2349  10 1.1E-001  76.6   0.0
   43  0   655.12       12      10  0.34 2402.18  2398  10 2.1E-001  46.9   0.0
   44  0   675.84      675      16  1.29 2478.10  2468  21 1.1E+001   4.0   0.0
   45  0   702.16        8       4  0.27 2574.60  2570  10 1.3E-001  53.8   0.0
   46  0   823.60      129      13  1.40 3019.72  3012  15 2.1E+000  10.0   0.0
   47  0   889.84        5       1  0.31 3262.50  3258  10 8.1E-002  56.7   0.0
   48  0  1088.11      132       5  1.45 3989.23  3979  20 2.2E+000   9.2   0.0

M = First peak in a multiplet region
m = Other peak in a multiplet region
F = Fitted singlet

Errors quoted at  1.000 sigma
Peak Analysis Report             6/29/2018   1:20:06 PM            Page 15


**************************************************************************
*****           P E A K    A N A L Y S I S    R E P O R T            *****
**************************************************************************


     Detector Name:  DSA1000A                        
     Sample Title:   Sample title.                                     
     Peak Analysis Performed on:  6/29/2018   1:20:05 PM
               Peak Analysis From Channel:      1
               Peak Analysis To Channel:     8192

   Peak  ROI  ROI   Energy   Net Peak Net Area  Continuum  Critical 
    No. start end    (keV)     Area    Uncert.    Counts     Level

 M  1    17-   43     5.82      1329.0   51.41   4.43E+002  4.89E+001 
 m  2    17-   43     6.94      1107.3   51.36   9.93E+002  7.33E+001 
 m  3    17-   43     8.13       995.4   52.38   1.83E+003  9.96E+001 
 m  4    17-   43     9.42       762.6   51.39   2.81E+003  1.23E+002 
 M  5    45-   62    12.98        49.9   45.90   9.76E+002  7.27E+001 
 m  6    45-   62    14.28        53.8   49.47   1.25E+003  8.24E+001 
 m  7    45-   62    16.21        43.8   40.31   8.83E+002  6.91E+001 
    8    85-   91    23.79        73.4   58.47   1.76E+003  9.51E+001 
    9   200-  211    55.61       120.7   79.92   2.50E+003  1.30E+002 
 M 10   215-  227    59.38        65.0   27.58   1.03E+003  7.46E+001 
 m 11   215-  227    60.42        84.2   29.81   1.05E+003  7.52E+001 
 M 12   239-  267    67.01       875.9   53.68   3.31E+003  1.34E+002 
 m 13   239-  267    68.82      2350.8   69.08   3.28E+003  1.33E+002 
 m 14   239-  267    70.80      1429.2   59.18   3.25E+003  1.33E+002 
   15   280-  290    77.88       130.4   86.53   3.06E+003  1.41E+002 
   16   290-  300    80.10       170.7   86.13   2.98E+003  1.40E+002 
   17   308-  316    84.94       129.2   62.41   1.76E+003  1.01E+002 
   18   377-  387   104.26        43.7   70.89   2.08E+003  1.16E+002 
   19   536-  556   149.26        60.4  123.52   4.18E+003  2.03E+002 
   20   580-  606   161.40       323.5  168.53   6.40E+003  2.76E+002 
   21   683-  693   187.40       -25.8   77.93   2.55E+003  1.28E+002 
   22   743-  761   205.75        87.4  121.55   4.35E+003  1.99E+002 
   23   806-  815   220.79        55.1   73.90   2.39E+003  1.21E+002 
   24   837-  844   229.13       -24.8   65.16   2.12E+003  1.07E+002 
   25   871-  884   239.83       100.9  105.12   3.96E+003  1.72E+002 
   26   925-  944   253.20        70.9  126.36   4.51E+003  2.07E+002 
   27   993- 1001   271.75        91.0   49.74   1.11E+003  8.03E+001 
   28  1074- 1085   294.28        23.7   51.29   1.04E+003  8.40E+001 
   29  1087- 1094   297.20       -15.3   36.42   6.68E+002  6.03E+001 
   30  1489- 1519   411.69    137326.1  382.43   1.64E+003  1.55E+002 
   31  1713- 1721   467.92        -1.3    9.05   3.83E+001  1.50E+001 
   32  1752- 1768   480.47        11.6   17.63   9.54E+001  2.85E+001 
   33  1786- 1793   487.97         8.8    8.51   3.12E+001  1.31E+001 
   34  1843- 1860   503.90         9.0   12.19   4.00E+001  1.94E+001 
   35  1861- 1871   508.81        16.3    8.64   2.37E+001  1.26E+001 
   36  1961- 1970   535.98         4.0    7.97   2.60E+001  1.27E+001 
   37  2076- 2086   567.50        -1.9    6.96   1.99E+001  1.17E+001 
   38  2099- 2108   573.70         6.2    6.77   1.58E+001  1.03E+001 
   39  2168- 2178   592.51         7.0    5.76   1.10E+001  8.41E+000 
   40  2220- 2230   606.74         8.3    6.46   1.17E+001  9.51E+000 
   41  2232- 2241   609.95         8.1    5.47   8.88E+000  7.68E+000 
   42  2349- 2358   641.90         6.7    5.13   8.30E+000  7.29E+000 
Peak Analysis Report             6/29/2018   1:20:06 PM            Page 16


   Peak  ROI  ROI   Energy   Net Peak Net Area  Continuum  Critical 
    No. start end    (keV)     Area    Uncert.    Counts     Level

   43  2398- 2407   655.12        12.5    5.85   9.52E+000  7.67E+000 
   44  2468- 2488   675.84       675.4   27.05   1.56E+001  1.23E+001 
   45  2570- 2579   702.16         7.9    4.23   4.13E+000  5.21E+000 
   46  3012- 3026   823.60       128.8   12.92   1.32E+001  1.02E+001 
   47  3258- 3267   889.84         4.9    2.76   1.13E+000  2.73E+000 
   48  3979- 3998  1088.11       132.1   12.21   4.88E+000  6.78E+000 

M = First peak in a multiplet region
m = Other peak in a multiplet region
F = Fitted singlet

Errors quoted at  1.000 sigma
Peak with NID Report             6/29/2018   1:20:06 PM            Page 17


**************************************************************************
*****           P E A K    W I T H   N I D    R E P O R T            *****
**************************************************************************


     Detector Name:  DSA1000A                        
     Sample Title:   Sample title.                                     
     Peak Analysis Performed on:  6/29/2018   1:20:05 PM
               Peak Analysis From Channel:      1
               Peak Analysis To Channel:     8192
     Tentative NID Library:   C:\GENIE2K\CAMFILES\NAA LIB LONG.NLB     
     Peak Match Tolerance :    3.000 keV

   Peak  ROI  ROI    Peak    Energy   Net Peak Net Area  Continuum  Tentative
    No. Start End  Centroid   (keV)     Area    Uncert.    Counts    Nuclide 

 M  1    17-   43    22.25     5.82  1.33E+003   51.41   4.43E+002   .....    
 m  2    17-   43    26.36     6.94  1.11E+003   51.36   9.93E+002   .....    
 m  3    17-   43    30.73     8.13  9.95E+002   52.38   1.83E+003   .....    
 m  4    17-   43    35.44     9.42  7.63E+002   51.39   2.81E+003   .....    
 M  5    45-   62    48.49    12.98  4.99E+001   45.90   9.76E+002   .....    
 m  6    45-   62    53.27    14.28  5.38E+001   49.47   1.25E+003   .....    
 m  7    45-   62    60.34    16.21  4.38E+001   40.31   8.83E+002   .....    
    8    85-   91    88.14    23.79  7.34E+001   58.47   1.76E+003   .....    
    9   200-  211   204.76    55.61  1.21E+002   79.92   2.50E+003   .....    
 M 10   215-  227   218.56    59.38  6.50E+001   27.58   1.03E+003   W-187    
                                                                     W-187    
 m 11   215-  227   222.38    60.42  8.42E+001   29.81   1.05E+003   W-187    
                                                                     W-187    
 M 12   239-  267   246.56    67.01  8.76E+002   53.68   3.31E+003   W-187    
 m 13   239-  267   253.18    68.82  2.35E+003   69.08   3.28E+003   W-187    
 m 14   239-  267   260.44    70.80  1.43E+003   59.18   3.25E+003   W-187    
                                                                     W-187    
   15   280-  290   286.39    77.88  1.30E+002   86.53   3.06E+003   AG-108m  
   16   290-  300   294.51    80.10  1.71E+002   86.13   2.98E+003   AG-108m  
   17   308-  316   312.28    84.94  1.29E+002   62.41   1.76E+003   .....    
   18   377-  387   383.06   104.26  4.37E+001   70.89   2.08E+003   GD-153   
                                                                     SM-153   
                                                                     LU-177x  
                                                                     TE-131x  
   19   536-  556   548.00   149.26  6.04E+001  123.52   4.18E+003   TE-131x  
                                                                     PA-232   
   20   580-  606   592.51   161.40  3.23E+002  168.53   6.40E+003   TE-123m  
   21   683-  693   687.80   187.40 -2.58E+001   77.93   2.55E+003   XE-125   
                                                                     IN-114m  
                                                                     HO-166   
   22   743-  761   755.06   205.75  8.74E+001  121.55   4.35E+003   AU-198m  
                                                                     LU-177x  
                                                                     LU-177   
                                                                     XE-127   
   23   806-  815   810.18   220.79  5.51E+001   73.90   2.39E+003   TA-182   
   24   837-  844   840.77   229.13 -2.48E+001   65.16   2.12E+003   LU-177x  
   25   871-  884   880.00   239.83  1.01E+002  105.12   3.96E+003   AS-77    
                                                                     TE-131x  
   26   925-  944   928.98   253.20  7.09E+001  126.36   4.51E+003   CE-137x  
   27   993- 1001   996.99   271.75  9.10E+001   49.74   1.11E+003   .....    
   28  1074- 1085  1079.56   294.28  2.37E+001   51.29   1.04E+003   CE-143   
Peak with NID Report             6/29/2018   1:20:06 PM            Page 18

                                                                     IR-192   
                                                                     LU-177x  
   29  1087- 1094  1090.25   297.20 -1.53E+001   36.42   6.68E+002   LU-177x  
                                                                     IR-192   
                                                                     TB-160   
   30  1489- 1519  1509.90   411.69  1.37E+005  382.43   1.64E+003   AU-198   
                                                                     HO-166   
                                                                     LU-177x  
   31  1713- 1721  1716.01   467.92 -1.28E+000    9.05   3.83E+001   IR-192   
   32  1752- 1768  1762.00   480.47  1.16E+001   17.63   9.54E+001   W-187    
                                                                     HF-181   
   33  1786- 1793  1789.49   487.97  8.80E+000    8.51   3.12E+001   LA-140   
                                                                     Ca-47    
   34  1843- 1860  1847.91   503.90  9.02E+000   12.19   4.00E+001   .....    
   35  1861- 1871  1865.90   508.81  1.63E+001    8.64   2.37E+001   ZR-97    
                                                                     TE-121   
                                                                     ZN-65    
                                                                     AS-71    
   36  1961- 1970  1965.49   535.98  3.98E+000    7.97   2.60E+001   .....    
   37  2076- 2086  2081.00   567.50 -1.89E+000    6.96   1.99E+001   CS-134   
   38  2099- 2108  2103.75   573.70  6.23E+000    6.77   1.58E+001   TE-121   
                                                                     HO-166   
Peak with NID Report             6/29/2018   1:20:06 PM            Page 19


   Peak  ROI  ROI    Peak    Energy   Net Peak Net Area  Continuum  Tentative
    No. start end  centroid   (keV)     Area    Uncert.    Counts    Nuclide 

   39  2168- 2178  2172.69   592.51  7.00E+000    5.76   1.10E+001   .....    
   40  2220- 2230  2224.84   606.74  8.32E+000    6.46   1.17E+001   SB-125   
                                                                     CS-134   
                                                                     IR-192   
   41  2232- 2241  2236.59   609.95  8.12E+000    5.47   8.88E+000   RU-103   
                                                                     IR-192   
   42  2349- 2358  2353.70   641.90  6.70E+000    5.13   8.30E+000   .....    
   43  2398- 2407  2402.18   655.12  1.25E+001    5.85   9.52E+000   AS-76    
                                                                     AG-110m  
   44  2468- 2488  2478.10   675.84  6.75E+002   27.05   1.56E+001   AG-110m  
   45  2570- 2579  2574.60   702.16  7.88E+000    4.23   4.13E+000   NB-94x   
   46  3012- 3026  3019.72   823.60  1.29E+002   12.92   1.32E+001   .....    
   47  3258- 3267  3262.50   889.84  4.88E+000    2.76   1.13E+000   SC-46    
   48  3979- 3998  3989.23  1088.11  1.32E+002   12.21   4.88E+000   EU-152x  
                                                                     GE-77    

M = First peak in a multiplet region
m = Other peak in a multiplet region
F = Fitted singlet

Errors quoted at  1.000 sigma
Peak Efficiency Report             6/29/2018   1:20:06 PM          Page 20


**************************************************************************
*****         P E A K    E F F I C I E N C Y    R E P O R T          *****
**************************************************************************

     Detector Name:  DSA1000A                        
     Sample Title:   Sample title.                                     
     Peak Analysis Performed on:  6/29/2018   1:20:05 PM


 Peak  Energy   Net Peak  Net Area       Peak     Efficiency
 No.   (keV)      Area   Uncertainty  Efficiency  Uncertainty

 M  1     5.82  1.33E+003    51.41     2.39E-002    2.06E-003
 m  2     6.94  1.11E+003    51.36     2.39E-002    2.06E-003
 m  3     8.13  9.95E+002    52.38     2.39E-002    2.06E-003
 m  4     9.42  7.63E+002    51.39     2.39E-002    2.06E-003
 M  5    12.98  4.99E+001    45.90     2.39E-002    2.06E-003
 m  6    14.28  5.38E+001    49.47     2.39E-002    2.06E-003
 m  7    16.21  4.38E+001    40.31     2.39E-002    2.06E-003
    8    23.79  7.34E+001    58.47     2.39E-002    2.06E-003
    9    55.61  1.21E+002    79.92     2.39E-002    2.06E-003
 M 10    59.38  6.50E+001    27.58     2.39E-002    2.06E-003
 m 11    60.42  8.42E+001    29.81     2.44E-002    1.96E-003
 M 12    67.01  8.76E+002    53.68     3.38E-002    9.95E-004
 m 13    68.82  2.35E+003    69.08     3.67E-002    8.36E-004
 m 14    70.80  1.43E+003    59.18     4.01E-002    6.94E-004
   15    77.88  1.30E+002    86.53     5.40E-002    3.71E-004
   16    80.10  1.71E+002    86.13     5.90E-002    3.09E-004
   17    84.94  1.29E+002    62.41     7.08E-002    2.10E-004
   18   104.26  4.37E+001    70.89     9.18E-002    2.39E-004
   19   149.26  6.04E+001   123.52     9.33E-002    4.48E-004
   20   161.40  3.23E+002   168.53     9.34E-002    5.14E-004
   21   187.40 -2.58E+001    77.93     8.93E-002    5.61E-004
   22   205.75  8.74E+001   121.55     8.32E-002    5.05E-004
   23   220.79  5.51E+001    73.90     7.88E-002    4.66E-004
   24   229.13 -2.48E+001    65.16     7.66E-002    4.47E-004
   25   239.83  1.01E+002   105.12     7.40E-002    4.24E-004
   26   253.20  7.09E+001   126.36     7.10E-002    3.99E-004
   27   271.75  9.10E+001    49.74     6.73E-002    3.69E-004
   28   294.28  2.37E+001    51.29     6.34E-002    3.37E-004
   29   297.20 -1.53E+001    36.42     6.29E-002    3.33E-004
   30   411.69  1.37E+005   382.43     4.91E-002    2.31E-004
   31   467.92 -1.28E+000     9.05     4.40E-002    2.21E-004
   32   480.47  1.16E+001    17.63     4.30E-002    2.21E-004
   33   487.97  8.80E+000     8.51     4.24E-002    2.21E-004
   34   503.90  9.02E+000    12.19     4.12E-002    2.22E-004
   35   508.81  1.63E+001     8.64     4.08E-002    2.22E-004
   36   535.98  3.98E+000     7.97     3.89E-002    2.22E-004
   37   567.50 -1.89E+000     6.96     3.70E-002    2.22E-004
   38   573.70  6.23E+000     6.77     3.66E-002    2.22E-004
   39   592.51  7.00E+000     5.76     3.56E-002    2.22E-004
   40   606.74  8.32E+000     6.46     3.48E-002    2.22E-004
   41   609.95  8.12E+000     5.47     3.47E-002    2.21E-004
   42   641.90  6.70E+000     5.13     3.32E-002    2.18E-004
Peak Efficiency Report             6/29/2018   1:20:06 PM          Page 21


 Peak  Energy   Net Peak  Net Area       Peak     Efficiency
 No.   (keV)      Area   Uncertainty  Efficiency  Uncertainty

   43   655.12  1.25E+001     5.85     3.26E-002    2.16E-004
   44   675.84  6.75E+002    27.05     3.17E-002    2.14E-004
   45   702.16  7.88E+000     4.23     3.07E-002    2.11E-004
   46   823.60  1.29E+002    12.92     2.67E-002    2.00E-004
   47   889.84  4.88E+000     2.76     2.47E-002    1.55E-004
   48  1088.11  1.32E+002    12.21     2.02E-002    7.01E-005


M = First peak in a multiplet region
m = Other peak in a multiplet region
F = Fitted singlet

Errors quoted at  1.000 sigma
Background Subtract Report             6/29/2018   1:20:06 PM      Page 22

No background subtract performed on this spectrum.
No area correction performed on this spectrum.
Nuclide Identification Report        6/29/2018   1:20:06 PM        Page 23


*************************************************************************
*****   N U C L I D E   I D E N T I F I C A T I O N   R E P O R T   *****
*************************************************************************

     Sample Title:         Sample title.                           
     Nuclide Library Used: C:\GENIE2K\CAMFILES\NAA LIB LONG.NLB    

   ....................    IDENTIFIED NUCLIDES     ....................

   Nuclide    Id       Energy   Yield     Activity     Activity
   Name    Confidence  (keV)     (%)     (uCi/Unit)   Uncertainty

   SC-46     0.244    889.28*   99.98    8.885E-005   5.037E-005
                     1120.55    99.99
   AS-77     0.988    239.01*    1.59    3.861E-002   4.066E-002
   NB-94x    0.229    702.62*   97.90    1.182E-004   6.359E-005
                      871.09    99.90
   IN-114m   0.508    190.27*   14.74   -8.828E-004   2.668E-003
                      558.43     4.00
                      725.24     4.00
   TE-121    0.991    507.59*   17.70    1.018E-003   5.399E-004
                      573.14*   80.30    9.541E-005   1.037E-004
   TE-123m   0.903    159.00*   84.00    1.858E-003   9.679E-004
   XE-125    0.472    188.43*   54.90   -2.371E-004   7.165E-004
                      243.40    28.80
   XE-127    0.317    172.13    25.50
                      202.86*   68.30    6.930E-004   9.639E-004
                      374.99    17.20
   CE-137x   0.979    254.29*   11.00    4.086E-003   7.288E-003
   CE-143    0.740    293.27*   42.80    3.929E-004   8.521E-004
                      664.57     5.69
                      721.93     5.39
   GD-153    0.067     97.43    30.20
                      103.18*   21.40    1.003E-003   1.627E-003
   SM-153    0.980    103.18*   31.40    6.834E-004   1.109E-003
   LU-177    0.315    112.95     6.40
                      208.36*   11.00    4.303E-003   5.993E-003
   W-187     0.242     59.72*    7.20    1.702E-002   7.401E-003
                       61.14*   12.50    1.243E-002   4.539E-003
                       69.30*    5.36    5.385E-001   2.982E-002
                       72.00*   11.10    1.447E-001   8.327E-003
                      134.25     8.80
                      479.55*   21.80    5.561E-004   8.487E-004
                      551.52     5.08
                      618.26     6.28
                      685.73    27.30
   IR-192    0.055    295.96*   28.67   -3.831E-004   9.099E-004
                      308.46    30.00
                      316.51    82.81
                      468.07*   47.83   -2.734E-005   1.938E-004
                      604.41*    8.23    1.309E-003   1.016E-003
                      612.47*    5.31    1.987E-003   1.338E-003
   AU-198    1.000    411.80*   95.58    1.318E+000   7.382E-003

       * = Energy line found in the spectrum.
       Energy Tolerance :    3.000 keV
       Nuclide confidence index threshold =   0.05
Nuclide Identification Report        6/29/2018   1:20:06 PM        Page 24

       Errors quoted at  1.000 sigma

Nuclide Identification Report        6/29/2018   1:20:06 PM        Page 25


   **********   U N I D E N T I F I E D   P E A K S   **********

               Peak Locate Performed on:  6/29/2018   1:20:04 PM
               Peak Locate From Channel:      1
               Peak Locate To Channel:    65535

       Peak   Energy           Peak Size in        Peak CPS
        No.   (keV)          Counts per Second   % Uncertainty

      M  1     5.82             2.2150E+001           3.87
      m  2     6.94             1.8456E+001           4.64
      m  3     8.13             1.6591E+001           5.26
      m  4     9.42             1.2710E+001           6.74
      M  5    12.98             8.3145E-001          92.01
      m  6    14.28             8.9622E-001          92.00
      m  7    16.21             7.3013E-001          92.02
         8    23.79             1.2238E+000          79.63
         9    55.61             2.0121E+000          66.20
      M 12    67.01             1.4598E+001           6.13
        15    77.88             2.1727E+000          66.38
        16    80.10             2.8450E+000          50.46
        17    84.94             2.1539E+000          48.30
        19   149.26             1.0060E+000         204.63
        23   220.79             9.1835E-001         134.12
        24   229.13            -4.1262E-001        -263.19
        27   271.75             1.5163E+000          54.67
        33   487.97             1.4667E-001          96.68
        34   503.90             1.5026E-001         135.26
        36   535.98             6.6389E-002         199.98
        37   567.50            -3.1481E-002        -368.26
        39   592.51             1.1667E-001          82.27
        42   641.90             1.1167E-001          76.62
        43   655.12             2.0795E-001          46.89
        44   675.84             1.1257E+001           4.00
        46   823.60             2.1473E+000          10.03
        48  1088.11             2.2019E+000           9.24

       M = First peak in a multiplet region
       m = Other peak in a multiplet region
       F = Fitted singlet

       Errors quoted at  1.000 sigma
Interference Corrected Activity Report    6/29/2018   1:20:06 PM   Page 26


*************************************************************************
*****   N U C L I D E   I D E N T I F I C A T I O N   R E P O R T   *****
*************************************************************************

     Sample Title:         Sample title.                           
     Nuclide Library Used: C:\GENIE2K\CAMFILES\NAA LIB LONG.NLB    

   ....................    IDENTIFIED NUCLIDES     ....................

   Nuclide    Id       Energy    Yield     Activity     Activity
   Name    Confidence  (keV)      (%)     (uCi/Unit)   Uncertainty

   SC-46     0.244    889.28*    99.98   8.88531E-005  5.03750E-005
                     1120.55     99.99
   AS-77     0.988    239.01*     1.59   3.86107E-002  4.06595E-002
   NB-94x    0.229    702.62*    97.90   1.18203E-004  6.35875E-005
                      871.09     99.90
   IN-114m   0.508    190.27*    14.74  -8.82837E-004  2.66751E-003
                      558.43      4.00
                      725.24      4.00
   TE-121    0.991    507.59*    17.70   1.01765E-003  5.39893E-004
                      573.14*    80.30   9.54142E-005  1.03718E-004
   TE-123m   0.903    159.00*    84.00   1.85753E-003  9.67898E-004
   XE-125    0.472    188.43*    54.90  -2.37118E-004  7.16469E-004
                      243.40     28.80
   XE-127    0.317    172.13     25.50
                      202.86*    68.30   6.93013E-004  9.63927E-004
                      374.99     17.20
   CE-137x   0.979    254.29*    11.00   4.08632E-003  7.28780E-003
   CE-143    0.740    293.27*    42.80   3.92904E-004  8.52067E-004
                      664.57      5.69
                      721.93      5.39
   GD-153    0.067     97.43     30.20
                      103.18*    21.40   1.00262E-003  1.62663E-003
   SM-153    0.980    103.18*    31.40   6.83406E-004  1.10856E-003
   LU-177    0.315    112.95      6.40
                      208.36*    11.00   4.30312E-003  5.99342E-003
   W-187     0.242     59.72*     7.20   1.70243E-002  7.40073E-003
                       61.14*    12.50   1.24304E-002  4.53863E-003
                       69.30*     5.36   5.38480E-001  2.98199E-002
                       72.00*    11.10   1.44680E-001  8.32719E-003
                      134.25      8.80
                      479.55*    21.80   5.56118E-004  8.48735E-004
                      551.52      5.08
                      618.26      6.28
                      685.73     27.30
   IR-192    0.055    295.96*    28.67  -3.83150E-004  9.09906E-004
                      308.46     30.00
                      316.51     82.81
                      468.07*    47.83  -2.73372E-005  1.93804E-004
                      604.41*     8.23   1.30856E-003  1.01553E-003
                      612.47*     5.31   1.98712E-003  1.33843E-003
   AU-198    1.000    411.80*    95.58   1.31810E+000  7.38244E-003

       * = Energy line found in the spectrum.
       @ = Energy line not used for Weighted Mean Activity
       Energy Tolerance :    3.000 keV
Interference Corrected Activity Report    6/29/2018   1:20:06 PM   Page 27

       Nuclide confidence index threshold =   0.05
       Errors quoted at  1.000 sigma

Interference Corrected Activity Report    6/29/2018   1:20:06 PM   Page 28


*************************************************************************
*****   I N T E R F E R E N C E   C O R R E C T E D   R E P O R T   *****
*************************************************************************


                 Nuclide       Wt mean         Wt mean
       Nuclide     Id          Activity        Activity
       Name     Confidence    (uCi/Unit)      Uncertainty

       SC-46      0.244      8.885307E-005   5.037497E-005
       AS-77      0.988      3.861068E-002   4.065947E-002
       NB-94x     0.229      1.182030E-004   6.358745E-005
    ?  IN-114m    0.508     -8.828372E-004   2.667510E-003
       TE-121     0.991      1.282388E-004   1.018559E-004
       TE-123m    0.903      1.857527E-003   9.678975E-004
    ?  XE-125     0.472     -2.371180E-004   7.164688E-004
    ?  XE-127     0.317      6.930128E-004   9.639267E-004
    X  CS-134     0.246
       CE-137x    0.979      4.086322E-003   7.287801E-003
       CE-143     0.740      3.929042E-004   8.520674E-004
    ?  GD-153     0.067      1.002620E-003   1.626634E-003
    ?  SM-153     0.980      6.834064E-004   1.108556E-003
    ?  LU-177     0.315      4.303117E-003   5.993423E-003
    X  HF-181     0.128
       W-187      0.242      2.977298E-003   8.246283E-004
       IR-192     0.055      1.556482E-003   8.090147E-004
       AU-198     1.000      1.318102E+000   7.382436E-003

       ? = nuclide is part of an undetermined solution
       X = nuclide rejected by the interference analysis
       @ = nuclide contains energy lines not used in Weighted Mean Activity

       Errors quoted at  1.000 sigma

Interference Corrected Activity Report    6/29/2018   1:20:06 PM   Page 29


   **********   U N I D E N T I F I E D   P E A K S   **********

               Peak Locate Performed on:  6/29/2018   1:20:04 PM
               Peak Locate From Channel:      1
               Peak Locate To Channel:    65535

       Peak   Energy           Peak Size in        Peak CPS
        No.   (keV)          Counts per Second   % Uncertainty

      M  1     5.82             2.2150E+001           3.87
      m  2     6.94             1.8456E+001           4.64
      m  3     8.13             1.6591E+001           5.26
      m  4     9.42             1.2710E+001           6.74
      M  5    12.98             8.3145E-001          92.01
      m  6    14.28             8.9622E-001          92.00
      m  7    16.21             7.3013E-001          92.02
         8    23.79             1.2238E+000          79.63
         9    55.61             2.0121E+000          66.20
      M 12    67.01             1.4598E+001           6.13
        15    77.88             2.1727E+000          66.38
        16    80.10             2.8450E+000          50.46
        17    84.94             2.1539E+000          48.30
        19   149.26             1.0060E+000         204.63
        23   220.79             9.1835E-001         134.12
        24   229.13            -4.1262E-001        -263.19
        27   271.75             1.5163E+000          54.67
        33   487.97             1.4667E-001          96.68
        34   503.90             1.5026E-001         135.26
        36   535.98             6.6389E-002         199.98
        37   567.50            -3.1481E-002        -368.26
        39   592.51             1.1667E-001          82.27
        42   641.90             1.1167E-001          76.62
        43   655.12             2.0795E-001          46.89
        44   675.84             1.1257E+001           4.00
        46   823.60             2.1473E+000          10.03
        48  1088.11             2.2019E+000           9.24

       M = First peak in a multiplet region
       m = Other peak in a multiplet region
       F = Fitted singlet

       Errors quoted at  1.000 sigma
Nuclide MDA Report                      6/29/2018   1:20:06 PM     Page 30


No MDA analysis results available for reporting purposes
Nuclide MDA Report                      6/29/2018   1:20:06 PM     Page 31


No MDA analysis results available for reporting purposes
Action Level Summary Report             6/29/2018   1:20:06 PM     Page 32


No Action Level results available for reporting purposes
Auto Gain Adjust                     6/29/2018   1:20:06 PM       Page 33


*************************************************************************
*****                 A U T O  G A I N   A D J U S T                *****
*************************************************************************

Report Generated On:                               6/29/2018   1:20:06 PM


Status:                                                                 
No AGA results for reporting.


This report is valid only if a Certificate was the source of the true values.


Status:                                                                 
No AGA results for reporting.

