*************************************************************************
*****        G A M M A   S P E C T R U M    A N A L Y S I S         *****
*************************************************************************


Filename: DSA1000A                                                     

Report Generated On             : 6/29/2018   1:28:13 PM

Sample Title                    : Sample title.                          
Sample Description              :                                 
Sample Identification           :                 
Sample Type                     :                 
Sample Geometry                 :                 

Peak Locate Threshold           :  2.50
Peak Locate Range (in channels) :     1 - 65535
Peak Area Range (in channels)   :   100 -  8172
Identification Energy Tolerance :    3.000 keV

Sample Size                     :  1.000E+000 Unit    

Sample Taken On                 :                       
Acquisition Started             : 6/29/2018   1:27:02 PM

Live Time                       :       60.0 seconds
Real Time                       :       67.6 seconds

Dead Time                       :  11.26 %


              Energy Calibration Used Done On       : 6/23/2018 
              Efficiency Calibration Used Done On   : 6/23/2018 
              Efficiency ID                         :                        

Peak Analysis Report             6/29/2018   1:28:13 PM            Page  2


**************************************************************************
*****           P E A K    A N A L Y S I S    R E P O R T            *****
**************************************************************************


     Detector Name:  DSA1000A                        
     Sample Title:   Sample title.                                     
     Peak Analysis Performed on:  6/29/2018   1:28:13 PM
               Peak Analysis From Channel:      1
               Peak Analysis To Channel:     8192

   Peak  ROI  ROI    Peak    Energy   FWHM  Net Peak  Net Area  Continuum 
    No. start end  centroid   (keV)   (keV)  Area     Uncert.    Counts 

    1   148-  154   151.44    41.06   0.27       -58.2   64.17   2.21E+003 
    2   200-  209   206.41    56.06   0.28       -27.5   80.53   2.87E+003 
 M  3   237-  266   241.83    65.73   1.18        95.3   58.33   3.75E+003 
 m  4   237-  266   246.90    67.11   1.19      1188.8   66.79   4.36E+003 
 m  5   237-  266   253.35    68.87   1.19      3116.6   80.48   4.33E+003 
 m  6   237-  266   260.41    70.79   1.19      1703.9   66.79   4.30E+003 
    7   267-  279   272.18    74.01   0.27      -411.4  104.93   4.34E+003 
    8   281-  290   286.28    77.85   0.79       218.2   94.12   3.74E+003 
    9   291-  302   294.50    80.10   0.89       547.9  104.37   4.06E+003 
   10   459-  475   465.00   126.61   0.27       -38.0  118.33   4.48E+003 
   11   568-  579   571.14   155.57   0.27       -60.4   94.21   3.53E+003 
   12   606-  613   609.34   165.99   0.60         7.9   72.72   2.62E+003 
   13   615-  624   618.01   168.36   0.31       -18.8   85.52   3.24E+003 
   14   647-  660   656.31   178.81   0.49       124.6  110.77   4.41E+003 
   15   671-  682   676.55   184.33   0.30         2.8   96.30   3.69E+003 
   16   683-  691   686.20   186.96   0.95        47.1   77.48   2.78E+003 
   17   692-  699   695.43   189.48   0.45        18.3   71.47   2.52E+003 
   18   813-  823   816.03   222.38   0.39         4.5   94.97   3.77E+003 
   19   824-  833   827.51   225.51   0.27        73.0   87.81   3.37E+003 
   20   918-  938   921.72   251.22   0.47       389.0  160.00   6.91E+003 
   21  1104- 1116  1107.76   301.97   0.42       -17.3   58.84   1.32E+003 
   22  1243- 1252  1248.03   340.24   0.52        -0.6   41.40   7.56E+002 
   23  1253- 1262  1258.18   343.01   0.28        21.9   40.98   7.33E+002 
   24  1315- 1331  1321.73   360.35   0.42       -31.3   61.80   1.23E+003 
   25  1383- 1390  1386.96   378.15   0.51        40.6   33.76   5.45E+002 
   26  1488- 1527  1509.89   411.68   1.43    185317.2  447.60   2.45E+003 
   27  1557- 1568  1560.72   425.55   0.27        42.2   29.48   3.27E+002 
   28  1576- 1590  1586.71   432.64   0.41         4.1   28.33   2.74E+002 
   29  1650- 1658  1654.70   451.19   0.38         5.2   13.21   7.68E+001 
   30  1698- 1705  1701.47   463.95   0.55         7.7   10.32   4.83E+001 
   31  1719- 1732  1728.34   471.28   0.27        23.8   15.81   8.22E+001 
   32  1754- 1769  1764.68   481.20   0.69        32.0   20.20   1.22E+002 
   33  1788- 1799  1792.52   488.79   0.29        19.1   13.41   6.39E+001 
   34  1914- 1923  1918.26   523.10   1.62         0.4    8.74   3.16E+001 
   35  1927- 1936  1931.95   526.83   0.28        -0.2    9.32   3.52E+001 
   36  1944- 1954  1949.96   531.75   0.27         6.4    9.19   3.26E+001 
   37  2098- 2107  2102.34   573.32   0.37         6.7    7.55   2.13E+001 
   38  2172- 2183  2176.78   593.63   0.31         7.4    8.01   2.16E+001 
   39  2200- 2209  2204.12   601.09   0.27       -12.0    7.85   3.20E+001 
   40  2237- 2246  2241.51   611.29   0.50         1.7    7.87   2.53E+001 
   41  2376- 2385  2380.45   649.20   0.27         5.0    6.49   1.50E+001 
 M 42  2430- 2452  2435.15   664.12   0.38        -1.0    8.30   1.26E+001 
Peak Analysis Report             6/29/2018   1:28:13 PM            Page  3


   Peak  ROI  ROI    Peak    Energy   FWHM  Net Peak  Net Area  Continuum 
    No. start end  centroid   (keV)   (keV)  Area     Uncert.    Counts 

 m 43  2430- 2452  2447.04   667.36   0.38        -0.7    6.10   1.29E+001 
   44  2465- 2488  2478.26   675.88   1.57       914.3   32.36   3.17E+001 
   45  2502- 2512  2506.91   683.70   0.57         4.6    7.33   2.04E+001 
   46  2616- 2625  2620.76   714.76   0.64         2.4    5.24   8.59E+000 
   47  2725- 2734  2729.36   744.39   0.32         1.7    5.05   9.27E+000 
   48  2793- 2802  2797.61   763.01   0.27        -0.7    5.38   1.27E+001 
   49  3009- 3030  3019.17   823.45   1.56       270.7   18.07   1.43E+001 
   50  3980- 3999  3988.14  1087.81   1.57       190.7   14.09   2.35E+000 
   51  5353- 5365  5359.99  1462.09   0.74        23.4    5.26   1.61E+000 

M = First peak in a multiplet region
m = Other peak in a multiplet region
F = Fitted singlet

Errors quoted at  1.000 sigma
Nuclide Identification Report        6/29/2018   1:28:14 PM        Page  4


No nuclide identification results available for reporting purposes
*************************************************************************
*****        G A M M A   S P E C T R U M    A N A L Y S I S         *****
*************************************************************************


Filename: DSA1000A                                                     

Report Generated On             : 6/29/2018   1:28:14 PM

Sample Title                    : Sample title.                          
Sample Description              :                                 
Sample Identification           :                 
Sample Type                     :                 
Sample Geometry                 :                 

Peak Locate Threshold           :  2.50
Peak Locate Range (in channels) :     1 - 65535
Peak Area Range (in channels)   :     1 -  8192
Identification Energy Tolerance :    3.000 keV

Sample Size                     :  1.000E+000 Unit    

Sample Taken On                 :                       
Acquisition Started             : 6/29/2018   1:27:02 PM

Live Time                       :       60.0 seconds
Real Time                       :       67.6 seconds

Dead Time                       :  11.26 %


              Energy Calibration Used Done On       : 6/23/2018 
              Efficiency Calibration Used Done On   : 6/23/2018 
              Efficiency ID                         :                        

Energy Calibration Report            6/29/2018   1:28:14 PM       Page  5


**************************************************************************
*****       E N E R G Y   C A L I B R A T I O N   R E P O R T        *****
**************************************************************************

     Detector Name:  DSA1000A                        
     Sample Title:   Sample title.                                     

       *************  ENERGY CALIBRATION COEFFICIENTS  *************

               Energy Calibrate Performed on:  6/23/2018  12:56:08 PM
                       by:                       
               Energy Calibrate Type:          POLY    

   Energy(keV) =    -0.253 +     0.273*ch +  0.00E+000*ch^2 +  0.00E+000*ch^3

       *************  SHAPE CALIBRATION COEFFICIENTS   *************

               Shape Calibrate Performed on:  6/23/2018  12:56:08 PM
                       by:                        

               FWHM     =     0.795  +   0.026*E^1/2

               LOW TAIL =   0.0E+000 +  0.0E+000*E

****************     ENERGY CALIBRATION RESULTS TABLE     ****************

                    Centroid      Centroid         Energy
                    Channel       error            (keV )
                      220.59        0.07             60.01
                      317.99        0.02             86.54
                      386.80        0.01            105.31
                      451.84        0.03            122.06
                     2426.14        0.01            661.66
                     3062.96        0.38            834.83

       *********     SHAPE CALIBRATION RESULTS TABLE      *********

             Energy     FWHM       FWHM         TAIL        TAIL
             (keV )     channels   error        channels    error
               60.01      3.13      0.17           0.00      0.00
               86.54      3.87      0.04           0.00      0.00
              105.31      3.88      0.01           0.00      0.00
              122.06      3.92      0.07           0.00      0.00
              661.66      5.34      0.01           0.00      0.00
              834.83      1.36      0.55           0.00      0.00
Efficiency Calibration Report             6/29/2018   1:28:14 PM   Page  6


**************************************************************************
*****   E F F I C I E N C Y   C A L I B R A T I O N    R E P O R T   *****
**************************************************************************

     Detector Name:  DSA1000A                        
     Sample Title:   Sample title.                                     

     Geometry Description:                 
     Efficiency Calibration Performed on:  6/23/2018   4:29:36 PM
                       by:                         
     Geometry Type Used:   INTERPOL        

                            Efficiency Triplets
                            ===================

                   Energy         Efficiency        Error

                     60.00         2.39E-002      2.06E-003
                     86.50         7.50E-002      1.86E-004
                    105.30         9.27E-002      2.42E-004
                    176.30         9.35E-002      6.01E-004
                    427.90         4.77E-002      2.21E-004
                    600.60         3.51E-002      2.22E-004
                    834.80         2.64E-002      2.00E-004
                   1173.20         1.87E-002      5.20E-005
                   1332.50         1.69E-002      4.80E-005

                      DUAL Efficiency Calibration Equation
                      ====================================

         Single Equation Terms ->   Offset:     -143.191
                                     Slope:       91.147
                                 Quadratic:      -21.757
                                     Cubic:        2.279
                                 4th Order:       -0.089
                                 5th Order:        0.000
                                 6th Order:        0.000
                                 7th Order:        0.000
                                 8th Order:        0.000
                                 9th Order:        0.000
Efficiency Calibration Report             6/29/2018   1:28:14 PM   Page  7


                      EMPIRICAL Efficiency Calibration Equation
                      =========================================

      Empirical Equation Terms ->  Scaling:      696.250
                                    Offset:       -3.494
                                     Slope:        0.899
                                 Quadratic:        0.043
                                     Cubic:        0.059
                                 4th Order:       -0.089
                                 5th Order:        0.000

                      LINEAR Efficiency Calibration Equation
                      ======================================

         Linear Equation Terms ->   Offset:       -0.000
                                     Slope:       -1.569
                                 Quadratic:      189.136
                                     Cubic:   -17233.867
                                 4th Order:   376762.938
                                 5th Order:        0.000
                                 6th Order:        0.000
                                 7th Order:        0.000
                                 8th Order:        0.000
                                 9th Order:        0.000
Peak-to-Total Calibration Report          6/29/2018   1:28:14 PM   Page  8


**************************************************************************
**   P E A K - T O - T O T A L   C A L I B R A T I O N   R E P O R T   ***
**************************************************************************

     Detector Name:  DSA1000A                        
     Sample Title:   Sample title.                                     


                  Peak-to-Total Calibration Equation
                  =============================================

                                 No Peak-to-Total Equation

Peak Locate Analysis Report             6/29/2018   1:28:14 PM     Page  9

**************************************************************************
*****             P E A K    L O C A T E    R E P O R T              *****
**************************************************************************

     Detector Name:  DSA1000A                        
     Sample Title:   Sample title.                                     
               Peak Locate Performed on:  6/29/2018   1:28:13 PM
               Peak Locate From Channel:      1
               Peak Locate To Channel:    65535
               Peak Search Sensitivity:     2.50

     Peak   Centroid    Centroid     Energy       Peak
      No.    Channel   Uncertainty   (keV)    Significance

       1      151.44      <NA>         41.06      <NA> 
       2      206.41      <NA>         56.06      <NA> 
       3      242.00      <NA>         65.73      <NA> 
       4      246.63      <NA>         67.11      <NA> 
       5      253.43      <NA>         68.87      <NA> 
       6      260.41      <NA>         70.79      <NA> 
       7      272.18      <NA>         74.01      <NA> 
       8      286.28      <NA>         77.85      <NA> 
       9      294.50      <NA>         80.10      <NA> 
      10      465.00      <NA>        126.61      <NA> 
      11      571.14      <NA>        155.57      <NA> 
      12      609.34      <NA>        165.99      <NA> 
      13      618.01      <NA>        168.36      <NA> 
      14      656.31      <NA>        178.81      <NA> 
      15      676.55      <NA>        184.33      <NA> 
      16      686.20      <NA>        186.96      <NA> 
      17      695.43      <NA>        189.48      <NA> 
      18      816.03      <NA>        222.38      <NA> 
      19      827.51      <NA>        225.51      <NA> 
      20      921.72      <NA>        251.22      <NA> 
      21     1107.76      <NA>        301.97      <NA> 
      22     1248.03      <NA>        340.24      <NA> 
      23     1258.18      <NA>        343.01      <NA> 
      24     1321.73      <NA>        360.35      <NA> 
      25     1386.96      <NA>        378.15      <NA> 
      26     1509.89      <NA>        411.68      <NA> 
      27     1560.72      <NA>        425.55      <NA> 
      28     1586.71      <NA>        432.64      <NA> 
      29     1654.70      <NA>        451.19      <NA> 
      30     1701.47      <NA>        463.95      <NA> 
      31     1728.34      <NA>        471.28      <NA> 
      32     1764.68      <NA>        481.20      <NA> 
      33     1792.52      <NA>        488.79      <NA> 
      34     1918.26      <NA>        523.10      <NA> 
      35     1931.95      <NA>        526.83      <NA> 
      36     1949.96      <NA>        531.75      <NA> 
      37     2102.34      <NA>        573.32      <NA> 
      38     2176.78      <NA>        593.63      <NA> 
      39     2204.12      <NA>        601.09      <NA> 
      40     2241.51      <NA>        611.29      <NA> 
      41     2380.45      <NA>        649.20      <NA> 
Peak Locate Analysis Report             6/29/2018   1:28:14 PM     Page 10


     Peak   Centroid    Centroid     Energy       Peak
      No.    Channel   Uncertainty   (keV)    Significance

      42     2435.00      <NA>        664.12      <NA> 
      43     2447.53      <NA>        667.36      <NA> 
      44     2478.26      <NA>        675.88      <NA> 
      45     2506.91      <NA>        683.70      <NA> 
      46     2620.76      <NA>        714.76      <NA> 
      47     2729.36      <NA>        744.39      <NA> 
      48     2797.61      <NA>        763.01      <NA> 
      49     3019.17      <NA>        823.45      <NA> 
      50     3988.14      <NA>       1087.81      <NA> 
      51     5359.99      <NA>       1462.09      <NA> 

? = Adjacent peak noted

Errors quoted at  1.000 sigma
Peak Analysis Report             6/29/2018   1:28:14 PM            Page 11


**************************************************************************
*****           P E A K    A N A L Y S I S    R E P O R T            *****
**************************************************************************


     Detector Name:  DSA1000A                        
     Sample Title:   Sample title.                                     
     Peak Analysis Performed on:  6/29/2018   1:28:13 PM
               Peak Analysis From Channel:      1
               Peak Analysis To Channel:     8192

   Peak  ROI  ROI    Peak    Energy   FWHM  Net Peak  Net Area  Continuum 
    No. start end  centroid   (keV)   (keV)  Area     Uncert.    Counts 

    1   148-  154   151.44    41.06   0.27       -58.2   64.17   2.21E+003 
    2   200-  209   206.41    56.06   0.28       -27.5   80.53   2.87E+003 
 M  3   237-  266   241.83    65.73   1.18        95.3   58.33   3.75E+003 
 m  4   237-  266   246.90    67.11   1.19      1188.8   66.79   4.36E+003 
 m  5   237-  266   253.35    68.87   1.19      3116.6   80.48   4.33E+003 
 m  6   237-  266   260.41    70.79   1.19      1703.9   66.79   4.30E+003 
    7   267-  279   272.18    74.01   0.27      -411.4  104.93   4.34E+003 
    8   281-  290   286.28    77.85   0.79       218.2   94.12   3.74E+003 
    9   291-  302   294.50    80.10   0.89       547.9  104.37   4.06E+003 
   10   459-  475   465.00   126.61   0.27       -38.0  118.33   4.48E+003 
   11   568-  579   571.14   155.57   0.27       -60.4   94.21   3.53E+003 
   12   606-  613   609.34   165.99   0.60         7.9   72.72   2.62E+003 
   13   615-  624   618.01   168.36   0.31       -18.8   85.52   3.24E+003 
   14   647-  660   656.31   178.81   0.49       124.6  110.77   4.41E+003 
   15   671-  682   676.55   184.33   0.30         2.8   96.30   3.69E+003 
   16   683-  691   686.20   186.96   0.95        47.1   77.48   2.78E+003 
   17   692-  699   695.43   189.48   0.45        18.3   71.47   2.52E+003 
   18   813-  823   816.03   222.38   0.39         4.5   94.97   3.77E+003 
   19   824-  833   827.51   225.51   0.27        73.0   87.81   3.37E+003 
   20   918-  938   921.72   251.22   0.47       389.0  160.00   6.91E+003 
   21  1104- 1116  1107.76   301.97   0.42       -17.3   58.84   1.32E+003 
   22  1243- 1252  1248.03   340.24   0.52        -0.6   41.40   7.56E+002 
   23  1253- 1262  1258.18   343.01   0.28        21.9   40.98   7.33E+002 
   24  1315- 1331  1321.73   360.35   0.42       -31.3   61.80   1.23E+003 
   25  1383- 1390  1386.96   378.15   0.51        40.6   33.76   5.45E+002 
   26  1488- 1527  1509.89   411.68   1.43    185317.2  447.60   2.45E+003 
   27  1557- 1568  1560.72   425.55   0.27        42.2   29.48   3.27E+002 
   28  1576- 1590  1586.71   432.64   0.41         4.1   28.33   2.74E+002 
   29  1650- 1658  1654.70   451.19   0.38         5.2   13.21   7.68E+001 
   30  1698- 1705  1701.47   463.95   0.55         7.7   10.32   4.83E+001 
   31  1719- 1732  1728.34   471.28   0.27        23.8   15.81   8.22E+001 
   32  1754- 1769  1764.68   481.20   0.69        32.0   20.20   1.22E+002 
   33  1788- 1799  1792.52   488.79   0.29        19.1   13.41   6.39E+001 
   34  1914- 1923  1918.26   523.10   1.62         0.4    8.74   3.16E+001 
   35  1927- 1936  1931.95   526.83   0.28        -0.2    9.32   3.52E+001 
   36  1944- 1954  1949.96   531.75   0.27         6.4    9.19   3.26E+001 
   37  2098- 2107  2102.34   573.32   0.37         6.7    7.55   2.13E+001 
   38  2172- 2183  2176.78   593.63   0.31         7.4    8.01   2.16E+001 
   39  2200- 2209  2204.12   601.09   0.27       -12.0    7.85   3.20E+001 
   40  2237- 2246  2241.51   611.29   0.50         1.7    7.87   2.53E+001 
   41  2376- 2385  2380.45   649.20   0.27         5.0    6.49   1.50E+001 
 M 42  2430- 2452  2435.15   664.12   0.38        -1.0    8.30   1.26E+001 
Peak Analysis Report             6/29/2018   1:28:14 PM            Page 12


   Peak  ROI  ROI    Peak    Energy   FWHM  Net Peak  Net Area  Continuum 
    No. start end  centroid   (keV)   (keV)  Area     Uncert.    Counts 

 m 43  2430- 2452  2447.04   667.36   0.38        -0.7    6.10   1.29E+001 
   44  2465- 2488  2478.26   675.88   1.57       914.3   32.36   3.17E+001 
   45  2502- 2512  2506.91   683.70   0.57         4.6    7.33   2.04E+001 
   46  2616- 2625  2620.76   714.76   0.64         2.4    5.24   8.59E+000 
   47  2725- 2734  2729.36   744.39   0.32         1.7    5.05   9.27E+000 
   48  2793- 2802  2797.61   763.01   0.27        -0.7    5.38   1.27E+001 
   49  3009- 3030  3019.17   823.45   1.56       270.7   18.07   1.43E+001 
   50  3980- 3999  3988.14  1087.81   1.57       190.7   14.09   2.35E+000 
   51  5353- 5365  5359.99  1462.09   0.74        23.4    5.26   1.61E+000 

M = First peak in a multiplet region
m = Other peak in a multiplet region
F = Fitted singlet

Errors quoted at  1.000 sigma
Peak Analysis Report                    6/29/2018   1:28:14 PM          Page 13


*******************************************************************************
*****  S T A N D A R D   V M S   P E A K   A N A L Y S I S   R E P O R T  *****
*******************************************************************************

        Configuration Title:                                         
        Spectrum Title:              Sample title.            
        Peak Analysis Performed on:  6/29/18   1:28:13 PM
        Peak Analysis From Channel:      1    To Channel:     8192
        Peak Search Sensitivity:      2.50    Gaussian Sensitivity:  1.00
        Max Iterations: 15  Fit Singlets: No  Critical Level Test: No 
        Use Fixed FWHM: No  FWHM Reject:  No  FWHM Reject Ratio:  0.00 
        Peak Fit Engine Name: PANOLIN1        Continuum Type: STEP   

   Pk IT  Energy      Area   Bkgnd  FWHM Channel  Left  PW  Cts/Sec  %err   Fit

    1  0    41.06      -58    2205  0.27  151.44   148   7-9.7E-001 -110.   0.0
    2  0    56.06      -28    2873  0.28  206.41   200  10-4.6E-001 -292.   0.0
 M  3 13    65.73       95    3748  1.18  241.83   237  30 1.6E+000  61.2   1.1
 m  4 13    67.11     1189    4359  1.19  246.90   237  30 2.0E+001   5.6   1.1
 m  5 13    68.87     3117    4332  1.19  253.35   237  30 5.2E+001   2.6   1.1
 m  6 13    70.79     1704    4299  1.19  260.41   237  30 2.8E+001   3.9   1.1
    7  0    74.01     -411    4339  0.27  272.18   267  13-6.9E+000 -25.5   0.0
    8  0    77.85      218    3743  0.79  286.28   281  10 3.6E+000  43.1   0.0
    9  0    80.10      548    4063  0.89  294.50   291  12 9.1E+000  19.0   0.0
   10  0   126.61      -38    4483  0.27  465.00   459  17-6.3E-001 -311.   0.0
   11  0   155.57      -60    3533  0.27  571.14   568  12-1.0E+000 -155.   0.0
   12  0   165.99        8    2618  0.60  609.34   606   8 1.3E-001 918.4   0.0
   13  0   168.36      -19    3236  0.31  618.01   615  10-3.1E-001 -454.   0.0
   14  0   178.81      125    4406  0.49  656.31   647  14 2.1E+000  88.9   0.0
   15  0   184.33        3    3686  0.30  676.55   671  12 4.6E-002 3496.   0.0
   16  0   186.96       47    2778  0.95  686.20   683   9 7.9E-001 164.5   0.0
   17  0   189.48       18    2525  0.45  695.43   692   8 3.0E-001 391.5   0.0
   18  0   222.38        4    3771  0.39  816.03   813  11 7.4E-002 2130.   0.0
   19  0   225.51       73    3372  0.27  827.51   824  10 1.2E+000 120.2   0.0
   20  0   251.22      389    6906  0.47  921.72   918  21 6.5E+000  41.1   0.0
   21  0   301.97      -17    1317  0.42 1107.76  1104  13-2.9E-001 -340.   0.0
   22  0   340.24       -1     756  0.52 1248.03  1243  10-9.4E-003 -7307   0.0
   23  0   343.01       22     733  0.28 1258.18  1253  10 3.6E-001 187.5   0.0
   24  0   360.35      -31    1230  0.42 1321.73  1315  17-5.2E-001 -197.   0.0
   25  0   378.15       41     545  0.51 1386.96  1383   8 6.8E-001  83.2   0.0
   26  0   411.68   185317    2455  1.43 1509.89  1488  40 3.1E+003   0.2   0.0
   27  0   425.55       42     327  0.27 1560.72  1557  12 7.0E-001  69.8   0.0
   28  0   432.64        4     274  0.41 1586.71  1576  15 6.8E-002 690.5   0.0
   29  0   451.19        5      77  0.38 1654.70  1650   9 8.7E-002 252.3   0.0
   30  0   463.95        8      48  0.55 1701.47  1698   8 1.3E-001 134.3   0.0
   31  0   471.28       24      82  0.27 1728.34  1719  14 4.0E-001  66.5   0.0
   32  0   481.20       32     122  0.69 1764.68  1754  16 5.3E-001  63.2   0.0
   33  0   488.79       19      64  0.29 1792.52  1788  12 3.2E-001  70.4   0.0
   34  0   523.10        0      32  1.62 1918.26  1914  10 6.6E-003 2192.   0.0
   35  0   526.83       -0      35  0.28 1931.95  1927  10-2.7E-003 -5670   0.0
   36  0   531.75        6      33  0.27 1949.96  1944  11 1.1E-001 144.4   0.0
   37  0   573.32        7      21  0.37 2102.34  2098  10 1.1E-001 113.1   0.0
   38  0   593.63        7      22  0.31 2176.78  2172  12 1.2E-001 107.5   0.0
Peak Analysis Report                    6/29/2018   1:28:14 PM          Page 14


   Pk IT  Energy      Area   Bkgnd  FWHM Channel  Left  PW  Cts/Sec  %err   Fit

   39  0   601.09      -12      32  0.27 2204.12  2200  10-2.0E-001 -65.7   0.0
   40  0   611.29        2      25  0.50 2241.51  2237  10 2.9E-002 456.9   0.0
   41  0   649.20        5      15  0.27 2380.45  2376  10 8.3E-002 129.8   0.0
 M 42 32   664.12       -1      13  0.38 2435.15  2430  23-1.6E-002 -860.   1.4
 m 43 32   667.36       -1      13  0.38 2447.04  2430  23-1.2E-002 -861.   1.4
   44  0   675.88      914      32  1.57 2478.26  2465  24 1.5E+001   3.5   0.0
   45  0   683.70        5      20  0.57 2506.91  2502  11 7.7E-002 159.3   0.0
   46  0   714.76        2       9  0.64 2620.76  2616  10 4.0E-002 217.6   0.0
   47  0   744.39        2       9  0.32 2729.36  2725  10 2.9E-002 292.3   0.0
   48  0   763.01       -1      13  0.27 2797.61  2793  10-1.2E-002 -760.   0.0
   49  0   823.45      271      14  1.56 3019.17  3009  22 4.5E+000   6.7   0.0
   50  0  1087.81      191       2  1.57 3988.14  3980  20 3.2E+000   7.4   0.0
   51  0  1462.09       23       2  0.74 5359.99  5353  13 3.9E-001  22.5   0.0

M = First peak in a multiplet region
m = Other peak in a multiplet region
F = Fitted singlet

Errors quoted at  1.000 sigma
Peak Analysis Report             6/29/2018   1:28:14 PM            Page 15


**************************************************************************
*****           P E A K    A N A L Y S I S    R E P O R T            *****
**************************************************************************


     Detector Name:  DSA1000A                        
     Sample Title:   Sample title.                                     
     Peak Analysis Performed on:  6/29/2018   1:28:13 PM
               Peak Analysis From Channel:      1
               Peak Analysis To Channel:     8192

   Peak  ROI  ROI   Energy   Net Peak Net Area  Continuum  Critical 
    No. start end    (keV)     Area    Uncert.    Counts     Level

    1   148-  154    41.06       -58.2   64.17   2.21E+003  1.06E+002 
    2   200-  209    56.06       -27.5   80.53   2.87E+003  1.33E+002 
 M  3   237-  266    65.73        95.3   58.33   3.75E+003  1.42E+002 
 m  4   237-  266    67.11      1188.8   66.79   4.36E+003  1.54E+002 
 m  5   237-  266    68.87      3116.6   80.48   4.33E+003  1.53E+002 
 m  6   237-  266    70.79      1703.9   66.79   4.30E+003  1.53E+002 
    7   267-  279    74.01      -411.4  104.93   4.34E+003  1.76E+002 
    8   281-  290    77.85       218.2   94.12   3.74E+003  1.53E+002 
    9   291-  302    80.10       547.9  104.37   4.06E+003  1.67E+002 
   10   459-  475   126.61       -38.0  118.33   4.48E+003  1.95E+002 
   11   568-  579   155.57       -60.4   94.21   3.53E+003  1.56E+002 
   12   606-  613   165.99         7.9   72.72   2.62E+003  1.20E+002 
   13   615-  624   168.36       -18.8   85.52   3.24E+003  1.41E+002 
   14   647-  660   178.81       124.6  110.77   4.41E+003  1.81E+002 
   15   671-  682   184.33         2.8   96.30   3.69E+003  1.58E+002 
   16   683-  691   186.96        47.1   77.48   2.78E+003  1.27E+002 
   17   692-  699   189.48        18.3   71.47   2.52E+003  1.17E+002 
   18   813-  823   222.38         4.5   94.97   3.77E+003  1.56E+002 
   19   824-  833   225.51        73.0   87.81   3.37E+003  1.44E+002 
   20   918-  938   251.22       389.0  160.00   6.91E+003  2.61E+002 
   21  1104- 1116   301.97       -17.3   58.84   1.32E+003  9.70E+001 
   22  1243- 1252   340.24        -0.6   41.40   7.56E+002  6.81E+001 
   23  1253- 1262   343.01        21.9   40.98   7.33E+002  6.70E+001 
   24  1315- 1331   360.35       -31.3   61.80   1.23E+003  1.02E+002 
   25  1383- 1390   378.15        40.6   33.76   5.45E+002  5.45E+001 
   26  1488- 1527   411.68    185317.2  447.60   2.45E+003  2.02E+002 
   27  1557- 1568   425.55        42.2   29.48   3.27E+002  4.73E+001 
   28  1576- 1590   432.64         4.1   28.33   2.74E+002  4.65E+001 
   29  1650- 1658   451.19         5.2   13.21   7.68E+001  2.14E+001 
   30  1698- 1705   463.95         7.7   10.32   4.83E+001  1.63E+001 
   31  1719- 1732   471.28        23.8   15.81   8.22E+001  2.47E+001 
   32  1754- 1769   481.20        32.0   20.20   1.22E+002  3.19E+001 
   33  1788- 1799   488.79        19.1   13.41   6.39E+001  2.09E+001 
   34  1914- 1923   523.10         0.4    8.74   3.16E+001  1.43E+001 
   35  1927- 1936   526.83        -0.2    9.32   3.52E+001  1.53E+001 
   36  1944- 1954   531.75         6.4    9.19   3.26E+001  1.45E+001 
   37  2098- 2107   573.32         6.7    7.55   2.13E+001  1.17E+001 
   38  2172- 2183   593.63         7.4    8.01   2.16E+001  1.24E+001 
   39  2200- 2209   601.09       -12.0    7.85   3.20E+001  1.41E+001 
   40  2237- 2246   611.29         1.7    7.87   2.53E+001  1.28E+001 
   41  2376- 2385   649.20         5.0    6.49   1.50E+001  1.00E+001 
 M 42  2430- 2452   664.12        -1.0    8.30   1.26E+001  8.26E+000 
Peak Analysis Report             6/29/2018   1:28:14 PM            Page 16


   Peak  ROI  ROI   Energy   Net Peak Net Area  Continuum  Critical 
    No. start end    (keV)     Area    Uncert.    Counts     Level

 m 43  2430- 2452   667.36        -0.7    6.10   1.29E+001  8.34E+000 
   44  2465- 2488   675.88       914.3   32.36   3.17E+001  1.90E+001 
   45  2502- 2512   683.70         4.6    7.33   2.04E+001  1.15E+001 
   46  2616- 2625   714.76         2.4    5.24   8.59E+000  8.24E+000 
   47  2725- 2734   744.39         1.7    5.05   9.27E+000  8.02E+000 
   48  2793- 2802   763.01        -0.7    5.38   1.27E+001  8.96E+000 
   49  3009- 3030   823.45       270.7   18.07   1.43E+001  1.23E+001 
   50  3980- 3999  1087.81       190.7   14.09   2.35E+000  4.62E+000 
   51  5353- 5365  1462.09        23.4    5.26   1.61E+000  3.42E+000 

M = First peak in a multiplet region
m = Other peak in a multiplet region
F = Fitted singlet

Errors quoted at  1.000 sigma
Peak with NID Report             6/29/2018   1:28:14 PM            Page 17


**************************************************************************
*****           P E A K    W I T H   N I D    R E P O R T            *****
**************************************************************************


     Detector Name:  DSA1000A                        
     Sample Title:   Sample title.                                     
     Peak Analysis Performed on:  6/29/2018   1:28:13 PM
               Peak Analysis From Channel:      1
               Peak Analysis To Channel:     8192
     Tentative NID Library:   C:\GENIE2K\CAMFILES\NAA LIB LONG.NLB     
     Peak Match Tolerance :    3.000 keV

   Peak  ROI  ROI    Peak    Energy   Net Peak Net Area  Continuum  Tentative
    No. Start End  Centroid   (keV)     Area    Uncert.    Counts    Nuclide 

    1   148-  154   151.44    41.06 -5.82E+001   64.17   2.21E+003   .....    
    2   200-  209   206.41    56.06 -2.75E+001   80.53   2.87E+003   .....    
 M  3   237-  266   241.83    65.73  9.53E+001   58.33   3.75E+003   .....    
 m  4   237-  266   246.90    67.11  1.19E+003   66.79   4.36E+003   W-187    
 m  5   237-  266   253.35    68.87  3.12E+003   80.48   4.33E+003   W-187    
 m  6   237-  266   260.41    70.79  1.70E+003   66.79   4.30E+003   W-187    
                                                                     W-187    
    7   267-  279   272.18    74.01 -4.11E+002  104.93   4.34E+003   W-187    
    8   281-  290   286.28    77.85  2.18E+002   94.12   3.74E+003   AG-108m  
    9   291-  302   294.50    80.10  5.48E+002  104.37   4.06E+003   AG-108m  
   10   459-  475   465.00   126.61 -3.80E+001  118.33   4.48E+003   LU-177x  
                                                                     BA-131   
                                                                     OS-191   
   11   568-  579   571.14   155.57 -6.04E+001   94.21   3.53E+003   RE-188   
                                                                     LU-177x  
   12   606-  613   609.34   165.99  7.92E+000   72.72   2.62E+003   CE-139   
                                                                     PM-151   
   13   615-  624   618.01   168.36 -1.88E+001   85.52   3.24E+003   PM-151   
                                                                     CE-139   
   14   647-  660   656.31   178.81  1.25E+002  110.77   4.41E+003   AU-198m  
                                                                     YB-169   
                                                                     MO-99    
                                                                     SB-125   
   15   671-  682   676.55   184.33  2.75E+000   96.30   3.69E+003   HO-166   
   16   683-  691   686.20   186.96  4.71E+001   77.48   2.78E+003   XE-125   
                                                                     HO-166   
   17   692-  699   695.43   189.48  1.83E+001   71.47   2.52E+003   IN-114m  
                                                                     XE-125   
   18   813-  823   816.03   222.38  4.46E+000   94.97   3.77E+003   TA-182   
   19   824-  833   827.51   225.51  7.30E+001   87.81   3.37E+003   LU-177x  
   20   918-  938   921.72   251.22  3.89E+002  160.00   6.91E+003   LU-177x  
   21  1104- 1116  1107.76   301.97 -1.73E+001   58.84   1.32E+003   BA-133   
                                                                     BI-210   
                                                                     BI-210x  
   22  1243- 1252  1248.03   340.24 -5.67E-001   41.40   7.56E+002   PM-151   
   23  1253- 1262  1258.18   343.01  2.19E+001   40.98   7.33E+002   HF-175   
                                                                     EU-152x  
                                                                     HF-181   
                                                                     PM-151   
   24  1315- 1331  1321.73   360.35 -3.13E+001   61.80   1.23E+003   .....    
   25  1383- 1390  1386.96   378.15  4.06E+001   33.76   5.45E+002   LU-177x  
Peak with NID Report             6/29/2018   1:28:14 PM            Page 18

   26  1488- 1527  1509.89   411.68  1.85E+005  447.60   2.45E+003   AU-198   
                                                                     HO-166   
                                                                     LU-177x  
   27  1557- 1568  1560.72   425.55  4.22E+001   29.48   3.27E+002   SB-125   
   28  1576- 1590  1586.71   432.64  4.10E+000   28.33   2.74E+002   AG-108m  
   29  1650- 1658  1654.70   451.19  5.23E+000   13.21   7.68E+001   PA-232   
   30  1698- 1705  1701.47   463.95  7.68E+000   10.32   4.83E+001   SB-125   
   31  1719- 1732  1728.34   471.28  2.38E+001   15.81   8.22E+001   .....    
   32  1754- 1769  1764.68   481.20  3.20E+001   20.20   1.22E+002   HF-181   
                                                                     W-187    
   33  1788- 1799  1792.52   488.79  1.91E+001   13.41   6.39E+001   Ca-47    
                                                                     LA-140   
   34  1914- 1923  1918.26   523.10  3.98E-001    8.74   3.16E+001   .....    
   35  1927- 1936  1931.95   526.83 -1.64E-001    9.32   3.52E+001   CD-115   
                                                                     HO-166   
   36  1944- 1954  1949.96   531.75  6.37E+000    9.19   3.26E+001   ND-147   
                                                                     HO-166   
   37  2098- 2107  2102.34   573.32  6.68E+000    7.55   2.13E+001   TE-121   
                                                                     HO-166   
   38  2172- 2183  2176.78   593.63  7.45E+000    8.01   2.16E+001   .....    
Peak with NID Report             6/29/2018   1:28:14 PM            Page 19


   Peak  ROI  ROI    Peak    Energy   Net Peak Net Area  Continuum  Tentative
    No. start end  centroid   (keV)     Area    Uncert.    Counts    Nuclide 

   39  2200- 2209  2204.12   601.09 -1.20E+001    7.85   3.20E+001   GA-72    
                                                                     SB-125   
                                                                     SB-124   
   40  2237- 2246  2241.51   611.29  1.72E+000    7.87   2.53E+001   RU-103   
                                                                     IR-192   
                                                                     AG-108m  
   41  2376- 2385  2380.45   649.20  5.00E+000    6.49   1.50E+001   .....    
 M 42  2430- 2452  2435.15   664.12 -9.65E-001    8.30   1.26E+001   CE-143   
 m 43  2430- 2452  2447.04   667.36 -7.09E-001    6.10   1.29E+001   CE-143   
   44  2465- 2488  2478.26   675.88  9.14E+002   32.36   3.17E+001   AG-110m  
   45  2502- 2512  2506.91   683.70  4.60E+000    7.33   2.04E+001   W-187    
   46  2616- 2625  2620.76   714.76  2.41E+000    5.24   8.59E+000   GE-77    
   47  2725- 2734  2729.36   744.39  1.73E+000    5.05   9.27E+000   AG-110m  
                                                                     ZR-97    
   48  2793- 2802  2797.61   763.01 -7.08E-001    5.38   1.27E+001   AG-110m  
   49  3009- 3030  3019.17   823.45  2.71E+002   18.07   1.43E+001   .....    
   50  3980- 3999  3988.14  1087.81  1.91E+002   14.09   2.35E+000   EU-152x  
                                                                     GE-77    
   51  5353- 5365  5359.99  1462.09  2.34E+001    5.26   1.61E+000   .....    

M = First peak in a multiplet region
m = Other peak in a multiplet region
F = Fitted singlet

Errors quoted at  1.000 sigma
Peak Efficiency Report             6/29/2018   1:28:14 PM          Page 20


**************************************************************************
*****         P E A K    E F F I C I E N C Y    R E P O R T          *****
**************************************************************************

     Detector Name:  DSA1000A                        
     Sample Title:   Sample title.                                     
     Peak Analysis Performed on:  6/29/2018   1:28:13 PM


 Peak  Energy   Net Peak  Net Area       Peak     Efficiency
 No.   (keV)      Area   Uncertainty  Efficiency  Uncertainty

    1    41.06 -5.82E+001    64.17     2.39E-002    2.06E-003
    2    56.06 -2.75E+001    80.53     2.39E-002    2.06E-003
 M  3    65.73  9.53E+001    58.33     3.18E-002    1.13E-003
 m  4    67.11  1.19E+003    66.79     3.39E-002    9.86E-004
 m  5    68.87  3.12E+003    80.48     3.68E-002    8.32E-004
 m  6    70.79  1.70E+003    66.79     4.01E-002    6.94E-004
    7    74.01 -4.11E+002   104.93     4.60E-002    5.19E-004
    8    77.85  2.18E+002    94.12     5.39E-002    3.72E-004
    9    80.10  5.48E+002   104.37     5.90E-002    3.09E-004
   10   126.61 -3.80E+001   118.33     9.30E-002    3.35E-004
   11   155.57 -6.04E+001    94.21     9.33E-002    4.82E-004
   12   165.99  7.92E+000    72.72     9.34E-002    5.40E-004
   13   168.36 -1.88E+001    85.52     9.34E-002    5.54E-004
   14   178.81  1.25E+002   110.77     9.25E-002    5.91E-004
   15   184.33  2.75E+000    96.30     9.04E-002    5.71E-004
   16   186.96  4.71E+001    77.48     8.94E-002    5.62E-004
   17   189.48  1.83E+001    71.47     8.85E-002    5.54E-004
   18   222.38  4.46E+000    94.97     7.84E-002    4.62E-004
   19   225.51  7.30E+001    87.81     7.76E-002    4.55E-004
   20   251.22  3.89E+002   160.00     7.15E-002    4.03E-004
   21   301.97 -1.73E+001    58.84     6.21E-002    3.27E-004
   22   340.24 -5.67E-001    41.40     5.68E-002    2.86E-004
   23   343.01  2.19E+001    40.98     5.64E-002    2.83E-004
   24   360.35 -3.13E+001    61.80     5.43E-002    2.68E-004
   25   378.15  4.06E+001    33.76     5.24E-002    2.54E-004
   26   411.68  1.85E+005   447.60     4.91E-002    2.31E-004
   27   425.55  4.22E+001    29.48     4.79E-002    2.22E-004
   28   432.64  4.10E+000    28.33     4.72E-002    2.21E-004
   29   451.19  5.23E+000    13.21     4.55E-002    2.21E-004
   30   463.95  7.68E+000    10.32     4.43E-002    2.21E-004
   31   471.28  2.38E+001    15.81     4.37E-002    2.21E-004
   32   481.20  3.20E+001    20.20     4.29E-002    2.21E-004
   33   488.79  1.91E+001    13.41     4.23E-002    2.21E-004
   34   523.10  3.98E-001     8.74     3.98E-002    2.22E-004
   35   526.83 -1.64E-001     9.32     3.95E-002    2.22E-004
   36   531.75  6.37E+000     9.19     3.92E-002    2.22E-004
   37   573.32  6.68E+000     7.55     3.66E-002    2.22E-004
   38   593.63  7.45E+000     8.01     3.55E-002    2.22E-004
   39   601.09 -1.20E+001     7.85     3.51E-002    2.22E-004
   40   611.29  1.72E+000     7.87     3.46E-002    2.21E-004
   41   649.20  5.00E+000     6.49     3.28E-002    2.17E-004
 M 42   664.12 -9.65E-001     8.30     3.22E-002    2.15E-004
Peak Efficiency Report             6/29/2018   1:28:14 PM          Page 21


 Peak  Energy   Net Peak  Net Area       Peak     Efficiency
 No.   (keV)      Area   Uncertainty  Efficiency  Uncertainty

 m 43   667.36 -7.09E-001     6.10     3.20E-002    2.15E-004
   44   675.88  9.14E+002    32.36     3.17E-002    2.14E-004
   45   683.70  4.60E+000     7.33     3.14E-002    2.13E-004
   46   714.76  2.41E+000     5.24     3.02E-002    2.10E-004
   47   744.39  1.73E+000     5.05     2.91E-002    2.07E-004
   48   763.01 -7.08E-001     5.38     2.85E-002    2.06E-004
   49   823.45  2.71E+002    18.07     2.67E-002    2.00E-004
   50  1087.81  1.91E+002    14.09     2.02E-002    7.01E-005
   51  1462.09  2.34E+001     5.26     1.69E-002    4.80E-005


M = First peak in a multiplet region
m = Other peak in a multiplet region
F = Fitted singlet

Errors quoted at  1.000 sigma
Background Subtract Report             6/29/2018   1:28:14 PM      Page 22

No background subtract performed on this spectrum.
No area correction performed on this spectrum.
Nuclide Identification Report        6/29/2018   1:28:14 PM        Page 23


*************************************************************************
*****   N U C L I D E   I D E N T I F I C A T I O N   R E P O R T   *****
*************************************************************************

     Sample Title:         Sample title.                           
     Nuclide Library Used: C:\GENIE2K\CAMFILES\NAA LIB LONG.NLB    

   ....................    IDENTIFIED NUCLIDES     ....................

   Nuclide    Id       Energy   Yield     Activity     Activity
   Name    Confidence  (keV)     (%)     (uCi/Unit)   Uncertainty

   ZR-97     0.882    507.66     5.30
                      743.33*   94.80    2.818E-005   8.237E-005
   MO-99     0.122    181.06*    6.08    9.977E-003   8.874E-003
                      739.58    12.13
   AG-108m   0.471     79.13*    6.60    6.344E-002   1.301E-002
                      433.94*   90.50    4.325E-005   2.986E-004
                      614.28*   89.80    2.497E-005   1.141E-004
                      722.94    90.80
   IN-114m   0.592    190.27*   14.74    6.301E-004   2.467E-003
                      558.43     4.00
                      725.24     4.00
   TE-121    0.697    507.59    17.70
                      573.14*   80.30    1.023E-004   1.157E-004
   SB-125    0.672    176.33*    6.79    8.933E-003   7.944E-003
                      427.89*   29.40    1.351E-003   9.433E-004
                      463.38*   10.45    7.470E-004   1.003E-003
                      600.56*   17.78   -8.624E-004   5.663E-004
                      606.64     5.02
                      635.90    11.32
   XE-125    0.471    188.43*   54.90    1.692E-004   6.626E-004
                      243.40    28.80
   CE-139    1.000    165.85*   79.89    4.779E-005   4.389E-004
   HO-166    0.139    184.41*   72.00    1.906E-005   6.664E-004
                      280.45    29.50
                      410.93*   11.20    1.518E+001   5.480E-001
                      529.80*    9.60    7.618E-004   1.100E-003
                      570.98*    5.46    1.504E-003   1.701E-003
                      670.49     5.44
                      711.68    54.70
                      752.27    12.20
                      810.28    57.50
                      830.57     9.70
   HF-175    0.997    343.40*   86.86    2.009E-004   3.768E-004
   HF-181    0.294    133.02    43.30
                      136.26     5.85
                      345.93*   15.12    1.154E-003   2.164E-003
                      482.18*   80.50    4.168E-004   2.636E-004
   W-187     0.352     59.72     7.20
                       61.14    12.50
                       69.30*    5.36    7.125E-001   3.813E-002
                       72.00*   11.10    1.726E-001   9.661E-003
                      134.25     8.80
Nuclide Identification Report        6/29/2018   1:28:14 PM        Page 24


   Nuclide    Id       Energy   Yield    Activity     Activity
   Name    Confidence  (keV)     (%)    (uCi/Unit)   Uncertainty

   W-187     0.352    479.55*   21.80    1.540E-003   9.751E-004
                      551.52     5.08
                      618.26     6.28
                      685.73*   27.30    2.420E-004   3.856E-004
   RE-188    0.995    155.03*   14.90   -1.958E-003   3.054E-003
   OS-191    0.868    129.43*   25.70   -7.162E-004   2.231E-003
   AU-198    1.000    411.80*   95.58    1.779E+000   9.652E-003

       * = Energy line found in the spectrum.
       Energy Tolerance :    3.000 keV
       Nuclide confidence index threshold =   0.05
       Errors quoted at  1.000 sigma

Nuclide Identification Report        6/29/2018   1:28:14 PM        Page 25


   **********   U N I D E N T I F I E D   P E A K S   **********

               Peak Locate Performed on:  6/29/2018   1:28:13 PM
               Peak Locate From Channel:      1
               Peak Locate To Channel:    65535

       Peak   Energy           Peak Size in        Peak CPS
        No.   (keV)          Counts per Second   % Uncertainty

         1    41.06            -9.7065E-001        -110.18
         2    56.06            -4.5905E-001        -292.37
      M  3    65.73             1.5885E+000          61.20
      m  4    67.11             1.9814E+001           5.62
         7    74.01            -6.8574E+000         -25.50
         8    77.85             3.6362E+000          43.14
        13   168.36            -3.1396E-001        -453.97
        16   186.96             7.8513E-001         164.48
        18   222.38             7.4284E-002        2130.73
        19   225.51             1.2171E+000         120.24
        20   251.22             6.4840E+000          41.13
        21   301.97            -2.8840E-001        -340.04
        22   340.24            -9.4421E-003        -7307.7
        24   360.35            -5.2117E-001        -197.64
        25   378.15             6.7637E-001          83.18
        29   451.19             8.7246E-002         252.29
        31   471.28             3.9595E-001          66.55
        33   488.79             3.1767E-001          70.37
        34   523.10             6.6406E-003        2192.79
        35   526.83            -2.7381E-003        -5670.5
        38   593.63             1.2414E-001         107.51
        41   649.20             8.3333E-002         129.81
      M 42   664.12            -1.6076E-002        -860.92
      m 43   667.36            -1.1808E-002        -861.07
        44   675.88             1.5239E+001           3.54
        46   714.76             4.0152E-002         217.58
        48   763.01            -1.1806E-002        -759.98
        49   823.45             4.5110E+000           6.68
        50  1087.81             3.1776E+000           7.39
        51  1462.09             3.8983E-001          22.51

       M = First peak in a multiplet region
       m = Other peak in a multiplet region
       F = Fitted singlet

       Errors quoted at  1.000 sigma
Interference Corrected Activity Report    6/29/2018   1:28:14 PM   Page 26


*************************************************************************
*****   N U C L I D E   I D E N T I F I C A T I O N   R E P O R T   *****
*************************************************************************

     Sample Title:         Sample title.                           
     Nuclide Library Used: C:\GENIE2K\CAMFILES\NAA LIB LONG.NLB    

   ....................    IDENTIFIED NUCLIDES     ....................

   Nuclide    Id       Energy    Yield     Activity     Activity
   Name    Confidence  (keV)      (%)     (uCi/Unit)   Uncertainty

   ZR-97     0.882    507.66      5.30
                      743.33*    94.80   2.81844E-005  8.23710E-005
   MO-99     0.122    181.06*     6.08   9.97699E-003  8.87404E-003
                      739.58     12.13
   AG-108m   0.471     79.13*     6.60   6.34380E-002  1.30086E-002
                      433.94*    90.50   4.32492E-005  2.98644E-004
                      614.28*    89.80   2.49719E-005  1.14098E-004
                      722.94     90.80
   IN-114m   0.592    190.27*    14.74   6.30107E-004  2.46690E-003
                      558.43      4.00
                      725.24      4.00
   TE-121    0.697    507.59     17.70
                      573.14*    80.30   1.02267E-004  1.15682E-004
   SB-125    0.672    176.33*     6.79   8.93286E-003  7.94358E-003
                      427.89*    29.40   1.35083E-003  9.43270E-004
                      463.38*    10.45   7.47032E-004  1.00329E-003
                      600.56*    17.78  -8.62379E-004  5.66303E-004
                      606.64      5.02
                      635.90     11.32
   XE-125    0.471    188.43*    54.90   1.69240E-004  6.62590E-004
                      243.40     28.80
   CE-139    1.000    165.85*    79.89   4.77902E-005  4.38903E-004
   HO-166    0.139    184.41*    72.00   1.90626E-005  6.66429E-004
                      280.45     29.50
                      410.93*    11.20   1.51781E+001  5.47964E-001
                      529.80*     9.60   7.61820E-004  1.10017E-003
                      570.98*     5.46   1.50402E-003  1.70124E-003
                      670.49      5.44
                      711.68     54.70
                      752.27     12.20
                      810.28     57.50
                      830.57      9.70
   HF-175    0.997    343.40*    86.86   2.00890E-004  3.76753E-004
   HF-181    0.294    133.02     43.30
                      136.26      5.85
                      345.93*    15.12   1.15406E-003  2.16436E-003
                      482.18*    80.50   4.16817E-004  2.63565E-004
   W-187     0.352     59.72      7.20
                       61.14     12.50
                       69.30*     5.36   7.12483E-001  3.81268E-002
                       72.00*    11.10   1.72557E-001  9.66144E-003
                      134.25      8.80
Interference Corrected Activity Report    6/29/2018   1:28:14 PM   Page 27


   Nuclide    Id       Energy    Yield    Activity     Activity
   Name    Confidence  (keV)      (%)    (uCi/Unit)   Uncertainty

   W-187     0.352    479.55*    21.80   1.53957E-003  9.75107E-004
                      551.52      5.08
                      618.26      6.28
                      685.73*    27.30   2.41977E-004  3.85632E-004
   RE-188    0.995    155.03*    14.90  -1.95782E-003  3.05388E-003
   OS-191    0.868    129.43*    25.70  -7.16166E-004  2.23071E-003
   AU-198    1.000    411.80*    95.58   1.77873E+000  9.65241E-003

       * = Energy line found in the spectrum.
       @ = Energy line not used for Weighted Mean Activity
       Energy Tolerance :    3.000 keV
       Nuclide confidence index threshold =   0.05
       Errors quoted at  1.000 sigma

Interference Corrected Activity Report    6/29/2018   1:28:14 PM   Page 28


*************************************************************************
*****   I N T E R F E R E N C E   C O R R E C T E D   R E P O R T   *****
*************************************************************************


                 Nuclide       Wt mean         Wt mean
       Nuclide     Id          Activity        Activity
       Name     Confidence    (uCi/Unit)      Uncertainty

       ZR-97      0.882      2.818439E-005   8.237102E-005
       MO-99      0.122      8.784655E-003   8.904615E-003
       AG-108m    0.471      3.155642E-005   1.065802E-004
    ?  IN-114m    0.592      6.301069E-004   2.466899E-003
       TE-121     0.697      8.740911E-005   1.219602E-004
    X  SB-124     0.405
       SB-125     0.672      1.067551E-003   6.871834E-004
    ?  XE-125     0.471      1.692401E-004   6.625897E-004
       CE-139     1.000      4.779019E-005   4.389028E-004
    X  PM-151     0.707
       HO-166     0.139      2.185143E-004   5.699702E-004
       HF-175     0.997      1.700598E-004   3.799692E-004
       HF-181     0.294      1.771126E-004   2.834112E-004
       W-187      0.352      8.853826E-004   3.849594E-004
       RE-188     0.995     -1.957824E-003   3.053881E-003
       OS-191     0.868     -7.161656E-004   2.230706E-003
       AU-198     1.000      1.778709E+000   9.390760E-003

       ? = nuclide is part of an undetermined solution
       X = nuclide rejected by the interference analysis
       @ = nuclide contains energy lines not used in Weighted Mean Activity

       Errors quoted at  1.000 sigma

Interference Corrected Activity Report    6/29/2018   1:28:14 PM   Page 29


   **********   U N I D E N T I F I E D   P E A K S   **********

               Peak Locate Performed on:  6/29/2018   1:28:13 PM
               Peak Locate From Channel:      1
               Peak Locate To Channel:    65535

       Peak   Energy           Peak Size in        Peak CPS
        No.   (keV)          Counts per Second   % Uncertainty

         1    41.06            -9.7065E-001        -110.18
         2    56.06            -4.5905E-001        -292.37
      M  3    65.73             1.5885E+000          61.20
      m  4    67.11             1.9814E+001           5.62
         7    74.01            -6.8574E+000         -25.50
         8    77.85             3.6362E+000          43.14
        13   168.36            -3.1396E-001        -453.97
        16   186.96             7.8513E-001         164.48
        18   222.38             7.4284E-002        2130.73
        19   225.51             1.2171E+000         120.24
        20   251.22             6.4840E+000          41.13
        21   301.97            -2.8840E-001        -340.04
        22   340.24            -9.4421E-003        -7307.7
        24   360.35            -5.2117E-001        -197.64
        25   378.15             6.7637E-001          83.18
        29   451.19             8.7246E-002         252.29
        31   471.28             3.9595E-001          66.55
        33   488.79             3.1767E-001          70.37
        34   523.10             6.6406E-003        2192.79
        35   526.83            -2.7381E-003        -5670.5
        38   593.63             1.2414E-001         107.51
        41   649.20             8.3333E-002         129.81
      M 42   664.12            -1.6076E-002        -860.92
      m 43   667.36            -1.1808E-002        -861.07
        44   675.88             1.5239E+001           3.54
        46   714.76             4.0152E-002         217.58
        48   763.01            -1.1806E-002        -759.98
        49   823.45             4.5110E+000           6.68
        50  1087.81             3.1776E+000           7.39
        51  1462.09             3.8983E-001          22.51

       M = First peak in a multiplet region
       m = Other peak in a multiplet region
       F = Fitted singlet

       Errors quoted at  1.000 sigma
Nuclide MDA Report                      6/29/2018   1:28:15 PM     Page 30


No MDA analysis results available for reporting purposes
Nuclide MDA Report                      6/29/2018   1:28:15 PM     Page 31


No MDA analysis results available for reporting purposes
Action Level Summary Report             6/29/2018   1:28:15 PM     Page 32


No Action Level results available for reporting purposes
Auto Gain Adjust                     6/29/2018   1:28:15 PM       Page 33


*************************************************************************
*****                 A U T O  G A I N   A D J U S T                *****
*************************************************************************

Report Generated On:                               6/29/2018   1:28:15 PM


Status:                                                                 
No AGA results for reporting.


This report is valid only if a Certificate was the source of the true values.


Status:                                                                 
No AGA results for reporting.

