*************************************************************************
*****        G A M M A   S P E C T R U M    A N A L Y S I S         *****
*************************************************************************


Filename: DSA1000A                                                     

Report Generated On             : 6/25/2018   3:58:45 PM

Sample Title                    : Sample title.                          
Sample Description              :                                 
Sample Identification           :                 
Sample Type                     :                 
Sample Geometry                 :                 

Peak Locate Threshold           :  2.50
Peak Locate Range (in channels) :     1 - 65535
Peak Area Range (in channels)   :   100 -  8172
Identification Energy Tolerance :    3.000 keV

Sample Size                     :  1.000E+000 Unit    

Sample Taken On                 :                       
Acquisition Started             : 6/25/2018   3:52:27 PM

Live Time                       :      300.0 seconds
Real Time                       :      336.8 seconds

Dead Time                       :  10.93 %


              Energy Calibration Used Done On       : 6/23/2018 
              Efficiency Calibration Used Done On   : 6/23/2018 
              Efficiency ID                         :                        

Peak Analysis Report             6/25/2018   3:58:45 PM            Page  2


**************************************************************************
*****           P E A K    A N A L Y S I S    R E P O R T            *****
**************************************************************************


     Detector Name:  DSA1000A                        
     Sample Title:   Sample title.                                     
     Peak Analysis Performed on:  6/25/2018   3:58:45 PM
               Peak Analysis From Channel:      1
               Peak Analysis To Channel:     8192

   Peak  ROI  ROI    Peak    Energy   FWHM  Net Peak  Net Area  Continuum 
    No. start end  centroid   (keV)   (keV)  Area     Uncert.    Counts 

    1    33-   46    39.61    10.55   2.43      1669.2  282.37   2.83E+004 
    2    65-   74    68.30    18.38   0.42       688.0  205.80   1.84E+004 
    3   112-  120   114.76    31.06   0.94       -42.5  173.84   1.41E+004 
    4   130-  137   132.66    35.94   0.40        99.4  155.91   1.20E+004 
 M  5   238-  267   244.21    66.37   1.20      1893.3  427.65   1.92E+004 
 m  6   238-  267   247.29    67.21   1.21      4949.0  395.43   2.07E+004 
 m  7   238-  267   253.30    68.85   1.21     15036.5  191.98   2.07E+004 
 m  8   238-  267   260.48    70.81   1.21      9077.5  151.83   2.23E+004 
    9   271-  278   275.27    74.85   0.55       301.5  156.70   1.20E+004 
   10   280-  290   286.37    77.88   0.82       694.5  223.76   2.04E+004 
   11   317-  325   320.21    87.11   0.70       -24.9  157.97   1.17E+004 
   12   419-  426   422.44   115.00   0.33        31.2  143.49   1.02E+004 
   13   430-  437   433.56   118.03   0.28       -59.4  143.14   1.02E+004 
   14   445-  452   448.61   122.14   0.82       100.8  142.83   1.01E+004 
   15   629-  636   632.50   172.31   0.52       129.9  157.26   1.22E+004 
   16   693-  701   696.40   189.74   0.49      -111.5  169.50   1.35E+004 
   17   812-  823   819.06   223.21   0.27      -142.6  223.86   2.00E+004 
   18  1284- 1292  1287.79   351.09   1.05        69.2   83.81   3.25E+003 
   19  1346- 1374  1354.78   369.36   0.27       -78.0  214.16   9.91E+003 
   20  1383- 1392  1387.36   378.25   0.36        76.8   86.49   3.27E+003 
 M 21  1488- 1534  1509.77   411.65   1.49    905406.3  952.34   4.89E+003 
 m 22  1488- 1534  1521.12   414.75   1.49      1213.1   60.75   3.71E+003 
   23  1560- 1570  1565.88   426.96   0.38       152.3   60.71   1.46E+003 
   24  1754- 1771  1762.54   480.61   1.22       199.2   48.07   6.47E+002 
   25  1832- 1841  1836.33   500.74   0.47         8.4   22.45   2.18E+002 
   26  2008- 2018  2012.25   548.74   0.27        -7.1   20.48   1.78E+002 
   27  2018- 2029  2024.19   552.00   0.49       -14.7   22.11   2.00E+002 
   28  2034- 2047  2040.10   556.34   0.27        -6.0   23.96   2.10E+002 
   29  2186- 2197  2192.06   597.80   0.27        12.9   18.73   1.33E+002 
   30  2261- 2275  2270.48   619.19   0.68        27.1   19.55   1.23E+002 
   31  2295- 2309  2302.80   628.01   0.27       -26.3   22.51   1.84E+002 
   32  2424- 2442  2428.48   662.30   0.51         2.8   27.71   2.24E+002 
   33  2465- 2488  2478.05   675.82   1.58      4571.8   73.26   1.99E+002 
   34  2503- 2512  2507.21   683.78   0.27        -8.1   12.97   7.51E+001 
   35  2853- 2866  2861.49   780.43   0.47        18.5   13.32   5.65E+001 
   36  2881- 2894  2886.27   787.20   0.27         1.1   11.60   4.79E+001 
   37  2954- 2963  2958.13   806.80   0.61        12.3    9.06   3.07E+001 
   38  3009- 3030  3019.56   823.56   1.65      1248.0   39.67   8.80E+001 
   39  3039- 3048  3043.92   830.21   0.27        10.0    8.75   2.90E+001 
   40  3056- 3065  3060.48   834.72   0.32        -0.9    9.19   3.39E+001 
   41  3173- 3184  3177.63   866.69   0.27       -23.7   11.25   5.97E+001 
   42  3189- 3208  3203.50   873.74   0.65       -23.8   18.05   9.98E+001 
Peak Analysis Report             6/25/2018   3:58:45 PM            Page  3


   Peak  ROI  ROI    Peak    Energy   FWHM  Net Peak  Net Area  Continuum 
    No. start end  centroid   (keV)   (keV)  Area     Uncert.    Counts 

   43  3211- 3220  3215.31   876.96   0.27        -2.1   10.11   4.61E+001 
   44  3325- 3335  3330.00   908.26   0.27        -9.2    8.91   3.62E+001 
   45  3340- 3349  3344.42   912.19   0.27        -1.1    8.49   3.21E+001 
   46  3444- 3454  3449.69   940.91   0.27         1.7    7.56   2.33E+001 
   47  3494- 3503  3498.56   954.24   0.27        -3.6    7.61   1.86E+001 
   48  3527- 3536  3531.28   963.17   0.27         0.3    6.65   1.58E+001 
   49  3667- 3676  3671.98  1001.56   0.35        -1.3    5.78   1.43E+001 
   50  3780- 3789  3784.50  1032.26   0.32        15.6    5.36   5.36E+000 
   51  3977- 4000  3988.90  1088.02   1.74       919.0   32.42   3.30E+001 
   52  4013- 4034  4024.02  1097.60   1.73       209.4   18.82   3.86E+001 
   53  4059- 4068  4063.93  1108.49   0.31         6.6    4.73   6.37E+000 
   54  4734- 4754  4744.37  1294.13   1.53       239.4   16.68   1.06E+001 
   55  5349- 5368  5358.21  1461.60   1.57       114.4   12.14   9.57E+000 
   56  5525- 5537  5531.34  1508.84   0.31        28.9    6.10   3.09E+000 
   57  7745- 7756  7750.14  2114.18   0.27        14.2    6.64   1.18E+001 

M = First peak in a multiplet region
m = Other peak in a multiplet region
F = Fitted singlet

Errors quoted at  1.000 sigma
Nuclide Identification Report        6/25/2018   3:58:46 PM        Page  4


No nuclide identification results available for reporting purposes
*************************************************************************
*****        G A M M A   S P E C T R U M    A N A L Y S I S         *****
*************************************************************************


Filename: DSA1000A                                                     

Report Generated On             : 6/25/2018   3:58:46 PM

Sample Title                    : Sample title.                          
Sample Description              :                                 
Sample Identification           :                 
Sample Type                     :                 
Sample Geometry                 :                 

Peak Locate Threshold           :  2.50
Peak Locate Range (in channels) :     1 - 65535
Peak Area Range (in channels)   :     1 -  8192
Identification Energy Tolerance :    3.000 keV

Sample Size                     :  1.000E+000 Unit    

Sample Taken On                 :                       
Acquisition Started             : 6/25/2018   3:52:27 PM

Live Time                       :      300.0 seconds
Real Time                       :      336.8 seconds

Dead Time                       :  10.93 %


              Energy Calibration Used Done On       : 6/23/2018 
              Efficiency Calibration Used Done On   : 6/23/2018 
              Efficiency ID                         :                        

Energy Calibration Report            6/25/2018   3:58:46 PM       Page  5


**************************************************************************
*****       E N E R G Y   C A L I B R A T I O N   R E P O R T        *****
**************************************************************************

     Detector Name:  DSA1000A                        
     Sample Title:   Sample title.                                     

       *************  ENERGY CALIBRATION COEFFICIENTS  *************

               Energy Calibrate Performed on:  6/23/2018  12:56:08 PM
                       by:                       
               Energy Calibrate Type:          POLY    

   Energy(keV) =    -0.253 +     0.273*ch +  0.00E+000*ch^2 +  0.00E+000*ch^3

       *************  SHAPE CALIBRATION COEFFICIENTS   *************

               Shape Calibrate Performed on:  6/23/2018  12:56:08 PM
                       by:                        

               FWHM     =     0.795  +   0.026*E^1/2

               LOW TAIL =   0.0E+000 +  0.0E+000*E

****************     ENERGY CALIBRATION RESULTS TABLE     ****************

                    Centroid      Centroid         Energy
                    Channel       error            (keV )
                      220.59        0.07             60.01
                      317.99        0.02             86.54
                      386.80        0.01            105.31
                      451.84        0.03            122.06
                     2426.14        0.01            661.66
                     3062.96        0.38            834.83

       *********     SHAPE CALIBRATION RESULTS TABLE      *********

             Energy     FWHM       FWHM         TAIL        TAIL
             (keV )     channels   error        channels    error
               60.01      3.13      0.17           0.00      0.00
               86.54      3.87      0.04           0.00      0.00
              105.31      3.88      0.01           0.00      0.00
              122.06      3.92      0.07           0.00      0.00
              661.66      5.34      0.01           0.00      0.00
              834.83      1.36      0.55           0.00      0.00
Efficiency Calibration Report             6/25/2018   3:58:46 PM   Page  6


**************************************************************************
*****   E F F I C I E N C Y   C A L I B R A T I O N    R E P O R T   *****
**************************************************************************

     Detector Name:  DSA1000A                        
     Sample Title:   Sample title.                                     

     Geometry Description:                 
     Efficiency Calibration Performed on:  6/23/2018   4:29:36 PM
                       by:                         
     Geometry Type Used:   INTERPOL        

                            Efficiency Triplets
                            ===================

                   Energy         Efficiency        Error

                     60.00         2.39E-002      2.06E-003
                     86.50         7.50E-002      1.86E-004
                    105.30         9.27E-002      2.42E-004
                    176.30         9.35E-002      6.01E-004
                    427.90         4.77E-002      2.21E-004
                    600.60         3.51E-002      2.22E-004
                    834.80         2.64E-002      2.00E-004
                   1173.20         1.87E-002      5.20E-005
                   1332.50         1.69E-002      4.80E-005

                      DUAL Efficiency Calibration Equation
                      ====================================

         Single Equation Terms ->   Offset:     -143.191
                                     Slope:       91.147
                                 Quadratic:      -21.757
                                     Cubic:        2.279
                                 4th Order:       -0.089
                                 5th Order:        0.000
                                 6th Order:        0.000
                                 7th Order:        0.000
                                 8th Order:        0.000
                                 9th Order:        0.000
Efficiency Calibration Report             6/25/2018   3:58:46 PM   Page  7


                      EMPIRICAL Efficiency Calibration Equation
                      =========================================

      Empirical Equation Terms ->  Scaling:      696.250
                                    Offset:       -3.494
                                     Slope:        0.899
                                 Quadratic:        0.043
                                     Cubic:        0.059
                                 4th Order:       -0.089
                                 5th Order:        0.000

                      LINEAR Efficiency Calibration Equation
                      ======================================

         Linear Equation Terms ->   Offset:       -0.000
                                     Slope:       -1.569
                                 Quadratic:      189.136
                                     Cubic:   -17233.867
                                 4th Order:   376762.938
                                 5th Order:        0.000
                                 6th Order:        0.000
                                 7th Order:        0.000
                                 8th Order:        0.000
                                 9th Order:        0.000
Peak-to-Total Calibration Report          6/25/2018   3:58:46 PM   Page  8


**************************************************************************
**   P E A K - T O - T O T A L   C A L I B R A T I O N   R E P O R T   ***
**************************************************************************

     Detector Name:  DSA1000A                        
     Sample Title:   Sample title.                                     


                  Peak-to-Total Calibration Equation
                  =============================================

                                 No Peak-to-Total Equation

Peak Locate Analysis Report             6/25/2018   3:58:46 PM     Page  9

**************************************************************************
*****             P E A K    L O C A T E    R E P O R T              *****
**************************************************************************

     Detector Name:  DSA1000A                        
     Sample Title:   Sample title.                                     
               Peak Locate Performed on:  6/25/2018   3:58:45 PM
               Peak Locate From Channel:      1
               Peak Locate To Channel:    65535
               Peak Search Sensitivity:     2.50

     Peak   Centroid    Centroid     Energy       Peak
      No.    Channel   Uncertainty   (keV)    Significance

       1       39.61      <NA>         10.55      <NA> 
       2       68.30      <NA>         18.38      <NA> 
       3      114.76      <NA>         31.06      <NA> 
       4      132.66      <NA>         35.94      <NA> 
       5      241.00      <NA>         66.37      <NA> 
       6      246.87      <NA>         67.21      <NA> 
       7      253.39      <NA>         68.85      <NA> 
       8      260.54      <NA>         70.81      <NA> 
       9      275.27      <NA>         74.85      <NA> 
      10      286.37      <NA>         77.88      <NA> 
      11      320.21      <NA>         87.11      <NA> 
      12      422.44      <NA>        115.00      <NA> 
      13      433.56      <NA>        118.03      <NA> 
      14      448.61      <NA>        122.14      <NA> 
      15      632.50      <NA>        172.31      <NA> 
      16      696.40      <NA>        189.74      <NA> 
      17      819.06      <NA>        223.21      <NA> 
      18     1287.79      <NA>        351.09      <NA> 
      19     1354.78      <NA>        369.36      <NA> 
      20     1387.36      <NA>        378.25      <NA> 
      21     1509.72      <NA>        411.65      <NA> 
      22     1525.00      <NA>        414.75      <NA> 
      23     1565.88      <NA>        426.96      <NA> 
      24     1762.54      <NA>        480.61      <NA> 
      25     1836.33      <NA>        500.74      <NA> 
      26     2012.25      <NA>        548.74      <NA> 
      27     2024.19      <NA>        552.00      <NA> 
      28     2040.10      <NA>        556.34      <NA> 
      29     2192.06      <NA>        597.80      <NA> 
      30     2270.48      <NA>        619.19      <NA> 
      31     2302.80      <NA>        628.01      <NA> 
      32     2428.48      <NA>        662.30      <NA> 
      33     2478.05      <NA>        675.82      <NA> 
      34     2507.21      <NA>        683.78      <NA> 
      35     2861.49      <NA>        780.43      <NA> 
      36     2886.27      <NA>        787.20      <NA> 
      37     2958.13      <NA>        806.80      <NA> 
      38     3019.56      <NA>        823.56      <NA> 
      39     3043.92      <NA>        830.21      <NA> 
      40     3060.48      <NA>        834.72      <NA> 
      41     3177.63      <NA>        866.69      <NA> 
Peak Locate Analysis Report             6/25/2018   3:58:46 PM     Page 10


     Peak   Centroid    Centroid     Energy       Peak
      No.    Channel   Uncertainty   (keV)    Significance

      42     3203.50      <NA>        873.74      <NA> 
      43     3215.31      <NA>        876.96      <NA> 
      44     3330.00      <NA>        908.26      <NA> 
      45     3344.42      <NA>        912.19      <NA> 
      46     3449.69      <NA>        940.91      <NA> 
      47     3498.56      <NA>        954.24      <NA> 
      48     3531.28      <NA>        963.17      <NA> 
      49     3671.98      <NA>       1001.56      <NA> 
      50     3784.50      <NA>       1032.26      <NA> 
      51     3988.90      <NA>       1088.02      <NA> 
      52     4024.02      <NA>       1097.60      <NA> 
      53     4063.93      <NA>       1108.49      <NA> 
      54     4744.37      <NA>       1294.13      <NA> 
      55     5358.21      <NA>       1461.60      <NA> 
      56     5531.34      <NA>       1508.84      <NA> 
      57     7750.14      <NA>       2114.18      <NA> 

? = Adjacent peak noted

Errors quoted at  1.000 sigma
Peak Analysis Report             6/25/2018   3:58:46 PM            Page 11


**************************************************************************
*****           P E A K    A N A L Y S I S    R E P O R T            *****
**************************************************************************


     Detector Name:  DSA1000A                        
     Sample Title:   Sample title.                                     
     Peak Analysis Performed on:  6/25/2018   3:58:45 PM
               Peak Analysis From Channel:      1
               Peak Analysis To Channel:     8192

   Peak  ROI  ROI    Peak    Energy   FWHM  Net Peak  Net Area  Continuum 
    No. start end  centroid   (keV)   (keV)  Area     Uncert.    Counts 

    1    33-   46    39.61    10.55   2.43      1669.2  282.37   2.83E+004 
    2    65-   74    68.30    18.38   0.42       688.0  205.80   1.84E+004 
    3   112-  120   114.76    31.06   0.94       -42.5  173.84   1.41E+004 
    4   130-  137   132.66    35.94   0.40        99.4  155.91   1.20E+004 
 M  5   238-  267   244.21    66.37   1.20      1893.3  427.65   1.92E+004 
 m  6   238-  267   247.29    67.21   1.21      4949.0  395.43   2.07E+004 
 m  7   238-  267   253.30    68.85   1.21     15036.5  191.98   2.07E+004 
 m  8   238-  267   260.48    70.81   1.21      9077.5  151.83   2.23E+004 
    9   271-  278   275.27    74.85   0.55       301.5  156.70   1.20E+004 
   10   280-  290   286.37    77.88   0.82       694.5  223.76   2.04E+004 
   11   317-  325   320.21    87.11   0.70       -24.9  157.97   1.17E+004 
   12   419-  426   422.44   115.00   0.33        31.2  143.49   1.02E+004 
   13   430-  437   433.56   118.03   0.28       -59.4  143.14   1.02E+004 
   14   445-  452   448.61   122.14   0.82       100.8  142.83   1.01E+004 
   15   629-  636   632.50   172.31   0.52       129.9  157.26   1.22E+004 
   16   693-  701   696.40   189.74   0.49      -111.5  169.50   1.35E+004 
   17   812-  823   819.06   223.21   0.27      -142.6  223.86   2.00E+004 
   18  1284- 1292  1287.79   351.09   1.05        69.2   83.81   3.25E+003 
   19  1346- 1374  1354.78   369.36   0.27       -78.0  214.16   9.91E+003 
   20  1383- 1392  1387.36   378.25   0.36        76.8   86.49   3.27E+003 
 M 21  1488- 1534  1509.77   411.65   1.49    905406.3  952.34   4.89E+003 
 m 22  1488- 1534  1521.12   414.75   1.49      1213.1   60.75   3.71E+003 
   23  1560- 1570  1565.88   426.96   0.38       152.3   60.71   1.46E+003 
   24  1754- 1771  1762.54   480.61   1.22       199.2   48.07   6.47E+002 
   25  1832- 1841  1836.33   500.74   0.47         8.4   22.45   2.18E+002 
   26  2008- 2018  2012.25   548.74   0.27        -7.1   20.48   1.78E+002 
   27  2018- 2029  2024.19   552.00   0.49       -14.7   22.11   2.00E+002 
   28  2034- 2047  2040.10   556.34   0.27        -6.0   23.96   2.10E+002 
   29  2186- 2197  2192.06   597.80   0.27        12.9   18.73   1.33E+002 
   30  2261- 2275  2270.48   619.19   0.68        27.1   19.55   1.23E+002 
   31  2295- 2309  2302.80   628.01   0.27       -26.3   22.51   1.84E+002 
   32  2424- 2442  2428.48   662.30   0.51         2.8   27.71   2.24E+002 
   33  2465- 2488  2478.05   675.82   1.58      4571.8   73.26   1.99E+002 
   34  2503- 2512  2507.21   683.78   0.27        -8.1   12.97   7.51E+001 
   35  2853- 2866  2861.49   780.43   0.47        18.5   13.32   5.65E+001 
   36  2881- 2894  2886.27   787.20   0.27         1.1   11.60   4.79E+001 
   37  2954- 2963  2958.13   806.80   0.61        12.3    9.06   3.07E+001 
   38  3009- 3030  3019.56   823.56   1.65      1248.0   39.67   8.80E+001 
   39  3039- 3048  3043.92   830.21   0.27        10.0    8.75   2.90E+001 
   40  3056- 3065  3060.48   834.72   0.32        -0.9    9.19   3.39E+001 
   41  3173- 3184  3177.63   866.69   0.27       -23.7   11.25   5.97E+001 
   42  3189- 3208  3203.50   873.74   0.65       -23.8   18.05   9.98E+001 
Peak Analysis Report             6/25/2018   3:58:46 PM            Page 12


   Peak  ROI  ROI    Peak    Energy   FWHM  Net Peak  Net Area  Continuum 
    No. start end  centroid   (keV)   (keV)  Area     Uncert.    Counts 

   43  3211- 3220  3215.31   876.96   0.27        -2.1   10.11   4.61E+001 
   44  3325- 3335  3330.00   908.26   0.27        -9.2    8.91   3.62E+001 
   45  3340- 3349  3344.42   912.19   0.27        -1.1    8.49   3.21E+001 
   46  3444- 3454  3449.69   940.91   0.27         1.7    7.56   2.33E+001 
   47  3494- 3503  3498.56   954.24   0.27        -3.6    7.61   1.86E+001 
   48  3527- 3536  3531.28   963.17   0.27         0.3    6.65   1.58E+001 
   49  3667- 3676  3671.98  1001.56   0.35        -1.3    5.78   1.43E+001 
   50  3780- 3789  3784.50  1032.26   0.32        15.6    5.36   5.36E+000 
   51  3977- 4000  3988.90  1088.02   1.74       919.0   32.42   3.30E+001 
   52  4013- 4034  4024.02  1097.60   1.73       209.4   18.82   3.86E+001 
   53  4059- 4068  4063.93  1108.49   0.31         6.6    4.73   6.37E+000 
   54  4734- 4754  4744.37  1294.13   1.53       239.4   16.68   1.06E+001 
   55  5349- 5368  5358.21  1461.60   1.57       114.4   12.14   9.57E+000 
   56  5525- 5537  5531.34  1508.84   0.31        28.9    6.10   3.09E+000 
   57  7745- 7756  7750.14  2114.18   0.27        14.2    6.64   1.18E+001 

M = First peak in a multiplet region
m = Other peak in a multiplet region
F = Fitted singlet

Errors quoted at  1.000 sigma
Peak Analysis Report                    6/25/2018   3:58:46 PM          Page 13


*******************************************************************************
*****  S T A N D A R D   V M S   P E A K   A N A L Y S I S   R E P O R T  *****
*******************************************************************************

        Configuration Title:                                         
        Spectrum Title:              Sample title.            
        Peak Analysis Performed on:  6/25/18   3:58:45 PM
        Peak Analysis From Channel:      1    To Channel:     8192
        Peak Search Sensitivity:      2.50    Gaussian Sensitivity:  1.00
        Max Iterations: 15  Fit Singlets: No  Critical Level Test: No 
        Use Fixed FWHM: No  FWHM Reject:  No  FWHM Reject Ratio:  0.00 
        Peak Fit Engine Name: PANOLIN1        Continuum Type: STEP   

   Pk IT  Energy      Area   Bkgnd  FWHM Channel  Left  PW  Cts/Sec  %err   Fit

    1  0    10.55     1669   28280  2.43   39.61    33  14 5.6E+000  16.9   0.0
    2  0    18.38      688   18417  0.42   68.30    65  10 2.3E+000  29.9   0.0
    3  0    31.06      -43   14147  0.94  114.76   112   9-1.4E-001 -409.   0.0
    4  0    35.94       99   12007  0.40  132.66   130   8 3.3E-001 156.8   0.0
 M  5 20    66.37     1893   19192  1.20  244.21   238  30 6.3E+000  22.6   1.0
 m  6 20    67.21     4949   20685  1.21  247.29   238  30 1.6E+001   8.0   1.0
 m  7 20    68.85    15036   20735  1.21  253.30   238  30 5.0E+001   1.3   1.0
 m  8 20    70.81     9077   22284  1.21  260.48   238  30 3.0E+001   1.7   1.0
    9  0    74.85      302   12045  0.55  275.27   271   8 1.0E+000  52.0   0.0
   10  0    77.88      694   20413  0.82  286.37   280  11 2.3E+000  32.2   0.0
   11  0    87.11      -25   11680  0.70  320.21   317   9-8.3E-002 -635.   0.0
   12  0   115.00       31   10200  0.33  422.44   419   8 1.0E-001 459.6   0.0
   13  0   118.03      -59   10193  0.28  433.56   430   8-2.0E-001 -240.   0.0
   14  0   122.14      101   10080  0.82  448.61   445   8 3.4E-001 141.6   0.0
   15  0   172.31      130   12214  0.52  632.50   629   8 4.3E-001 121.0   0.0
   16  0   189.74     -112   13495  0.49  696.40   693   9-3.7E-001 -152.   0.0
   17  0   223.21     -143   20023  0.27  819.06   812  12-4.8E-001 -156.   0.0
   18  0   351.09       69    3250  1.05 1287.79  1284   9 2.3E-001 121.1   0.0
   19  0   369.36      -78    9913  0.27 1354.78  1346  29-2.6E-001 -274.   0.0
   20  0   378.25       77    3271  0.36 1387.36  1383  10 2.6E-001 112.6   0.0
 M 21 19   411.65   905406    4894  1.49 1509.77  1488  47 3.0E+003   0.1 173.0
 m 22 19   414.75     1213    3705  1.49 1521.12  1488  47 4.0E+000   5.0 173.0
   23  0   426.96      152    1465  0.38 1565.88  1560  11 5.1E-001  39.9   0.0
   24  0   480.61      199     647  1.22 1762.54  1754  18 6.6E-001  24.1   0.0
   25  0   500.74        8     218  0.47 1836.33  1832  10 2.8E-002 266.3   0.0
   26  0   548.74       -7     178  0.27 2012.25  2008  11-2.4E-002 -290.   0.0
   27  0   552.00      -15     200  0.49 2024.19  2018  12-4.9E-002 -150.   0.0
   28  0   556.34       -6     210  0.27 2040.10  2034  14-2.0E-002 -396.   0.0
   29  0   597.80       13     133  0.27 2192.06  2186  12 4.3E-002 145.0   0.0
   30  0   619.19       27     123  0.68 2270.48  2261  15 9.0E-002  72.3   0.0
   31  0   628.01      -26     184  0.27 2302.80  2295  15-8.8E-002 -85.7   0.0
   32  0   662.30        3     224  0.51 2428.48  2424  19 9.2E-003 1001.   0.0
   33  0   675.82     4572     199  1.58 2478.05  2465  24 1.5E+001   1.6   0.0
   34  0   683.78       -8      75  0.27 2507.21  2503  10-2.7E-002 -159.   0.0
   35  0   780.43       18      57  0.47 2861.49  2853  14 6.2E-002  72.2   0.0
   36  0   787.20        1      48  0.27 2886.27  2881  14 3.8E-003 1015.   0.0
   37  0   806.80       12      31  0.61 2958.13  2954  10 4.1E-002  73.4   0.0
   38  0   823.56     1248      88  1.65 3019.56  3009  22 4.2E+000   3.2   0.0
Peak Analysis Report                    6/25/2018   3:58:46 PM          Page 14


   Pk IT  Energy      Area   Bkgnd  FWHM Channel  Left  PW  Cts/Sec  %err   Fit

   39  0   830.21       10      29  0.27 3043.92  3039  10 3.3E-002  87.3   0.0
   40  0   834.72       -1      34  0.32 3060.48  3056  10-2.9E-003 -1063   0.0
   41  0   866.69      -24      60  0.27 3177.63  3173  12-7.9E-002 -47.5   0.0
   42  0   873.74      -24     100  0.65 3203.50  3189  20-7.9E-002 -75.9   0.0
   43  0   876.96       -2      46  0.27 3215.31  3211  10-7.1E-003 -475.   0.0
   44  0   908.26       -9      36  0.27 3330.00  3325  11-3.1E-002 -96.7   0.0
   45  0   912.19       -1      32  0.27 3344.42  3340  10-3.8E-003 -741.   0.0
   46  0   940.91        2      23  0.27 3449.69  3444  11 5.8E-003 436.9   0.0
   47  0   954.24       -4      19  0.27 3498.56  3494  10-1.2E-002 -211.   0.0
   48  0   963.17        0      16  0.27 3531.28  3527  10 8.3E-004 2661.   0.0
   49  0  1001.56       -1      14  0.35 3671.98  3667  10-4.2E-003 -455.   0.0
   50  0  1032.26       16       5  0.32 3784.50  3780  10 5.2E-002  34.3   0.0
   51  0  1088.02      919      33  1.74 3988.90  3977  24 3.1E+000   3.5   0.0
   52  0  1097.60      209      39  1.73 4024.02  4013  22 7.0E-001   9.0   0.0
   53  0  1108.49        7       6  0.31 4063.93  4059  10 2.2E-002  71.2   0.0
   54  0  1294.13      239      11  1.53 4744.37  4734  21 8.0E-001   7.0   0.0
   55  0  1461.60      114      10  1.57 5358.21  5349  20 3.8E-001  10.6   0.0
   56  0  1508.84       29       3  0.31 5531.34  5525  13 9.6E-002  21.1   0.0
   57  0  2114.18       14      12  0.27 7750.14  7745  12 4.7E-002  46.9   0.0

M = First peak in a multiplet region
m = Other peak in a multiplet region
F = Fitted singlet

Errors quoted at  1.000 sigma
Peak Analysis Report             6/25/2018   3:58:46 PM            Page 15


**************************************************************************
*****           P E A K    A N A L Y S I S    R E P O R T            *****
**************************************************************************


     Detector Name:  DSA1000A                        
     Sample Title:   Sample title.                                     
     Peak Analysis Performed on:  6/25/2018   3:58:45 PM
               Peak Analysis From Channel:      1
               Peak Analysis To Channel:     8192

   Peak  ROI  ROI   Energy   Net Peak Net Area  Continuum  Critical 
    No. start end    (keV)     Area    Uncert.    Counts     Level

    1    33-   46    10.55      1669.2  282.37   2.83E+004  4.60E+002 
    2    65-   74    18.38       688.0  205.80   1.84E+004  3.36E+002 
    3   112-  120    31.06       -42.5  173.84   1.41E+004  2.86E+002 
    4   130-  137    35.94        99.4  155.91   1.20E+004  2.56E+002 
 M  5   238-  267    66.37      1893.3  427.65   1.92E+004  3.22E+002 
 m  6   238-  267    67.21      4949.0  395.43   2.07E+004  3.35E+002 
 m  7   238-  267    68.85     15036.5  191.98   2.07E+004  3.35E+002 
 m  8   238-  267    70.81      9077.5  151.83   2.23E+004  3.47E+002 
    9   271-  278    74.85       301.5  156.70   1.20E+004  2.56E+002 
   10   280-  290    77.88       694.5  223.76   2.04E+004  3.66E+002 
   11   317-  325    87.11       -24.9  157.97   1.17E+004  2.60E+002 
   12   419-  426   115.00        31.2  143.49   1.02E+004  2.36E+002 
   13   430-  437   118.03       -59.4  143.14   1.02E+004  2.36E+002 
   14   445-  452   122.14       100.8  142.83   1.01E+004  2.34E+002 
   15   629-  636   172.31       129.9  157.26   1.22E+004  2.58E+002 
   16   693-  701   189.74      -111.5  169.50   1.35E+004  2.79E+002 
   17   812-  823   223.21      -142.6  223.86   2.00E+004  3.69E+002 
   18  1284- 1292   351.09        69.2   83.81   3.25E+003  1.37E+002 
   19  1346- 1374   369.36       -78.0  214.16   9.91E+003  3.53E+002 
   20  1383- 1392   378.25        76.8   86.49   3.27E+003  1.42E+002 
 M 21  1488- 1534   411.65    905406.3  952.34   4.89E+003  1.63E+002 
 m 22  1488- 1534   414.75      1213.1   60.75   3.71E+003  1.42E+002 
   23  1560- 1570   426.96       152.3   60.71   1.46E+003  9.78E+001 
   24  1754- 1771   480.61       199.2   48.07   6.47E+002  7.56E+001 
   25  1832- 1841   500.74         8.4   22.45   2.18E+002  3.66E+001 
   26  2008- 2018   548.74        -7.1   20.48   1.78E+002  3.40E+001 
   27  2018- 2029   552.00       -14.7   22.11   2.00E+002  3.69E+001 
   28  2034- 2047   556.34        -6.0   23.96   2.10E+002  3.96E+001 
   29  2186- 2197   597.80        12.9   18.73   1.33E+002  3.02E+001 
   30  2261- 2275   619.19        27.1   19.55   1.23E+002  3.10E+001 
   31  2295- 2309   628.01       -26.3   22.51   1.84E+002  3.80E+001 
   32  2424- 2442   662.30         2.8   27.71   2.24E+002  4.55E+001 
   33  2465- 2488   675.82      4571.8   73.26   1.99E+002  4.64E+001 
   34  2503- 2512   683.78        -8.1   12.97   7.51E+001  2.18E+001 
   35  2853- 2866   780.43        18.5   13.32   5.65E+001  2.07E+001 
   36  2881- 2894   787.20         1.1   11.60   4.79E+001  1.90E+001 
   37  2954- 2963   806.80        12.3    9.06   3.07E+001  1.37E+001 
   38  3009- 3030   823.56      1248.0   39.67   8.80E+001  2.97E+001 
   39  3039- 3048   830.21        10.0    8.75   2.90E+001  1.34E+001 
   40  3056- 3065   834.72        -0.9    9.19   3.39E+001  1.52E+001 
   41  3173- 3184   866.69       -23.7   11.25   5.97E+001  2.02E+001 
   42  3189- 3208   873.74       -23.8   18.05   9.98E+001  3.08E+001 
Peak Analysis Report             6/25/2018   3:58:46 PM            Page 16


   Peak  ROI  ROI   Energy   Net Peak Net Area  Continuum  Critical 
    No. start end    (keV)     Area    Uncert.    Counts     Level

   43  3211- 3220   876.96        -2.1   10.11   4.61E+001  1.68E+001 
   44  3325- 3335   908.26        -9.2    8.91   3.62E+001  1.55E+001 
   45  3340- 3349   912.19        -1.1    8.49   3.21E+001  1.41E+001 
   46  3444- 3454   940.91         1.7    7.56   2.33E+001  1.22E+001 
   47  3494- 3503   954.24        -3.6    7.61   1.86E+001  1.29E+001 
   48  3527- 3536   963.17         0.3    6.65   1.58E+001  1.09E+001 
   49  3667- 3676  1001.56        -1.3    5.78   1.43E+001  9.69E+000 
   50  3780- 3789  1032.26        15.6    5.36   5.36E+000  5.95E+000 
   51  3977- 4000  1088.02       919.0   32.42   3.30E+001  1.89E+001 
   52  4013- 4034  1097.60       209.4   18.82   3.86E+001  1.98E+001 
   53  4059- 4068  1108.49         6.6    4.73   6.37E+000  6.52E+000 
   54  4734- 4754  1294.13       239.4   16.68   1.06E+001  1.02E+001 
   55  5349- 5368  1461.60       114.4   12.14   9.57E+000  9.43E+000 
   56  5525- 5537  1508.84        28.9    6.10   3.09E+000  4.74E+000 
   57  7745- 7756  2114.18        14.2    6.64   1.18E+001  8.99E+000 

M = First peak in a multiplet region
m = Other peak in a multiplet region
F = Fitted singlet

Errors quoted at  1.000 sigma
Peak with NID Report             6/25/2018   3:58:46 PM            Page 17


**************************************************************************
*****           P E A K    W I T H   N I D    R E P O R T            *****
**************************************************************************


     Detector Name:  DSA1000A                        
     Sample Title:   Sample title.                                     
     Peak Analysis Performed on:  6/25/2018   3:58:45 PM
               Peak Analysis From Channel:      1
               Peak Analysis To Channel:     8192
     Tentative NID Library:   C:\GENIE2K\CAMFILES\NAA LIB LONG.NLB     
     Peak Match Tolerance :    3.000 keV

   Peak  ROI  ROI    Peak    Energy   Net Peak Net Area  Continuum  Tentative
    No. Start End  Centroid   (keV)     Area    Uncert.    Counts    Nuclide 

    1    33-   46    39.61    10.55  1.67E+003  282.37   2.83E+004   .....    
    2    65-   74    68.30    18.38  6.88E+002  205.80   1.84E+004   .....    
    3   112-  120   114.76    31.06 -4.25E+001  173.84   1.41E+004   .....    
    4   130-  137   132.66    35.94  9.94E+001  155.91   1.20E+004   .....    
 M  5   238-  267   244.21    66.37  1.89E+003  427.65   1.92E+004   W-187    
 m  6   238-  267   247.29    67.21  4.95E+003  395.43   2.07E+004   W-187    
 m  7   238-  267   253.30    68.85  1.50E+004  191.98   2.07E+004   W-187    
 m  8   238-  267   260.48    70.81  9.08E+003  151.83   2.23E+004   W-187    
                                                                     W-187    
    9   271-  278   275.27    74.85  3.02E+002  156.70   1.20E+004   W-187    
   10   280-  290   286.37    77.88  6.94E+002  223.76   2.04E+004   AG-108m  
   11   317-  325   320.21    87.11 -2.49E+001  157.97   1.17E+004   .....    
   12   419-  426   422.44   115.00  3.12E+001  143.49   1.02E+004   LU-177x  
                                                                     LU-177   
   13   430-  437   433.56   118.03 -5.94E+001  143.14   1.02E+004   .....    
   14   445-  452   448.61   122.14  1.01E+002  142.83   1.01E+004   EU-152x  
                                                                     EU-154   
                                                                     SE-75    
                                                                     BA-131   
   15   629-  636   632.50   172.31  1.30E+002  157.26   1.22E+004   XE-127   
                                                                     LU-177x  
                                                                     AS-71    
   16   693-  701   696.40   189.74 -1.12E+002  169.50   1.35E+004   IN-114m  
                                                                     XE-125   
   17   812-  823   819.06   223.21 -1.43E+002  223.86   2.00E+004   TA-182   
   18  1284- 1292  1287.79   351.09  6.92E+001   83.81   3.25E+003   .....    
   19  1346- 1374  1354.78   369.36 -7.80E+001  214.16   9.91E+003   GE-77    
   20  1383- 1392  1387.36   378.25  7.68E+001   86.49   3.27E+003   LU-177x  
 M 21  1488- 1534  1509.77   411.65  9.05E+005  952.34   4.89E+003   AU-198   
                                                                     HO-166   
                                                                     LU-177x  
 m 22  1488- 1534  1521.12   414.75  1.21E+003   60.75   3.71E+003   LU-177x  
                                                                     GE-77    
                                                                     AU-198   
   23  1560- 1570  1565.88   426.96  1.52E+002   60.71   1.46E+003   SB-125   
   24  1754- 1771  1762.54   480.61  1.99E+002   48.07   6.47E+002   W-187    
                                                                     HF-181   
   25  1832- 1841  1836.33   500.74  8.43E+000   22.45   2.18E+002   .....    
   26  2008- 2018  2012.25   548.74 -7.06E+000   20.48   1.78E+002   W-187    
   27  2018- 2029  2024.19   552.00 -1.47E+001   22.11   2.00E+002   W-187    
                                                                     BR-82x   
Peak with NID Report             6/25/2018   3:58:46 PM            Page 18

   28  2034- 2047  2040.10   556.34 -6.05E+000   23.96   2.10E+002   GE-77    
                                                                     BR-82x   
                                                                     IN-114m  
                                                                     AS-76    
   29  2186- 2197  2192.06   597.80  1.29E+001   18.73   1.33E+002   SB-125   
   30  2261- 2275  2270.48   619.19  2.71E+001   19.55   1.23E+002   BR-82x   
                                                                     W-187    
                                                                     AG-110m  
   31  2295- 2309  2302.80   628.01 -2.63E+001   22.51   1.84E+002   GA-72    
   32  2424- 2442  2428.48   662.30  2.77E+000   27.71   2.24E+002   CE-143   
   33  2465- 2488  2478.05   675.82  4.57E+003   73.26   1.99E+002   AG-110m  
   34  2503- 2512  2507.21   683.78 -8.13E+000   12.97   7.51E+001   W-187    
   35  2853- 2866  2861.49   780.43  1.85E+001   13.32   5.65E+001   EU-152x  
   36  2881- 2894  2886.27   787.20  1.14E+000   11.60   4.79E+001   .....    
   37  2954- 2963  2958.13   806.80  1.23E+001    9.06   3.07E+001   Ca-47    
   38  3009- 3030  3019.56   823.56  1.25E+003   39.67   8.80E+001   .....    
Peak with NID Report             6/25/2018   3:58:46 PM            Page 19


   Peak  ROI  ROI    Peak    Energy   Net Peak Net Area  Continuum  Tentative
    No. start end  centroid   (keV)     Area    Uncert.    Counts    Nuclide 

   39  3039- 3048  3043.92   830.21  1.00E+001    8.75   2.90E+001   HO-166   
                                                                     BR-82x   
   40  3056- 3065  3060.48   834.72 -8.64E-001    9.19   3.39E+001   GA-72    
   41  3173- 3184  3177.63   866.69 -2.37E+001   11.25   5.97E+001   PA-232   
                                                                     LA-140   
   42  3189- 3208  3203.50   873.74 -2.38E+001   18.05   9.98E+001   EU-154   
                                                                     OS-185   
                                                                     NB-94x   
   43  3211- 3220  3215.31   876.96 -2.13E+000   10.11   4.61E+001   OS-185   
                                                                     TB-160   
   44  3325- 3335  3330.00   908.26 -9.21E+000    8.91   3.62E+001   .....    
   45  3340- 3349  3344.42   912.19 -1.15E+000    8.49   3.21E+001   .....    
   46  3444- 3454  3449.69   940.91  1.73E+000    7.56   2.33E+001   .....    
   47  3494- 3503  3498.56   954.24 -3.60E+000    7.61   1.86E+001   .....    
   48  3527- 3536  3531.28   963.17  2.50E-001    6.65   1.58E+001   TB-160   
                                                                     EU-152x  
   49  3667- 3676  3671.98  1001.56 -1.27E+000    5.78   1.43E+001   .....    
   50  3780- 3789  3784.50  1032.26  1.56E+001    5.36   5.36E+000   .....    
   51  3977- 4000  3988.90  1088.02  9.19E+002   32.42   3.30E+001   EU-152x  
                                                                     GE-77    
   52  4013- 4034  4024.02  1097.60  2.09E+002   18.82   3.86E+001   FE-59    
   53  4059- 4068  4063.93  1108.49  6.63E+000    4.73   6.37E+000   .....    
   54  4734- 4754  4744.37  1294.13  2.39E+002   16.68   1.06E+001   FE-59    
                                                                     Ca-47    
   55  5349- 5368  5358.21  1461.60  1.14E+002   12.14   9.57E+000   .....    
   56  5525- 5537  5531.34  1508.84  2.89E+001    6.10   3.09E+000   .....    
   57  7745- 7756  7750.14  2114.18  1.42E+001    6.64   1.18E+001   .....    

M = First peak in a multiplet region
m = Other peak in a multiplet region
F = Fitted singlet

Errors quoted at  1.000 sigma
Peak Efficiency Report             6/25/2018   3:58:46 PM          Page 20


**************************************************************************
*****         P E A K    E F F I C I E N C Y    R E P O R T          *****
**************************************************************************

     Detector Name:  DSA1000A                        
     Sample Title:   Sample title.                                     
     Peak Analysis Performed on:  6/25/2018   3:58:45 PM


 Peak  Energy   Net Peak  Net Area       Peak     Efficiency
 No.   (keV)      Area   Uncertainty  Efficiency  Uncertainty

    1    10.55  1.67E+003   282.37     2.39E-002    2.06E-003
    2    18.38  6.88E+002   205.80     2.39E-002    2.06E-003
    3    31.06 -4.25E+001   173.84     2.39E-002    2.06E-003
    4    35.94  9.94E+001   155.91     2.39E-002    2.06E-003
 M  5    66.37  1.89E+003   427.65     3.28E-002    1.06E-003
 m  6    67.21  4.95E+003   395.43     3.41E-002    9.76E-004
 m  7    68.85  1.50E+004   191.98     3.68E-002    8.33E-004
 m  8    70.81  9.08E+003   151.83     4.01E-002    6.93E-004
    9    74.85  3.02E+002   156.70     4.77E-002    4.82E-004
   10    77.88  6.94E+002   223.76     5.40E-002    3.71E-004
   11    87.11 -2.49E+001   157.97     7.55E-002    1.88E-004
   12   115.00  3.12E+001   143.49     9.29E-002    2.82E-004
   13   118.03 -5.94E+001   143.14     9.29E-002    2.96E-004
   14   122.14  1.01E+002   142.83     9.30E-002    3.14E-004
   15   172.31  1.30E+002   157.26     9.35E-002    5.77E-004
   16   189.74 -1.12E+002   169.50     8.84E-002    5.53E-004
   17   223.21 -1.43E+002   223.86     7.82E-002    4.60E-004
   18   351.09  6.92E+001    83.81     5.54E-002    2.76E-004
   19   369.36 -7.80E+001   214.16     5.33E-002    2.61E-004
   20   378.25  7.68E+001    86.49     5.24E-002    2.54E-004
 M 21   411.65  9.05E+005   952.34     4.91E-002    2.31E-004
 m 22   414.75  1.21E+003    60.75     4.88E-002    2.29E-004
   23   426.96  1.52E+002    60.71     4.78E-002    2.21E-004
   24   480.61  1.99E+002    48.07     4.29E-002    2.21E-004
   25   500.74  8.43E+000    22.45     4.14E-002    2.21E-004
   26   548.74 -7.06E+000    20.48     3.81E-002    2.22E-004
   27   552.00 -1.47E+001    22.11     3.79E-002    2.22E-004
   28   556.34 -6.05E+000    23.96     3.76E-002    2.22E-004
   29   597.80  1.29E+001    18.73     3.53E-002    2.22E-004
   30   619.19  2.71E+001    19.55     3.42E-002    2.20E-004
   31   628.01 -2.63E+001    22.51     3.38E-002    2.19E-004
   32   662.30  2.77E+000    27.71     3.23E-002    2.15E-004
   33   675.82  4.57E+003    73.26     3.17E-002    2.14E-004
   34   683.78 -8.13E+000    12.97     3.14E-002    2.13E-004
   35   780.43  1.85E+001    13.32     2.80E-002    2.04E-004
   36   787.20  1.14E+000    11.60     2.77E-002    2.03E-004
   37   806.80  1.23E+001     9.06     2.72E-002    2.02E-004
   38   823.56  1.25E+003    39.67     2.67E-002    2.00E-004
   39   830.21  1.00E+001     8.75     2.65E-002    2.00E-004
   40   834.72 -8.64E-001     9.19     2.64E-002    2.00E-004
   41   866.69 -2.37E+001    11.25     2.54E-002    1.72E-004
   42   873.74 -2.38E+001    18.05     2.52E-002    1.67E-004
Peak Efficiency Report             6/25/2018   3:58:46 PM          Page 21


 Peak  Energy   Net Peak  Net Area       Peak     Efficiency
 No.   (keV)      Area   Uncertainty  Efficiency  Uncertainty

   43   876.96 -2.13E+000    10.11     2.51E-002    1.64E-004
   44   908.26 -9.21E+000     8.91     2.42E-002    1.43E-004
   45   912.19 -1.15E+000     8.49     2.41E-002    1.41E-004
   46   940.91  1.73E+000     7.56     2.34E-002    1.24E-004
   47   954.24 -3.60E+000     7.61     2.30E-002    1.18E-004
   48   963.17  2.50E-001     6.65     2.28E-002    1.13E-004
   49  1001.56 -1.27E+000     5.78     2.19E-002    9.72E-005
   50  1032.26  1.56E+001     5.36     2.13E-002    8.63E-005
   51  1088.02  9.19E+002    32.42     2.02E-002    7.01E-005
   52  1097.60  2.09E+002    18.82     2.00E-002    6.77E-005
   53  1108.49  6.63E+000     4.73     1.98E-002    6.51E-005
   54  1294.13  2.39E+002    16.68     1.73E-002    4.89E-005
   55  1461.60  1.14E+002    12.14     1.69E-002    4.80E-005
   56  1508.84  2.89E+001     6.10     1.69E-002    4.80E-005
   57  2114.18  1.42E+001     6.64     1.69E-002    4.80E-005


M = First peak in a multiplet region
m = Other peak in a multiplet region
F = Fitted singlet

Errors quoted at  1.000 sigma
Background Subtract Report             6/25/2018   3:58:46 PM      Page 22

No background subtract performed on this spectrum.
No area correction performed on this spectrum.
Nuclide Identification Report        6/25/2018   3:58:46 PM        Page 23


*************************************************************************
*****   N U C L I D E   I D E N T I F I C A T I O N   R E P O R T   *****
*************************************************************************

     Sample Title:         Sample title.                           
     Nuclide Library Used: C:\GENIE2K\CAMFILES\NAA LIB LONG.NLB    

   ....................    IDENTIFIED NUCLIDES     ....................

   Nuclide    Id       Energy   Yield     Activity     Activity
   Name    Confidence  (keV)     (%)     (uCi/Unit)   Uncertainty

   Ca-47     0.698    489.23     5.90
                      807.86*    5.90    6.943E-004   5.096E-004
                     1297.09*   67.00    1.865E-003   1.300E-004
   FE-59     0.926   1099.25*   56.50    1.669E-003   1.565E-004
                     1291.60*   43.20    2.892E-003   2.146E-004
   AS-71     0.431    174.95*   82.40    1.520E-004   1.840E-004
                      511.00    56.56
   AS-76     0.706    559.10*   45.00   -3.219E-005   1.276E-004
                      657.05     6.20
   NB-94x    0.108    702.62    97.90
                      871.09*   99.90   -8.521E-005   6.465E-005
   SB-125    0.281    176.33     6.79
                      427.89*   29.40    9.768E-004   3.897E-004
                      463.38    10.45
                      600.56*   17.78    1.856E-004   2.690E-004
                      606.64     5.02
                      635.90    11.32
   XE-125    0.464    188.43*   54.90   -2.074E-004   3.151E-004
                      243.40    28.80
   EU-152x   0.231    121.78*   28.40    3.441E-004   4.874E-004
                      244.70     7.49
                      344.28    26.60
                      778.90*   12.96    4.591E-004   3.313E-004
                      964.13*   14.34    6.881E-006   1.831E-004
                     1085.91*    9.92    4.133E-002   1.610E-003
                     1112.12    13.55
                     1408.01    20.87
   W-187     0.525     59.72     7.20
                       61.14    12.50
                       69.30*    5.36    6.886E-001   3.346E-002
                       72.00*   11.10    1.839E-001   7.966E-003
                      134.25     8.80
                      479.55*   21.80    1.920E-003   4.686E-004
                      551.52*    5.08   -6.873E-004   1.036E-003
                      618.26*    6.28    1.136E-003   8.219E-004
                      685.73*   27.30   -8.564E-005   1.366E-004
   AU-198    1.000    411.80*   95.58    1.739E+000   8.645E-003

       * = Energy line found in the spectrum.
       Energy Tolerance :    3.000 keV
       Nuclide confidence index threshold =   0.05
       Errors quoted at  1.000 sigma

Nuclide Identification Report        6/25/2018   3:58:46 PM        Page 24


   **********   U N I D E N T I F I E D   P E A K S   **********

               Peak Locate Performed on:  6/25/2018   3:58:45 PM
               Peak Locate From Channel:      1
               Peak Locate To Channel:    65535

       Peak   Energy           Peak Size in        Peak CPS
        No.   (keV)          Counts per Second   % Uncertainty

         1    10.55             5.5639E+000          16.92
         2    18.38             2.2933E+000          29.91
         3    31.06            -1.4169E-001        -408.97
         4    35.94             3.3136E-001         156.84
      M  5    66.37             6.3109E+000          22.59
      m  6    67.21             1.6497E+001           7.99
         9    74.85             1.0051E+000          51.97
        10    77.88             2.3149E+000          32.22
        11    87.11            -8.2852E-002        -635.56
        12   115.00             1.0407E-001         459.63
        13   118.03            -1.9808E-001        -240.87
        17   223.21            -4.7545E-001        -156.95
        18   351.09             2.3074E-001         121.08
        19   369.36            -2.6007E-001        -274.49
        20   378.25             2.5597E-001         112.64
      m 22   414.75             4.0438E+000           5.01
        25   500.74             2.8094E-002         266.35
        26   548.74            -2.3528E-002        -290.20
        31   628.01            -8.7542E-002         -85.70
        32   662.30             9.2218E-003        1001.56
        33   675.82             1.5239E+001           1.60
        36   787.20             3.8095E-003        1014.98
        38   823.56             4.1600E+000           3.18
        39   830.21             3.3440E-002          87.26
        40   834.72            -2.8788E-003        -1063.7
        41   866.69            -7.8889E-002         -47.52
        43   876.96            -7.0833E-003        -475.57
        44   908.26            -3.0710E-002         -96.67
        45   912.19            -3.8172E-003        -741.18
        46   940.91             5.7667E-003         436.95
        47   954.24            -1.2000E-002        -211.42
        49  1001.56            -4.2308E-003        -455.77
        50  1032.26             5.2143E-002          34.26
        53  1108.49             2.2115E-002          71.23
        55  1461.60             3.8144E-001          10.61
        56  1508.84             9.6354E-002          21.10
        57  2114.18             4.7179E-002          46.88

       M = First peak in a multiplet region
       m = Other peak in a multiplet region
       F = Fitted singlet

       Errors quoted at  1.000 sigma
Interference Corrected Activity Report    6/25/2018   3:58:46 PM   Page 25


*************************************************************************
*****   N U C L I D E   I D E N T I F I C A T I O N   R E P O R T   *****
*************************************************************************

     Sample Title:         Sample title.                           
     Nuclide Library Used: C:\GENIE2K\CAMFILES\NAA LIB LONG.NLB    

   ....................    IDENTIFIED NUCLIDES     ....................

   Nuclide    Id       Energy    Yield     Activity     Activity
   Name    Confidence  (keV)      (%)     (uCi/Unit)   Uncertainty

   Ca-47     0.698    489.23      5.90
                      807.86*     5.90   6.94270E-004  5.09594E-004
                     1297.09*    67.00   1.86512E-003  1.30014E-004
   FE-59     0.926   1099.25*    56.50   1.66864E-003  1.56492E-004
                     1291.60*    43.20   2.89188E-003  2.14617E-004
   AS-71     0.431    174.95*    82.40   1.52030E-004  1.84018E-004
                      511.00     56.56
   AS-76     0.706    559.10*    45.00  -3.21935E-005  1.27594E-004
                      657.05      6.20
   NB-94x    0.108    702.62     97.90
                      871.09*    99.90  -8.52118E-005  6.46482E-005
   SB-125    0.281    176.33      6.79
                      427.89*    29.40   9.76840E-004  3.89661E-004
                      463.38     10.45
                      600.56*    17.78   1.85578E-004  2.69040E-004
                      606.64      5.02
                      635.90     11.32
   XE-125    0.464    188.43*    54.90  -2.07352E-004  3.15137E-004
                      243.40     28.80
   EU-152x   0.231    121.78*    28.40   3.44071E-004  4.87390E-004
                      244.70      7.49
                      344.28     26.60
                      778.90*    12.96   4.59056E-004  3.31328E-004
                      964.13*    14.34   6.88096E-006  1.83127E-004
                     1085.91*     9.92   4.13330E-002  1.60995E-003
                     1112.12     13.55
                     1408.01     20.87
   W-187     0.525     59.72      7.20
                       61.14     12.50
                       69.30*     5.36   6.88617E-001  3.34636E-002
                       72.00*    11.10   1.83893E-001  7.96636E-003
                      134.25      8.80
                      479.55*    21.80   1.91969E-003  4.68633E-004
                      551.52*     5.08  -6.87331E-004  1.03590E-003
                      618.26*     6.28   1.13589E-003  8.21930E-004
                      685.73*    27.30  -8.56425E-005  1.36625E-004
   AU-198    1.000    411.80*    95.58   1.73867E+000  8.64476E-003

       * = Energy line found in the spectrum.
       @ = Energy line not used for Weighted Mean Activity
       Energy Tolerance :    3.000 keV
       Nuclide confidence index threshold =   0.05
       Errors quoted at  1.000 sigma

Interference Corrected Activity Report    6/25/2018   3:58:46 PM   Page 26


*************************************************************************
*****   I N T E R F E R E N C E   C O R R E C T E D   R E P O R T   *****
*************************************************************************


                 Nuclide       Wt mean         Wt mean
       Nuclide     Id          Activity        Activity
       Name     Confidence    (uCi/Unit)      Uncertainty

       Ca-47      0.698      7.802334E-004   1.544670E-004
       FE-59      0.926      1.673447E-003   1.476112E-004
       AS-71      0.431      1.520298E-004   1.840175E-004
    X  GA-72      0.585
       AS-76      0.706     -3.219346E-005   1.275937E-004
    X  BR-82x     0.136
       NB-94x     0.108     -8.521183E-005   6.464819E-005
    X  IN-114m    0.794
       SB-125     0.281      4.410143E-004   2.213952E-004
       XE-125     0.464     -2.073521E-004   3.151374E-004
       EU-152x    0.231      5.004602E-004   1.515778E-004
    X  EU-154     0.201
    X  HF-181     0.132
       W-187      0.525      2.303215E-003   4.065489E-004
       AU-198     1.000      1.738666E+000   8.644762E-003

       ? = nuclide is part of an undetermined solution
       X = nuclide rejected by the interference analysis
       @ = nuclide contains energy lines not used in Weighted Mean Activity

       Errors quoted at  1.000 sigma

Interference Corrected Activity Report    6/25/2018   3:58:46 PM   Page 27


   **********   U N I D E N T I F I E D   P E A K S   **********

               Peak Locate Performed on:  6/25/2018   3:58:45 PM
               Peak Locate From Channel:      1
               Peak Locate To Channel:    65535

       Peak   Energy           Peak Size in        Peak CPS
        No.   (keV)          Counts per Second   % Uncertainty

         1    10.55             5.5639E+000          16.92
         2    18.38             2.2933E+000          29.91
         3    31.06            -1.4169E-001        -408.97
         4    35.94             3.3136E-001         156.84
      M  5    66.37             6.3109E+000          22.59
      m  6    67.21             1.6497E+001           7.99
         9    74.85             1.0051E+000          51.97
        10    77.88             2.3149E+000          32.22
        11    87.11            -8.2852E-002        -635.56
        12   115.00             1.0407E-001         459.63
        13   118.03            -1.9808E-001        -240.87
        17   223.21            -4.7545E-001        -156.95
        18   351.09             2.3074E-001         121.08
        19   369.36            -2.6007E-001        -274.49
        20   378.25             2.5597E-001         112.64
      m 22   414.75             4.0438E+000           5.01
        25   500.74             2.8094E-002         266.35
        26   548.74            -2.3528E-002        -290.20
        31   628.01            -8.7542E-002         -85.70
        32   662.30             9.2218E-003        1001.56
        33   675.82             1.5239E+001           1.60
        36   787.20             3.8095E-003        1014.98
        38   823.56             4.1600E+000           3.18
        39   830.21             3.3440E-002          87.26
        40   834.72            -2.8788E-003        -1063.7
        41   866.69            -7.8889E-002         -47.52
        43   876.96            -7.0833E-003        -475.57
        44   908.26            -3.0710E-002         -96.67
        45   912.19            -3.8172E-003        -741.18
        46   940.91             5.7667E-003         436.95
        47   954.24            -1.2000E-002        -211.42
        49  1001.56            -4.2308E-003        -455.77
        50  1032.26             5.2143E-002          34.26
        53  1108.49             2.2115E-002          71.23
        55  1461.60             3.8144E-001          10.61
        56  1508.84             9.6354E-002          21.10
        57  2114.18             4.7179E-002          46.88

       M = First peak in a multiplet region
       m = Other peak in a multiplet region
       F = Fitted singlet

       Errors quoted at  1.000 sigma
Nuclide MDA Report                      6/25/2018   3:58:46 PM     Page 28


No MDA analysis results available for reporting purposes
Nuclide MDA Report                      6/25/2018   3:58:46 PM     Page 29


No MDA analysis results available for reporting purposes
Action Level Summary Report             6/25/2018   3:58:46 PM     Page 30


No Action Level results available for reporting purposes
Auto Gain Adjust                     6/25/2018   3:58:46 PM       Page 31


*************************************************************************
*****                 A U T O  G A I N   A D J U S T                *****
*************************************************************************

Report Generated On:                               6/25/2018   3:58:46 PM


Status:                                                                 
No AGA results for reporting.


This report is valid only if a Certificate was the source of the true values.


Status:                                                                 
No AGA results for reporting.

