*************************************************************************
*****        G A M M A   S P E C T R U M    A N A L Y S I S         *****
*************************************************************************


Filename: DSA1000A                                                     

Report Generated On             : 6/25/2018   3:38:27 PM

Sample Title                    : Sample title.                          
Sample Description              :                                 
Sample Identification           :                 
Sample Type                     :                 
Sample Geometry                 :                 

Peak Locate Threshold           :  2.50
Peak Locate Range (in channels) :     1 - 65535
Peak Area Range (in channels)   :   100 -  8172
Identification Energy Tolerance :    3.000 keV

Sample Size                     :  1.000E+000 Unit    

Sample Taken On                 :                       
Acquisition Started             : 6/25/2018   3:20:05 PM

Live Time                       :      300.0 seconds
Real Time                       :      334.4 seconds

Dead Time                       :  10.28 %


              Energy Calibration Used Done On       : 6/23/2018 
              Efficiency Calibration Used Done On   : 6/23/2018 
              Efficiency ID                         :                        

Peak Analysis Report             6/25/2018   3:38:27 PM            Page  2


**************************************************************************
*****           P E A K    A N A L Y S I S    R E P O R T            *****
**************************************************************************


     Detector Name:  DSA1000A                        
     Sample Title:   Sample title.                                     
     Peak Analysis Performed on:  6/25/2018   3:38:27 PM
               Peak Analysis From Channel:      1
               Peak Analysis To Channel:     8192

   Peak  ROI  ROI    Peak    Energy   FWHM  Net Peak  Net Area  Continuum 
    No. start end  centroid   (keV)   (keV)  Area     Uncert.    Counts 

 M  1    42-   55    45.64    12.20   0.23       175.1  121.98   5.92E+003 
 m  2    42-   55    48.46    12.97   0.23       140.3   97.75   5.83E+003 
 m  3    42-   55    51.77    13.87   0.24        78.6   54.79   7.64E+003 
    4   120-  130   124.18    33.63   0.31        77.9  193.45   1.56E+004 
    5   197-  207   200.02    54.32   0.76       317.0  185.42   1.43E+004 
 M  6   237-  267   242.50    65.91   1.20       711.0  164.21   1.81E+004 
 m  7   237-  267   246.81    67.08   1.20      5806.4  172.51   1.95E+004 
 m  8   237-  267   253.21    68.83   1.20     14497.4  174.99   1.96E+004 
 m  9   237-  267   260.42    70.80   1.21      8452.0  146.12   2.10E+004 
   10   271-  279   275.14    74.81   1.11       -75.8  166.72   1.30E+004 
   11   280-  290   286.33    77.87   0.92       896.4  217.34   1.92E+004 
   12   309-  317   313.04    85.15   0.30        79.2  155.82   1.13E+004 
   13   318-  327   321.32    87.41   1.17       120.4  166.39   1.22E+004 
   14   348-  356   351.96    95.77   0.27        13.9  151.20   1.07E+004 
   15   382-  395   389.94   106.13   0.80       437.3  213.34   1.63E+004 
   16   426-  433   429.33   116.88   0.27       -45.2  138.83   9.59E+003 
   17   481-  488   484.73   131.99   1.06       142.1  137.74   9.34E+003 
   18   537-  546   540.31   147.16   0.42        25.5  165.69   1.21E+004 
   19   772-  788   779.63   212.45   0.33       162.8  278.83   2.48E+004 
   20   889-  907   898.30   244.83   0.61       738.2  344.17   3.48E+004 
   21  1035- 1047  1038.36   283.04   0.41      -134.8  148.38   8.40E+003 
   22  1047- 1055  1050.05   286.23   0.28        19.8  108.98   5.55E+003 
   23  1161- 1174  1168.93   318.66   0.30       -83.2  117.40   5.02E+003 
   24  1220- 1228  1224.80   333.90   0.27        31.8   78.96   2.91E+003 
   25  1276- 1286  1279.04   348.70   0.38       -11.0   92.90   3.62E+003 
   26  1362- 1376  1367.28   372.77   0.27        31.1  117.09   4.74E+003 
   27  1488- 1523  1509.75   411.64   1.43    847634.3  955.40   1.13E+004 
   28  1526- 1538  1529.24   416.96   0.97       222.0   88.98   2.82E+003 
   29  1670- 1678  1674.20   456.51   1.06        24.5   28.28   3.61E+002 
   30  1695- 1705  1701.95   464.08   0.83        22.1   29.92   3.66E+002 
   31  1749- 1771  1762.00   480.47   1.74       206.3   53.24   6.78E+002 
   32  1850- 1859  1854.22   505.63   0.27        -3.0   20.49   1.86E+002 
   33  1861- 1875  1869.73   509.86   0.70        33.4   28.33   2.67E+002 
   34  1880- 1889  1884.40   513.86   0.27       -18.1   20.40   1.91E+002 
   35  2000- 2011  2004.69   546.68   0.28       -34.7   21.11   1.91E+002 
   36  2077- 2091  2085.27   568.66   0.42        -6.2   23.81   1.96E+002 
   37  2295- 2308  2299.23   627.04   0.36        27.4   19.01   1.21E+002 
   38  2353- 2366  2361.53   644.03   0.97        27.7   18.44   1.13E+002 
   39  2418- 2441  2426.12   661.65   1.34       103.8   28.05   1.70E+002 
   40  2466- 2488  2477.96   675.80   1.54      4236.1   70.64   1.95E+002 
   41  2602- 2619  2606.28   710.81   0.65        13.3   16.41   7.87E+001 
   42  2853- 2873  2868.44   782.33   0.70        17.5   16.85   7.35E+001 
Peak Analysis Report             6/25/2018   3:38:27 PM            Page  3


   Peak  ROI  ROI    Peak    Energy   FWHM  Net Peak  Net Area  Continuum 
    No. start end  centroid   (keV)   (keV)  Area     Uncert.    Counts 

   43  2942- 2951  2946.10   803.52   0.27         1.2   10.50   4.58E+001 
   44  2976- 2986  2981.29   813.12   0.27        -2.8   11.22   5.38E+001 
 M 45  2994- 3030  3002.88   819.01   1.76        96.8   12.36   7.73E+001 
 m 46  2994- 3030  3019.61   823.57   1.76      1103.1   34.78   9.57E+001 
   47  3123- 3134  3129.91   853.66   0.37         4.4   12.01   5.36E+001 
   48  3415- 3424  3419.74   932.74   0.33         5.7    7.34   2.13E+001 
   49  3426- 3437  3432.92   936.33   0.38        12.8    8.17   2.12E+001 
   50  3977- 4001  3989.06  1088.06   1.69       864.5   30.66   1.85E+001 
   51  4012- 4035  4024.01  1097.60   1.56       428.2   23.65   3.28E+001 
   52  4097- 4106  4101.11  1118.63   0.27        -0.5    7.12   1.75E+001 
   53  4590- 4601  4595.87  1253.62   0.53         7.9    4.10   3.09E+000 
   54  4733- 4756  4744.57  1294.19   1.79       540.1   23.99   8.89E+000 
   55  5349- 5367  5357.80  1461.49   1.71       104.6   10.92   4.45E+000 
   56  5522- 5537  5530.41  1508.58   1.18        44.0    9.28   1.40E+001 
   57  7740- 7760  7751.83  2114.64   1.57        75.0    8.66   0.00E+000 

M = First peak in a multiplet region
m = Other peak in a multiplet region
F = Fitted singlet

Errors quoted at  1.000 sigma
Nuclide Identification Report        6/25/2018   3:38:28 PM        Page  4


No nuclide identification results available for reporting purposes
*************************************************************************
*****        G A M M A   S P E C T R U M    A N A L Y S I S         *****
*************************************************************************


Filename: DSA1000A                                                     

Report Generated On             : 6/25/2018   3:38:28 PM

Sample Title                    : Sample title.                          
Sample Description              :                                 
Sample Identification           :                 
Sample Type                     :                 
Sample Geometry                 :                 

Peak Locate Threshold           :  2.50
Peak Locate Range (in channels) :     1 - 65535
Peak Area Range (in channels)   :     1 -  8192
Identification Energy Tolerance :    3.000 keV

Sample Size                     :  1.000E+000 Unit    

Sample Taken On                 :                       
Acquisition Started             : 6/25/2018   3:20:05 PM

Live Time                       :      300.0 seconds
Real Time                       :      334.4 seconds

Dead Time                       :  10.28 %


              Energy Calibration Used Done On       : 6/23/2018 
              Efficiency Calibration Used Done On   : 6/23/2018 
              Efficiency ID                         :                        

Energy Calibration Report            6/25/2018   3:38:28 PM       Page  5


**************************************************************************
*****       E N E R G Y   C A L I B R A T I O N   R E P O R T        *****
**************************************************************************

     Detector Name:  DSA1000A                        
     Sample Title:   Sample title.                                     

       *************  ENERGY CALIBRATION COEFFICIENTS  *************

               Energy Calibrate Performed on:  6/23/2018  12:56:08 PM
                       by:                       
               Energy Calibrate Type:          POLY    

   Energy(keV) =    -0.253 +     0.273*ch +  0.00E+000*ch^2 +  0.00E+000*ch^3

       *************  SHAPE CALIBRATION COEFFICIENTS   *************

               Shape Calibrate Performed on:  6/23/2018  12:56:08 PM
                       by:                        

               FWHM     =     0.795  +   0.026*E^1/2

               LOW TAIL =   0.0E+000 +  0.0E+000*E

****************     ENERGY CALIBRATION RESULTS TABLE     ****************

                    Centroid      Centroid         Energy
                    Channel       error            (keV )
                      220.59        0.07             60.01
                      317.99        0.02             86.54
                      386.80        0.01            105.31
                      451.84        0.03            122.06
                     2426.14        0.01            661.66
                     3062.96        0.38            834.83

       *********     SHAPE CALIBRATION RESULTS TABLE      *********

             Energy     FWHM       FWHM         TAIL        TAIL
             (keV )     channels   error        channels    error
               60.01      3.13      0.17           0.00      0.00
               86.54      3.87      0.04           0.00      0.00
              105.31      3.88      0.01           0.00      0.00
              122.06      3.92      0.07           0.00      0.00
              661.66      5.34      0.01           0.00      0.00
              834.83      1.36      0.55           0.00      0.00
Efficiency Calibration Report             6/25/2018   3:38:28 PM   Page  6


**************************************************************************
*****   E F F I C I E N C Y   C A L I B R A T I O N    R E P O R T   *****
**************************************************************************

     Detector Name:  DSA1000A                        
     Sample Title:   Sample title.                                     

     Geometry Description:                 
     Efficiency Calibration Performed on:  6/23/2018   4:29:36 PM
                       by:                         
     Geometry Type Used:   INTERPOL        

                            Efficiency Triplets
                            ===================

                   Energy         Efficiency        Error

                     60.00         2.39E-002      2.06E-003
                     86.50         7.50E-002      1.86E-004
                    105.30         9.27E-002      2.42E-004
                    176.30         9.35E-002      6.01E-004
                    427.90         4.77E-002      2.21E-004
                    600.60         3.51E-002      2.22E-004
                    834.80         2.64E-002      2.00E-004
                   1173.20         1.87E-002      5.20E-005
                   1332.50         1.69E-002      4.80E-005

                      DUAL Efficiency Calibration Equation
                      ====================================

         Single Equation Terms ->   Offset:     -143.191
                                     Slope:       91.147
                                 Quadratic:      -21.757
                                     Cubic:        2.279
                                 4th Order:       -0.089
                                 5th Order:        0.000
                                 6th Order:        0.000
                                 7th Order:        0.000
                                 8th Order:        0.000
                                 9th Order:        0.000
Efficiency Calibration Report             6/25/2018   3:38:28 PM   Page  7


                      EMPIRICAL Efficiency Calibration Equation
                      =========================================

      Empirical Equation Terms ->  Scaling:      696.250
                                    Offset:       -3.494
                                     Slope:        0.899
                                 Quadratic:        0.043
                                     Cubic:        0.059
                                 4th Order:       -0.089
                                 5th Order:        0.000

                      LINEAR Efficiency Calibration Equation
                      ======================================

         Linear Equation Terms ->   Offset:       -0.000
                                     Slope:       -1.569
                                 Quadratic:      189.136
                                     Cubic:   -17233.867
                                 4th Order:   376762.938
                                 5th Order:        0.000
                                 6th Order:        0.000
                                 7th Order:        0.000
                                 8th Order:        0.000
                                 9th Order:        0.000
Peak-to-Total Calibration Report          6/25/2018   3:38:28 PM   Page  8


**************************************************************************
**   P E A K - T O - T O T A L   C A L I B R A T I O N   R E P O R T   ***
**************************************************************************

     Detector Name:  DSA1000A                        
     Sample Title:   Sample title.                                     


                  Peak-to-Total Calibration Equation
                  =============================================

                                 No Peak-to-Total Equation

Peak Locate Analysis Report             6/25/2018   3:38:28 PM     Page  9

**************************************************************************
*****             P E A K    L O C A T E    R E P O R T              *****
**************************************************************************

     Detector Name:  DSA1000A                        
     Sample Title:   Sample title.                                     
               Peak Locate Performed on:  6/25/2018   3:38:27 PM
               Peak Locate From Channel:      1
               Peak Locate To Channel:    65535
               Peak Search Sensitivity:     2.50

     Peak   Centroid    Centroid     Energy       Peak
      No.    Channel   Uncertainty   (keV)    Significance

       1       44.57      <NA>         12.20      <NA> 
       2       48.00      <NA>         12.97      <NA> 
       3       52.00      <NA>         13.87      <NA> 
       4      124.18      <NA>         33.63      <NA> 
       5      200.02      <NA>         54.32      <NA> 
       6      241.00      <NA>         65.91      <NA> 
       7      246.59      <NA>         67.08      <NA> 
       8      253.27      <NA>         68.83      <NA> 
       9      260.51      <NA>         70.80      <NA> 
      10      275.14      <NA>         74.81      <NA> 
      11      286.33      <NA>         77.87      <NA> 
      12      313.04      <NA>         85.15      <NA> 
      13      321.32      <NA>         87.41      <NA> 
      14      351.96      <NA>         95.77      <NA> 
      15      389.94      <NA>        106.13      <NA> 
      16      429.33      <NA>        116.88      <NA> 
      17      484.73      <NA>        131.99      <NA> 
      18      540.31      <NA>        147.16      <NA> 
      19      779.63      <NA>        212.45      <NA> 
      20      898.30      <NA>        244.83      <NA> 
      21     1038.36      <NA>        283.04      <NA> 
      22     1050.05      <NA>        286.23      <NA> 
      23     1168.93      <NA>        318.66      <NA> 
      24     1224.80      <NA>        333.90      <NA> 
      25     1279.04      <NA>        348.70      <NA> 
      26     1367.28      <NA>        372.77      <NA> 
      27     1509.75      <NA>        411.64      <NA> 
      28     1529.24      <NA>        416.96      <NA> 
      29     1674.20      <NA>        456.51      <NA> 
      30     1701.95      <NA>        464.08      <NA> 
      31     1762.00      <NA>        480.47      <NA> 
      32     1854.22      <NA>        505.63      <NA> 
      33     1869.73      <NA>        509.86      <NA> 
      34     1884.40      <NA>        513.86      <NA> 
      35     2004.69      <NA>        546.68      <NA> 
      36     2085.27      <NA>        568.66      <NA> 
      37     2299.23      <NA>        627.04      <NA> 
      38     2361.53      <NA>        644.03      <NA> 
      39     2426.12      <NA>        661.65      <NA> 
      40     2477.96      <NA>        675.80      <NA> 
      41     2606.28      <NA>        710.81      <NA> 
Peak Locate Analysis Report             6/25/2018   3:38:28 PM     Page 10


     Peak   Centroid    Centroid     Energy       Peak
      No.    Channel   Uncertainty   (keV)    Significance

      42     2868.44      <NA>        782.33      <NA> 
      43     2946.10      <NA>        803.52      <NA> 
      44     2981.29      <NA>        813.12      <NA> 
      45     3002.66      <NA>        819.01      <NA> 
      46     3019.62      <NA>        823.57      <NA> 
      47     3129.91      <NA>        853.66      <NA> 
      48     3419.74      <NA>        932.74      <NA> 
      49     3432.92      <NA>        936.33      <NA> 
      50     3989.06      <NA>       1088.06      <NA> 
      51     4024.01      <NA>       1097.60      <NA> 
      52     4101.11      <NA>       1118.63      <NA> 
      53     4595.87      <NA>       1253.62      <NA> 
      54     4744.57      <NA>       1294.19      <NA> 
      55     5357.80      <NA>       1461.49      <NA> 
      56     5530.41      <NA>       1508.58      <NA> 
      57     7751.83      <NA>       2114.64      <NA> 

? = Adjacent peak noted

Errors quoted at  1.000 sigma
Peak Analysis Report             6/25/2018   3:38:28 PM            Page 11


**************************************************************************
*****           P E A K    A N A L Y S I S    R E P O R T            *****
**************************************************************************


     Detector Name:  DSA1000A                        
     Sample Title:   Sample title.                                     
     Peak Analysis Performed on:  6/25/2018   3:38:27 PM
               Peak Analysis From Channel:      1
               Peak Analysis To Channel:     8192

   Peak  ROI  ROI    Peak    Energy   FWHM  Net Peak  Net Area  Continuum 
    No. start end  centroid   (keV)   (keV)  Area     Uncert.    Counts 

 M  1    42-   55    45.64    12.20   0.23       175.1  121.98   5.92E+003 
 m  2    42-   55    48.46    12.97   0.23       140.3   97.75   5.83E+003 
 m  3    42-   55    51.77    13.87   0.24        78.6   54.79   7.64E+003 
    4   120-  130   124.18    33.63   0.31        77.9  193.45   1.56E+004 
    5   197-  207   200.02    54.32   0.76       317.0  185.42   1.43E+004 
 M  6   237-  267   242.50    65.91   1.20       711.0  164.21   1.81E+004 
 m  7   237-  267   246.81    67.08   1.20      5806.4  172.51   1.95E+004 
 m  8   237-  267   253.21    68.83   1.20     14497.4  174.99   1.96E+004 
 m  9   237-  267   260.42    70.80   1.21      8452.0  146.12   2.10E+004 
   10   271-  279   275.14    74.81   1.11       -75.8  166.72   1.30E+004 
   11   280-  290   286.33    77.87   0.92       896.4  217.34   1.92E+004 
   12   309-  317   313.04    85.15   0.30        79.2  155.82   1.13E+004 
   13   318-  327   321.32    87.41   1.17       120.4  166.39   1.22E+004 
   14   348-  356   351.96    95.77   0.27        13.9  151.20   1.07E+004 
   15   382-  395   389.94   106.13   0.80       437.3  213.34   1.63E+004 
   16   426-  433   429.33   116.88   0.27       -45.2  138.83   9.59E+003 
   17   481-  488   484.73   131.99   1.06       142.1  137.74   9.34E+003 
   18   537-  546   540.31   147.16   0.42        25.5  165.69   1.21E+004 
   19   772-  788   779.63   212.45   0.33       162.8  278.83   2.48E+004 
   20   889-  907   898.30   244.83   0.61       738.2  344.17   3.48E+004 
   21  1035- 1047  1038.36   283.04   0.41      -134.8  148.38   8.40E+003 
   22  1047- 1055  1050.05   286.23   0.28        19.8  108.98   5.55E+003 
   23  1161- 1174  1168.93   318.66   0.30       -83.2  117.40   5.02E+003 
   24  1220- 1228  1224.80   333.90   0.27        31.8   78.96   2.91E+003 
   25  1276- 1286  1279.04   348.70   0.38       -11.0   92.90   3.62E+003 
   26  1362- 1376  1367.28   372.77   0.27        31.1  117.09   4.74E+003 
   27  1488- 1523  1509.75   411.64   1.43    847634.3  955.40   1.13E+004 
   28  1526- 1538  1529.24   416.96   0.97       222.0   88.98   2.82E+003 
   29  1670- 1678  1674.20   456.51   1.06        24.5   28.28   3.61E+002 
   30  1695- 1705  1701.95   464.08   0.83        22.1   29.92   3.66E+002 
   31  1749- 1771  1762.00   480.47   1.74       206.3   53.24   6.78E+002 
   32  1850- 1859  1854.22   505.63   0.27        -3.0   20.49   1.86E+002 
   33  1861- 1875  1869.73   509.86   0.70        33.4   28.33   2.67E+002 
   34  1880- 1889  1884.40   513.86   0.27       -18.1   20.40   1.91E+002 
   35  2000- 2011  2004.69   546.68   0.28       -34.7   21.11   1.91E+002 
   36  2077- 2091  2085.27   568.66   0.42        -6.2   23.81   1.96E+002 
   37  2295- 2308  2299.23   627.04   0.36        27.4   19.01   1.21E+002 
   38  2353- 2366  2361.53   644.03   0.97        27.7   18.44   1.13E+002 
   39  2418- 2441  2426.12   661.65   1.34       103.8   28.05   1.70E+002 
   40  2466- 2488  2477.96   675.80   1.54      4236.1   70.64   1.95E+002 
   41  2602- 2619  2606.28   710.81   0.65        13.3   16.41   7.87E+001 
   42  2853- 2873  2868.44   782.33   0.70        17.5   16.85   7.35E+001 
Peak Analysis Report             6/25/2018   3:38:28 PM            Page 12


   Peak  ROI  ROI    Peak    Energy   FWHM  Net Peak  Net Area  Continuum 
    No. start end  centroid   (keV)   (keV)  Area     Uncert.    Counts 

   43  2942- 2951  2946.10   803.52   0.27         1.2   10.50   4.58E+001 
   44  2976- 2986  2981.29   813.12   0.27        -2.8   11.22   5.38E+001 
 M 45  2994- 3030  3002.88   819.01   1.76        96.8   12.36   7.73E+001 
 m 46  2994- 3030  3019.61   823.57   1.76      1103.1   34.78   9.57E+001 
   47  3123- 3134  3129.91   853.66   0.37         4.4   12.01   5.36E+001 
   48  3415- 3424  3419.74   932.74   0.33         5.7    7.34   2.13E+001 
   49  3426- 3437  3432.92   936.33   0.38        12.8    8.17   2.12E+001 
   50  3977- 4001  3989.06  1088.06   1.69       864.5   30.66   1.85E+001 
   51  4012- 4035  4024.01  1097.60   1.56       428.2   23.65   3.28E+001 
   52  4097- 4106  4101.11  1118.63   0.27        -0.5    7.12   1.75E+001 
   53  4590- 4601  4595.87  1253.62   0.53         7.9    4.10   3.09E+000 
   54  4733- 4756  4744.57  1294.19   1.79       540.1   23.99   8.89E+000 
   55  5349- 5367  5357.80  1461.49   1.71       104.6   10.92   4.45E+000 
   56  5522- 5537  5530.41  1508.58   1.18        44.0    9.28   1.40E+001 
   57  7740- 7760  7751.83  2114.64   1.57        75.0    8.66   0.00E+000 

M = First peak in a multiplet region
m = Other peak in a multiplet region
F = Fitted singlet

Errors quoted at  1.000 sigma
Peak Analysis Report                    6/25/2018   3:38:28 PM          Page 13


*******************************************************************************
*****  S T A N D A R D   V M S   P E A K   A N A L Y S I S   R E P O R T  *****
*******************************************************************************

        Configuration Title:                                         
        Spectrum Title:              Sample title.            
        Peak Analysis Performed on:  6/25/18   3:38:27 PM
        Peak Analysis From Channel:      1    To Channel:     8192
        Peak Search Sensitivity:      2.50    Gaussian Sensitivity:  1.00
        Max Iterations: 15  Fit Singlets: No  Critical Level Test: No 
        Use Fixed FWHM: No  FWHM Reject:  No  FWHM Reject Ratio:  0.00 
        Peak Fit Engine Name: PANOLIN1        Continuum Type: STEP   

   Pk IT  Energy      Area   Bkgnd  FWHM Channel  Left  PW  Cts/Sec  %err   Fit

 M  1 32    12.20      175    5920  0.23   45.64    42  14 5.8E-001  69.7   0.4
 m  2 32    12.97      140    5830  0.23   48.46    42  14 4.7E-001  69.7   0.4
 m  3 32    13.87       79    7639  0.24   51.77    42  14 2.6E-001  69.7   0.4
    4  0    33.63       78   15641  0.31  124.18   120  11 2.6E-001 248.3   0.0
    5  0    54.32      317   14277  0.76  200.02   197  11 1.1E+000  58.5   0.0
 M  6 12    65.91      711   18115  1.20  242.50   237  31 2.4E+000  23.1   1.5
 m  7 12    67.08     5806   19526  1.20  246.81   237  31 1.9E+001   3.0   1.5
 m  8 12    68.83    14497   19565  1.20  253.21   237  31 4.8E+001   1.2   1.5
 m  9 12    70.80     8452   21016  1.21  260.42   237  31 2.8E+001   1.7   1.5
   10  0    74.81      -76   13030  1.11  275.14   271   9-2.5E-001 -220.   0.0
   11  0    77.87      896   19175  0.92  286.33   280  11 3.0E+000  24.2   0.0
   12  0    85.15       79   11317  0.30  313.04   309   9 2.6E-001 196.7   0.0
   13  0    87.41      120   12187  1.17  321.32   318  10 4.0E-001 138.2   0.0
   14  0    95.77       14   10679  0.27  351.96   348   9 4.6E-002 1089.   0.0
   15  0   106.13      437   16337  0.80  389.94   382  14 1.5E+000  48.8   0.0
   16  0   116.88      -45    9590  0.27  429.33   426   8-1.5E-001 -307.   0.0
   17  0   131.99      142    9340  1.06  484.73   481   8 4.7E-001  96.9   0.0
   18  0   147.16       26   12113  0.42  540.31   537  10 8.5E-002 649.1   0.0
   19  0   212.45      163   24763  0.33  779.63   772  17 5.4E-001 171.3   0.0
   20  0   244.83      738   34800  0.61  898.30   889  19 2.5E+000  46.6   0.0
   21  0   283.04     -135    8402  0.41 1038.36  1035  13-4.5E-001 -110.   0.0
   22  0   286.23       20    5546  0.28 1050.05  1047   9 6.6E-002 551.2   0.0
   23  0   318.66      -83    5016  0.30 1168.93  1161  14-2.8E-001 -141.   0.0
   24  0   333.90       32    2906  0.27 1224.80  1220   9 1.1E-001 248.2   0.0
   25  0   348.70      -11    3620  0.38 1279.04  1276  11-3.7E-002 -844.   0.0
   26  0   372.77       31    4745  0.27 1367.28  1362  15 1.0E-001 377.0   0.0
   27  0   411.64   847634   11292  1.43 1509.75  1488  36 2.8E+003   0.1   0.0
   28  0   416.96      222    2824  0.97 1529.24  1526  13 7.4E-001  40.1   0.0
   29  0   456.51       25     361  1.06 1674.20  1670   9 8.2E-002 115.4   0.0
   30  0   464.08       22     366  0.83 1701.95  1695  11 7.4E-002 135.3   0.0
   31  0   480.47      206     678  1.74 1762.00  1749  23 6.9E-001  25.8   0.0
   32  0   505.63       -3     186  0.27 1854.22  1850  10-9.9E-003 -691.   0.0
   33  0   509.86       33     267  0.70 1869.73  1861  15 1.1E-001  84.8   0.0
   34  0   513.86      -18     191  0.27 1884.40  1880  10-6.0E-002 -112.   0.0
   35  0   546.68      -35     191  0.28 2004.69  2000  12-1.2E-001 -60.9   0.0
   36  0   568.66       -6     196  0.42 2085.27  2077  15-2.1E-002 -381.   0.0
   37  0   627.04       27     121  0.36 2299.23  2295  14 9.1E-002  69.3   0.0
   38  0   644.03       28     113  0.97 2361.53  2353  14 9.2E-002  66.6   0.0
Peak Analysis Report                    6/25/2018   3:38:28 PM          Page 14


   Pk IT  Energy      Area   Bkgnd  FWHM Channel  Left  PW  Cts/Sec  %err   Fit

   39  0   661.65      104     170  1.34 2426.12  2418  24 3.5E-001  27.0   0.0
   40  0   675.80     4236     195  1.54 2477.96  2466  23 1.4E+001   1.7   0.0
   41  0   710.81       13      79  0.65 2606.28  2602  18 4.4E-002 123.8   0.0
   42  0   782.33       18      74  0.70 2868.44  2853  21 5.8E-002  96.3   0.0
   43  0   803.52        1      46  0.27 2946.10  2942  10 3.9E-003 893.3   0.0
   44  0   813.12       -3      54  0.27 2981.29  2976  11-9.2E-003 -405.   0.0
 M 45  5   819.01       97      77  1.76 3002.88  2994  37 3.2E-001  12.8   0.9
 m 46  5   823.57     1103      96  1.76 3019.61  2994  37 3.7E+000   3.2   0.9
   47  0   853.66        4      54  0.37 3129.91  3123  12 1.5E-002 275.3   0.0
   48  0   932.74        6      21  0.33 3419.74  3415  10 1.9E-002 129.1   0.0
   49  0   936.33       13      21  0.38 3432.92  3426  12 4.3E-002  63.9   0.0
   50  0  1088.06      864      19  1.69 3989.06  3977  25 2.9E+000   3.5   0.0
   51  0  1097.60      428      33  1.56 4024.01  4012  24 1.4E+000   5.5   0.0
   52  0  1118.63       -0      17  0.27 4101.11  4097  10-1.6E-003 -1512   0.0
   53  0  1253.62        8       3  0.53 4595.87  4590  12 2.6E-002  51.8   0.0
   54  0  1294.19      540       9  1.79 4744.57  4733  24 1.8E+000   4.4   0.0
   55  0  1461.49      105       4  1.71 5357.80  5349  19 3.5E-001  10.4   0.0
   56  0  1508.58       44      14  1.18 5530.41  5522  16 1.5E-001  21.1   0.0
   57  0  2114.64       75       0  1.57 7751.83  7740  21 2.5E-001  11.5   0.0

M = First peak in a multiplet region
m = Other peak in a multiplet region
F = Fitted singlet

Errors quoted at  1.000 sigma
Peak Analysis Report             6/25/2018   3:38:28 PM            Page 15


**************************************************************************
*****           P E A K    A N A L Y S I S    R E P O R T            *****
**************************************************************************


     Detector Name:  DSA1000A                        
     Sample Title:   Sample title.                                     
     Peak Analysis Performed on:  6/25/2018   3:38:27 PM
               Peak Analysis From Channel:      1
               Peak Analysis To Channel:     8192

   Peak  ROI  ROI   Energy   Net Peak Net Area  Continuum  Critical 
    No. start end    (keV)     Area    Uncert.    Counts     Level

 M  1    42-   55    12.20       175.1  121.98   5.92E+003  1.79E+002 
 m  2    42-   55    12.97       140.3   97.75   5.83E+003  1.78E+002 
 m  3    42-   55    13.87        78.6   54.79   7.64E+003  2.03E+002 
    4   120-  130    33.63        77.9  193.45   1.56E+004  3.18E+002 
    5   197-  207    54.32       317.0  185.42   1.43E+004  3.04E+002 
 M  6   237-  267    65.91       711.0  164.21   1.81E+004  3.13E+002 
 m  7   237-  267    67.08      5806.4  172.51   1.95E+004  3.25E+002 
 m  8   237-  267    68.83     14497.4  174.99   1.96E+004  3.25E+002 
 m  9   237-  267    70.80      8452.0  146.12   2.10E+004  3.37E+002 
   10   271-  279    74.81       -75.8  166.72   1.30E+004  2.75E+002 
   11   280-  290    77.87       896.4  217.34   1.92E+004  3.54E+002 
   12   309-  317    85.15        79.2  155.82   1.13E+004  2.56E+002 
   13   318-  327    87.41       120.4  166.39   1.22E+004  2.73E+002 
   14   348-  356    95.77        13.9  151.20   1.07E+004  2.49E+002 
   15   382-  395   106.13       437.3  213.34   1.63E+004  3.49E+002 
   16   426-  433   116.88       -45.2  138.83   9.59E+003  2.29E+002 
   17   481-  488   131.99       142.1  137.74   9.34E+003  2.26E+002 
   18   537-  546   147.16        25.5  165.69   1.21E+004  2.72E+002 
   19   772-  788   212.45       162.8  278.83   2.48E+004  4.58E+002 
   20   889-  907   244.83       738.2  344.17   3.48E+004  5.64E+002 
   21  1035- 1047   283.04      -134.8  148.38   8.40E+003  2.45E+002 
   22  1047- 1055   286.23        19.8  108.98   5.55E+003  1.79E+002 
   23  1161- 1174   318.66       -83.2  117.40   5.02E+003  1.94E+002 
   24  1220- 1228   333.90        31.8   78.96   2.91E+003  1.30E+002 
   25  1276- 1286   348.70       -11.0   92.90   3.62E+003  1.53E+002 
   26  1362- 1376   372.77        31.1  117.09   4.74E+003  1.92E+002 
   27  1488- 1523   411.64    847634.3  955.40   1.13E+004  4.20E+002 
   28  1526- 1538   416.96       222.0   88.98   2.82E+003  1.44E+002 
   29  1670- 1678   456.51        24.5   28.28   3.61E+002  4.58E+001 
   30  1695- 1705   464.08        22.1   29.92   3.66E+002  4.86E+001 
   31  1749- 1771   480.47       206.3   53.24   6.78E+002  8.43E+001 
   32  1850- 1859   505.63        -3.0   20.49   1.86E+002  3.38E+001 
   33  1861- 1875   509.86        33.4   28.33   2.67E+002  4.56E+001 
   34  1880- 1889   513.86       -18.1   20.40   1.91E+002  3.43E+001 
   35  2000- 2011   546.68       -34.7   21.11   1.91E+002  3.60E+001 
   36  2077- 2091   568.66        -6.2   23.81   1.96E+002  3.94E+001 
   37  2295- 2308   627.04        27.4   19.01   1.21E+002  3.01E+001 
   38  2353- 2366   644.03        27.7   18.44   1.13E+002  2.91E+001 
   39  2418- 2441   661.65       103.8   28.05   1.70E+002  4.30E+001 
   40  2466- 2488   675.80      4236.1   70.64   1.95E+002  4.52E+001 
   41  2602- 2619   710.81        13.3   16.41   7.87E+001  2.63E+001 
   42  2853- 2873   782.33        17.5   16.85   7.35E+001  2.69E+001 
Peak Analysis Report             6/25/2018   3:38:28 PM            Page 16


   Peak  ROI  ROI   Energy   Net Peak Net Area  Continuum  Critical 
    No. start end    (keV)     Area    Uncert.    Counts     Level

   43  2942- 2951   803.52         1.2   10.50   4.58E+001  1.72E+001 
   44  2976- 2986   813.12        -2.8   11.22   5.38E+001  1.87E+001 
 M 45  2994- 3030   819.01        96.8   12.36   7.73E+001  2.05E+001 
 m 46  2994- 3030   823.57      1103.1   34.78   9.57E+001  2.28E+001 
   47  3123- 3134   853.66         4.4   12.01   5.36E+001  1.95E+001 
   48  3415- 3424   932.74         5.7    7.34   2.13E+001  1.14E+001 
   49  3426- 3437   936.33        12.8    8.17   2.12E+001  1.21E+001 
   50  3977- 4001  1088.06       864.5   30.66   1.85E+001  1.43E+001 
   51  4012- 4035  1097.60       428.2   23.65   3.28E+001  1.88E+001 
   52  4097- 4106  1118.63        -0.5    7.12   1.75E+001  1.18E+001 
   53  4590- 4601  1253.62         7.9    4.10   3.09E+000  4.90E+000 
   54  4733- 4756  1294.19       540.1   23.99   8.89E+000  9.77E+000 
   55  5349- 5367  1461.49       104.6   10.92   4.45E+000  6.29E+000 
   56  5522- 5537  1508.58        44.0    9.28   1.40E+001  1.07E+001 
   57  7740- 7760  2114.64        75.0    8.66   0.00E+000  0.00E+000 

M = First peak in a multiplet region
m = Other peak in a multiplet region
F = Fitted singlet

Errors quoted at  1.000 sigma
Peak with NID Report             6/25/2018   3:38:28 PM            Page 17


**************************************************************************
*****           P E A K    W I T H   N I D    R E P O R T            *****
**************************************************************************


     Detector Name:  DSA1000A                        
     Sample Title:   Sample title.                                     
     Peak Analysis Performed on:  6/25/2018   3:38:27 PM
               Peak Analysis From Channel:      1
               Peak Analysis To Channel:     8192
     Tentative NID Library:   C:\GENIE2K\CAMFILES\NAA LIB LONG.NLB     
     Peak Match Tolerance :    3.000 keV

   Peak  ROI  ROI    Peak    Energy   Net Peak Net Area  Continuum  Tentative
    No. Start End  Centroid   (keV)     Area    Uncert.    Counts    Nuclide 

 M  1    42-   55    45.64    12.20  1.75E+002  121.98   5.92E+003   .....    
 m  2    42-   55    48.46    12.97  1.40E+002   97.75   5.83E+003   .....    
 m  3    42-   55    51.77    13.87  7.86E+001   54.79   7.64E+003   .....    
    4   120-  130   124.18    33.63  7.79E+001  193.45   1.56E+004   .....    
    5   197-  207   200.02    54.32  3.17E+002  185.42   1.43E+004   .....    
 M  6   237-  267   242.50    65.91  7.11E+002  164.21   1.81E+004   .....    
 m  7   237-  267   246.81    67.08  5.81E+003  172.51   1.95E+004   W-187    
 m  8   237-  267   253.21    68.83  1.45E+004  174.99   1.96E+004   W-187    
 m  9   237-  267   260.42    70.80  8.45E+003  146.12   2.10E+004   W-187    
                                                                     W-187    
   10   271-  279   275.14    74.81 -7.58E+001  166.72   1.30E+004   W-187    
   11   280-  290   286.33    77.87  8.96E+002  217.34   1.92E+004   AG-108m  
   12   309-  317   313.04    85.15  7.92E+001  155.82   1.13E+004   .....    
   13   318-  327   321.32    87.41  1.20E+002  166.39   1.22E+004   .....    
   14   348-  356   351.96    95.77  1.39E+001  151.20   1.07E+004   GD-153   
   15   382-  395   389.94   106.13  4.37E+002  213.34   1.63E+004   LU-177x  
                                                                     GD-153   
                                                                     SM-153   
   16   426-  433   429.33   116.88 -4.52E+001  138.83   9.59E+003   .....    
   17   481-  488   484.73   131.99  1.42E+002  137.74   9.34E+003   HF-181   
                                                                     YB-169   
                                                                     HG-197   
                                                                     W-187    
                                                                     OS-191   
   18   537-  546   540.31   147.16  2.55E+001  165.69   1.21E+004   CE-141   
                                                                     TE-131x  
                                                                     PA-232   
   19   772-  788   779.63   212.45  1.63E+002  278.83   2.48E+004   TE-121x  
                                                                     GE-77    
                                                                     LU-177x  
                                                                     AU-198m  
   20   889-  907   898.30   244.83  7.38E+002  344.17   3.48E+004   EU-152x  
                                                                     XE-125   
   21  1035- 1047  1038.36   283.04 -1.35E+002  148.38   8.40E+003   LU-177x  
                                                                     HO-166   
                                                                     PM-149   
   22  1047- 1055  1050.05   286.23  1.98E+001  108.98   5.55E+003   PM-149   
   23  1161- 1174  1168.93   318.66 -8.32E+001  117.40   5.02E+003   RH-105   
                                                                     LU-177x  
                                                                     CR-51    
                                                                     IR-192   
Peak with NID Report             6/25/2018   3:38:28 PM            Page 18

   24  1220- 1228  1224.80   333.90  3.18E+001   78.96   2.91E+003   TE-131x  
                                                                     CD-115   
   25  1276- 1286  1279.04   348.70 -1.10E+001   92.90   3.62E+003   PT-197m  
                                                                     HF-181   
   26  1362- 1376  1367.28   372.77  3.11E+001  117.09   4.74E+003   BA-131   
                                                                     XE-127   
   27  1488- 1523  1509.75   411.64  8.48E+005  955.40   1.13E+004   AU-198   
                                                                     HO-166   
                                                                     LU-177x  
   28  1526- 1538  1529.24   416.96  2.22E+002   88.98   2.82E+003   GE-77    
                                                                     LU-177x  
   29  1670- 1678  1674.20   456.51  2.45E+001   28.28   3.61E+002   PA-232   
   30  1695- 1705  1701.95   464.08  2.21E+001   29.92   3.66E+002   SB-125   
   31  1749- 1771  1762.00   480.47  2.06E+002   53.24   6.78E+002   W-187    
                                                                     HF-181   
   32  1850- 1859  1854.22   505.63 -2.96E+000   20.49   1.86E+002   TE-121   
                                                                     ZR-97    
   33  1861- 1875  1869.73   509.86  3.34E+001   28.33   2.67E+002   AS-71    
                                                                     ZN-65    
                                                                     ZR-97    
                                                                     TE-121   
   34  1880- 1889  1884.40   513.86 -1.81E+001   20.40   1.91E+002   SR-85x   
                                                                     PA-232   
                                                                     AS-71    
                                                                     ZN-65    
   35  2000- 2011  2004.69   546.68 -3.47E+001   21.11   1.91E+002   .....    
   36  2077- 2091  2085.27   568.66 -6.24E+000   23.81   1.96E+002   CS-134   
                                                                     HO-166   
   37  2295- 2308  2299.23   627.04  2.74E+001   19.01   1.21E+002   GA-72    
   38  2353- 2366  2361.53   644.03  2.77E+001   18.44   1.13E+002   SB-124   
                                                                     OS-185   
Peak with NID Report             6/25/2018   3:38:28 PM            Page 19


   Peak  ROI  ROI    Peak    Energy   Net Peak Net Area  Continuum  Tentative
    No. start end  centroid   (keV)     Area    Uncert.    Counts    Nuclide 

   39  2418- 2441  2426.12   661.65  1.04E+002   28.05   1.70E+002   CE-143   
   40  2466- 2488  2477.96   675.80  4.24E+003   70.64   1.95E+002   AG-110m  
   41  2602- 2619  2606.28   710.81  1.33E+001   16.41   7.87E+001   HO-166   
   42  2853- 2873  2868.44   782.33  1.75E+001   16.85   7.35E+001   .....    
   43  2942- 2951  2946.10   803.52  1.18E+000   10.50   4.58E+001   CS-134   
   44  2976- 2986  2981.29   813.12 -2.76E+000   11.22   5.38E+001   LA-140   
                                                                     HO-166   
 M 45  2994- 3030  3002.88   819.01  9.68E+001   12.36   7.73E+001   PA-232   
                                                                     AG-110m  
 m 46  2994- 3030  3019.61   823.57  1.10E+003   34.78   9.57E+001   .....    
   47  3123- 3134  3129.91   853.66  4.36E+000   12.01   5.36E+001   TE-131x  
   48  3415- 3424  3419.74   932.74  5.69E+000    7.34   2.13E+001   .....    
   49  3426- 3437  3432.92   936.33  1.28E+001    8.17   2.12E+001   AG-110m  
   50  3977- 4001  3989.06  1088.06  8.64E+002   30.66   1.85E+001   EU-152x  
                                                                     GE-77    
   51  4012- 4035  4024.01  1097.60  4.28E+002   23.65   3.28E+001   FE-59    
   52  4097- 4106  4101.11  1118.63 -4.71E-001    7.12   1.75E+001   SC-46    
                                                                     TA-182   
   53  4590- 4601  4595.87  1253.62  7.91E+000    4.10   3.09E+000   .....    
   54  4733- 4756  4744.57  1294.19  5.40E+002   23.99   8.89E+000   FE-59    
                                                                     Ca-47    
   55  5349- 5367  5357.80  1461.49  1.05E+002   10.92   4.45E+000   .....    
   56  5522- 5537  5530.41  1508.58  4.40E+001    9.28   1.40E+001   .....    
   57  7740- 7760  7751.83  2114.64  7.50E+001    8.66   0.00E+000   .....    

M = First peak in a multiplet region
m = Other peak in a multiplet region
F = Fitted singlet

Errors quoted at  1.000 sigma
Peak Efficiency Report             6/25/2018   3:38:28 PM          Page 20


**************************************************************************
*****         P E A K    E F F I C I E N C Y    R E P O R T          *****
**************************************************************************

     Detector Name:  DSA1000A                        
     Sample Title:   Sample title.                                     
     Peak Analysis Performed on:  6/25/2018   3:38:27 PM


 Peak  Energy   Net Peak  Net Area       Peak     Efficiency
 No.   (keV)      Area   Uncertainty  Efficiency  Uncertainty

 M  1    12.20  1.75E+002   121.98     2.39E-002    2.06E-003
 m  2    12.97  1.40E+002    97.75     2.39E-002    2.06E-003
 m  3    13.87  7.86E+001    54.79     2.39E-002    2.06E-003
    4    33.63  7.79E+001   193.45     2.39E-002    2.06E-003
    5    54.32  3.17E+002   185.42     2.39E-002    2.06E-003
 M  6    65.91  7.11E+002   164.21     3.21E-002    1.11E-003
 m  7    67.08  5.81E+003   172.51     3.39E-002    9.89E-004
 m  8    68.83  1.45E+004   174.99     3.67E-002    8.35E-004
 m  9    70.80  8.45E+003   146.12     4.01E-002    6.94E-004
   10    74.81 -7.58E+001   166.72     4.76E-002    4.83E-004
   11    77.87  8.96E+002   217.34     5.40E-002    3.72E-004
   12    85.15  7.92E+001   155.82     7.14E-002    2.06E-004
   13    87.41  1.20E+002   166.39     7.58E-002    1.89E-004
   14    95.77  1.39E+001   151.20     8.37E-002    2.13E-004
   15   106.13  4.37E+002   213.34     9.28E-002    2.45E-004
   16   116.88 -4.52E+001   138.83     9.29E-002    2.91E-004
   17   131.99  1.42E+002   137.74     9.31E-002    3.60E-004
   18   147.16  2.55E+001   165.69     9.32E-002    4.37E-004
   19   212.45  1.63E+002   278.83     8.12E-002    4.87E-004
   20   244.83  7.38E+002   344.17     7.29E-002    4.15E-004
   21   283.04 -1.35E+002   148.38     6.53E-002    3.52E-004
   22   286.23  1.98E+001   108.98     6.47E-002    3.48E-004
   23   318.66 -8.32E+001   117.40     5.97E-002    3.08E-004
   24   333.90  3.18E+001    78.96     5.76E-002    2.92E-004
   25   348.70 -1.10E+001    92.90     5.57E-002    2.78E-004
   26   372.77  3.11E+001   117.09     5.30E-002    2.58E-004
   27   411.64  8.48E+005   955.40     4.91E-002    2.31E-004
   28   416.96  2.22E+002    88.98     4.86E-002    2.27E-004
   29   456.51  2.45E+001    28.28     4.50E-002    2.21E-004
   30   464.08  2.21E+001    29.92     4.43E-002    2.21E-004
   31   480.47  2.06E+002    53.24     4.30E-002    2.21E-004
   32   505.63 -2.96E+000    20.49     4.10E-002    2.22E-004
   33   509.86  3.34E+001    28.33     4.07E-002    2.22E-004
   34   513.86 -1.81E+001    20.40     4.04E-002    2.22E-004
   35   546.68 -3.47E+001    21.11     3.82E-002    2.22E-004
   36   568.66 -6.24E+000    23.81     3.69E-002    2.22E-004
   37   627.04  2.74E+001    19.01     3.38E-002    2.19E-004
   38   644.03  2.77E+001    18.44     3.31E-002    2.17E-004
   39   661.65  1.04E+002    28.05     3.23E-002    2.15E-004
   40   675.80  4.24E+003    70.64     3.17E-002    2.14E-004
   41   710.81  1.33E+001    16.41     3.03E-002    2.10E-004
   42   782.33  1.75E+001    16.85     2.79E-002    2.04E-004
Peak Efficiency Report             6/25/2018   3:38:28 PM          Page 21


 Peak  Energy   Net Peak  Net Area       Peak     Efficiency
 No.   (keV)      Area   Uncertainty  Efficiency  Uncertainty

   43   803.52  1.18E+000    10.50     2.73E-002    2.02E-004
   44   813.12 -2.76E+000    11.22     2.70E-002    2.01E-004
 M 45   819.01  9.68E+001    12.36     2.68E-002    2.01E-004
 m 46   823.57  1.10E+003    34.78     2.67E-002    2.00E-004
   47   853.66  4.36E+000    12.01     2.58E-002    1.83E-004
   48   932.74  5.69E+000     7.34     2.36E-002    1.29E-004
   49   936.33  1.28E+001     8.17     2.35E-002    1.27E-004
   50  1088.06  8.64E+002    30.66     2.02E-002    7.01E-005
   51  1097.60  4.28E+002    23.65     2.00E-002    6.77E-005
   52  1118.63 -4.71E-001     7.12     1.96E-002    6.28E-005
   53  1253.62  7.91E+000     4.10     1.77E-002    4.99E-005
   54  1294.19  5.40E+002    23.99     1.73E-002    4.89E-005
   55  1461.49  1.05E+002    10.92     1.69E-002    4.80E-005
   56  1508.58  4.40E+001     9.28     1.69E-002    4.80E-005
   57  2114.64  7.50E+001     8.66     1.69E-002    4.80E-005


M = First peak in a multiplet region
m = Other peak in a multiplet region
F = Fitted singlet

Errors quoted at  1.000 sigma
Background Subtract Report             6/25/2018   3:38:28 PM      Page 22

No background subtract performed on this spectrum.
No area correction performed on this spectrum.
Nuclide Identification Report        6/25/2018   3:38:28 PM        Page 23


*************************************************************************
*****   N U C L I D E   I D E N T I F I C A T I O N   R E P O R T   *****
*************************************************************************

     Sample Title:         Sample title.                           
     Nuclide Library Used: C:\GENIE2K\CAMFILES\NAA LIB LONG.NLB    

   ....................    IDENTIFIED NUCLIDES     ....................

   Nuclide    Id       Energy   Yield     Activity     Activity
   Name    Confidence  (keV)     (%)     (uCi/Unit)   Uncertainty

   SC-46     0.122    889.28    99.98
                     1120.55*   99.99   -2.159E-006   3.267E-005
   Ca-47     0.562    489.23     5.90
                      807.86     5.90
                     1297.09*   67.00    4.208E-003   1.873E-004
   CR-51     0.965    320.08*   10.08   -1.247E-003   1.759E-003
   FE-59     0.924   1099.25*   56.50    3.411E-003   2.094E-004
                     1291.60*   43.20    6.524E-003   3.345E-004
   SR-85x    1.000    514.01*   96.00   -4.196E-005   4.739E-005
   RH-105    0.658    306.10     5.10
                      318.90*   19.10   -6.585E-004   9.294E-004
   CD-115    0.411    336.24*   45.90    1.085E-004   2.694E-004
                      527.90    27.40
   TE-121x   0.999    212.19*   81.40    2.220E-004   3.802E-004
   CE-141    0.949    145.44*   48.20    5.117E-005   3.321E-004
   PM-149    0.999    285.95*    3.10    8.884E-004   4.897E-003
   GD-153    0.911     97.43*   30.20    4.945E-005   5.389E-004
                      103.18*   21.40    1.985E-003   9.704E-004
   SM-153    0.857    103.18*   31.40    1.354E-003   6.606E-004
   HO-166    0.178    184.41    72.00
                      280.45*   29.50   -6.307E-004   6.945E-004
                      410.93*   11.20    1.388E+001   5.004E-001
                      529.80     9.60
                      570.98*    5.46   -2.791E-004   1.064E-003
                      670.49     5.44
                      711.68*   54.70    7.200E-005   8.913E-005
                      752.27    12.20
                      810.28*   57.50   -1.606E-005   6.519E-005
                      830.57     9.70
   OS-185    0.757    646.12*   81.00    9.314E-005   6.207E-005
                      874.81     6.61
                      880.52     5.00
   W-187     0.204     59.72     7.20
                       61.14    12.50
                       69.30*    5.36    6.647E-001   3.221E-002
                       72.00*   11.10    1.714E-001   7.464E-003
                      134.25*    8.80    1.565E-003   1.518E-003
                      479.55*   21.80    1.987E-003   5.181E-004
                      551.52     5.08
                      618.26     6.28
                      685.73    27.30
   IR-192    0.051    295.96    28.67
Nuclide Identification Report        6/25/2018   3:38:28 PM        Page 24


   Nuclide    Id       Energy   Yield    Activity     Activity
   Name    Confidence  (keV)     (%)    (uCi/Unit)   Uncertainty

   IR-192    0.051    308.46    30.00
                      316.51*   82.81   -1.517E-004   2.141E-004
                      468.07    47.83
                      604.41     8.23
                      612.47     5.31
   PT-197m   0.918    346.50*   11.10   -1.636E-004   1.381E-003
   AU-198    1.000    411.80*   95.58    1.628E+000   8.120E-003

       * = Energy line found in the spectrum.
       Energy Tolerance :    3.000 keV
       Nuclide confidence index threshold =   0.05
       Errors quoted at  1.000 sigma

Nuclide Identification Report        6/25/2018   3:38:28 PM        Page 25


   **********   U N I D E N T I F I E D   P E A K S   **********

               Peak Locate Performed on:  6/25/2018   3:38:27 PM
               Peak Locate From Channel:      1
               Peak Locate To Channel:    65535

       Peak   Energy           Peak Size in        Peak CPS
        No.   (keV)          Counts per Second   % Uncertainty

      M  1    12.20             5.8353E-001          69.68
      m  2    12.97             4.6755E-001          69.69
      m  3    13.87             2.6189E-001          69.73
         4    33.63             2.5966E-001         248.34
         5    54.32             1.0566E+000          58.50
      M  6    65.91             2.3700E+000          23.10
      m  7    67.08             1.9355E+001           2.97
        10    74.81            -2.5259E-001        -220.01
        11    77.87             2.9880E+000          24.25
        12    85.15             2.6404E-001         196.71
        13    87.41             4.0122E-001         138.24
        16   116.88            -1.5067E-001        -307.14
        20   244.83             2.4607E+000          46.62
        26   372.77             1.0354E-001         376.97
        28   416.96             7.4014E-001          40.07
        29   456.51             8.1693E-002         115.41
        30   464.08             7.3720E-002         135.27
        32   505.63            -9.8771E-003        -691.42
        33   509.86             1.1140E-001          84.77
        35   546.68            -1.1553E-001         -60.90
        37   627.04             9.1498E-002          69.26
        39   661.65             3.4595E-001          27.02
        40   675.80             1.4120E+001           1.67
        42   782.33             5.8333E-002          96.29
        43   803.52             3.9184E-003         893.31
      M 45   819.01             3.2273E-001          12.77
      m 46   823.57             3.6770E+000           3.15
        47   853.66             1.4540E-002         275.31
        48   932.74             1.8951E-002         129.10
        49   936.33             4.2598E-002          63.90
        50  1088.06             2.8816E+000           3.55
        53  1253.62             2.6364E-002          51.80
        55  1461.49             3.4850E-001          10.44
        56  1508.58             1.4658E-001          21.11
        57  2114.64             2.5000E-001          11.55

       M = First peak in a multiplet region
       m = Other peak in a multiplet region
       F = Fitted singlet

       Errors quoted at  1.000 sigma
Interference Corrected Activity Report    6/25/2018   3:38:28 PM   Page 26


*************************************************************************
*****   N U C L I D E   I D E N T I F I C A T I O N   R E P O R T   *****
*************************************************************************

     Sample Title:         Sample title.                           
     Nuclide Library Used: C:\GENIE2K\CAMFILES\NAA LIB LONG.NLB    

   ....................    IDENTIFIED NUCLIDES     ....................

   Nuclide    Id       Energy    Yield     Activity     Activity
   Name    Confidence  (keV)      (%)     (uCi/Unit)   Uncertainty

   SC-46     0.122    889.28     99.98
                     1120.55*    99.99  -2.15946E-006  3.26708E-005
   Ca-47     0.562    489.23      5.90
                      807.86      5.90
                     1297.09*    67.00   4.20758E-003  1.87250E-004
   CR-51     0.965    320.08*    10.08  -1.24669E-003  1.75940E-003
   FE-59     0.924   1099.25*    56.50   3.41142E-003  2.09405E-004
                     1291.60*    43.20   6.52392E-003  3.34498E-004
   SR-85x    1.000    514.01*    96.00  -4.19558E-005  4.73861E-005
   RH-105    0.658    306.10      5.10
                      318.90*    19.10  -6.58507E-004  9.29431E-004
   CD-115    0.411    336.24*    45.90   1.08530E-004  2.69385E-004
                      527.90     27.40
   TE-121x   0.999    212.19*    81.40   2.21965E-004  3.80245E-004
   CE-141    0.949    145.44*    48.20   5.11654E-005  3.32128E-004
   PM-149    0.999    285.95*     3.10   8.88426E-004  4.89693E-003
   GD-153    0.911     97.43*    30.20   4.94451E-005  5.38895E-004
                      103.18*    21.40   1.98488E-003  9.70425E-004
   SM-153    0.857    103.18*    31.40   1.35369E-003  6.60571E-004
   HO-166    0.178    184.41     72.00
                      280.45*    29.50  -6.30721E-004  6.94519E-004
                      410.93*    11.20   1.38838E+001  5.00359E-001
                      529.80      9.60
                      570.98*     5.46  -2.79086E-004  1.06438E-003
                      670.49      5.44
                      711.68*    54.70   7.19982E-005  8.91284E-005
                      752.27     12.20
                      810.28*    57.50  -1.60608E-005  6.51927E-005
                      830.57      9.70
   OS-185    0.757    646.12*    81.00   9.31415E-005  6.20722E-005
                      874.81      6.61
                      880.52      5.00
   W-187     0.204     59.72      7.20
                       61.14     12.50
                       69.30*     5.36   6.64704E-001  3.22087E-002
                       72.00*    11.10   1.71352E-001  7.46359E-003
                      134.25*     8.80   1.56496E-003  1.51785E-003
                      479.55*    21.80   1.98705E-003  5.18137E-004
                      551.52      5.08
                      618.26      6.28
                      685.73     27.30
   IR-192    0.051    295.96     28.67
Interference Corrected Activity Report    6/25/2018   3:38:28 PM   Page 27


   Nuclide    Id       Energy    Yield    Activity     Activity
   Name    Confidence  (keV)      (%)    (uCi/Unit)   Uncertainty

   IR-192    0.051    308.46     30.00
                      316.51*    82.81  -1.51748E-004  2.14128E-004
                      468.07     47.83
                      604.41      8.23
                      612.47      5.31
   PT-197m   0.918    346.50*    11.10  -1.63603E-004  1.38118E-003
   AU-198    1.000    411.80*    95.58   1.62770E+000  8.11989E-003

       * = Energy line found in the spectrum.
       @ = Energy line not used for Weighted Mean Activity
       Energy Tolerance :    3.000 keV
       Nuclide confidence index threshold =   0.05
       Errors quoted at  1.000 sigma

Interference Corrected Activity Report    6/25/2018   3:38:28 PM   Page 28


*************************************************************************
*****   I N T E R F E R E N C E   C O R R E C T E D   R E P O R T   *****
*************************************************************************


                 Nuclide       Wt mean         Wt mean
       Nuclide     Id          Activity        Activity
       Name     Confidence    (uCi/Unit)      Uncertainty

       SC-46      0.122     -2.159464E-006   3.267080E-005
       Ca-47      0.562      2.007395E-003   2.233618E-004
    ?  CR-51      0.965     -1.246691E-003   1.759401E-003
       FE-59      0.924      3.411424E-003   1.888060E-004
       SR-85x     1.000     -4.195584E-005   4.738608E-005
    ?  RH-105     0.658     -6.585068E-004   9.294308E-004
       CD-115     0.411      1.085296E-004   2.693846E-004
       TE-121x    0.999      2.219649E-004   3.802448E-004
       CE-141     0.949      5.116538E-005   3.321276E-004
       PM-149     0.999      8.884261E-004   4.896933E-003
       GD-153     0.911      4.944506E-005   5.388941E-004
       SM-153     0.857      1.319966E-003   7.557328E-004
       HO-166     0.178      7.199818E-005   8.910348E-005
    X  HF-181     0.871
       OS-185     0.757      9.314148E-005   6.207222E-005
       W-187      0.204      2.823850E-003   4.892430E-004
    X  OS-191     0.890
    ?  IR-192     0.051     -1.517482E-004   2.141280E-004
    X  HG-197     0.764
       PT-197m    0.918     -1.636025E-004   1.381178E-003
       AU-198     1.000      1.627691E+000   7.858530E-003

       ? = nuclide is part of an undetermined solution
       X = nuclide rejected by the interference analysis
       @ = nuclide contains energy lines not used in Weighted Mean Activity

       Errors quoted at  1.000 sigma

Interference Corrected Activity Report    6/25/2018   3:38:28 PM   Page 29


   **********   U N I D E N T I F I E D   P E A K S   **********

               Peak Locate Performed on:  6/25/2018   3:38:27 PM
               Peak Locate From Channel:      1
               Peak Locate To Channel:    65535

       Peak   Energy           Peak Size in        Peak CPS
        No.   (keV)          Counts per Second   % Uncertainty

      M  1    12.20             5.8353E-001          69.68
      m  2    12.97             4.6755E-001          69.69
      m  3    13.87             2.6189E-001          69.73
         4    33.63             2.5966E-001         248.34
         5    54.32             1.0566E+000          58.50
      M  6    65.91             2.3700E+000          23.10
      m  7    67.08             1.9355E+001           2.97
        10    74.81            -2.5259E-001        -220.01
        11    77.87             2.9880E+000          24.25
        12    85.15             2.6404E-001         196.71
        13    87.41             4.0122E-001         138.24
        16   116.88            -1.5067E-001        -307.14
        20   244.83             2.4607E+000          46.62
        26   372.77             1.0354E-001         376.97
        28   416.96             7.4014E-001          40.07
        29   456.51             8.1693E-002         115.41
        30   464.08             7.3720E-002         135.27
        32   505.63            -9.8771E-003        -691.42
        33   509.86             1.1140E-001          84.77
        35   546.68            -1.1553E-001         -60.90
        37   627.04             9.1498E-002          69.26
        39   661.65             3.4595E-001          27.02
        40   675.80             1.4120E+001           1.67
        42   782.33             5.8333E-002          96.29
        43   803.52             3.9184E-003         893.31
      M 45   819.01             3.2273E-001          12.77
      m 46   823.57             3.6770E+000           3.15
        47   853.66             1.4540E-002         275.31
        48   932.74             1.8951E-002         129.10
        49   936.33             4.2598E-002          63.90
        50  1088.06             2.8816E+000           3.55
        53  1253.62             2.6364E-002          51.80
        55  1461.49             3.4850E-001          10.44
        56  1508.58             1.4658E-001          21.11
        57  2114.64             2.5000E-001          11.55

       M = First peak in a multiplet region
       m = Other peak in a multiplet region
       F = Fitted singlet

       Errors quoted at  1.000 sigma
Nuclide MDA Report                      6/25/2018   3:38:29 PM     Page 30


No MDA analysis results available for reporting purposes
Nuclide MDA Report                      6/25/2018   3:38:29 PM     Page 31


No MDA analysis results available for reporting purposes
Action Level Summary Report             6/25/2018   3:38:29 PM     Page 32


No Action Level results available for reporting purposes
Auto Gain Adjust                     6/25/2018   3:38:29 PM       Page 33


*************************************************************************
*****                 A U T O  G A I N   A D J U S T                *****
*************************************************************************

Report Generated On:                               6/25/2018   3:38:29 PM


Status:                                                                 
No AGA results for reporting.


This report is valid only if a Certificate was the source of the true values.


Status:                                                                 
No AGA results for reporting.

