*************************************************************************
*****        G A M M A   S P E C T R U M    A N A L Y S I S         *****
*************************************************************************


Filename: DSA1000A                                                     

Report Generated On             : 6/25/2018   4:10:03 PM

Sample Title                    : Sample title.                          
Sample Description              :                                 
Sample Identification           :                 
Sample Type                     :                 
Sample Geometry                 :                 

Peak Locate Threshold           :  2.50
Peak Locate Range (in channels) :     1 - 65535
Peak Area Range (in channels)   :   100 -  8172
Identification Energy Tolerance :    3.000 keV

Sample Size                     :  1.000E+000 Unit    

Sample Taken On                 :                       
Acquisition Started             : 6/25/2018   4:01:20 PM

Live Time                       :      300.0 seconds
Real Time                       :      335.8 seconds

Dead Time                       :  10.67 %


              Energy Calibration Used Done On       : 6/23/2018 
              Efficiency Calibration Used Done On   : 6/23/2018 
              Efficiency ID                         :                        

Peak Analysis Report             6/25/2018   4:10:04 PM            Page  2


**************************************************************************
*****           P E A K    A N A L Y S I S    R E P O R T            *****
**************************************************************************


     Detector Name:  DSA1000A                        
     Sample Title:   Sample title.                                     
     Peak Analysis Performed on:  6/25/2018   4:10:04 PM
               Peak Analysis From Channel:      1
               Peak Analysis To Channel:     8192

   Peak  ROI  ROI    Peak    Energy   FWHM  Net Peak  Net Area  Continuum 
    No. start end  centroid   (keV)   (keV)  Area     Uncert.    Counts 

    1    73-   82    76.07    20.50   0.81       323.0  198.32   1.73E+004 
    2   185-  195   192.22    52.19   0.57        12.7  189.68   1.51E+004 
    3   201-  209   203.96    55.39   0.27        -7.8  162.78   1.24E+004 
    4   239-  268   253.28    68.85   1.29     30635.6  488.66   4.38E+004 
    5   271-  279   274.80    74.72   0.73      -143.0  171.12   1.37E+004 
    6   279-  290   286.22    77.84   0.97       831.3  237.59   2.20E+004 
    7   291-  301   294.56    80.11   1.03      2388.1  216.41   1.83E+004 
    8   301-  309   304.93    82.94   0.27      -890.2  164.25   1.30E+004 
    9   309-  320   313.44    85.26   0.45       133.2  197.45   1.55E+004 
   10   404-  412   407.79   111.00   0.27      -178.9  155.23   1.13E+004 
   11   479-  487   482.67   131.43   0.62        67.7  154.00   1.11E+004 
   12   504-  512   507.67   138.25   0.41         1.8  154.15   1.11E+004 
   13   743-  760   755.87   205.97   0.86       279.4  295.68   2.68E+004 
   14   847-  856   850.38   231.75   0.40       -39.6  198.72   1.75E+004 
   15   962-  984   976.00   266.03   0.34       -53.5  293.93   2.23E+004 
   16  1020- 1032  1023.85   279.08   0.29       277.5  156.86   9.23E+003 
   17  1064- 1076  1067.33   290.94   0.53       -52.4  142.18   7.69E+003 
   18  1097- 1110  1103.73   300.87   0.37        12.7  139.22   7.02E+003 
   19  1117- 1130  1120.91   305.56   0.79       137.4  132.59   6.32E+003 
   20  1134- 1146  1137.20   310.00   0.27       -72.5  119.82   5.47E+003 
 M 21  1487- 1548  1496.40   408.00   1.37       702.6  117.46   5.37E+003 
 m 22  1487- 1548  1501.79   409.47   1.37      4261.4  648.79   5.18E+003 
 m 23  1487- 1548  1506.34   410.72   1.37     64596.5 4185.80   4.62E+003 
 m 24  1487- 1548  1509.99   411.71   1.38    836461.0 4653.72   3.93E+003 
 m 25  1487- 1548  1517.38   413.73   1.38      1654.3  127.28   2.82E+003 
 m 26  1487- 1548  1522.74   415.19   1.38       854.3   73.50   2.59E+003 
 m 27  1487- 1548  1528.61   416.79   1.38       595.1   55.34   2.58E+003 
 m 28  1487- 1548  1535.74   418.74   1.38       281.9   43.69   2.58E+003 
   29  1746- 1770  1760.83   480.15   1.15       299.9   59.24   7.78E+002 
   30  1908- 1931  1926.52   525.35   0.42       -28.2   42.92   4.67E+002 
   31  2044- 2054  2049.46   558.89   0.27       -10.2   19.48   1.60E+002 
   32  2097- 2113  2104.00   573.77   0.33        -3.2   26.86   2.30E+002 
   33  2288- 2299  2294.20   625.66   0.27        17.6   16.86   1.06E+002 
   34  2379- 2403  2398.85   654.21   0.51         4.3   30.92   2.31E+002 
   35  2418- 2433  2428.67   662.35   0.78        59.3   22.68   1.52E+002 
   36  2467- 2488  2477.95   675.79   1.58      4474.1   71.65   1.76E+002 
   37  2538- 2547  2542.68   693.45   0.43         7.4   11.48   5.46E+001 
   38  2687- 2696  2691.82   734.14   0.32         5.7    7.91   2.43E+001 
   39  2718- 2728  2722.04   742.39   0.72        15.2   10.23   3.68E+001 
   40  2774- 2784  2778.80   757.87   0.56         4.4   10.23   4.16E+001 
   41  2873- 2882  2877.14   784.70   0.37         8.8    9.63   3.62E+001 
   42  2947- 2958  2953.06   805.42   0.49         3.5   10.58   4.25E+001 
Peak Analysis Report             6/25/2018   4:10:04 PM            Page  3


   Peak  ROI  ROI    Peak    Energy   FWHM  Net Peak  Net Area  Continuum 
    No. start end  centroid   (keV)   (keV)  Area     Uncert.    Counts 

   43  3009- 3029  3019.79   823.62   1.82      1184.1   40.66   1.29E+002 
   44  3168- 3177  3172.36   865.25   0.32         3.2    9.11   3.18E+001 
   45  3258- 3269  3262.93   889.96   0.50        28.6    9.20   2.24E+001 
   46  3280- 3289  3284.27   895.78   0.37        19.8    8.66   2.42E+001 
   47  3294- 3304  3299.54   899.95   0.53         8.0    8.25   2.50E+001 
   48  3651- 3660  3655.35   997.02   0.39        11.1    4.74   4.88E+000 
   49  3845- 3854  3849.37  1049.95   0.27         3.5    5.91   1.25E+001 
   50  3977- 4001  3989.10  1088.07   1.89       874.0   31.64   3.10E+001 
   51  4016- 4032  4023.80  1097.54   1.60       156.3   14.01   1.28E+001 
   52  4733- 4754  4744.77  1294.24   1.49       177.9   16.71   2.71E+001 
   53  5349- 5369  5358.56  1461.70   0.72       126.0   12.25   7.03E+000 
   54  7747- 7758  7752.45  2114.81   0.41        19.8    4.76   1.24E+000 

M = First peak in a multiplet region
m = Other peak in a multiplet region
F = Fitted singlet

Errors quoted at  1.000 sigma
Nuclide Identification Report        6/25/2018   4:10:04 PM        Page  4


No nuclide identification results available for reporting purposes
*************************************************************************
*****        G A M M A   S P E C T R U M    A N A L Y S I S         *****
*************************************************************************


Filename: DSA1000A                                                     

Report Generated On             : 6/25/2018   4:10:05 PM

Sample Title                    : Sample title.                          
Sample Description              :                                 
Sample Identification           :                 
Sample Type                     :                 
Sample Geometry                 :                 

Peak Locate Threshold           :  2.50
Peak Locate Range (in channels) :     1 - 65535
Peak Area Range (in channels)   :     1 -  8192
Identification Energy Tolerance :    3.000 keV

Sample Size                     :  1.000E+000 Unit    

Sample Taken On                 :                       
Acquisition Started             : 6/25/2018   4:01:20 PM

Live Time                       :      300.0 seconds
Real Time                       :      335.8 seconds

Dead Time                       :  10.67 %


              Energy Calibration Used Done On       : 6/23/2018 
              Efficiency Calibration Used Done On   : 6/23/2018 
              Efficiency ID                         :                        

Energy Calibration Report            6/25/2018   4:10:05 PM       Page  5


**************************************************************************
*****       E N E R G Y   C A L I B R A T I O N   R E P O R T        *****
**************************************************************************

     Detector Name:  DSA1000A                        
     Sample Title:   Sample title.                                     

       *************  ENERGY CALIBRATION COEFFICIENTS  *************

               Energy Calibrate Performed on:  6/23/2018  12:56:08 PM
                       by:                       
               Energy Calibrate Type:          POLY    

   Energy(keV) =    -0.253 +     0.273*ch +  0.00E+000*ch^2 +  0.00E+000*ch^3

       *************  SHAPE CALIBRATION COEFFICIENTS   *************

               Shape Calibrate Performed on:  6/23/2018  12:56:08 PM
                       by:                        

               FWHM     =     0.795  +   0.026*E^1/2

               LOW TAIL =   0.0E+000 +  0.0E+000*E

****************     ENERGY CALIBRATION RESULTS TABLE     ****************

                    Centroid      Centroid         Energy
                    Channel       error            (keV )
                      220.59        0.07             60.01
                      317.99        0.02             86.54
                      386.80        0.01            105.31
                      451.84        0.03            122.06
                     2426.14        0.01            661.66
                     3062.96        0.38            834.83

       *********     SHAPE CALIBRATION RESULTS TABLE      *********

             Energy     FWHM       FWHM         TAIL        TAIL
             (keV )     channels   error        channels    error
               60.01      3.13      0.17           0.00      0.00
               86.54      3.87      0.04           0.00      0.00
              105.31      3.88      0.01           0.00      0.00
              122.06      3.92      0.07           0.00      0.00
              661.66      5.34      0.01           0.00      0.00
              834.83      1.36      0.55           0.00      0.00
Efficiency Calibration Report             6/25/2018   4:10:05 PM   Page  6


**************************************************************************
*****   E F F I C I E N C Y   C A L I B R A T I O N    R E P O R T   *****
**************************************************************************

     Detector Name:  DSA1000A                        
     Sample Title:   Sample title.                                     

     Geometry Description:                 
     Efficiency Calibration Performed on:  6/23/2018   4:29:36 PM
                       by:                         
     Geometry Type Used:   INTERPOL        

                            Efficiency Triplets
                            ===================

                   Energy         Efficiency        Error

                     60.00         2.39E-002      2.06E-003
                     86.50         7.50E-002      1.86E-004
                    105.30         9.27E-002      2.42E-004
                    176.30         9.35E-002      6.01E-004
                    427.90         4.77E-002      2.21E-004
                    600.60         3.51E-002      2.22E-004
                    834.80         2.64E-002      2.00E-004
                   1173.20         1.87E-002      5.20E-005
                   1332.50         1.69E-002      4.80E-005

                      DUAL Efficiency Calibration Equation
                      ====================================

         Single Equation Terms ->   Offset:     -143.191
                                     Slope:       91.147
                                 Quadratic:      -21.757
                                     Cubic:        2.279
                                 4th Order:       -0.089
                                 5th Order:        0.000
                                 6th Order:        0.000
                                 7th Order:        0.000
                                 8th Order:        0.000
                                 9th Order:        0.000
Efficiency Calibration Report             6/25/2018   4:10:05 PM   Page  7


                      EMPIRICAL Efficiency Calibration Equation
                      =========================================

      Empirical Equation Terms ->  Scaling:      696.250
                                    Offset:       -3.494
                                     Slope:        0.899
                                 Quadratic:        0.043
                                     Cubic:        0.059
                                 4th Order:       -0.089
                                 5th Order:        0.000

                      LINEAR Efficiency Calibration Equation
                      ======================================

         Linear Equation Terms ->   Offset:       -0.000
                                     Slope:       -1.569
                                 Quadratic:      189.136
                                     Cubic:   -17233.867
                                 4th Order:   376762.938
                                 5th Order:        0.000
                                 6th Order:        0.000
                                 7th Order:        0.000
                                 8th Order:        0.000
                                 9th Order:        0.000
Peak-to-Total Calibration Report          6/25/2018   4:10:05 PM   Page  8


**************************************************************************
**   P E A K - T O - T O T A L   C A L I B R A T I O N   R E P O R T   ***
**************************************************************************

     Detector Name:  DSA1000A                        
     Sample Title:   Sample title.                                     


                  Peak-to-Total Calibration Equation
                  =============================================

                                 No Peak-to-Total Equation

Peak Locate Analysis Report             6/25/2018   4:10:05 PM     Page  9

**************************************************************************
*****             P E A K    L O C A T E    R E P O R T              *****
**************************************************************************

     Detector Name:  DSA1000A                        
     Sample Title:   Sample title.                                     
               Peak Locate Performed on:  6/25/2018   4:10:03 PM
               Peak Locate From Channel:      1
               Peak Locate To Channel:    65535
               Peak Search Sensitivity:     2.50

     Peak   Centroid    Centroid     Energy       Peak
      No.    Channel   Uncertainty   (keV)    Significance

       1       76.07      <NA>         20.50      <NA> 
       2      192.22      <NA>         52.19      <NA> 
       3      203.96      <NA>         55.39      <NA> 
       4      253.28      <NA>         68.85      <NA> 
       5      274.80      <NA>         74.72      <NA> 
       6      286.22      <NA>         77.84      <NA> 
       7      294.56      <NA>         80.11      <NA> 
       8      304.93      <NA>         82.94      <NA> 
       9      313.44      <NA>         85.26      <NA> 
      10      407.79      <NA>        111.00      <NA> 
      11      482.67      <NA>        131.43      <NA> 
      12      507.67      <NA>        138.25      <NA> 
      13      755.87      <NA>        205.97      <NA> 
      14      850.38      <NA>        231.75      <NA> 
      15      976.00      <NA>        266.03      <NA> 
      16     1023.85      <NA>        279.08      <NA> 
      17     1067.33      <NA>        290.94      <NA> 
      18     1103.73      <NA>        300.87      <NA> 
      19     1120.91      <NA>        305.56      <NA> 
      20     1137.20      <NA>        310.00      <NA> 
      21     1494.00      <NA>        408.00      <NA> 
      22     1498.00      <NA>        409.47      <NA> 
      23     1503.00      <NA>        410.72      <NA> 
      24     1509.71      <NA>        411.71      <NA> 
      25     1518.00      <NA>        413.73      <NA> 
      26     1524.00      <NA>        415.19      <NA> 
      27     1530.00      <NA>        416.79      <NA> 
      28     1539.00      <NA>        418.74      <NA> 
      29     1760.83      <NA>        480.15      <NA> 
      30     1926.52      <NA>        525.35      <NA> 
      31     2049.46      <NA>        558.89      <NA> 
      32     2104.00      <NA>        573.77      <NA> 
      33     2294.20      <NA>        625.66      <NA> 
      34     2398.85      <NA>        654.21      <NA> 
      35     2428.67      <NA>        662.35      <NA> 
      36     2477.95      <NA>        675.79      <NA> 
      37     2542.68      <NA>        693.45      <NA> 
      38     2691.82      <NA>        734.14      <NA> 
      39     2722.04      <NA>        742.39      <NA> 
      40     2778.80      <NA>        757.87      <NA> 
      41     2877.14      <NA>        784.70      <NA> 
Peak Locate Analysis Report             6/25/2018   4:10:05 PM     Page 10


     Peak   Centroid    Centroid     Energy       Peak
      No.    Channel   Uncertainty   (keV)    Significance

      42     2953.06      <NA>        805.42      <NA> 
      43     3019.79      <NA>        823.62      <NA> 
      44     3172.36      <NA>        865.25      <NA> 
      45     3262.93      <NA>        889.96      <NA> 
      46     3284.27      <NA>        895.78      <NA> 
      47     3299.54      <NA>        899.95      <NA> 
      48     3655.35      <NA>        997.02      <NA> 
      49     3849.37      <NA>       1049.95      <NA> 
      50     3989.10      <NA>       1088.07      <NA> 
      51     4023.80      <NA>       1097.54      <NA> 
      52     4744.77      <NA>       1294.24      <NA> 
      53     5358.56      <NA>       1461.70      <NA> 
      54     7752.45      <NA>       2114.81      <NA> 

? = Adjacent peak noted

Errors quoted at  1.000 sigma
Peak Analysis Report             6/25/2018   4:10:05 PM            Page 11


**************************************************************************
*****           P E A K    A N A L Y S I S    R E P O R T            *****
**************************************************************************


     Detector Name:  DSA1000A                        
     Sample Title:   Sample title.                                     
     Peak Analysis Performed on:  6/25/2018   4:10:04 PM
               Peak Analysis From Channel:      1
               Peak Analysis To Channel:     8192

   Peak  ROI  ROI    Peak    Energy   FWHM  Net Peak  Net Area  Continuum 
    No. start end  centroid   (keV)   (keV)  Area     Uncert.    Counts 

    1    73-   82    76.07    20.50   0.81       323.0  198.32   1.73E+004 
    2   185-  195   192.22    52.19   0.57        12.7  189.68   1.51E+004 
    3   201-  209   203.96    55.39   0.27        -7.8  162.78   1.24E+004 
    4   239-  268   253.28    68.85   1.29     30635.6  488.66   4.38E+004 
    5   271-  279   274.80    74.72   0.73      -143.0  171.12   1.37E+004 
    6   279-  290   286.22    77.84   0.97       831.3  237.59   2.20E+004 
    7   291-  301   294.56    80.11   1.03      2388.1  216.41   1.83E+004 
    8   301-  309   304.93    82.94   0.27      -890.2  164.25   1.30E+004 
    9   309-  320   313.44    85.26   0.45       133.2  197.45   1.55E+004 
   10   404-  412   407.79   111.00   0.27      -178.9  155.23   1.13E+004 
   11   479-  487   482.67   131.43   0.62        67.7  154.00   1.11E+004 
   12   504-  512   507.67   138.25   0.41         1.8  154.15   1.11E+004 
   13   743-  760   755.87   205.97   0.86       279.4  295.68   2.68E+004 
   14   847-  856   850.38   231.75   0.40       -39.6  198.72   1.75E+004 
   15   962-  984   976.00   266.03   0.34       -53.5  293.93   2.23E+004 
   16  1020- 1032  1023.85   279.08   0.29       277.5  156.86   9.23E+003 
   17  1064- 1076  1067.33   290.94   0.53       -52.4  142.18   7.69E+003 
   18  1097- 1110  1103.73   300.87   0.37        12.7  139.22   7.02E+003 
   19  1117- 1130  1120.91   305.56   0.79       137.4  132.59   6.32E+003 
   20  1134- 1146  1137.20   310.00   0.27       -72.5  119.82   5.47E+003 
 M 21  1487- 1548  1496.40   408.00   1.37       702.6  117.46   5.37E+003 
 m 22  1487- 1548  1501.79   409.47   1.37      4261.4  648.79   5.18E+003 
 m 23  1487- 1548  1506.34   410.72   1.37     64596.5 4185.80   4.62E+003 
 m 24  1487- 1548  1509.99   411.71   1.38    836461.0 4653.72   3.93E+003 
 m 25  1487- 1548  1517.38   413.73   1.38      1654.3  127.28   2.82E+003 
 m 26  1487- 1548  1522.74   415.19   1.38       854.3   73.50   2.59E+003 
 m 27  1487- 1548  1528.61   416.79   1.38       595.1   55.34   2.58E+003 
 m 28  1487- 1548  1535.74   418.74   1.38       281.9   43.69   2.58E+003 
   29  1746- 1770  1760.83   480.15   1.15       299.9   59.24   7.78E+002 
   30  1908- 1931  1926.52   525.35   0.42       -28.2   42.92   4.67E+002 
   31  2044- 2054  2049.46   558.89   0.27       -10.2   19.48   1.60E+002 
   32  2097- 2113  2104.00   573.77   0.33        -3.2   26.86   2.30E+002 
   33  2288- 2299  2294.20   625.66   0.27        17.6   16.86   1.06E+002 
   34  2379- 2403  2398.85   654.21   0.51         4.3   30.92   2.31E+002 
   35  2418- 2433  2428.67   662.35   0.78        59.3   22.68   1.52E+002 
   36  2467- 2488  2477.95   675.79   1.58      4474.1   71.65   1.76E+002 
   37  2538- 2547  2542.68   693.45   0.43         7.4   11.48   5.46E+001 
   38  2687- 2696  2691.82   734.14   0.32         5.7    7.91   2.43E+001 
   39  2718- 2728  2722.04   742.39   0.72        15.2   10.23   3.68E+001 
   40  2774- 2784  2778.80   757.87   0.56         4.4   10.23   4.16E+001 
   41  2873- 2882  2877.14   784.70   0.37         8.8    9.63   3.62E+001 
   42  2947- 2958  2953.06   805.42   0.49         3.5   10.58   4.25E+001 
Peak Analysis Report             6/25/2018   4:10:05 PM            Page 12


   Peak  ROI  ROI    Peak    Energy   FWHM  Net Peak  Net Area  Continuum 
    No. start end  centroid   (keV)   (keV)  Area     Uncert.    Counts 

   43  3009- 3029  3019.79   823.62   1.82      1184.1   40.66   1.29E+002 
   44  3168- 3177  3172.36   865.25   0.32         3.2    9.11   3.18E+001 
   45  3258- 3269  3262.93   889.96   0.50        28.6    9.20   2.24E+001 
   46  3280- 3289  3284.27   895.78   0.37        19.8    8.66   2.42E+001 
   47  3294- 3304  3299.54   899.95   0.53         8.0    8.25   2.50E+001 
   48  3651- 3660  3655.35   997.02   0.39        11.1    4.74   4.88E+000 
   49  3845- 3854  3849.37  1049.95   0.27         3.5    5.91   1.25E+001 
   50  3977- 4001  3989.10  1088.07   1.89       874.0   31.64   3.10E+001 
   51  4016- 4032  4023.80  1097.54   1.60       156.3   14.01   1.28E+001 
   52  4733- 4754  4744.77  1294.24   1.49       177.9   16.71   2.71E+001 
   53  5349- 5369  5358.56  1461.70   0.72       126.0   12.25   7.03E+000 
   54  7747- 7758  7752.45  2114.81   0.41        19.8    4.76   1.24E+000 

M = First peak in a multiplet region
m = Other peak in a multiplet region
F = Fitted singlet

Errors quoted at  1.000 sigma
Peak Analysis Report                    6/25/2018   4:10:05 PM          Page 13


*******************************************************************************
*****  S T A N D A R D   V M S   P E A K   A N A L Y S I S   R E P O R T  *****
*******************************************************************************

        Configuration Title:                                         
        Spectrum Title:              Sample title.            
        Peak Analysis Performed on:  6/25/18   4:10:04 PM
        Peak Analysis From Channel:      1    To Channel:     8192
        Peak Search Sensitivity:      2.50    Gaussian Sensitivity:  1.00
        Max Iterations: 15  Fit Singlets: No  Critical Level Test: No 
        Use Fixed FWHM: No  FWHM Reject:  No  FWHM Reject Ratio:  0.00 
        Peak Fit Engine Name: PANOLIN1        Continuum Type: STEP   

   Pk IT  Energy      Area   Bkgnd  FWHM Channel  Left  PW  Cts/Sec  %err   Fit

    1  0    20.50      323   17251  0.81   76.07    73  10 1.1E+000  61.4   0.0
    2  0    52.19       13   15066  0.57  192.22   185  11 4.2E-002 1495.   0.0
    3  0    55.39       -8   12384  0.27  203.96   201   9-2.6E-002 -2089   0.0
    4  0    68.85    30636   43789  1.29  253.28   239  30 1.0E+002   1.6   0.0
    5  0    74.72     -143   13735  0.73  274.80   271   9-4.8E-001 -119.   0.0
    6  0    77.84      831   21979  0.97  286.22   279  12 2.8E+000  28.6   0.0
    7  0    80.11     2388   18321  1.03  294.56   291  11 8.0E+000   9.1   0.0
    8  0    82.94     -890   13024  0.27  304.93   301   9-3.0E+000 -18.5   0.0
    9  0    85.26      133   15479  0.45  313.44   309  12 4.4E-001 148.2   0.0
   10  0   111.00     -179   11344  0.27  407.79   404   9-6.0E-001 -86.8   0.0
   11  0   131.43       68   11063  0.62  482.67   479   9 2.3E-001 227.6   0.0
   12  0   138.25        2   11103  0.41  507.67   504   9 6.1E-003 8427.   0.0
   13  0   205.97      279   26762  0.86  755.87   743  18 9.3E-001 105.8   0.0
   14  0   231.75      -40   17485  0.40  850.38   847  10-1.3E-001 -502.   0.0
   15  0   266.03      -53   22279  0.34  976.00   962  23-1.8E-001 -549.   0.0
   16  0   279.08      278    9232  0.29 1023.85  1020  13 9.3E-001  56.5   0.0
   17  0   290.94      -52    7688  0.53 1067.33  1064  13-1.7E-001 -271.   0.0
   18  0   300.87       13    7019  0.37 1103.73  1097  14 4.2E-002 1094.   0.0
   19  0   305.56      137    6323  0.79 1120.91  1117  14 4.6E-001  96.5   0.0
   20  0   310.00      -72    5473  0.27 1137.20  1134  13-2.4E-001 -165.   0.0
 M 21 32   408.00      703    5369  1.37 1496.40  1487  62 2.3E+000  16.7   1.1
 m 22 32   409.47     4261    5180  1.37 1501.79  1487  62 1.4E+001  15.2   1.1
 m 23 32   410.72    64597    4617  1.37 1506.34  1487  62 2.2E+002   6.5   1.1
 m 24 32   411.71   836461    3929  1.38 1509.99  1487  62 2.8E+003   0.6   1.1
 m 25 32   413.73     1654    2824  1.38 1517.38  1487  62 5.5E+000   7.7   1.1
 m 26 32   415.19      854    2590  1.38 1522.74  1487  62 2.8E+000   8.6   1.1
 m 27 32   416.79      595    2584  1.38 1528.61  1487  62 2.0E+000   9.3   1.1
 m 28 32   418.74      282    2579  1.38 1535.74  1487  62 9.4E-001  15.5   1.1
   29  0   480.15      300     778  1.15 1760.83  1746  25 1.0E+000  19.8   0.0
   30  0   525.35      -28     467  0.42 1926.52  1908  24-9.4E-002 -152.   0.0
   31  0   558.89      -10     160  0.27 2049.46  2044  11-3.4E-002 -190.   0.0
   32  0   573.77       -3     230  0.33 2104.00  2097  17-1.1E-002 -838.   0.0
   33  0   625.66       18     106  0.27 2294.20  2288  12 5.9E-002  95.8   0.0
   34  0   654.21        4     231  0.51 2398.85  2379  25 1.4E-002 717.8   0.0
   35  0   662.35       59     152  0.78 2428.67  2418  16 2.0E-001  38.3   0.0
   36  0   675.79     4474     176  1.58 2477.95  2467  22 1.5E+001   1.6   0.0
   37  0   693.45        7      55  0.43 2542.68  2538  10 2.5E-002 154.6   0.0
   38  0   734.14        6      24  0.32 2691.82  2687  10 1.9E-002 139.4   0.0
Peak Analysis Report                    6/25/2018   4:10:05 PM          Page 14


   Pk IT  Energy      Area   Bkgnd  FWHM Channel  Left  PW  Cts/Sec  %err   Fit

   39  0   742.39       15      37  0.72 2722.04  2718  11 5.1E-002  67.2   0.0
   40  0   757.87        4      42  0.56 2778.80  2774  11 1.5E-002 230.6   0.0
   41  0   784.70        9      36  0.37 2877.14  2873  10 2.9E-002 109.8   0.0
   42  0   805.42        4      42  0.49 2953.06  2947  12 1.2E-002 300.4   0.0
   43  0   823.62     1184     129  1.82 3019.79  3009  21 3.9E+000   3.4   0.0
   44  0   865.25        3      32  0.32 3172.36  3168  10 1.1E-002 287.3   0.0
   45  0   889.96       29      22  0.50 3262.93  3258  12 9.5E-002  32.2   0.0
   46  0   895.78       20      24  0.37 3284.27  3280  10 6.6E-002  43.7   0.0
   47  0   899.95        8      25  0.53 3299.54  3294  11 2.7E-002 102.6   0.0
   48  0   997.02       11       5  0.39 3655.35  3651  10 3.7E-002  42.6   0.0
   49  0  1049.95        4      13  0.27 3849.37  3845  10 1.2E-002 169.0   0.0
   50  0  1088.07      874      31  1.89 3989.10  3977  25 2.9E+000   3.6   0.0
   51  0  1097.54      156      13  1.60 4023.80  4016  17 5.2E-001   9.0   0.0
   52  0  1294.24      178      27  1.49 4744.77  4733  22 5.9E-001   9.4   0.0
   53  0  1461.70      126       7  0.72 5358.56  5349  21 4.2E-001   9.7   0.0
   54  0  2114.81       20       1  0.41 7752.45  7747  12 6.6E-002  24.1   0.0

M = First peak in a multiplet region
m = Other peak in a multiplet region
F = Fitted singlet

Errors quoted at  1.000 sigma
Peak Analysis Report             6/25/2018   4:10:05 PM            Page 15


**************************************************************************
*****           P E A K    A N A L Y S I S    R E P O R T            *****
**************************************************************************


     Detector Name:  DSA1000A                        
     Sample Title:   Sample title.                                     
     Peak Analysis Performed on:  6/25/2018   4:10:04 PM
               Peak Analysis From Channel:      1
               Peak Analysis To Channel:     8192

   Peak  ROI  ROI   Energy   Net Peak Net Area  Continuum  Critical 
    No. start end    (keV)     Area    Uncert.    Counts     Level

    1    73-   82    20.50       323.0  198.32   1.73E+004  3.25E+002 
    2   185-  195    52.19        12.7  189.68   1.51E+004  3.12E+002 
    3   201-  209    55.39        -7.8  162.78   1.24E+004  2.68E+002 
    4   239-  268    68.85     30635.6  488.66   4.38E+004  7.51E+002 
    5   271-  279    74.72      -143.0  171.12   1.37E+004  2.82E+002 
    6   279-  290    77.84       831.3  237.59   2.20E+004  3.88E+002 
    7   291-  301    80.11      2388.1  216.41   1.83E+004  3.47E+002 
    8   301-  309    82.94      -890.2  164.25   1.30E+004  2.75E+002 
    9   309-  320    85.26       133.2  197.45   1.55E+004  3.24E+002 
   10   404-  412   111.00      -178.9  155.23   1.13E+004  2.56E+002 
   11   479-  487   131.43        67.7  154.00   1.11E+004  2.53E+002 
   12   504-  512   138.25         1.8  154.15   1.11E+004  2.54E+002 
   13   743-  760   205.97       279.4  295.68   2.68E+004  4.86E+002 
   14   847-  856   231.75       -39.6  198.72   1.75E+004  3.27E+002 
   15   962-  984   266.03       -53.5  293.93   2.23E+004  4.84E+002 
   16  1020- 1032   279.08       277.5  156.86   9.23E+003  2.57E+002 
   17  1064- 1076   290.94       -52.4  142.18   7.69E+003  2.34E+002 
   18  1097- 1110   300.87        12.7  139.22   7.02E+003  2.29E+002 
   19  1117- 1130   305.56       137.4  132.59   6.32E+003  2.17E+002 
   20  1134- 1146   310.00       -72.5  119.82   5.47E+003  1.98E+002 
 M 21  1487- 1548   408.00       702.6  117.46   5.37E+003  1.70E+002 
 m 22  1487- 1548   409.47      4261.4  648.79   5.18E+003  1.67E+002 
 m 23  1487- 1548   410.72     64596.5 4185.80   4.62E+003  1.58E+002 
 m 24  1487- 1548   411.71    836461.0 4653.72   3.93E+003  1.46E+002 
 m 25  1487- 1548   413.73      1654.3  127.28   2.82E+003  1.24E+002 
 m 26  1487- 1548   415.19       854.3   73.50   2.59E+003  1.18E+002 
 m 27  1487- 1548   416.79       595.1   55.34   2.58E+003  1.18E+002 
 m 28  1487- 1548   418.74       281.9   43.69   2.58E+003  1.18E+002 
   29  1746- 1770   480.15       299.9   59.24   7.78E+002  9.32E+001 
   30  1908- 1931   525.35       -28.2   42.92   4.67E+002  7.11E+001 
   31  2044- 2054   558.89       -10.2   19.48   1.60E+002  3.25E+001 
   32  2097- 2113   573.77        -3.2   26.86   2.30E+002  4.43E+001 
   33  2288- 2299   625.66        17.6   16.86   1.06E+002  2.69E+001 
   34  2379- 2403   654.21         4.3   30.92   2.31E+002  5.08E+001 
   35  2418- 2433   662.35        59.3   22.68   1.52E+002  3.51E+001 
   36  2467- 2488   675.79      4474.1   71.65   1.76E+002  4.22E+001 
   37  2538- 2547   693.45         7.4   11.48   5.46E+001  1.83E+001 
   38  2687- 2696   734.14         5.7    7.91   2.43E+001  1.24E+001 
   39  2718- 2728   742.39        15.2   10.23   3.68E+001  1.56E+001 
   40  2774- 2784   757.87         4.4   10.23   4.16E+001  1.65E+001 
   41  2873- 2882   784.70         8.8    9.63   3.62E+001  1.51E+001 
   42  2947- 2958   805.42         3.5   10.58   4.25E+001  1.71E+001 
Peak Analysis Report             6/25/2018   4:10:05 PM            Page 16


   Peak  ROI  ROI   Energy   Net Peak Net Area  Continuum  Critical 
    No. start end    (keV)     Area    Uncert.    Counts     Level

   43  3009- 3029   823.62      1184.1   40.66   1.29E+002  3.56E+001 
   44  3168- 3177   865.25         3.2    9.11   3.18E+001  1.47E+001 
   45  3258- 3269   889.96        28.6    9.20   2.24E+001  1.23E+001 
   46  3280- 3289   895.78        19.8    8.66   2.42E+001  1.22E+001 
   47  3294- 3304   899.95         8.0    8.25   2.50E+001  1.27E+001 
   48  3651- 3660   997.02        11.1    4.74   4.88E+000  5.54E+000 
   49  3845- 3854  1049.95         3.5    5.91   1.25E+001  9.23E+000 
   50  3977- 4001  1088.07       874.0   31.64   3.10E+001  1.85E+001 
   51  4016- 4032  1097.54       156.3   14.01   1.28E+001  1.04E+001 
   52  4733- 4754  1294.24       177.9   16.71   2.71E+001  1.66E+001 
   53  5349- 5369  1461.70       126.0   12.25   7.03E+000  8.08E+000 
   54  7747- 7758  2114.81        19.8    4.76   1.24E+000  2.82E+000 

M = First peak in a multiplet region
m = Other peak in a multiplet region
F = Fitted singlet

Errors quoted at  1.000 sigma
Peak with NID Report             6/25/2018   4:10:05 PM            Page 17


**************************************************************************
*****           P E A K    W I T H   N I D    R E P O R T            *****
**************************************************************************


     Detector Name:  DSA1000A                        
     Sample Title:   Sample title.                                     
     Peak Analysis Performed on:  6/25/2018   4:10:04 PM
               Peak Analysis From Channel:      1
               Peak Analysis To Channel:     8192
     Tentative NID Library:   C:\GENIE2K\CAMFILES\NAA LIB LONG.NLB     
     Peak Match Tolerance :    3.000 keV

   Peak  ROI  ROI    Peak    Energy   Net Peak Net Area  Continuum  Tentative
    No. Start End  Centroid   (keV)     Area    Uncert.    Counts    Nuclide 

    1    73-   82    76.07    20.50  3.23E+002  198.32   1.73E+004   .....    
    2   185-  195   192.22    52.19  1.27E+001  189.68   1.51E+004   .....    
    3   201-  209   203.96    55.39 -7.79E+000  162.78   1.24E+004   .....    
    4   239-  268   253.28    68.85  3.06E+004  488.66   4.38E+004   W-187    
    5   271-  279   274.80    74.72 -1.43E+002  171.12   1.37E+004   W-187    
    6   279-  290   286.22    77.84  8.31E+002  237.59   2.20E+004   AG-108m  
    7   291-  301   294.56    80.11  2.39E+003  216.41   1.83E+004   AG-108m  
    8   301-  309   304.93    82.94 -8.90E+002  164.25   1.30E+004   .....    
    9   309-  320   313.44    85.26  1.33E+002  197.45   1.55E+004   .....    
   10   404-  412   407.79   111.00 -1.79E+002  155.23   1.13E+004   YB-169   
                                                                     LU-177   
                                                                     LU-177x  
   11   479-  487   482.67   131.43  6.77E+001  154.00   1.11E+004   YB-169   
                                                                     HF-181   
                                                                     OS-191   
                                                                     HG-197   
                                                                     W-187    
                                                                     LU-177x  
   12   504-  512   507.67   138.25  1.83E+000  154.15   1.11E+004   RE-186   
                                                                     HF-181   
                                                                     SE-75    
   13   743-  760   755.87   205.97  2.79E+002  295.68   2.68E+004   AU-198m  
                                                                     LU-177x  
                                                                     LU-177   
   14   847-  856   850.38   231.75 -3.96E+001  198.72   1.75E+004   XE-133m  
                                                                     LU-177x  
   15   962-  984   976.00   266.03 -5.35E+001  293.93   2.23E+004   BI-210x  
                                                                     BI-210   
                                                                     SE-75    
                                                                     GE-77    
   16  1020- 1032  1023.85   279.08  2.78E+002  156.86   9.23E+003   HG-197   
                                                                     HG-203   
                                                                     SE-75    
                                                                     HO-166   
                                                                     BA-133   
                                                                     LU-177x  
   17  1064- 1076  1067.33   290.94 -5.24E+001  142.18   7.69E+003   CE-143   
   18  1097- 1110  1103.73   300.87  1.27E+001  139.22   7.02E+003   BA-133   
                                                                     TB-160   
   19  1117- 1130  1120.91   305.56  1.37E+002  132.59   6.32E+003   RH-105   
                                                                     BI-210x  
Peak with NID Report             6/25/2018   4:10:05 PM            Page 18

                                                                     BI-210   
                                                                     YB-169   
                                                                     BA-133   
                                                                     IR-192   
   20  1134- 1146  1137.20   310.00 -7.25E+001  119.82   5.47E+003   IR-192   
                                                                     YB-169   
 M 21  1487- 1548  1496.40   408.00  7.03E+002  117.46   5.37E+003   HO-166   
 m 22  1487- 1548  1501.79   409.47  4.26E+003  648.79   5.18E+003   HO-166   
                                                                     AU-198   
 m 23  1487- 1548  1506.34   410.72  6.46E+004 4185.80   4.62E+003   HO-166   
                                                                     AU-198   
                                                                     LU-177x  
 m 24  1487- 1548  1509.99   411.71  8.36E+005 4653.72   3.93E+003   AU-198   
                                                                     HO-166   
                                                                     LU-177x  
 m 25  1487- 1548  1517.38   413.73  1.65E+003  127.28   2.82E+003   LU-177x  
                                                                     AU-198   
                                                                     GE-77    
                                                                     HO-166   
 m 26  1487- 1548  1522.74   415.19  8.54E+002   73.50   2.59E+003   GE-77    
                                                                     LU-177x  
 m 27  1487- 1548  1528.61   416.79  5.95E+002   55.34   2.58E+003   GE-77    
                                                                     LU-177x  
 m 28  1487- 1548  1535.74   418.74  2.82E+002   43.69   2.58E+003   LU-177x  
                                                                     GE-77    
   29  1746- 1770  1760.83   480.15  3.00E+002   59.24   7.78E+002   W-187    
                                                                     HF-181   
   30  1908- 1931  1926.52   525.35 -2.82E+001   42.92   4.67E+002   CD-115   
   31  2044- 2054  2049.46   558.89 -1.02E+001   19.48   1.60E+002   AS-76    
                                                                     IN-114m  
                                                                     GE-77    
   32  2097- 2113  2104.00   573.77 -3.20E+000   26.86   2.30E+002   TE-121   
                                                                     HO-166   
   33  2288- 2299  2294.20   625.66  1.76E+001   16.86   1.06E+002   .....    
   34  2379- 2403  2398.85   654.21  4.31E+000   30.92   2.31E+002   AS-76    
   35  2418- 2433  2428.67   662.35  5.93E+001   22.68   1.52E+002   CE-143   
   36  2467- 2488  2477.95   675.79  4.47E+003   71.65   1.76E+002   AG-110m  
   37  2538- 2547  2542.68   693.45  7.43E+000   11.48   5.46E+001   .....    
   38  2687- 2696  2691.82   734.14  5.67E+000    7.91   2.43E+001   .....    
Peak with NID Report             6/25/2018   4:10:05 PM            Page 19


   Peak  ROI  ROI    Peak    Energy   Net Peak Net Area  Continuum  Tentative
    No. start end  centroid   (keV)     Area    Uncert.    Counts    Nuclide 

   39  2718- 2728  2722.04   742.39  1.52E+001   10.23   3.68E+001   ZR-97    
                                                                     AG-110m  
                                                                     MO-99    
   40  2774- 2784  2778.80   757.87  4.43E+000   10.23   4.16E+001   ZR-95    
   41  2873- 2882  2877.14   784.70  8.77E+000    9.63   3.62E+001   .....    
   42  2947- 2958  2953.06   805.42  3.52E+000   10.58   4.25E+001   Ca-47    
   43  3009- 3029  3019.79   823.62  1.18E+003   40.66   1.29E+002   .....    
   44  3168- 3177  3172.36   865.25  3.17E+000    9.11   3.18E+001   PA-232   
                                                                     LA-140   
   45  3258- 3269  3262.93   889.96  2.86E+001    9.20   2.24E+001   SC-46    
   46  3280- 3289  3284.27   895.78  1.98E+001    8.66   2.42E+001   PA-232   
                                                                     GA-72    
   47  3294- 3304  3299.54   899.95  8.05E+000    8.25   2.50E+001   .....    
   48  3651- 3660  3655.35   997.02  1.11E+001    4.74   4.88E+000   EU-154   
   49  3845- 3854  3849.37  1049.95  3.50E+000    5.91   1.25E+001   GA-72    
   50  3977- 4001  3989.10  1088.07  8.74E+002   31.64   3.10E+001   EU-152x  
                                                                     GE-77    
   51  4016- 4032  4023.80  1097.54  1.56E+002   14.01   1.28E+001   FE-59    
   52  4733- 4754  4744.77  1294.24  1.78E+002   16.71   2.71E+001   FE-59    
                                                                     Ca-47    
   53  5349- 5369  5358.56  1461.70  1.26E+002   12.25   7.03E+000   .....    
   54  7747- 7758  7752.45  2114.81  1.98E+001    4.76   1.24E+000   .....    

M = First peak in a multiplet region
m = Other peak in a multiplet region
F = Fitted singlet

Errors quoted at  1.000 sigma
Peak Efficiency Report             6/25/2018   4:10:05 PM          Page 20


**************************************************************************
*****         P E A K    E F F I C I E N C Y    R E P O R T          *****
**************************************************************************

     Detector Name:  DSA1000A                        
     Sample Title:   Sample title.                                     
     Peak Analysis Performed on:  6/25/2018   4:10:04 PM


 Peak  Energy   Net Peak  Net Area       Peak     Efficiency
 No.   (keV)      Area   Uncertainty  Efficiency  Uncertainty

    1    20.50  3.23E+002   198.32     2.39E-002    2.06E-003
    2    52.19  1.27E+001   189.68     2.39E-002    2.06E-003
    3    55.39 -7.79E+000   162.78     2.39E-002    2.06E-003
    4    68.85  3.06E+004   488.66     3.67E-002    8.34E-004
    5    74.72 -1.43E+002   171.12     4.74E-002    4.87E-004
    6    77.84  8.31E+002   237.59     5.39E-002    3.72E-004
    7    80.11  2.39E+003   216.41     5.90E-002    3.08E-004
    8    82.94 -8.90E+002   164.25     6.57E-002    2.45E-004
    9    85.26  1.33E+002   197.45     7.17E-002    2.05E-004
   10   111.00 -1.79E+002   155.23     9.28E-002    2.65E-004
   11   131.43  6.77E+001   154.00     9.31E-002    3.58E-004
   12   138.25  1.83E+000   154.15     9.32E-002    3.91E-004
   13   205.97  2.79E+002   295.68     8.31E-002    5.04E-004
   14   231.75 -3.96E+001   198.72     7.60E-002    4.41E-004
   15   266.03 -5.35E+001   293.93     6.84E-002    3.78E-004
   16   279.08  2.78E+002   156.86     6.60E-002    3.58E-004
   17   290.94 -5.24E+001   142.18     6.39E-002    3.41E-004
   18   300.87  1.27E+001   139.22     6.23E-002    3.29E-004
   19   305.56  1.37E+002   132.59     6.16E-002    3.23E-004
   20   310.00 -7.25E+001   119.82     6.09E-002    3.18E-004
 M 21   408.00  7.03E+002   117.46     4.94E-002    2.33E-004
 m 22   409.47  4.26E+003   648.79     4.93E-002    2.32E-004
 m 23   410.72  6.46E+004  4185.80     4.92E-002    2.31E-004
 m 24   411.71  8.36E+005  4653.72     4.91E-002    2.31E-004
 m 25   413.73  1.65E+003   127.28     4.89E-002    2.29E-004
 m 26   415.19  8.54E+002    73.50     4.88E-002    2.28E-004
 m 27   416.79  5.95E+002    55.34     4.86E-002    2.27E-004
 m 28   418.74  2.82E+002    43.69     4.85E-002    2.26E-004
   29   480.15  3.00E+002    59.24     4.30E-002    2.21E-004
   30   525.35 -2.82E+001    42.92     3.96E-002    2.22E-004
   31   558.89 -1.02E+001    19.48     3.75E-002    2.22E-004
   32   573.77 -3.20E+000    26.86     3.66E-002    2.22E-004
   33   625.66  1.76E+001    16.86     3.39E-002    2.19E-004
   34   654.21  4.31E+000    30.92     3.26E-002    2.16E-004
   35   662.35  5.93E+001    22.68     3.23E-002    2.15E-004
   36   675.79  4.47E+003    71.65     3.17E-002    2.14E-004
   37   693.45  7.43E+000    11.48     3.10E-002    2.12E-004
   38   734.14  5.67E+000     7.91     2.95E-002    2.08E-004
   39   742.39  1.52E+001    10.23     2.92E-002    2.07E-004
   40   757.87  4.43E+000    10.23     2.87E-002    2.06E-004
   41   784.70  8.77E+000     9.63     2.78E-002    2.04E-004
   42   805.42  3.52E+000    10.58     2.72E-002    2.02E-004
Peak Efficiency Report             6/25/2018   4:10:05 PM          Page 21


 Peak  Energy   Net Peak  Net Area       Peak     Efficiency
 No.   (keV)      Area   Uncertainty  Efficiency  Uncertainty

   43   823.62  1.18E+003    40.66     2.67E-002    2.00E-004
   44   865.25  3.17E+000     9.11     2.54E-002    1.73E-004
   45   889.96  2.86E+001     9.20     2.47E-002    1.55E-004
   46   895.78  1.98E+001     8.66     2.46E-002    1.51E-004
   47   899.95  8.05E+000     8.25     2.44E-002    1.48E-004
   48   997.02  1.11E+001     4.74     2.20E-002    9.90E-005
   49  1049.95  3.50E+000     5.91     2.09E-002    8.07E-005
   50  1088.07  8.74E+002    31.64     2.02E-002    7.01E-005
   51  1097.54  1.56E+002    14.01     2.00E-002    6.77E-005
   52  1294.24  1.78E+002    16.71     1.73E-002    4.89E-005
   53  1461.70  1.26E+002    12.25     1.69E-002    4.80E-005
   54  2114.81  1.98E+001     4.76     1.69E-002    4.80E-005


M = First peak in a multiplet region
m = Other peak in a multiplet region
F = Fitted singlet

Errors quoted at  1.000 sigma
Background Subtract Report             6/25/2018   4:10:05 PM      Page 22

No background subtract performed on this spectrum.
No area correction performed on this spectrum.
Nuclide Identification Report        6/25/2018   4:10:05 PM        Page 23


*************************************************************************
*****   N U C L I D E   I D E N T I F I C A T I O N   R E P O R T   *****
*************************************************************************

     Sample Title:         Sample title.                           
     Nuclide Library Used: C:\GENIE2K\CAMFILES\NAA LIB LONG.NLB    

   ....................    IDENTIFIED NUCLIDES     ....................

   Nuclide    Id       Energy   Yield     Activity     Activity
   Name    Confidence  (keV)     (%)     (uCi/Unit)   Uncertainty

   SC-46     0.242    889.28*   99.98    1.042E-004   3.355E-005
                     1120.55    99.99
   Ca-47     0.701    489.23     5.90
                      807.86*    5.90    1.978E-004   5.941E-004
                     1297.09*   67.00    1.386E-003   1.302E-004
   FE-59     0.920   1099.25*   56.50    1.245E-003   1.165E-004
                     1291.60*   43.20    2.149E-003   2.092E-004
   AS-76     0.982    559.10*   45.00   -5.454E-005   1.042E-004
                      657.05*    6.20    1.922E-004   1.380E-003
   GE-77     0.185    211.03    30.80
                      215.50    28.60
                      264.44*   53.90   -1.310E-004   7.201E-004
                      367.40    14.00
                      416.33*   21.80    5.070E-003   4.923E-004
                      558.02*   16.10   -1.527E-004   2.916E-004
                      631.82     6.95
                      714.35     7.17
                     1085.19*    6.05    6.465E-002   2.845E-003
   ZR-95     0.264    724.20    44.15
                      756.73*   54.50    2.556E-005   5.894E-005
   ZR-97     0.886    507.66     5.30
                      743.33*   94.80    4.966E-005   3.337E-005
   MO-99     0.159    181.06     6.08
                      739.58*   12.13    3.876E-004   2.605E-004
   TE-121    0.692    507.59    17.70
                      573.14*   80.30   -9.816E-006   8.232E-005
   XE-133m   0.962    233.22*   10.00   -4.697E-004   2.358E-003
   CE-143    0.801    293.27*   42.80   -1.728E-004   4.687E-004
                      664.57*    5.69    2.913E-003   1.115E-003
                      721.93     5.39
   LU-177    0.915    112.95*    6.40   -2.714E-003   2.361E-003
                      208.36*   11.00    2.754E-003   2.922E-003
   RE-186    0.979    137.16*    8.20    2.158E-005   1.819E-003
   W-187     0.190     59.72     7.20
                       61.14    12.50
                       69.30*    5.36    1.403E+000   6.952E-002
                       72.00*   11.10   -2.450E-003   2.933E-003
                      134.25*    8.80    7.452E-004   1.696E-003
                      479.55*   21.80    2.887E-003   5.803E-004
                      551.52     5.08
                      618.26     6.28
                      685.73    27.30
Nuclide Identification Report        6/25/2018   4:10:05 PM        Page 24


   Nuclide    Id       Energy   Yield    Activity     Activity
   Name    Confidence  (keV)     (%)    (uCi/Unit)   Uncertainty

   AU-198    1.000    411.80*   95.58    1.606E+000   1.187E-002
   HG-203    1.000    279.20*   81.46    4.653E-004   2.630E-004
   BI-210    0.992    265.60*   50.00   -1.408E-004   7.743E-004
                      304.60*   28.00    7.177E-004   7.003E-004

       * = Energy line found in the spectrum.
       Energy Tolerance :    3.000 keV
       Nuclide confidence index threshold =   0.05
       Errors quoted at  1.000 sigma

Nuclide Identification Report        6/25/2018   4:10:05 PM        Page 25


   **********   U N I D E N T I F I E D   P E A K S   **********

               Peak Locate Performed on:  6/25/2018   4:10:03 PM
               Peak Locate From Channel:      1
               Peak Locate To Channel:    65535

       Peak   Energy           Peak Size in        Peak CPS
        No.   (keV)          Counts per Second   % Uncertainty

         1    20.50             1.0768E+000          61.39
         2    52.19             4.2282E-002        1495.36
         3    55.39            -2.5964E-002        -2089.7
         6    77.84             2.7709E+000          28.58
         7    80.11             7.9604E+000           9.06
         8    82.94            -2.9672E+000         -18.45
         9    85.26             4.4405E-001         148.22
        18   300.87             4.2393E-002        1094.70
        20   310.00            -2.4166E-001        -165.28
      M 21   408.00             2.3420E+000          16.72
      m 22   409.47             1.4205E+001          15.22
      m 23   410.72             2.1532E+002           6.48
      m 25   413.73             5.5143E+000           7.69
      m 26   415.19             2.8477E+000           8.60
      m 28   418.74             9.3975E-001          15.50
        30   525.35            -9.4024E-002        -152.15
        33   625.66             5.8656E-002          95.79
        36   675.79             1.4914E+001           1.60
        37   693.45             2.4758E-002         154.60
        38   734.14             1.8917E-002         139.37
        41   784.70             2.9222E-002         109.84
        43   823.62             3.9471E+000           3.43
        44   865.25             1.0571E-002         287.26
        46   895.78             6.6061E-002          43.68
        47   899.95             2.6818E-002         102.56
        48   997.02             3.7083E-002          42.61
        49  1049.95             1.1667E-002         168.95
        53  1461.70             4.1991E-001           9.72
        54  2114.81             6.5873E-002          24.11

       M = First peak in a multiplet region
       m = Other peak in a multiplet region
       F = Fitted singlet

       Errors quoted at  1.000 sigma
Interference Corrected Activity Report    6/25/2018   4:10:05 PM   Page 26


*************************************************************************
*****   N U C L I D E   I D E N T I F I C A T I O N   R E P O R T   *****
*************************************************************************

     Sample Title:         Sample title.                           
     Nuclide Library Used: C:\GENIE2K\CAMFILES\NAA LIB LONG.NLB    

   ....................    IDENTIFIED NUCLIDES     ....................

   Nuclide    Id       Energy    Yield     Activity     Activity
   Name    Confidence  (keV)      (%)     (uCi/Unit)   Uncertainty

   SC-46     0.242    889.28*    99.98   1.04227E-004  3.35514E-005
                     1120.55     99.99
   Ca-47     0.701    489.23      5.90
                      807.86*     5.90   1.97794E-004  5.94087E-004
                     1297.09*    67.00   1.38583E-003  1.30234E-004
   FE-59     0.920   1099.25*    56.50   1.24483E-003  1.16490E-004
                     1291.60*    43.20   2.14874E-003  2.09210E-004
   AS-76     0.982    559.10*    45.00  -5.45428E-005  1.04176E-004
                      657.05*     6.20   1.92245E-004  1.37994E-003
   GE-77     0.185    211.03     30.80
                      215.50     28.60
                      264.44*    53.90  -1.30972E-004  7.20107E-004
                      367.40     14.00
                      416.33*    21.80   5.06951E-003  4.92273E-004
                      558.02*    16.10  -1.52698E-004  2.91595E-004
                      631.82      6.95
                      714.35      7.17
                     1085.19*     6.05   6.46471E-002  2.84544E-003
   ZR-95     0.264    724.20     44.15
                      756.73*    54.50   2.55628E-005  5.89439E-005
   ZR-97     0.886    507.66      5.30
                      743.33*    94.80   4.96643E-005  3.33694E-005
   MO-99     0.159    181.06      6.08
                      739.58*    12.13   3.87591E-004  2.60483E-004
   TE-121    0.692    507.59     17.70
                      573.14*    80.30  -9.81582E-006  8.23220E-005
   XE-133m   0.962    233.22*    10.00  -4.69740E-004  2.35789E-003
   CE-143    0.801    293.27*    42.80  -1.72791E-004  4.68655E-004
                      664.57*     5.69   2.91334E-003  1.11534E-003
                      721.93      5.39
   LU-177    0.915    112.95*     6.40  -2.71403E-003  2.36054E-003
                      208.36*    11.00   2.75393E-003  2.92175E-003
   RE-186    0.979    137.16*     8.20   2.15806E-005  1.81869E-003
   W-187     0.190     59.72      7.20
                       61.14     12.50
                       69.30*     5.36   1.40341E+000  6.95201E-002
                       72.00*    11.10  -2.45018E-003  2.93270E-003
                      134.25*     8.80   7.45188E-004  1.69632E-003
                      479.55*    21.80   2.88733E-003  5.80299E-004
                      551.52      5.08
                      618.26      6.28
                      685.73     27.30
Interference Corrected Activity Report    6/25/2018   4:10:05 PM   Page 27


   Nuclide    Id       Energy    Yield    Activity     Activity
   Name    Confidence  (keV)      (%)    (uCi/Unit)   Uncertainty

   AU-198    1.000    411.80*    95.58   1.60645E+000  1.18666E-002
   HG-203    1.000    279.20*    81.46   4.65255E-004  2.62963E-004
   BI-210    0.992    265.60*    50.00  -1.40784E-004  7.74309E-004
                      304.60*    28.00   7.17704E-004  7.00276E-004

       * = Energy line found in the spectrum.
       @ = Energy line not used for Weighted Mean Activity
       Energy Tolerance :    3.000 keV
       Nuclide confidence index threshold =   0.05
       Errors quoted at  1.000 sigma

Interference Corrected Activity Report    6/25/2018   4:10:05 PM   Page 28


*************************************************************************
*****   I N T E R F E R E N C E   C O R R E C T E D   R E P O R T   *****
*************************************************************************


                 Nuclide       Wt mean         Wt mean
       Nuclide     Id          Activity        Activity
       Name     Confidence    (uCi/Unit)      Uncertainty

       SC-46      0.242      1.042266E-004   3.355142E-005
       Ca-47      0.701      5.602303E-004   1.443708E-004
       FE-59      0.920      1.253090E-003   1.109286E-004
    X  SE-75      0.695
       AS-76      0.982      1.922454E-004   1.379852E-003
       GE-77      0.185      7.378533E-003   4.628473E-004
       ZR-95      0.264      2.556280E-005   5.894390E-005
    ?  ZR-97      0.886      4.966429E-005   3.336940E-005
    ?  MO-99      0.159      3.875914E-004   2.604829E-004
       TE-121     0.692     -9.815821E-006   8.232203E-005
       XE-133m    0.962     -4.697404E-004   2.357885E-003
       CE-143     0.801      2.913341E-003   1.115340E-003
       LU-177     0.915      2.753926E-003   2.921752E-003
    X  HF-181     0.782
       RE-186     0.979      2.158056E-005   1.818689E-003
       W-187      0.190      2.750270E-003   5.490431E-004
    X  OS-191     0.931
    X  HG-197     0.904
       AU-198     1.000      1.606446E+000   1.186664E-002
       HG-203     1.000      4.652553E-004   2.629635E-004
       BI-210     0.992      7.177045E-004   6.927298E-004
    X  BI-210x    0.993

       ? = nuclide is part of an undetermined solution
       X = nuclide rejected by the interference analysis
       @ = nuclide contains energy lines not used in Weighted Mean Activity

       Errors quoted at  1.000 sigma

Interference Corrected Activity Report    6/25/2018   4:10:05 PM   Page 29


   **********   U N I D E N T I F I E D   P E A K S   **********

               Peak Locate Performed on:  6/25/2018   4:10:03 PM
               Peak Locate From Channel:      1
               Peak Locate To Channel:    65535

       Peak   Energy           Peak Size in        Peak CPS
        No.   (keV)          Counts per Second   % Uncertainty

         1    20.50             1.0768E+000          61.39
         2    52.19             4.2282E-002        1495.36
         3    55.39            -2.5964E-002        -2089.7
         6    77.84             2.7709E+000          28.58
         7    80.11             7.9604E+000           9.06
         8    82.94            -2.9672E+000         -18.45
         9    85.26             4.4405E-001         148.22
        18   300.87             4.2393E-002        1094.70
        20   310.00            -2.4166E-001        -165.28
      M 21   408.00             2.3420E+000          16.72
      m 22   409.47             1.4205E+001          15.22
      m 23   410.72             2.1532E+002           6.48
      m 25   413.73             5.5143E+000           7.69
      m 26   415.19             2.8477E+000           8.60
      m 28   418.74             9.3975E-001          15.50
        30   525.35            -9.4024E-002        -152.15
        33   625.66             5.8656E-002          95.79
        36   675.79             1.4914E+001           1.60
        37   693.45             2.4758E-002         154.60
        38   734.14             1.8917E-002         139.37
        41   784.70             2.9222E-002         109.84
        43   823.62             3.9471E+000           3.43
        44   865.25             1.0571E-002         287.26
        46   895.78             6.6061E-002          43.68
        47   899.95             2.6818E-002         102.56
        48   997.02             3.7083E-002          42.61
        49  1049.95             1.1667E-002         168.95
        53  1461.70             4.1991E-001           9.72
        54  2114.81             6.5873E-002          24.11

       M = First peak in a multiplet region
       m = Other peak in a multiplet region
       F = Fitted singlet

       Errors quoted at  1.000 sigma
Nuclide MDA Report                      6/25/2018   4:10:05 PM     Page 30


No MDA analysis results available for reporting purposes
Nuclide MDA Report                      6/25/2018   4:10:05 PM     Page 31


No MDA analysis results available for reporting purposes
Action Level Summary Report             6/25/2018   4:10:05 PM     Page 32


No Action Level results available for reporting purposes
Auto Gain Adjust                     6/25/2018   4:10:05 PM       Page 33


*************************************************************************
*****                 A U T O  G A I N   A D J U S T                *****
*************************************************************************

Report Generated On:                               6/25/2018   4:10:05 PM


Status:                                                                 
No AGA results for reporting.


This report is valid only if a Certificate was the source of the true values.


Status:                                                                 
No AGA results for reporting.

