*************************************************************************
*****        G A M M A   S P E C T R U M    A N A L Y S I S         *****
*************************************************************************


Filename: DSA1000A                                                     

Report Generated On             : 6/25/2018   9:49:23 PM

Sample Title                    : Sample title.                          
Sample Description              :                                 
Sample Identification           :                 
Sample Type                     :                 
Sample Geometry                 :                 

Peak Locate Threshold           :  2.50
Peak Locate Range (in channels) :     1 - 65535
Peak Area Range (in channels)   :   100 -  8172
Identification Energy Tolerance :    3.000 keV

Sample Size                     :  1.000E+000 Unit    

Sample Taken On                 :                       
Acquisition Started             : 6/25/2018   9:47:52 PM

Live Time                       :       60.0 seconds
Real Time                       :       64.0 seconds

Dead Time                       :   6.24 %


              Energy Calibration Used Done On       : 6/23/2018 
              Efficiency Calibration Used Done On   : 6/23/2018 
              Efficiency ID                         :                        

Peak Analysis Report             6/25/2018   9:49:24 PM            Page  2


**************************************************************************
*****           P E A K    A N A L Y S I S    R E P O R T            *****
**************************************************************************


     Detector Name:  DSA1000A                        
     Sample Title:   Sample title.                                     
     Peak Analysis Performed on:  6/25/2018   9:49:24 PM
               Peak Analysis From Channel:      1
               Peak Analysis To Channel:     8192

   Peak  ROI  ROI    Peak    Energy   FWHM  Net Peak  Net Area  Continuum 
    No. start end  centroid   (keV)   (keV)  Area     Uncert.    Counts 

    1   161-  170   163.55    44.37   0.27       -16.4   43.53   8.39E+002 
    2   393-  401   397.09   108.08   0.47        51.6   37.77   6.41E+002 
 M  3   491-  516   496.26   135.14   1.24        90.6   27.05   9.81E+002 
 m  4   491-  516   503.39   137.08   1.24       285.3   59.54   1.12E+003 
 m  5   491-  516   508.23   138.41   1.24      3506.9   89.68   1.11E+003 
    6   587-  606   596.00   162.35   0.27        55.0   71.90   1.46E+003 
    7   836-  847   842.20   229.52   0.51        33.7   48.07   9.04E+002 
    8   926-  939   932.47   254.15   0.27        26.5   53.74   1.04E+003 
    9   959-  975   966.15   263.34   0.38       166.3   57.98   1.02E+003 
 M 10  1015- 1035  1021.79   278.52   0.41        44.0   14.46   3.44E+002 
 m 11  1015- 1035  1030.12   280.79   0.41        28.8   15.31   3.42E+002 
   12  1152- 1163  1159.60   316.11   0.27        29.7   37.70   5.55E+002 
   13  1188- 1204  1195.58   325.93   0.61        75.1   49.52   7.60E+002 
   14  1221- 1243  1233.03   336.15   1.32      1552.5   73.92   1.01E+003 
   15  1294- 1311  1303.31   355.32   1.25       403.1   53.22   7.47E+002 
   16  1381- 1389  1384.97   377.60   0.39        14.6   29.45   3.96E+002 
   17  1444- 1456  1451.11   395.65   0.27       -15.5   36.97   5.26E+002 
   18  1510- 1538  1528.89   416.87   1.45     14513.7  147.46   1.46E+003 
 M 19  1632- 1647  1634.74   445.74   0.34        23.2    1.92   1.89E+002 
 m 20  1632- 1647  1641.22   447.51   0.34        25.8    2.28   1.90E+002 
   21  1648- 1658  1651.24   450.25   0.27         6.5   31.50   4.14E+002 
   22  1688- 1705  1698.73   463.20   1.42       212.2   48.76   6.66E+002 
   23  1838- 1849  1842.41   502.40   0.27       -11.0   32.70   4.29E+002 
   24  1968- 1982  1972.56   537.91   0.44       -44.2   40.63   5.84E+002 
   25  2035- 2052  2047.30   558.30   0.39         8.5   45.73   6.40E+002 
   26  2090- 2102  2096.07   571.61   0.34        11.1   36.00   4.88E+002 
   27  2127- 2149  2137.57   582.93   0.27        -8.2   58.99   8.99E+002 
   28  2203- 2216  2211.60   603.13   0.32         6.9   39.31   5.58E+002 
   29  2401- 2417  2412.14   657.84   0.27        33.7   43.86   6.00E+002 
   30  2430- 2442  2435.50   664.21   0.31       -18.9   35.87   4.94E+002 
   31  2561- 2572  2566.64   699.99   0.46         5.6   33.49   4.45E+002 
   32  2617- 2636  2626.93   716.44   0.29        28.5   51.90   7.61E+002 
   33  2848- 2867  2856.04   778.95   0.37       150.9   54.38   8.01E+002 
   34  2979- 3013  3002.59   818.93   1.74      3473.0  109.81   1.54E+003 
   35  3248- 3271  3263.44   890.10   0.35        15.7   70.09   1.22E+003 
   36  3380- 3394  3388.50   924.22   0.61        48.5   42.46   6.09E+002 
   37  3483- 3492  3487.73   951.29   0.27       -18.1   29.19   3.84E+002 
   38  3562- 3579  3574.00   974.82   0.62        53.1   48.44   7.03E+002 
   39  3637- 3658  3653.61   996.54   0.94        89.8   55.83   8.06E+002 
   40  3928- 3939  3933.99  1073.04   0.50        -6.6   37.36   5.58E+002 
   41  4005- 4036  4024.50  1097.73   1.90     14491.5  146.32   1.31E+003 
   42  4160- 4172  4164.82  1136.02   0.41         1.7   27.52   2.83E+002 
Peak Analysis Report             6/25/2018   9:49:24 PM            Page  3


   Peak  ROI  ROI    Peak    Energy   FWHM  Net Peak  Net Area  Continuum 
    No. start end  centroid   (keV)   (keV)  Area     Uncert.    Counts 

   43  4238- 4248  4243.43  1157.46   0.43        33.0   22.23   1.93E+002 
   44  4319- 4329  4324.08  1179.47   0.70        10.0   19.93   1.60E+002 
   45  4382- 4392  4386.55  1196.51   0.27         6.6   18.30   1.37E+002 
   46  4522- 4543  4533.20  1236.52   1.66       247.0   36.62   2.88E+002 
   47  4722- 4757  4744.97  1294.29   2.01     18046.7  144.63   5.00E+002 
   48  5142- 5153  5147.63  1404.15   0.31         8.5   13.76   7.15E+001 
   49  5242- 5260  5251.45  1432.47   0.91       121.8   20.07   8.32E+001 
   50  5351- 5365  5359.05  1461.83   0.85        29.2   16.64   8.58E+001 
   51  5517- 5544  5531.10  1508.77   2.26      1935.2   53.77   2.13E+002 
   52  5729- 5740  5734.20  1564.18   0.46         9.6   11.83   5.04E+001 
   53  5806- 5817  5811.50  1585.27   0.27         4.5   11.91   5.15E+001 
   54  5862- 5892  5874.40  1602.43   1.01       153.9   29.34   1.45E+002 
   55  6268- 6285  6277.59  1712.43   1.42       104.2   21.84   1.14E+002 
   56  6317- 6329  6322.45  1724.67   0.38        25.3   12.17   4.67E+001 
   57  6415- 6441  6429.67  1753.93   2.20       372.7   34.23   1.83E+002 
   58  7136- 7147  7141.10  1948.02   0.33        16.1   10.18   3.29E+001 
   59  7234- 7245  7239.18  1974.78   0.30         8.8   10.54   4.02E+001 
   60  7562- 7573  7567.44  2064.34   0.44         1.7    8.32   2.63E+001 
   61  7732- 7766  7751.52  2114.56   2.30      2309.6   52.84   8.84E+001 
 M 62  7930- 7954  7935.25  2164.68   0.50         2.4    5.13   1.25E+001 
 m 63  7930- 7954  7948.30  2168.25   0.50         3.8    7.98   9.88E+000 

M = First peak in a multiplet region
m = Other peak in a multiplet region
F = Fitted singlet

Errors quoted at  1.000 sigma
Nuclide Identification Report        6/25/2018   9:49:24 PM        Page  4


No nuclide identification results available for reporting purposes
*************************************************************************
*****        G A M M A   S P E C T R U M    A N A L Y S I S         *****
*************************************************************************


Filename: DSA1000A                                                     

Report Generated On             : 6/25/2018   9:49:24 PM

Sample Title                    : Sample title.                          
Sample Description              :                                 
Sample Identification           :                 
Sample Type                     :                 
Sample Geometry                 :                 

Peak Locate Threshold           :  2.50
Peak Locate Range (in channels) :     1 - 65535
Peak Area Range (in channels)   :     1 -  8192
Identification Energy Tolerance :    3.000 keV

Sample Size                     :  1.000E+000 Unit    

Sample Taken On                 :                       
Acquisition Started             : 6/25/2018   9:47:52 PM

Live Time                       :       60.0 seconds
Real Time                       :       64.0 seconds

Dead Time                       :   6.24 %


              Energy Calibration Used Done On       : 6/23/2018 
              Efficiency Calibration Used Done On   : 6/23/2018 
              Efficiency ID                         :                        

Energy Calibration Report            6/25/2018   9:49:24 PM       Page  5


**************************************************************************
*****       E N E R G Y   C A L I B R A T I O N   R E P O R T        *****
**************************************************************************

     Detector Name:  DSA1000A                        
     Sample Title:   Sample title.                                     

       *************  ENERGY CALIBRATION COEFFICIENTS  *************

               Energy Calibrate Performed on:  6/23/2018  12:56:08 PM
                       by:                       
               Energy Calibrate Type:          POLY    

   Energy(keV) =    -0.253 +     0.273*ch +  0.00E+000*ch^2 +  0.00E+000*ch^3

       *************  SHAPE CALIBRATION COEFFICIENTS   *************

               Shape Calibrate Performed on:  6/23/2018  12:56:08 PM
                       by:                        

               FWHM     =     0.795  +   0.026*E^1/2

               LOW TAIL =   0.0E+000 +  0.0E+000*E

****************     ENERGY CALIBRATION RESULTS TABLE     ****************

                    Centroid      Centroid         Energy
                    Channel       error            (keV )
                      220.59        0.07             60.01
                      317.99        0.02             86.54
                      386.80        0.01            105.31
                      451.84        0.03            122.06
                     2426.14        0.01            661.66
                     3062.96        0.38            834.83

       *********     SHAPE CALIBRATION RESULTS TABLE      *********

             Energy     FWHM       FWHM         TAIL        TAIL
             (keV )     channels   error        channels    error
               60.01      3.13      0.17           0.00      0.00
               86.54      3.87      0.04           0.00      0.00
              105.31      3.88      0.01           0.00      0.00
              122.06      3.92      0.07           0.00      0.00
              661.66      5.34      0.01           0.00      0.00
              834.83      1.36      0.55           0.00      0.00
Efficiency Calibration Report             6/25/2018   9:49:24 PM   Page  6


**************************************************************************
*****   E F F I C I E N C Y   C A L I B R A T I O N    R E P O R T   *****
**************************************************************************

     Detector Name:  DSA1000A                        
     Sample Title:   Sample title.                                     

     Geometry Description:                 
     Efficiency Calibration Performed on:  6/23/2018   4:29:36 PM
                       by:                         
     Geometry Type Used:   INTERPOL        

                            Efficiency Triplets
                            ===================

                   Energy         Efficiency        Error

                     60.00         2.39E-002      2.06E-003
                     86.50         7.50E-002      1.86E-004
                    105.30         9.27E-002      2.42E-004
                    176.30         9.35E-002      6.01E-004
                    427.90         4.77E-002      2.21E-004
                    600.60         3.51E-002      2.22E-004
                    834.80         2.64E-002      2.00E-004
                   1173.20         1.87E-002      5.20E-005
                   1332.50         1.69E-002      4.80E-005

                      DUAL Efficiency Calibration Equation
                      ====================================

         Single Equation Terms ->   Offset:     -143.191
                                     Slope:       91.147
                                 Quadratic:      -21.757
                                     Cubic:        2.279
                                 4th Order:       -0.089
                                 5th Order:        0.000
                                 6th Order:        0.000
                                 7th Order:        0.000
                                 8th Order:        0.000
                                 9th Order:        0.000
Efficiency Calibration Report             6/25/2018   9:49:24 PM   Page  7


                      EMPIRICAL Efficiency Calibration Equation
                      =========================================

      Empirical Equation Terms ->  Scaling:      696.250
                                    Offset:       -3.494
                                     Slope:        0.899
                                 Quadratic:        0.043
                                     Cubic:        0.059
                                 4th Order:       -0.089
                                 5th Order:        0.000

                      LINEAR Efficiency Calibration Equation
                      ======================================

         Linear Equation Terms ->   Offset:       -0.000
                                     Slope:       -1.569
                                 Quadratic:      189.136
                                     Cubic:   -17233.867
                                 4th Order:   376762.938
                                 5th Order:        0.000
                                 6th Order:        0.000
                                 7th Order:        0.000
                                 8th Order:        0.000
                                 9th Order:        0.000
Peak-to-Total Calibration Report          6/25/2018   9:49:24 PM   Page  8


**************************************************************************
**   P E A K - T O - T O T A L   C A L I B R A T I O N   R E P O R T   ***
**************************************************************************

     Detector Name:  DSA1000A                        
     Sample Title:   Sample title.                                     


                  Peak-to-Total Calibration Equation
                  =============================================

                                 No Peak-to-Total Equation

Peak Locate Analysis Report             6/25/2018   9:49:24 PM     Page  9

**************************************************************************
*****             P E A K    L O C A T E    R E P O R T              *****
**************************************************************************

     Detector Name:  DSA1000A                        
     Sample Title:   Sample title.                                     
               Peak Locate Performed on:  6/25/2018   9:49:23 PM
               Peak Locate From Channel:      1
               Peak Locate To Channel:    65535
               Peak Search Sensitivity:     2.50

     Peak   Centroid    Centroid     Energy       Peak
      No.    Channel   Uncertainty   (keV)    Significance

       1      163.55      <NA>         44.37      <NA> 
       2      397.09      <NA>        108.08      <NA> 
       3      499.00      <NA>        135.14      <NA> 
       4      503.00      <NA>        137.08      <NA> 
       5      508.11      <NA>        138.41      <NA> 
       6      596.00      <NA>        162.35      <NA> 
       7      842.20      <NA>        229.52      <NA> 
       8      932.47      <NA>        254.15      <NA> 
       9      966.15      <NA>        263.34      <NA> 
      10     1022.48      <NA>        278.52      <NA> 
      11     1029.80      <NA>        280.79      <NA> 
      12     1159.60      <NA>        316.11      <NA> 
      13     1195.58      <NA>        325.93      <NA> 
      14     1233.03      <NA>        336.15      <NA> 
      15     1303.31      <NA>        355.32      <NA> 
      16     1384.97      <NA>        377.60      <NA> 
      17     1451.11      <NA>        395.65      <NA> 
      18     1528.89      <NA>        416.87      <NA> 
      19     1635.67      <NA>        445.74      <NA> 
      20     1641.00      <NA>        447.51      <NA> 
      21     1651.24      <NA>        450.25      <NA> 
      22     1698.73      <NA>        463.20      <NA> 
      23     1842.41      <NA>        502.40      <NA> 
      24     1972.56      <NA>        537.91      <NA> 
      25     2047.30      <NA>        558.30      <NA> 
      26     2096.07      <NA>        571.61      <NA> 
      27     2137.57      <NA>        582.93      <NA> 
      28     2211.60      <NA>        603.13      <NA> 
      29     2412.14      <NA>        657.84      <NA> 
      30     2435.50      <NA>        664.21      <NA> 
      31     2566.64      <NA>        699.99      <NA> 
      32     2626.93      <NA>        716.44      <NA> 
      33     2856.04      <NA>        778.95      <NA> 
      34     3002.59      <NA>        818.93      <NA> 
      35     3263.44      <NA>        890.10      <NA> 
      36     3388.50      <NA>        924.22      <NA> 
      37     3487.73      <NA>        951.29      <NA> 
      38     3574.00      <NA>        974.82      <NA> 
      39     3653.61      <NA>        996.54      <NA> 
      40     3933.99      <NA>       1073.04      <NA> 
      41     4024.50      <NA>       1097.73      <NA> 
Peak Locate Analysis Report             6/25/2018   9:49:24 PM     Page 10


     Peak   Centroid    Centroid     Energy       Peak
      No.    Channel   Uncertainty   (keV)    Significance

      42     4164.82      <NA>       1136.02      <NA> 
      43     4243.43      <NA>       1157.46      <NA> 
      44     4324.08      <NA>       1179.47      <NA> 
      45     4386.55      <NA>       1196.51      <NA> 
      46     4533.20      <NA>       1236.52      <NA> 
      47     4744.97      <NA>       1294.29      <NA> 
      48     5147.63      <NA>       1404.15      <NA> 
      49     5251.45      <NA>       1432.47      <NA> 
      50     5359.05      <NA>       1461.83      <NA> 
      51     5531.10      <NA>       1508.77      <NA> 
      52     5734.20      <NA>       1564.18      <NA> 
      53     5811.50      <NA>       1585.27      <NA> 
      54     5874.40      <NA>       1602.43      <NA> 
      55     6277.59      <NA>       1712.43      <NA> 
      56     6322.45      <NA>       1724.67      <NA> 
      57     6429.67      <NA>       1753.93      <NA> 
      58     7141.10      <NA>       1948.02      <NA> 
      59     7239.18      <NA>       1974.78      <NA> 
      60     7567.44      <NA>       2064.34      <NA> 
      61     7751.52      <NA>       2114.56      <NA> 
      62     7935.55      <NA>       2164.68      <NA> 
      63     7948.87      <NA>       2168.25      <NA> 

? = Adjacent peak noted

Errors quoted at  1.000 sigma
Peak Analysis Report             6/25/2018   9:49:24 PM            Page 11


**************************************************************************
*****           P E A K    A N A L Y S I S    R E P O R T            *****
**************************************************************************


     Detector Name:  DSA1000A                        
     Sample Title:   Sample title.                                     
     Peak Analysis Performed on:  6/25/2018   9:49:24 PM
               Peak Analysis From Channel:      1
               Peak Analysis To Channel:     8192

   Peak  ROI  ROI    Peak    Energy   FWHM  Net Peak  Net Area  Continuum 
    No. start end  centroid   (keV)   (keV)  Area     Uncert.    Counts 

    1   161-  170   163.55    44.37   0.27       -16.4   43.53   8.39E+002 
    2   393-  401   397.09   108.08   0.47        51.6   37.77   6.41E+002 
 M  3   491-  516   496.26   135.14   1.24        90.6   27.05   9.81E+002 
 m  4   491-  516   503.39   137.08   1.24       285.3   59.54   1.12E+003 
 m  5   491-  516   508.23   138.41   1.24      3506.9   89.68   1.11E+003 
    6   587-  606   596.00   162.35   0.27        55.0   71.90   1.46E+003 
    7   836-  847   842.20   229.52   0.51        33.7   48.07   9.04E+002 
    8   926-  939   932.47   254.15   0.27        26.5   53.74   1.04E+003 
    9   959-  975   966.15   263.34   0.38       166.3   57.98   1.02E+003 
 M 10  1015- 1035  1021.79   278.52   0.41        44.0   14.46   3.44E+002 
 m 11  1015- 1035  1030.12   280.79   0.41        28.8   15.31   3.42E+002 
   12  1152- 1163  1159.60   316.11   0.27        29.7   37.70   5.55E+002 
   13  1188- 1204  1195.58   325.93   0.61        75.1   49.52   7.60E+002 
   14  1221- 1243  1233.03   336.15   1.32      1552.5   73.92   1.01E+003 
   15  1294- 1311  1303.31   355.32   1.25       403.1   53.22   7.47E+002 
   16  1381- 1389  1384.97   377.60   0.39        14.6   29.45   3.96E+002 
   17  1444- 1456  1451.11   395.65   0.27       -15.5   36.97   5.26E+002 
   18  1510- 1538  1528.89   416.87   1.45     14513.7  147.46   1.46E+003 
 M 19  1632- 1647  1634.74   445.74   0.34        23.2    1.92   1.89E+002 
 m 20  1632- 1647  1641.22   447.51   0.34        25.8    2.28   1.90E+002 
   21  1648- 1658  1651.24   450.25   0.27         6.5   31.50   4.14E+002 
   22  1688- 1705  1698.73   463.20   1.42       212.2   48.76   6.66E+002 
   23  1838- 1849  1842.41   502.40   0.27       -11.0   32.70   4.29E+002 
   24  1968- 1982  1972.56   537.91   0.44       -44.2   40.63   5.84E+002 
   25  2035- 2052  2047.30   558.30   0.39         8.5   45.73   6.40E+002 
   26  2090- 2102  2096.07   571.61   0.34        11.1   36.00   4.88E+002 
   27  2127- 2149  2137.57   582.93   0.27        -8.2   58.99   8.99E+002 
   28  2203- 2216  2211.60   603.13   0.32         6.9   39.31   5.58E+002 
   29  2401- 2417  2412.14   657.84   0.27        33.7   43.86   6.00E+002 
   30  2430- 2442  2435.50   664.21   0.31       -18.9   35.87   4.94E+002 
   31  2561- 2572  2566.64   699.99   0.46         5.6   33.49   4.45E+002 
   32  2617- 2636  2626.93   716.44   0.29        28.5   51.90   7.61E+002 
   33  2848- 2867  2856.04   778.95   0.37       150.9   54.38   8.01E+002 
   34  2979- 3013  3002.59   818.93   1.74      3473.0  109.81   1.54E+003 
   35  3248- 3271  3263.44   890.10   0.35        15.7   70.09   1.22E+003 
   36  3380- 3394  3388.50   924.22   0.61        48.5   42.46   6.09E+002 
   37  3483- 3492  3487.73   951.29   0.27       -18.1   29.19   3.84E+002 
   38  3562- 3579  3574.00   974.82   0.62        53.1   48.44   7.03E+002 
   39  3637- 3658  3653.61   996.54   0.94        89.8   55.83   8.06E+002 
   40  3928- 3939  3933.99  1073.04   0.50        -6.6   37.36   5.58E+002 
   41  4005- 4036  4024.50  1097.73   1.90     14491.5  146.32   1.31E+003 
   42  4160- 4172  4164.82  1136.02   0.41         1.7   27.52   2.83E+002 
Peak Analysis Report             6/25/2018   9:49:24 PM            Page 12


   Peak  ROI  ROI    Peak    Energy   FWHM  Net Peak  Net Area  Continuum 
    No. start end  centroid   (keV)   (keV)  Area     Uncert.    Counts 

   43  4238- 4248  4243.43  1157.46   0.43        33.0   22.23   1.93E+002 
   44  4319- 4329  4324.08  1179.47   0.70        10.0   19.93   1.60E+002 
   45  4382- 4392  4386.55  1196.51   0.27         6.6   18.30   1.37E+002 
   46  4522- 4543  4533.20  1236.52   1.66       247.0   36.62   2.88E+002 
   47  4722- 4757  4744.97  1294.29   2.01     18046.7  144.63   5.00E+002 
   48  5142- 5153  5147.63  1404.15   0.31         8.5   13.76   7.15E+001 
   49  5242- 5260  5251.45  1432.47   0.91       121.8   20.07   8.32E+001 
   50  5351- 5365  5359.05  1461.83   0.85        29.2   16.64   8.58E+001 
   51  5517- 5544  5531.10  1508.77   2.26      1935.2   53.77   2.13E+002 
   52  5729- 5740  5734.20  1564.18   0.46         9.6   11.83   5.04E+001 
   53  5806- 5817  5811.50  1585.27   0.27         4.5   11.91   5.15E+001 
   54  5862- 5892  5874.40  1602.43   1.01       153.9   29.34   1.45E+002 
   55  6268- 6285  6277.59  1712.43   1.42       104.2   21.84   1.14E+002 
   56  6317- 6329  6322.45  1724.67   0.38        25.3   12.17   4.67E+001 
   57  6415- 6441  6429.67  1753.93   2.20       372.7   34.23   1.83E+002 
   58  7136- 7147  7141.10  1948.02   0.33        16.1   10.18   3.29E+001 
   59  7234- 7245  7239.18  1974.78   0.30         8.8   10.54   4.02E+001 
   60  7562- 7573  7567.44  2064.34   0.44         1.7    8.32   2.63E+001 
   61  7732- 7766  7751.52  2114.56   2.30      2309.6   52.84   8.84E+001 
 M 62  7930- 7954  7935.25  2164.68   0.50         2.4    5.13   1.25E+001 
 m 63  7930- 7954  7948.30  2168.25   0.50         3.8    7.98   9.88E+000 

M = First peak in a multiplet region
m = Other peak in a multiplet region
F = Fitted singlet

Errors quoted at  1.000 sigma
Peak Analysis Report                    6/25/2018   9:49:24 PM          Page 13


*******************************************************************************
*****  S T A N D A R D   V M S   P E A K   A N A L Y S I S   R E P O R T  *****
*******************************************************************************

        Configuration Title:                                         
        Spectrum Title:              Sample title.            
        Peak Analysis Performed on:  6/25/18   9:49:24 PM
        Peak Analysis From Channel:      1    To Channel:     8192
        Peak Search Sensitivity:      2.50    Gaussian Sensitivity:  1.00
        Max Iterations: 15  Fit Singlets: No  Critical Level Test: No 
        Use Fixed FWHM: No  FWHM Reject:  No  FWHM Reject Ratio:  0.00 
        Peak Fit Engine Name: PANOLIN1        Continuum Type: STEP   

   Pk IT  Energy      Area   Bkgnd  FWHM Channel  Left  PW  Cts/Sec  %err   Fit

    1  0    44.37      -16     839  0.27  163.55   161  10-2.7E-001 -264.   0.0
    2  0   108.08       52     641  0.47  397.09   393   9 8.6E-001  73.2   0.0
 M  3 19   135.14       91     981  1.24  496.26   491  26 1.5E+000  29.9   0.5
 m  4 19   137.08      285    1123  1.24  503.39   491  26 4.8E+000  20.9   0.5
 m  5 19   138.41     3507    1112  1.24  508.23   491  26 5.8E+001   2.6   0.5
    6  0   162.35       55    1457  0.27  596.00   587  20 9.2E-001 130.7   0.0
    7  0   229.52       34     904  0.51  842.20   836  12 5.6E-001 142.8   0.0
    8  0   254.15       27    1038  0.27  932.47   926  14 4.4E-001 202.7   0.0
    9  0   263.34      166    1020  0.38  966.15   959  17 2.8E+000  34.9   0.0
 M 10 25   278.52       44     344  0.41 1021.79  1015  21 7.3E-001  32.9   1.2
 m 11 25   280.79       29     342  0.41 1030.12  1015  21 4.8E-001  53.1   1.2
   12  0   316.11       30     555  0.27 1159.60  1152  12 5.0E-001 126.9   0.0
   13  0   325.93       75     760  0.61 1195.58  1188  17 1.3E+000  66.0   0.0
   14  0   336.15     1552    1008  1.32 1233.03  1221  23 2.6E+001   4.8   0.0
   15  0   355.32      403     747  1.25 1303.31  1294  18 6.7E+000  13.2   0.0
   16  0   377.60       15     396  0.39 1384.97  1381   9 2.4E-001 201.6   0.0
   17  0   395.65      -16     526  0.27 1451.11  1444  13-2.6E-001 -238.   0.0
   18  0   416.87    14514    1456  1.45 1528.89  1510  29 2.4E+002   1.0   0.0
 M 19 32   445.74       23     189  0.34 1634.74  1632  16 3.9E-001   8.2   1.3
 m 20 32   447.51       26     190  0.34 1641.22  1632  16 4.3E-001   8.9   1.3
   21  0   450.25        6     414  0.27 1651.24  1648  11 1.1E-001 485.7   0.0
   22  0   463.20      212     666  1.42 1698.73  1688  18 3.5E+000  23.0   0.0
   23  0   502.40      -11     429  0.27 1842.41  1838  12-1.8E-001 -297.   0.0
   24  0   537.91      -44     584  0.44 1972.56  1968  15-7.4E-001 -92.0   0.0
   25  0   558.30        8     640  0.39 2047.30  2035  18 1.4E-001 540.4   0.0
   26  0   571.61       11     488  0.34 2096.07  2090  13 1.8E-001 324.5   0.0
   27  0   582.93       -8     899  0.27 2137.57  2127  23-1.4E-001 -716.   0.0
   28  0   603.13        7     558  0.32 2211.60  2203  14 1.1E-001 573.6   0.0
   29  0   657.84       34     600  0.27 2412.14  2401  17 5.6E-001 130.3   0.0
   30  0   664.21      -19     494  0.31 2435.50  2430  13-3.2E-001 -189.   0.0
   31  0   699.99        6     445  0.46 2566.64  2561  12 9.3E-002 598.9   0.0
   32  0   716.44       28     761  0.29 2626.93  2617  20 4.7E-001 182.4   0.0
   33  0   778.95      151     801  0.37 2856.04  2848  20 2.5E+000  36.0   0.0
   34  0   818.93     3473    1535  1.74 3002.59  2979  35 5.8E+001   3.2   0.0
   35  0   890.10       16    1222  0.35 3263.44  3248  24 2.6E-001 446.8   0.0
   36  0   924.22       48     609  0.61 3388.50  3380  15 8.1E-001  87.6   0.0
   37  0   951.29      -18     384  0.27 3487.73  3483  10-3.0E-001 -161.   0.0
   38  0   974.82       53     703  0.62 3574.00  3562  18 8.9E-001  91.2   0.0
Peak Analysis Report                    6/25/2018   9:49:24 PM          Page 14


   Pk IT  Energy      Area   Bkgnd  FWHM Channel  Left  PW  Cts/Sec  %err   Fit

   39  0   996.54       90     806  0.94 3653.61  3637  22 1.5E+000  62.2   0.0
   40  0  1073.04       -7     558  0.50 3933.99  3928  12-1.1E-001 -563.   0.0
   41  0  1097.73    14491    1306  1.90 4024.50  4005  32 2.4E+002   1.0   0.0
   42  0  1136.02        2     283  0.41 4164.82  4160  13 2.8E-002 1648.   0.0
   43  0  1157.46       33     193  0.43 4243.43  4238  11 5.5E-001  67.3   0.0
   44  0  1179.47       10     160  0.70 4324.08  4319  11 1.7E-001 198.9   0.0
   45  0  1196.51        7     137  0.27 4386.55  4382  11 1.1E-001 278.3   0.0
   46  0  1236.52      247     288  1.66 4533.20  4522  22 4.1E+000  14.8   0.0
   47  0  1294.29    18047     500  2.01 4744.97  4722  36 3.0E+002   0.8   0.0
   48  0  1404.15        8      72  0.31 5147.63  5142  12 1.4E-001 162.6   0.0
   49  0  1432.47      122      83  0.91 5251.45  5242  19 2.0E+000  16.5   0.0
   50  0  1461.83       29      86  0.85 5359.05  5351  15 4.9E-001  57.0   0.0
   51  0  1508.77     1935     213  2.26 5531.10  5517  28 3.2E+001   2.8   0.0
   52  0  1564.18       10      50  0.46 5734.20  5729  12 1.6E-001 122.9   0.0
   53  0  1585.27        5      51  0.27 5811.50  5806  12 7.6E-002 262.9   0.0
   54  0  1602.43      154     145  1.01 5874.40  5862  31 2.6E+000  19.1   0.0
   55  0  1712.43      104     114  1.42 6277.59  6268  18 1.7E+000  21.0   0.0
   56  0  1724.67       25      47  0.38 6322.45  6317  13 4.2E-001  48.1   0.0
   57  0  1753.93      373     183  2.20 6429.67  6415  27 6.2E+000   9.2   0.0
   58  0  1948.02       16      33  0.33 7141.10  7136  12 2.7E-001  63.1   0.0
   59  0  1974.78        9      40  0.30 7239.18  7234  12 1.5E-001 120.0   0.0
   60  0  2064.34        2      26  0.44 7567.44  7562  12 2.9E-002 480.5   0.0
   61  0  2114.56     2310      88  2.30 7751.52  7732  35 3.8E+001   2.3   0.0
 M 62 32  2164.68        2      13  0.50 7935.25  7930  25 4.0E-002 212.4   0.8
 m 63 32  2168.25        4      10  0.50 7948.30  7930  25 6.3E-002 212.2   0.8

M = First peak in a multiplet region
m = Other peak in a multiplet region
F = Fitted singlet

Errors quoted at  1.000 sigma
Peak Analysis Report             6/25/2018   9:49:25 PM            Page 15


**************************************************************************
*****           P E A K    A N A L Y S I S    R E P O R T            *****
**************************************************************************


     Detector Name:  DSA1000A                        
     Sample Title:   Sample title.                                     
     Peak Analysis Performed on:  6/25/2018   9:49:24 PM
               Peak Analysis From Channel:      1
               Peak Analysis To Channel:     8192

   Peak  ROI  ROI   Energy   Net Peak Net Area  Continuum  Critical 
    No. start end    (keV)     Area    Uncert.    Counts     Level

    1   161-  170    44.37       -16.4   43.53   8.39E+002  7.19E+001 
    2   393-  401   108.08        51.6   37.77   6.41E+002  6.10E+001 
 M  3   491-  516   135.14        90.6   27.05   9.81E+002  7.29E+001 
 m  4   491-  516   137.08       285.3   59.54   1.12E+003  7.80E+001 
 m  5   491-  516   138.41      3506.9   89.68   1.11E+003  7.76E+001 
    6   587-  606   162.35        55.0   71.90   1.46E+003  1.18E+002 
    7   836-  847   229.52        33.7   48.07   9.04E+002  7.85E+001 
    8   926-  939   254.15        26.5   53.74   1.04E+003  8.80E+001 
    9   959-  975   263.34       166.3   57.98   1.02E+003  9.30E+001 
 M 10  1015- 1035   278.52        44.0   14.46   3.44E+002  4.32E+001 
 m 11  1015- 1035   280.79        28.8   15.31   3.42E+002  4.30E+001 
   12  1152- 1163   316.11        29.7   37.70   5.55E+002  6.14E+001 
   13  1188- 1204   325.93        75.1   49.52   7.60E+002  8.02E+001 
   14  1221- 1243   336.15      1552.5   73.92   1.01E+003  1.03E+002 
   15  1294- 1311   355.32       403.1   53.22   7.47E+002  8.11E+001 
   16  1381- 1389   377.60        14.6   29.45   3.96E+002  4.80E+001 
   17  1444- 1456   395.65       -15.5   36.97   5.26E+002  6.12E+001 
   18  1510- 1538   416.87     14513.7  147.46   1.46E+003  1.40E+002 
 M 19  1632- 1647   445.74        23.2    1.92   1.89E+002  3.20E+001 
 m 20  1632- 1647   447.51        25.8    2.28   1.90E+002  3.20E+001 
   21  1648- 1658   450.25         6.5   31.50   4.14E+002  5.17E+001 
   22  1688- 1705   463.20       212.2   48.76   6.66E+002  7.65E+001 
   23  1838- 1849   502.40       -11.0   32.70   4.29E+002  5.41E+001 
   24  1968- 1982   537.91       -44.2   40.63   5.84E+002  6.77E+001 
   25  2035- 2052   558.30         8.5   45.73   6.40E+002  7.51E+001 
   26  2090- 2102   571.61        11.1   36.00   4.88E+002  5.90E+001 
   27  2127- 2149   582.93        -8.2   58.99   8.99E+002  9.72E+001 
   28  2203- 2216   603.13         6.9   39.31   5.58E+002  6.45E+001 
   29  2401- 2417   657.84        33.7   43.86   6.00E+002  7.15E+001 
   30  2430- 2442   664.21       -18.9   35.87   4.94E+002  5.94E+001 
   31  2561- 2572   699.99         5.6   33.49   4.45E+002  5.50E+001 
   32  2617- 2636   716.44        28.5   51.90   7.61E+002  8.49E+001 
   33  2848- 2867   778.95       150.9   54.38   8.01E+002  8.71E+001 
   34  2979- 3013   818.93      3473.0  109.81   1.54E+003  1.52E+002 
   35  3248- 3271   890.10        15.7   70.09   1.22E+003  1.15E+002 
   36  3380- 3394   924.22        48.5   42.46   6.09E+002  6.89E+001 
   37  3483- 3492   951.29       -18.1   29.19   3.84E+002  4.85E+001 
   38  3562- 3579   974.82        53.1   48.44   7.03E+002  7.88E+001 
   39  3637- 3658   996.54        89.8   55.83   8.06E+002  9.05E+001 
   40  3928- 3939  1073.04        -6.6   37.36   5.58E+002  6.16E+001 
   41  4005- 4036  1097.73     14491.5  146.32   1.31E+003  1.37E+002 
   42  4160- 4172  1136.02         1.7   27.52   2.83E+002  4.52E+001 
Peak Analysis Report             6/25/2018   9:49:25 PM            Page 16


   Peak  ROI  ROI   Energy   Net Peak Net Area  Continuum  Critical 
    No. start end    (keV)     Area    Uncert.    Counts     Level

   43  4238- 4248  1157.46        33.0   22.23   1.93E+002  3.53E+001 
   44  4319- 4329  1179.47        10.0   19.93   1.60E+002  3.24E+001 
   45  4382- 4392  1196.51         6.6   18.30   1.37E+002  2.98E+001 
   46  4522- 4543  1236.52       247.0   36.62   2.88E+002  5.44E+001 
   47  4722- 4757  1294.29     18046.7  144.63   5.00E+002  8.81E+001 
   48  5142- 5153  1404.15         8.5   13.76   7.15E+001  2.21E+001 
   49  5242- 5260  1432.47       121.8   20.07   8.32E+001  2.76E+001 
   50  5351- 5365  1461.83        29.2   16.64   8.58E+001  2.59E+001 
   51  5517- 5544  1508.77      1935.2   53.77   2.13E+002  5.09E+001 
   52  5729- 5740  1564.18         9.6   11.83   5.04E+001  1.88E+001 
   53  5806- 5817  1585.27         4.5   11.91   5.15E+001  1.93E+001 
   54  5862- 5892  1602.43       153.9   29.34   1.45E+002  4.37E+001 
   55  6268- 6285  1712.43       104.2   21.84   1.14E+002  3.18E+001 
   56  6317- 6329  1724.67        25.3   12.17   4.67E+001  1.82E+001 
   57  6415- 6441  1753.93       372.7   34.23   1.83E+002  4.65E+001 
   58  7136- 7147  1948.02        16.1   10.18   3.29E+001  1.54E+001 
   59  7234- 7245  1974.78         8.8   10.54   4.02E+001  1.66E+001 
   60  7562- 7573  2064.34         1.7    8.32   2.63E+001  1.35E+001 
   61  7732- 7766  2114.56      2309.6   52.84   8.84E+001  3.61E+001 
 M 62  7930- 7954  2164.68         2.4    5.13   1.25E+001  8.24E+000 
 m 63  7930- 7954  2168.25         3.8    7.98   9.88E+000  7.31E+000 

M = First peak in a multiplet region
m = Other peak in a multiplet region
F = Fitted singlet

Errors quoted at  1.000 sigma
Peak with NID Report             6/25/2018   9:49:25 PM            Page 17


**************************************************************************
*****           P E A K    W I T H   N I D    R E P O R T            *****
**************************************************************************


     Detector Name:  DSA1000A                        
     Sample Title:   Sample title.                                     
     Peak Analysis Performed on:  6/25/2018   9:49:24 PM
               Peak Analysis From Channel:      1
               Peak Analysis To Channel:     8192
     Tentative NID Library:   C:\GENIE2K\CAMFILES\NAA LIB LONG.NLB     
     Peak Match Tolerance :    3.000 keV

   Peak  ROI  ROI    Peak    Energy   Net Peak Net Area  Continuum  Tentative
    No. Start End  Centroid   (keV)     Area    Uncert.    Counts    Nuclide 

    1   161-  170   163.55    44.37 -1.64E+001   43.53   8.39E+002   .....    
    2   393-  401   397.09   108.08  5.16E+001   37.77   6.41E+002   YB-169   
                                                                     LU-177x  
 M  3   491-  516   496.26   135.14  9.06E+001   27.05   9.81E+002   SE-75    
                                                                     W-187    
                                                                     HF-181   
                                                                     HG-197   
                                                                     RE-186   
 m  4   491-  516   503.39   137.08  2.85E+002   59.54   1.12E+003   RE-186   
                                                                     HF-181   
                                                                     SE-75    
                                                                     W-187    
 m  5   491-  516   508.23   138.41  3.51E+003   89.68   1.11E+003   RE-186   
                                                                     HF-181   
                                                                     SE-75    
    6   587-  606   596.00   162.35  5.50E+001   71.90   1.46E+003   .....    
    7   836-  847   842.20   229.52  3.37E+001   48.07   9.04E+002   LU-177x  
    8   926-  939   932.47   254.15  2.65E+001   53.74   1.04E+003   CE-137x  
    9   959-  975   966.15   263.34  1.66E+002   57.98   1.02E+003   GE-77    
                                                                     SE-75    
                                                                     BI-210   
                                                                     BI-210x  
 M 10  1015- 1035  1021.79   278.52  4.40E+001   14.46   3.44E+002   HG-197   
                                                                     HG-203   
                                                                     SE-75    
                                                                     HO-166   
                                                                     BA-133   
                                                                     BA-133m  
 m 11  1015- 1035  1030.12   280.79  2.88E+001   15.31   3.42E+002   HO-166   
                                                                     LU-177x  
                                                                     SE-75    
                                                                     HG-203   
                                                                     HG-197   
   12  1152- 1163  1159.60   316.11  2.97E+001   37.70   5.55E+002   IR-192   
                                                                     RH-105   
                                                                     LU-177x  
   13  1188- 1204  1195.58   325.93  7.51E+001   49.52   7.60E+002   RU-97    
                                                                     LU-177x  
                                                                     IR-194   
                                                                     LA-140   
   14  1221- 1243  1233.03   336.15  1.55E+003   73.92   1.01E+003   CD-115   
Peak with NID Report             6/25/2018   9:49:25 PM            Page 18

                                                                     TE-131x  
   15  1294- 1311  1303.31   355.32  4.03E+002   53.22   7.47E+002   BA-133   
   16  1381- 1389  1384.97   377.60  1.46E+001   29.45   3.96E+002   LU-177x  
                                                                     XE-127   
   17  1444- 1456  1451.11   395.65 -1.55E+001   36.97   5.26E+002   YB-175   
   18  1510- 1538  1528.89   416.87  1.45E+004  147.46   1.46E+003   GE-77    
                                                                     LU-177x  
 M 19  1632- 1647  1634.74   445.74  2.32E+001    1.92   1.89E+002   AG-110m  
 m 20  1632- 1647  1641.22   447.51  2.58E+001    2.28   1.90E+002   AG-110m  
   21  1648- 1658  1651.24   450.25  6.49E+000   31.50   4.14E+002   .....    
   22  1688- 1705  1698.73   463.20  2.12E+002   48.76   6.66E+002   SB-125   
   23  1838- 1849  1842.41   502.40 -1.10E+001   32.70   4.29E+002   .....    
   24  1968- 1982  1972.56   537.91 -4.42E+001   40.63   5.84E+002   .....    
   25  2035- 2052  2047.30   558.30  8.46E+000   45.73   6.40E+002   IN-114m  
                                                                     GE-77    
                                                                     AS-76    
   26  2090- 2102  2096.07   571.61  1.11E+001   36.00   4.88E+002   HO-166   
                                                                     TE-121   
                                                                     CS-134   
   27  2127- 2149  2137.57   582.93 -8.24E+000   58.99   8.99E+002   PA-232   
   28  2203- 2216  2211.60   603.13  6.85E+000   39.31   5.58E+002   SB-124   
                                                                     IR-192   
                                                                     CS-134   
                                                                     GA-72    
                                                                     SB-125   
   29  2401- 2417  2412.14   657.84  3.37E+001   43.86   6.00E+002   AG-110m  
                                                                     AS-76    
   30  2430- 2442  2435.50   664.21 -1.89E+001   35.87   4.94E+002   CE-143   
   31  2561- 2572  2566.64   699.99  5.59E+000   33.49   4.45E+002   BR-82x   
                                                                     NB-94x   
   32  2617- 2636  2626.93   716.44  2.85E+001   51.90   7.61E+002   GE-77    
   33  2848- 2867  2856.04   778.95  1.51E+002   54.38   8.01E+002   EU-152x  
                                                                     BR-82x   
   34  2979- 3013  3002.59   818.93  3.47E+003  109.81   1.54E+003   PA-232   
                                                                     AG-110m  
   35  3248- 3271  3263.44   890.10  1.57E+001   70.09   1.22E+003   SC-46    
   36  3380- 3394  3388.50   924.22  4.85E+001   42.46   6.09E+002   LA-140   
   37  3483- 3492  3487.73   951.29 -1.81E+001   29.19   3.84E+002   .....    
   38  3562- 3579  3574.00   974.82  5.31E+001   48.44   7.03E+002   .....    
Peak with NID Report             6/25/2018   9:49:25 PM            Page 19


   Peak  ROI  ROI    Peak    Energy   Net Peak Net Area  Continuum  Tentative
    No. start end  centroid   (keV)     Area    Uncert.    Counts    Nuclide 

   39  3637- 3658  3653.61   996.54  8.98E+001   55.83   8.06E+002   EU-154   
   40  3928- 3939  3933.99  1073.04 -6.64E+000   37.36   5.58E+002   .....    
   41  4005- 4036  4024.50  1097.73  1.45E+004  146.32   1.31E+003   FE-59    
   42  4160- 4172  4164.82  1136.02  1.67E+000   27.52   2.83E+002   .....    
   43  4238- 4248  4243.43  1157.46  3.30E+001   22.23   1.93E+002   .....    
   44  4319- 4329  4324.08  1179.47  1.00E+001   19.93   1.60E+002   TB-160   
   45  4382- 4392  4386.55  1196.51  6.58E+000   18.30   1.37E+002   .....    
   46  4522- 4543  4533.20  1236.52  2.47E+002   36.62   2.88E+002   .....    
   47  4722- 4757  4744.97  1294.29  1.80E+004  144.63   5.00E+002   FE-59    
                                                                     Ca-47    
   48  5142- 5153  5147.63  1404.15  8.46E+000   13.76   7.15E+001   .....    
   49  5242- 5260  5251.45  1432.47  1.22E+002   20.07   8.32E+001   .....    
   50  5351- 5365  5359.05  1461.83  2.92E+001   16.64   8.58E+001   .....    
   51  5517- 5544  5531.10  1508.77  1.94E+003   53.77   2.13E+002   .....    
   52  5729- 5740  5734.20  1564.18  9.63E+000   11.83   5.04E+001   .....    
   53  5806- 5817  5811.50  1585.27  4.53E+000   11.91   5.15E+001   .....    
   54  5862- 5892  5874.40  1602.43  1.54E+002   29.34   1.45E+002   .....    
   55  6268- 6285  6277.59  1712.43  1.04E+002   21.84   1.14E+002   .....    
   56  6317- 6329  6322.45  1724.67  2.53E+001   12.17   4.67E+001   .....    
   57  6415- 6441  6429.67  1753.93  3.73E+002   34.23   1.83E+002   .....    
   58  7136- 7147  7141.10  1948.02  1.61E+001   10.18   3.29E+001   .....    
   59  7234- 7245  7239.18  1974.78  8.79E+000   10.54   4.02E+001   .....    
   60  7562- 7573  7567.44  2064.34  1.73E+000    8.32   2.63E+001   .....    
   61  7732- 7766  7751.52  2114.56  2.31E+003   52.84   8.84E+001   .....    
 M 62  7930- 7954  7935.25  2164.68  2.41E+000    5.13   1.25E+001   CL-38    
 m 63  7930- 7954  7948.30  2168.25  3.76E+000    7.98   9.88E+000   CL-38    

M = First peak in a multiplet region
m = Other peak in a multiplet region
F = Fitted singlet

Errors quoted at  1.000 sigma
Peak Efficiency Report             6/25/2018   9:49:25 PM          Page 20


**************************************************************************
*****         P E A K    E F F I C I E N C Y    R E P O R T          *****
**************************************************************************

     Detector Name:  DSA1000A                        
     Sample Title:   Sample title.                                     
     Peak Analysis Performed on:  6/25/2018   9:49:24 PM


 Peak  Energy   Net Peak  Net Area       Peak     Efficiency
 No.   (keV)      Area   Uncertainty  Efficiency  Uncertainty

    1    44.37 -1.64E+001    43.53     2.39E-002    2.06E-003
    2   108.08  5.16E+001    37.77     9.28E-002    2.53E-004
 M  3   135.14  9.06E+001    27.05     9.31E-002    3.76E-004
 m  4   137.08  2.85E+002    59.54     9.31E-002    3.85E-004
 m  5   138.41  3.51E+003    89.68     9.32E-002    3.92E-004
    6   162.35  5.50E+001    71.90     9.34E-002    5.20E-004
    7   229.52  3.37E+001    48.07     7.65E-002    4.46E-004
    8   254.15  2.65E+001    53.74     7.08E-002    3.98E-004
    9   263.34  1.66E+002    57.98     6.89E-002    3.82E-004
 M 10   278.52  4.40E+001    14.46     6.61E-002    3.58E-004
 m 11   280.79  2.88E+001    15.31     6.57E-002    3.55E-004
   12   316.11  2.97E+001    37.70     6.00E-002    3.11E-004
   13   325.93  7.51E+001    49.52     5.86E-002    3.00E-004
   14   336.15  1.55E+003    73.92     5.73E-002    2.90E-004
   15   355.32  4.03E+002    53.22     5.49E-002    2.72E-004
   16   377.60  1.46E+001    29.45     5.24E-002    2.54E-004
   17   395.65 -1.55E+001    36.97     5.06E-002    2.41E-004
   18   416.87  1.45E+004   147.46     4.86E-002    2.27E-004
 M 19   445.74  2.32E+001     1.92     4.60E-002    2.21E-004
 m 20   447.51  2.58E+001     2.28     4.58E-002    2.21E-004
   21   450.25  6.49E+000    31.50     4.55E-002    2.21E-004
   22   463.20  2.12E+002    48.76     4.44E-002    2.21E-004
   23   502.40 -1.10E+001    32.70     4.13E-002    2.22E-004
   24   537.91 -4.42E+001    40.63     3.88E-002    2.22E-004
   25   558.30  8.46E+000    45.73     3.75E-002    2.22E-004
   26   571.61  1.11E+001    36.00     3.67E-002    2.22E-004
   27   582.93 -8.24E+000    58.99     3.61E-002    2.22E-004
   28   603.13  6.85E+000    39.31     3.50E-002    2.22E-004
   29   657.84  3.37E+001    43.86     3.24E-002    2.16E-004
   30   664.21 -1.89E+001    35.87     3.22E-002    2.15E-004
   31   699.99  5.59E+000    33.49     3.07E-002    2.12E-004
   32   716.44  2.85E+001    51.90     3.01E-002    2.10E-004
   33   778.95  1.51E+002    54.38     2.80E-002    2.04E-004
   34   818.93  3.47E+003   109.81     2.68E-002    2.01E-004
   35   890.10  1.57E+001    70.09     2.47E-002    1.55E-004
   36   924.22  4.85E+001    42.46     2.38E-002    1.34E-004
   37   951.29 -1.81E+001    29.19     2.31E-002    1.19E-004
   38   974.82  5.31E+001    48.44     2.26E-002    1.08E-004
   39   996.54  8.98E+001    55.83     2.21E-002    9.91E-005
   40  1073.04 -6.64E+000    37.36     2.05E-002    7.40E-005
   41  1097.73  1.45E+004   146.32     2.00E-002    6.77E-005
   42  1136.02  1.67E+000    27.52     1.93E-002    5.91E-005
Peak Efficiency Report             6/25/2018   9:49:25 PM          Page 21


 Peak  Energy   Net Peak  Net Area       Peak     Efficiency
 No.   (keV)      Area   Uncertainty  Efficiency  Uncertainty

   43  1157.46  3.30E+001    22.23     1.90E-002    5.49E-005
   44  1179.47  1.00E+001    19.93     1.86E-002    5.19E-005
   45  1196.51  6.58E+000    18.30     1.84E-002    5.14E-005
   46  1236.52  2.47E+002    36.62     1.79E-002    5.03E-005
   47  1294.29  1.80E+004   144.63     1.73E-002    4.89E-005
   48  1404.15  8.46E+000    13.76     1.69E-002    4.80E-005
   49  1432.47  1.22E+002    20.07     1.69E-002    4.80E-005
   50  1461.83  2.92E+001    16.64     1.69E-002    4.80E-005
   51  1508.77  1.94E+003    53.77     1.69E-002    4.80E-005
   52  1564.18  9.63E+000    11.83     1.69E-002    4.80E-005
   53  1585.27  4.53E+000    11.91     1.69E-002    4.80E-005
   54  1602.43  1.54E+002    29.34     1.69E-002    4.80E-005
   55  1712.43  1.04E+002    21.84     1.69E-002    4.80E-005
   56  1724.67  2.53E+001    12.17     1.69E-002    4.80E-005
   57  1753.93  3.73E+002    34.23     1.69E-002    4.80E-005
   58  1948.02  1.61E+001    10.18     1.69E-002    4.80E-005
   59  1974.78  8.79E+000    10.54     1.69E-002    4.80E-005
   60  2064.34  1.73E+000     8.32     1.69E-002    4.80E-005
   61  2114.56  2.31E+003    52.84     1.69E-002    4.80E-005
 M 62  2164.68  2.41E+000     5.13     1.69E-002    4.80E-005
 m 63  2168.25  3.76E+000     7.98     1.69E-002    4.80E-005


M = First peak in a multiplet region
m = Other peak in a multiplet region
F = Fitted singlet

Errors quoted at  1.000 sigma
Background Subtract Report             6/25/2018   9:49:25 PM      Page 22

No background subtract performed on this spectrum.
No area correction performed on this spectrum.
Nuclide Identification Report        6/25/2018   9:49:25 PM        Page 23


*************************************************************************
*****   N U C L I D E   I D E N T I F I C A T I O N   R E P O R T   *****
*************************************************************************

     Sample Title:         Sample title.                           
     Nuclide Library Used: C:\GENIE2K\CAMFILES\NAA LIB LONG.NLB    

   ....................    IDENTIFIED NUCLIDES     ....................

   Nuclide    Id       Energy   Yield     Activity     Activity
   Name    Confidence  (keV)     (%)     (uCi/Unit)   Uncertainty

   CL-38     0.317   1642.69    31.00
                     2167.68*   42.00    2.416E-004   5.129E-004
   SC-46     0.241    889.28*   99.98    2.860E-004   1.278E-003
                     1120.55    99.99
   Ca-47     0.570    489.23     5.90
                      807.86     5.90
                     1297.09*   67.00    7.028E-001   5.974E-003
   FE-59     0.924   1099.25*   56.50    5.773E-001   1.651E-002
                     1291.60*   43.20    1.090E+000   2.926E-002
   SE-75     0.719    121.12    17.14
                      136.00*   58.30    7.520E-004   2.246E-004
                      264.66*   58.50    1.857E-003   6.479E-004
                      279.54*   24.79    1.209E-003   3.980E-004
                      400.66    11.37
   GE-77     0.208    211.03    30.80
                      215.50    28.60
                      264.44*   53.90    2.017E-003   7.035E-004
                      367.40    14.00
                      416.33*   21.80    6.169E-001   1.833E-002
                      558.02*   16.10    6.314E-004   3.412E-003
                      631.82     6.95
                      714.35*    7.17    5.938E-003   1.083E-002
                     1085.19     6.05
   NB-94x    0.171    702.62*   97.90    8.371E-005   5.013E-004
                      871.09    99.90
   RH-105    0.555    306.10     5.10
                      318.90*   19.10    1.167E-003   1.482E-003
   CD-115    0.470    336.24*   45.90    2.660E-002   1.399E-003
                      527.90    27.40
   TE-121    0.664    507.59    17.70
                      573.14*   80.30    1.694E-004   5.498E-004
   BA-133    0.529    276.40*    7.16    4.185E-003   1.377E-003
                      302.85    18.33
                      356.02*   62.05    5.329E-003   7.042E-004
                      383.85     8.94
   CS-134    0.257    563.23     8.38
                      569.32*   15.43    8.817E-004   2.861E-003
                      604.70*   97.60    9.036E-005   5.183E-004
                      795.84    85.40
                      801.93     8.73
   CE-137x   1.000    254.29*   11.00    1.533E-003   3.108E-003
   YB-175    0.992    396.32*    6.50   -2.126E-003   5.070E-003
Nuclide Identification Report        6/25/2018   9:49:25 PM        Page 24


   Nuclide    Id       Energy   Yield    Activity     Activity
   Name    Confidence  (keV)     (%)    (uCi/Unit)   Uncertainty

   RE-186    1.000    137.16*    8.20    1.683E-002   3.566E-003
   IR-194    0.894    328.45*   13.10    4.404E-003   2.967E-003

       * = Energy line found in the spectrum.
       Energy Tolerance :    3.000 keV
       Nuclide confidence index threshold =   0.05
       Errors quoted at  1.000 sigma

Nuclide Identification Report        6/25/2018   9:49:25 PM        Page 25


   **********   U N I D E N T I F I E D   P E A K S   **********

               Peak Locate Performed on:  6/25/2018   9:49:23 PM
               Peak Locate From Channel:      1
               Peak Locate To Channel:    65535

       Peak   Energy           Peak Size in        Peak CPS
        No.   (keV)          Counts per Second   % Uncertainty

         1    44.37            -2.7412E-001        -264.68
         2   108.08             8.5990E-001          73.21
      m  5   138.41             5.8449E+001           2.56
         6   162.35             9.1698E-001         130.68
         7   229.52             5.6111E-001         142.79
      m 11   280.79             4.8039E-001          53.10
        16   377.60             2.4347E-001         201.63
      M 19   445.74             3.8721E-001           8.25
      m 20   447.51             4.2920E-001           8.85
        21   450.25             1.0810E-001         485.74
        22   463.20             3.5373E+000          22.97
        23   502.40            -1.8309E-001        -297.65
        24   537.91            -7.3607E-001         -92.00
        27   582.93            -1.3729E-001        -716.13
        29   657.84             5.6094E-001         130.33
        30   664.21            -3.1520E-001        -189.69
        33   778.95             2.5151E+000          36.04
        34   818.93             5.7883E+001           3.16
        36   924.22             8.0822E-001          87.56
        37   951.29            -3.0164E-001        -161.30
        38   974.82             8.8514E-001          91.21
        39   996.54             1.4965E+000          62.18
        40  1073.04            -1.1059E-001        -563.01
        42  1136.02             2.7836E-002        1647.96
        43  1157.46             5.5037E-001          67.32
        44  1179.47             1.6706E-001         198.85
        45  1196.51             1.0961E-001         278.29
        46  1236.52             4.1159E+000          14.83
        48  1404.15             1.4104E-001         162.61
        49  1432.47             2.0306E+000          16.47
        50  1461.83             4.8601E-001          57.05
        51  1508.77             3.2254E+001           2.78
        52  1564.18             1.6042E-001         122.88
        53  1585.27             7.5521E-002         262.92
        54  1602.43             2.5652E+000          19.06
        55  1712.43             1.7362E+000          20.96
        56  1724.67             4.2222E-001          48.06
        57  1753.93             6.2115E+000           9.19
        58  1948.02             2.6913E-001          63.05
        59  1974.78             1.4643E-001         120.01
        60  2064.34             2.8869E-002         480.53
        61  2114.56             3.8494E+001           2.29
      M 62  2164.68             4.0229E-002         212.39

       M = First peak in a multiplet region
       m = Other peak in a multiplet region
       F = Fitted singlet

Nuclide Identification Report        6/25/2018   9:49:25 PM        Page 26

       Errors quoted at  1.000 sigma

*************************************************************************
*****   N U C L I D E   I D E N T I F I C A T I O N   R E P O R T   *****
*************************************************************************

     Sample Title:         Sample title.                           
     Nuclide Library Used: C:\GENIE2K\CAMFILES\NAA LIB LONG.NLB    

   ....................    IDENTIFIED NUCLIDES     ....................

   Nuclide    Id       Energy    Yield     Activity     Activity
   Name    Confidence  (keV)      (%)     (uCi/Unit)   Uncertainty

   CL-38     0.317   1642.69     31.00
                     2167.68*    42.00   2.41627E-004  5.12920E-004
   SC-46     0.241    889.28*    99.98   2.86050E-004  1.27794E-003
                     1120.55     99.99
   Ca-47     0.570    489.23      5.90
                      807.86      5.90
                     1297.09*    67.00   7.02824E-001  5.97426E-003
   FE-59     0.924   1099.25*    56.50   5.77346E-001  1.65146E-002
                     1291.60*    43.20   1.08997E+000  2.92596E-002
   SE-75     0.719    121.12     17.14
                      136.00*    58.30   7.51979E-004  2.24633E-004
                      264.66*    58.50   1.85713E-003  6.47895E-004
                      279.54*    24.79   1.20937E-003  3.97985E-004
                      400.66     11.37
   GE-77     0.208    211.03     30.80
                      215.50     28.60
                      264.44*    53.90   2.01672E-003  7.03515E-004
                      367.40     14.00
                      416.33*    21.80   6.16885E-001  1.83265E-002
                      558.02*    16.10   6.31403E-004  3.41213E-003
                      631.82      6.95
                      714.35*     7.17   5.93779E-003  1.08325E-002
                     1085.19      6.05
   NB-94x    0.171    702.62*    97.90   8.37088E-005  5.01308E-004
                      871.09     99.90
   RH-105    0.555    306.10      5.10
                      318.90*    19.10   1.16729E-003  1.48221E-003
   CD-115    0.470    336.24*    45.90   2.66023E-002  1.39936E-003
                      527.90     27.40
   TE-121    0.664    507.59     17.70
                      573.14*    80.30   1.69433E-004  5.49793E-004
   BA-133    0.529    276.40*     7.16   4.18485E-003  1.37663E-003
                      302.85     18.33
                      356.02*    62.05   5.32938E-003  7.04177E-004
                      383.85      8.94
   CS-134    0.257    563.23      8.38
                      569.32*    15.43   8.81739E-004  2.86104E-003
                      604.70*    97.60   9.03556E-005  5.18266E-004
                      795.84     85.40
                      801.93      8.73
   CE-137x   1.000    254.29*    11.00   1.53280E-003  3.10819E-003
   YB-175    0.992    396.32*     6.50  -2.12630E-003  5.06969E-003
Interference Corrected Activity Report    6/25/2018   9:49:25 PM   Page 27


   Nuclide    Id       Energy    Yield    Activity     Activity
   Name    Confidence  (keV)      (%)    (uCi/Unit)   Uncertainty

   RE-186    1.000    137.16*     8.20   1.68255E-002  3.56580E-003
   IR-194    0.894    328.45*    13.10   4.40417E-003  2.96735E-003

       * = Energy line found in the spectrum.
       @ = Energy line not used for Weighted Mean Activity
       Energy Tolerance :    3.000 keV
       Nuclide confidence index threshold =   0.05
       Errors quoted at  1.000 sigma

Interference Corrected Activity Report    6/25/2018   9:49:25 PM   Page 28


*************************************************************************
*****   I N T E R F E R E N C E   C O R R E C T E D   R E P O R T   *****
*************************************************************************


                 Nuclide       Wt mean         Wt mean
       Nuclide     Id          Activity        Activity
       Name     Confidence    (uCi/Unit)      Uncertainty

       CL-38      0.317      2.416275E-004   5.129199E-004
       SC-46      0.241      2.860496E-004   1.277941E-003
       Ca-47      0.570      3.305459E-001   7.169694E-003
       FE-59      0.924      5.773461E-001   6.147448E-003
       SE-75      0.719      3.168020E-006   2.000842E-004
    X  AS-76      0.989
       GE-77      0.208      8.018237E-003   7.142277E-004
       NB-94x     0.171      8.370879E-005   5.013081E-004
       RH-105     0.555      1.167294E-003   1.482212E-003
       CD-115     0.470      2.660233E-002   1.399357E-003
       TE-121     0.664      1.520701E-004   5.587149E-004
    X  SB-124     0.431
       BA-133     0.529      5.089825E-003   6.430057E-004
    X  BA-133m    0.887
       CS-134     0.257      9.035560E-005   5.182661E-004
       CE-137x    1.000      1.532800E-003   3.108191E-003
       YB-175     0.992     -2.126305E-003   5.069694E-003
    X  HF-181     0.057
       RE-186     1.000      1.682549E-002   3.565803E-003
    X  IR-192     0.133
       IR-194     0.894      4.404169E-003   2.967345E-003
    X  HG-197     0.979
    X  HG-203     0.992
    X  BI-210     0.388
    X  BI-210x    0.388

       ? = nuclide is part of an undetermined solution
       X = nuclide rejected by the interference analysis
       @ = nuclide contains energy lines not used in Weighted Mean Activity

       Errors quoted at  1.000 sigma

Interference Corrected Activity Report    6/25/2018   9:49:25 PM   Page 29


   **********   U N I D E N T I F I E D   P E A K S   **********

               Peak Locate Performed on:  6/25/2018   9:49:23 PM
               Peak Locate From Channel:      1
               Peak Locate To Channel:    65535

       Peak   Energy           Peak Size in        Peak CPS
        No.   (keV)          Counts per Second   % Uncertainty

         1    44.37            -2.7412E-001        -264.68
         2   108.08             8.5990E-001          73.21
      m  5   138.41             5.8449E+001           2.56
         6   162.35             9.1698E-001         130.68
         7   229.52             5.6111E-001         142.79
      m 11   280.79             4.8039E-001          53.10
        16   377.60             2.4347E-001         201.63
      M 19   445.74             3.8721E-001           8.25
      m 20   447.51             4.2920E-001           8.85
        21   450.25             1.0810E-001         485.74
        22   463.20             3.5373E+000          22.97
        23   502.40            -1.8309E-001        -297.65
        24   537.91            -7.3607E-001         -92.00
        27   582.93            -1.3729E-001        -716.13
        29   657.84             5.6094E-001         130.33
        30   664.21            -3.1520E-001        -189.69
        33   778.95             2.5151E+000          36.04
        34   818.93             5.7883E+001           3.16
        36   924.22             8.0822E-001          87.56
        37   951.29            -3.0164E-001        -161.30
        38   974.82             8.8514E-001          91.21
        39   996.54             1.4965E+000          62.18
        40  1073.04            -1.1059E-001        -563.01
        42  1136.02             2.7836E-002        1647.96
        43  1157.46             5.5037E-001          67.32
        44  1179.47             1.6706E-001         198.85
        45  1196.51             1.0961E-001         278.29
        46  1236.52             4.1159E+000          14.83
        48  1404.15             1.4104E-001         162.61
        49  1432.47             2.0306E+000          16.47
        50  1461.83             4.8601E-001          57.05
        51  1508.77             3.2254E+001           2.78
        52  1564.18             1.6042E-001         122.88
        53  1585.27             7.5521E-002         262.92
        54  1602.43             2.5652E+000          19.06
        55  1712.43             1.7362E+000          20.96
        56  1724.67             4.2222E-001          48.06
        57  1753.93             6.2115E+000           9.19
        58  1948.02             2.6913E-001          63.05
        59  1974.78             1.4643E-001         120.01
        60  2064.34             2.8869E-002         480.53
        61  2114.56             3.8494E+001           2.29
      M 62  2164.68             4.0229E-002         212.39

       M = First peak in a multiplet region
       m = Other peak in a multiplet region
       F = Fitted singlet

Interference Corrected Activity Report    6/25/2018   9:49:25 PM   Page 30

       Errors quoted at  1.000 sigma

No MDA analysis results available for reporting purposes
Nuclide MDA Report                      6/25/2018   9:49:25 PM     Page 31


No MDA analysis results available for reporting purposes
Action Level Summary Report             6/25/2018   9:49:25 PM     Page 32


No Action Level results available for reporting purposes
Auto Gain Adjust                     6/25/2018   9:49:25 PM       Page 33


*************************************************************************
*****                 A U T O  G A I N   A D J U S T                *****
*************************************************************************

Report Generated On:                               6/25/2018   9:49:25 PM


Status:                                                                 
No AGA results for reporting.


This report is valid only if a Certificate was the source of the true values.


Status:                                                                 
No AGA results for reporting.

