*************************************************************************
*****        G A M M A   S P E C T R U M    A N A L Y S I S         *****
*************************************************************************


Filename: DSA1000A                                                     

Report Generated On             : 6/25/2018   4:21:39 PM

Sample Title                    : Sample title.                          
Sample Description              :                                 
Sample Identification           :                 
Sample Type                     :                 
Sample Geometry                 :                 

Peak Locate Threshold           :  2.50
Peak Locate Range (in channels) :     1 - 65535
Peak Area Range (in channels)   :   100 -  8172
Identification Energy Tolerance :    3.000 keV

Sample Size                     :  1.000E+000 Unit    

Sample Taken On                 :                       
Acquisition Started             : 6/25/2018   4:15:14 PM

Live Time                       :      300.0 seconds
Real Time                       :      308.9 seconds

Dead Time                       :   2.89 %


              Energy Calibration Used Done On       : 6/23/2018 
              Efficiency Calibration Used Done On   : 6/23/2018 
              Efficiency ID                         :                        

Peak Analysis Report             6/25/2018   4:21:39 PM            Page  2


**************************************************************************
*****           P E A K    A N A L Y S I S    R E P O R T            *****
**************************************************************************


     Detector Name:  DSA1000A                        
     Sample Title:   Sample title.                                     
     Peak Analysis Performed on:  6/25/2018   4:21:39 PM
               Peak Analysis From Channel:      1
               Peak Analysis To Channel:     8192

   Peak  ROI  ROI    Peak    Energy   FWHM  Net Peak  Net Area  Continuum 
    No. start end  centroid   (keV)   (keV)  Area     Uncert.    Counts 

    1    60-   72    66.71    17.95   0.27        52.3   93.49   3.30E+003 
    2   231-  236   233.40    63.43   0.32       -10.4   42.22   1.01E+003 
    3   274-  280   276.69    75.23   0.27        93.5   49.24   1.23E+003 
 M  4   493-  515   500.74   136.36   1.17       158.4   40.53   2.48E+003 
 m  5   493-  515   507.89   138.31   1.17      8723.8  105.27   2.42E+003 
    6   547-  561   553.82   150.84   1.24      1449.4   88.84   2.24E+003 
    7   574-  590   582.50   158.67   1.14      1618.6   98.83   2.60E+003 
    8   721-  730   726.02   197.82   0.29         2.2   59.78   1.58E+003 
    9   761-  768   764.55   208.33   0.27       -20.6   51.15   1.31E+003 
 M 10   886-  908   894.29   243.73   1.25       101.1   49.64   2.72E+003 
 m 11   886-  908   900.17   245.34   1.25      3488.9   85.48   2.67E+003 
   12   961-  973   964.95   263.01   0.41       111.2   71.67   1.90E+003 
   13   993- 1011  1002.34   273.21   1.38       495.8   94.49   2.49E+003 
   14  1014- 1034  1021.10   278.33   1.21       218.7   98.42   2.61E+003 
   15  1144- 1165  1157.22   315.47   1.39       325.8   94.61   2.30E+003 
 M 16  1166- 1183  1169.68   318.87   0.32        29.9    6.17   5.08E+002 
 m 17  1166- 1183  1174.59   320.21   0.32        54.0    6.83   5.04E+002 
   18  1227- 1242  1233.24   336.21   1.30       536.3   73.61   1.62E+003 
   19  1257- 1268  1262.80   344.27   1.61       234.8   56.23   1.17E+003 
   20  1295- 1312  1303.40   355.35   1.31       810.9   81.54   1.79E+003 
   21  1416- 1424  1419.73   387.08   0.75        24.2   43.15   8.53E+002 
   22  1511- 1543  1528.72   416.82   1.36     33224.5  223.99   3.28E+003 
   23  1589- 1598  1592.95   434.34   0.40        73.6   45.73   8.90E+002 
   24  1607- 1620  1614.04   440.10   0.35        -1.6   57.70   1.20E+003 
   25  1692- 1707  1698.06   463.02   1.63       648.2   69.05   1.37E+003 
   26  1794- 1813  1807.00   492.74   1.31       182.4   76.84   1.63E+003 
   27  1863- 1885  1873.46   510.87   0.73       153.1   88.81   1.99E+003 
   28  1929- 1946  1936.37   528.04   1.48       464.4   73.15   1.50E+003 
   29  2019- 2034  2027.69   552.95   1.42       499.4   67.85   1.37E+003 
   30  2492- 2506  2496.03   680.73   0.27        -7.0   59.76   1.24E+003 
   31  2622- 2643  2632.42   717.94   0.32        24.1   84.83   1.91E+003 
   32  2701- 2717  2711.87   739.62   0.27      -105.3   69.14   1.56E+003 
   33  2852- 2864  2856.69   779.12   0.61        53.2   57.34   1.23E+003 
   34  2988- 3013  3001.98   818.76   1.63      7560.6  137.72   2.68E+003 
   35  3281- 3295  3289.99   897.34   0.31       -18.5   66.32   1.53E+003 
   36  3378- 3394  3384.21   923.05   0.74        59.4   69.04   1.50E+003 
   37  3420- 3440  3432.34   936.18   0.56       -58.2   84.51   1.98E+003 
   38  3559- 3574  3566.88   972.88   1.13       171.8   65.57   1.37E+003 
   39  3935- 3949  3942.58  1075.38   0.59        89.2   66.36   1.49E+003 
   40  3990- 4003  3996.48  1090.09   0.83        95.6   56.18   1.11E+003 
   41  4006- 4036  4024.13  1097.63   1.79     32399.3  208.47   2.19E+003 
   42  4521- 4544  4532.18  1236.24   1.99       806.6   55.27   5.60E+002 
Peak Analysis Report             6/25/2018   4:21:39 PM            Page  3


   Peak  ROI  ROI    Peak    Energy   FWHM  Net Peak  Net Area  Continuum 
    No. start end  centroid   (keV)   (keV)  Area     Uncert.    Counts 

   43  4717- 4757  4744.51  1294.17   1.89     40613.9  219.35   1.13E+003 
   44  5239- 5262  5252.65  1432.80   1.55       199.0   38.04   3.12E+002 
   45  5350- 5367  5357.40  1461.38   1.74       112.7   30.59   2.52E+002 
   46  5517- 5543  5530.37  1508.57   2.03      4237.3   78.42   4.38E+002 
   47  5573- 5585  5579.15  1521.88   0.60        22.4   19.90   1.42E+002 
   48  5862- 5887  5874.21  1602.38   1.59       221.0   39.36   3.12E+002 
   49  6065- 6079  6073.89  1656.86   0.27        -7.5   22.51   1.74E+002 
   50  6121- 6135  6129.81  1672.11   0.27        -2.8   21.44   1.60E+002 
   51  6263- 6288  6274.63  1711.63   1.82       306.2   37.28   2.55E+002 
   52  6415- 6442  6429.47  1753.87   1.67       862.0   51.25   3.92E+002 
   53  6507- 6521  6515.92  1777.45   0.45        21.5   22.52   1.69E+002 
   54  7552- 7563  7557.25  2061.56   0.73        21.6   11.94   4.74E+001 
 M 55  7731- 7765  7738.87  2111.11   2.40        47.9   18.89   9.90E+001 
 m 56  7731- 7765  7750.73  2114.34   2.40      4896.4   72.88   1.05E+002 
   57  7862- 7873  7867.98  2146.33   0.82        15.8   10.52   3.72E+001 

M = First peak in a multiplet region
m = Other peak in a multiplet region
F = Fitted singlet

Errors quoted at  1.000 sigma
Nuclide Identification Report        6/25/2018   4:21:40 PM        Page  4


No nuclide identification results available for reporting purposes
*************************************************************************
*****        G A M M A   S P E C T R U M    A N A L Y S I S         *****
*************************************************************************


Filename: DSA1000A                                                     

Report Generated On             : 6/25/2018   4:21:40 PM

Sample Title                    : Sample title.                          
Sample Description              :                                 
Sample Identification           :                 
Sample Type                     :                 
Sample Geometry                 :                 

Peak Locate Threshold           :  2.50
Peak Locate Range (in channels) :     1 - 65535
Peak Area Range (in channels)   :     1 -  8192
Identification Energy Tolerance :    3.000 keV

Sample Size                     :  1.000E+000 Unit    

Sample Taken On                 :                       
Acquisition Started             : 6/25/2018   4:15:14 PM

Live Time                       :      300.0 seconds
Real Time                       :      308.9 seconds

Dead Time                       :   2.89 %


              Energy Calibration Used Done On       : 6/23/2018 
              Efficiency Calibration Used Done On   : 6/23/2018 
              Efficiency ID                         :                        

Energy Calibration Report            6/25/2018   4:21:40 PM       Page  5


**************************************************************************
*****       E N E R G Y   C A L I B R A T I O N   R E P O R T        *****
**************************************************************************

     Detector Name:  DSA1000A                        
     Sample Title:   Sample title.                                     

       *************  ENERGY CALIBRATION COEFFICIENTS  *************

               Energy Calibrate Performed on:  6/23/2018  12:56:08 PM
                       by:                       
               Energy Calibrate Type:          POLY    

   Energy(keV) =    -0.253 +     0.273*ch +  0.00E+000*ch^2 +  0.00E+000*ch^3

       *************  SHAPE CALIBRATION COEFFICIENTS   *************

               Shape Calibrate Performed on:  6/23/2018  12:56:08 PM
                       by:                        

               FWHM     =     0.795  +   0.026*E^1/2

               LOW TAIL =   0.0E+000 +  0.0E+000*E

****************     ENERGY CALIBRATION RESULTS TABLE     ****************

                    Centroid      Centroid         Energy
                    Channel       error            (keV )
                      220.59        0.07             60.01
                      317.99        0.02             86.54
                      386.80        0.01            105.31
                      451.84        0.03            122.06
                     2426.14        0.01            661.66
                     3062.96        0.38            834.83

       *********     SHAPE CALIBRATION RESULTS TABLE      *********

             Energy     FWHM       FWHM         TAIL        TAIL
             (keV )     channels   error        channels    error
               60.01      3.13      0.17           0.00      0.00
               86.54      3.87      0.04           0.00      0.00
              105.31      3.88      0.01           0.00      0.00
              122.06      3.92      0.07           0.00      0.00
              661.66      5.34      0.01           0.00      0.00
              834.83      1.36      0.55           0.00      0.00
Efficiency Calibration Report             6/25/2018   4:21:40 PM   Page  6


**************************************************************************
*****   E F F I C I E N C Y   C A L I B R A T I O N    R E P O R T   *****
**************************************************************************

     Detector Name:  DSA1000A                        
     Sample Title:   Sample title.                                     

     Geometry Description:                 
     Efficiency Calibration Performed on:  6/23/2018   4:29:36 PM
                       by:                         
     Geometry Type Used:   INTERPOL        

                            Efficiency Triplets
                            ===================

                   Energy         Efficiency        Error

                     60.00         2.39E-002      2.06E-003
                     86.50         7.50E-002      1.86E-004
                    105.30         9.27E-002      2.42E-004
                    176.30         9.35E-002      6.01E-004
                    427.90         4.77E-002      2.21E-004
                    600.60         3.51E-002      2.22E-004
                    834.80         2.64E-002      2.00E-004
                   1173.20         1.87E-002      5.20E-005
                   1332.50         1.69E-002      4.80E-005

                      DUAL Efficiency Calibration Equation
                      ====================================

         Single Equation Terms ->   Offset:     -143.191
                                     Slope:       91.147
                                 Quadratic:      -21.757
                                     Cubic:        2.279
                                 4th Order:       -0.089
                                 5th Order:        0.000
                                 6th Order:        0.000
                                 7th Order:        0.000
                                 8th Order:        0.000
                                 9th Order:        0.000
Efficiency Calibration Report             6/25/2018   4:21:40 PM   Page  7


                      EMPIRICAL Efficiency Calibration Equation
                      =========================================

      Empirical Equation Terms ->  Scaling:      696.250
                                    Offset:       -3.494
                                     Slope:        0.899
                                 Quadratic:        0.043
                                     Cubic:        0.059
                                 4th Order:       -0.089
                                 5th Order:        0.000

                      LINEAR Efficiency Calibration Equation
                      ======================================

         Linear Equation Terms ->   Offset:       -0.000
                                     Slope:       -1.569
                                 Quadratic:      189.136
                                     Cubic:   -17233.867
                                 4th Order:   376762.938
                                 5th Order:        0.000
                                 6th Order:        0.000
                                 7th Order:        0.000
                                 8th Order:        0.000
                                 9th Order:        0.000
Peak-to-Total Calibration Report          6/25/2018   4:21:40 PM   Page  8


**************************************************************************
**   P E A K - T O - T O T A L   C A L I B R A T I O N   R E P O R T   ***
**************************************************************************

     Detector Name:  DSA1000A                        
     Sample Title:   Sample title.                                     


                  Peak-to-Total Calibration Equation
                  =============================================

                                 No Peak-to-Total Equation

Peak Locate Analysis Report             6/25/2018   4:21:40 PM     Page  9

**************************************************************************
*****             P E A K    L O C A T E    R E P O R T              *****
**************************************************************************

     Detector Name:  DSA1000A                        
     Sample Title:   Sample title.                                     
               Peak Locate Performed on:  6/25/2018   4:21:39 PM
               Peak Locate From Channel:      1
               Peak Locate To Channel:    65535
               Peak Search Sensitivity:     2.50

     Peak   Centroid    Centroid     Energy       Peak
      No.    Channel   Uncertainty   (keV)    Significance

       1       66.71      <NA>         17.95      <NA> 
       2      233.40      <NA>         63.43      <NA> 
       3      276.69      <NA>         75.23      <NA> 
       4      501.00      <NA>        136.36      <NA> 
       5      507.88      <NA>        138.31      <NA> 
       6      553.82      <NA>        150.84      <NA> 
       7      582.50      <NA>        158.67      <NA> 
       8      726.02      <NA>        197.82      <NA> 
       9      764.55      <NA>        208.33      <NA> 
      10      894.00      <NA>        243.73      <NA> 
      11      900.17      <NA>        245.34      <NA> 
      12      964.95      <NA>        263.01      <NA> 
      13     1002.34      <NA>        273.21      <NA> 
      14     1021.10      <NA>        278.33      <NA> 
      15     1157.22      <NA>        315.47      <NA> 
      16     1169.04      <NA>        318.87      <NA> 
      17     1174.96      <NA>        320.21      <NA> 
      18     1233.24      <NA>        336.21      <NA> 
      19     1262.80      <NA>        344.27      <NA> 
      20     1303.40      <NA>        355.35      <NA> 
      21     1419.73      <NA>        387.08      <NA> 
      22     1528.72      <NA>        416.82      <NA> 
      23     1592.95      <NA>        434.34      <NA> 
      24     1614.04      <NA>        440.10      <NA> 
      25     1698.06      <NA>        463.02      <NA> 
      26     1807.00      <NA>        492.74      <NA> 
      27     1873.46      <NA>        510.87      <NA> 
      28     1936.37      <NA>        528.04      <NA> 
      29     2027.69      <NA>        552.95      <NA> 
      30     2496.03      <NA>        680.73      <NA> 
      31     2632.42      <NA>        717.94      <NA> 
      32     2711.87      <NA>        739.62      <NA> 
      33     2856.69      <NA>        779.12      <NA> 
      34     3001.98      <NA>        818.76      <NA> 
      35     3289.99      <NA>        897.34      <NA> 
      36     3384.21      <NA>        923.05      <NA> 
      37     3432.34      <NA>        936.18      <NA> 
      38     3566.88      <NA>        972.88      <NA> 
      39     3942.58      <NA>       1075.38      <NA> 
      40     3996.48      <NA>       1090.09      <NA> 
      41     4024.13      <NA>       1097.63      <NA> 
Peak Locate Analysis Report             6/25/2018   4:21:40 PM     Page 10


     Peak   Centroid    Centroid     Energy       Peak
      No.    Channel   Uncertainty   (keV)    Significance

      42     4532.18      <NA>       1236.24      <NA> 
      43     4744.51      <NA>       1294.17      <NA> 
      44     5252.65      <NA>       1432.80      <NA> 
      45     5357.40      <NA>       1461.38      <NA> 
      46     5530.37      <NA>       1508.57      <NA> 
      47     5579.15      <NA>       1521.88      <NA> 
      48     5874.21      <NA>       1602.38      <NA> 
      49     6073.89      <NA>       1656.86      <NA> 
      50     6129.81      <NA>       1672.11      <NA> 
      51     6274.63      <NA>       1711.63      <NA> 
      52     6429.47      <NA>       1753.87      <NA> 
      53     6515.92      <NA>       1777.45      <NA> 
      54     7557.25      <NA>       2061.56      <NA> 
      55     7737.00      <NA>       2111.11      <NA> 
      56     7750.70      <NA>       2114.34      <NA> 
      57     7867.98      <NA>       2146.33      <NA> 

? = Adjacent peak noted

Errors quoted at  1.000 sigma
Peak Analysis Report             6/25/2018   4:21:40 PM            Page 11


**************************************************************************
*****           P E A K    A N A L Y S I S    R E P O R T            *****
**************************************************************************


     Detector Name:  DSA1000A                        
     Sample Title:   Sample title.                                     
     Peak Analysis Performed on:  6/25/2018   4:21:39 PM
               Peak Analysis From Channel:      1
               Peak Analysis To Channel:     8192

   Peak  ROI  ROI    Peak    Energy   FWHM  Net Peak  Net Area  Continuum 
    No. start end  centroid   (keV)   (keV)  Area     Uncert.    Counts 

    1    60-   72    66.71    17.95   0.27        52.3   93.49   3.30E+003 
    2   231-  236   233.40    63.43   0.32       -10.4   42.22   1.01E+003 
    3   274-  280   276.69    75.23   0.27        93.5   49.24   1.23E+003 
 M  4   493-  515   500.74   136.36   1.17       158.4   40.53   2.48E+003 
 m  5   493-  515   507.89   138.31   1.17      8723.8  105.27   2.42E+003 
    6   547-  561   553.82   150.84   1.24      1449.4   88.84   2.24E+003 
    7   574-  590   582.50   158.67   1.14      1618.6   98.83   2.60E+003 
    8   721-  730   726.02   197.82   0.29         2.2   59.78   1.58E+003 
    9   761-  768   764.55   208.33   0.27       -20.6   51.15   1.31E+003 
 M 10   886-  908   894.29   243.73   1.25       101.1   49.64   2.72E+003 
 m 11   886-  908   900.17   245.34   1.25      3488.9   85.48   2.67E+003 
   12   961-  973   964.95   263.01   0.41       111.2   71.67   1.90E+003 
   13   993- 1011  1002.34   273.21   1.38       495.8   94.49   2.49E+003 
   14  1014- 1034  1021.10   278.33   1.21       218.7   98.42   2.61E+003 
   15  1144- 1165  1157.22   315.47   1.39       325.8   94.61   2.30E+003 
 M 16  1166- 1183  1169.68   318.87   0.32        29.9    6.17   5.08E+002 
 m 17  1166- 1183  1174.59   320.21   0.32        54.0    6.83   5.04E+002 
   18  1227- 1242  1233.24   336.21   1.30       536.3   73.61   1.62E+003 
   19  1257- 1268  1262.80   344.27   1.61       234.8   56.23   1.17E+003 
   20  1295- 1312  1303.40   355.35   1.31       810.9   81.54   1.79E+003 
   21  1416- 1424  1419.73   387.08   0.75        24.2   43.15   8.53E+002 
   22  1511- 1543  1528.72   416.82   1.36     33224.5  223.99   3.28E+003 
   23  1589- 1598  1592.95   434.34   0.40        73.6   45.73   8.90E+002 
   24  1607- 1620  1614.04   440.10   0.35        -1.6   57.70   1.20E+003 
   25  1692- 1707  1698.06   463.02   1.63       648.2   69.05   1.37E+003 
   26  1794- 1813  1807.00   492.74   1.31       182.4   76.84   1.63E+003 
   27  1863- 1885  1873.46   510.87   0.73       153.1   88.81   1.99E+003 
   28  1929- 1946  1936.37   528.04   1.48       464.4   73.15   1.50E+003 
   29  2019- 2034  2027.69   552.95   1.42       499.4   67.85   1.37E+003 
   30  2492- 2506  2496.03   680.73   0.27        -7.0   59.76   1.24E+003 
   31  2622- 2643  2632.42   717.94   0.32        24.1   84.83   1.91E+003 
   32  2701- 2717  2711.87   739.62   0.27      -105.3   69.14   1.56E+003 
   33  2852- 2864  2856.69   779.12   0.61        53.2   57.34   1.23E+003 
   34  2988- 3013  3001.98   818.76   1.63      7560.6  137.72   2.68E+003 
   35  3281- 3295  3289.99   897.34   0.31       -18.5   66.32   1.53E+003 
   36  3378- 3394  3384.21   923.05   0.74        59.4   69.04   1.50E+003 
   37  3420- 3440  3432.34   936.18   0.56       -58.2   84.51   1.98E+003 
   38  3559- 3574  3566.88   972.88   1.13       171.8   65.57   1.37E+003 
   39  3935- 3949  3942.58  1075.38   0.59        89.2   66.36   1.49E+003 
   40  3990- 4003  3996.48  1090.09   0.83        95.6   56.18   1.11E+003 
   41  4006- 4036  4024.13  1097.63   1.79     32399.3  208.47   2.19E+003 
   42  4521- 4544  4532.18  1236.24   1.99       806.6   55.27   5.60E+002 
Peak Analysis Report             6/25/2018   4:21:40 PM            Page 12


   Peak  ROI  ROI    Peak    Energy   FWHM  Net Peak  Net Area  Continuum 
    No. start end  centroid   (keV)   (keV)  Area     Uncert.    Counts 

   43  4717- 4757  4744.51  1294.17   1.89     40613.9  219.35   1.13E+003 
   44  5239- 5262  5252.65  1432.80   1.55       199.0   38.04   3.12E+002 
   45  5350- 5367  5357.40  1461.38   1.74       112.7   30.59   2.52E+002 
   46  5517- 5543  5530.37  1508.57   2.03      4237.3   78.42   4.38E+002 
   47  5573- 5585  5579.15  1521.88   0.60        22.4   19.90   1.42E+002 
   48  5862- 5887  5874.21  1602.38   1.59       221.0   39.36   3.12E+002 
   49  6065- 6079  6073.89  1656.86   0.27        -7.5   22.51   1.74E+002 
   50  6121- 6135  6129.81  1672.11   0.27        -2.8   21.44   1.60E+002 
   51  6263- 6288  6274.63  1711.63   1.82       306.2   37.28   2.55E+002 
   52  6415- 6442  6429.47  1753.87   1.67       862.0   51.25   3.92E+002 
   53  6507- 6521  6515.92  1777.45   0.45        21.5   22.52   1.69E+002 
   54  7552- 7563  7557.25  2061.56   0.73        21.6   11.94   4.74E+001 
 M 55  7731- 7765  7738.87  2111.11   2.40        47.9   18.89   9.90E+001 
 m 56  7731- 7765  7750.73  2114.34   2.40      4896.4   72.88   1.05E+002 
   57  7862- 7873  7867.98  2146.33   0.82        15.8   10.52   3.72E+001 

M = First peak in a multiplet region
m = Other peak in a multiplet region
F = Fitted singlet

Errors quoted at  1.000 sigma
Peak Analysis Report                    6/25/2018   4:21:40 PM          Page 13


*******************************************************************************
*****  S T A N D A R D   V M S   P E A K   A N A L Y S I S   R E P O R T  *****
*******************************************************************************

        Configuration Title:                                         
        Spectrum Title:              Sample title.            
        Peak Analysis Performed on:  6/25/18   4:21:39 PM
        Peak Analysis From Channel:      1    To Channel:     8192
        Peak Search Sensitivity:      2.50    Gaussian Sensitivity:  1.00
        Max Iterations: 15  Fit Singlets: No  Critical Level Test: No 
        Use Fixed FWHM: No  FWHM Reject:  No  FWHM Reject Ratio:  0.00 
        Peak Fit Engine Name: PANOLIN1        Continuum Type: STEP   

   Pk IT  Energy      Area   Bkgnd  FWHM Channel  Left  PW  Cts/Sec  %err   Fit

    1  0    17.95       52    3296  0.27   66.71    60  13 1.7E-001 178.7   0.0
    2  0    63.43      -10    1005  0.32  233.40   231   6-3.5E-002 -405.   0.0
    3  0    75.23       94    1225  0.27  276.69   274   7 3.1E-001  52.7   0.0
 M  4  8   136.36      158    2479  1.17  500.74   493  23 5.3E-001  25.6   0.7
 m  5  8   138.31     8724    2421  1.17  507.89   493  23 2.9E+001   1.2   0.7
    6  0   150.84     1449    2237  1.24  553.82   547  15 4.8E+000   6.1   0.0
    7  0   158.67     1619    2600  1.14  582.50   574  17 5.4E+000   6.1   0.0
    8  0   197.82        2    1581  0.29  726.02   721  10 7.2E-003 2761.   0.0
    9  0   208.33      -21    1311  0.27  764.55   761   8-6.9E-002 -248.   0.0
 M 10  5   243.73      101    2716  1.25  894.29   886  23 3.4E-001  49.1   0.8
 m 11  5   245.34     3489    2671  1.25  900.17   886  23 1.2E+001   2.4   0.8
   12  0   263.01      111    1897  0.41  964.95   961  13 3.7E-001  64.5   0.0
   13  0   273.21      496    2494  1.38 1002.34   993  19 1.7E+000  19.1   0.0
   14  0   278.33      219    2606  1.21 1021.10  1014  21 7.3E-001  45.0   0.0
   15  0   315.47      326    2299  1.39 1157.22  1144  22 1.1E+000  29.0   0.0
 M 16 32   318.87       30     508  0.32 1169.68  1166  18 1.0E-001  20.6   1.1
 m 17 32   320.21       54     504  0.32 1174.59  1166  18 1.8E-001  12.7   1.1
   18  0   336.21      536    1622  1.30 1233.24  1227  16 1.8E+000  13.7   0.0
   19  0   344.27      235    1168  1.61 1262.80  1257  12 7.8E-001  24.0   0.0
   20  0   355.35      811    1793  1.31 1303.40  1295  18 2.7E+000  10.1   0.0
   21  0   387.08       24     853  0.75 1419.73  1416   9 8.1E-002 178.4   0.0
   22  0   416.82    33224    3281  1.36 1528.72  1511  33 1.1E+002   0.7   0.0
   23  0   434.34       74     890  0.40 1592.95  1589  10 2.5E-001  62.1   0.0
   24  0   440.10       -2    1200  0.35 1614.04  1607  14-5.3E-003 -3620   0.0
   25  0   463.02      648    1366  1.63 1698.06  1692  16 2.2E+000  10.7   0.0
   26  0   492.74      182    1632  1.31 1807.00  1794  20 6.1E-001  42.1   0.0
   27  0   510.87      153    1992  0.73 1873.46  1863  23 5.1E-001  58.0   0.0
   28  0   528.04      464    1498  1.48 1936.37  1929  18 1.5E+000  15.7   0.0
   29  0   552.95      499    1368  1.42 2027.69  2019  16 1.7E+000  13.6   0.0
   30  0   680.73       -7    1236  0.27 2496.03  2492  15-2.3E-002 -849.   0.0
   31  0   717.94       24    1911  0.32 2632.42  2622  22 8.0E-002 352.6   0.0
   32  0   739.62     -105    1562  0.27 2711.87  2701  17-3.5E-001 -65.7   0.0
   33  0   779.12       53    1227  0.61 2856.69  2852  13 1.8E-001 107.8   0.0
   34  0   818.76     7561    2677  1.63 3001.98  2988  26 2.5E+001   1.8   0.0
   35  0   897.34      -18    1532  0.31 3289.99  3281  15-6.2E-002 -359.   0.0
   36  0   923.05       59    1501  0.74 3384.21  3378  17 2.0E-001 116.2   0.0
   37  0   936.18      -58    1982  0.56 3432.34  3420  21-1.9E-001 -145.   0.0
   38  0   972.88      172    1373  1.13 3566.88  3559  16 5.7E-001  38.2   0.0
Peak Analysis Report                    6/25/2018   4:21:40 PM          Page 14


   Pk IT  Energy      Area   Bkgnd  FWHM Channel  Left  PW  Cts/Sec  %err   Fit

   39  0  1075.38       89    1495  0.59 3942.58  3935  15 3.0E-001  74.4   0.0
   40  0  1090.09       96    1106  0.83 3996.48  3990  14 3.2E-001  58.8   0.0
   41  0  1097.63    32399    2193  1.79 4024.13  4006  31 1.1E+002   0.6   0.0
   42  0  1236.24      807     560  1.99 4532.18  4521  24 2.7E+000   6.9   0.0
   43  0  1294.17    40614    1131  1.89 4744.51  4717  41 1.4E+002   0.5   0.0
   44  0  1432.80      199     312  1.55 5252.65  5239  24 6.6E-001  19.1   0.0
   45  0  1461.38      113     252  1.74 5357.40  5350  18 3.8E-001  27.1   0.0
   46  0  1508.57     4237     438  2.03 5530.37  5517  27 1.4E+001   1.9   0.0
   47  0  1521.88       22     142  0.60 5579.15  5573  13 7.5E-002  88.6   0.0
   48  0  1602.38      221     312  1.59 5874.21  5862  26 7.4E-001  17.8   0.0
   49  0  1656.86       -8     174  0.27 6073.89  6065  15-2.5E-002 -298.   0.0
   50  0  1672.11       -3     160  0.27 6129.81  6121  15-9.4E-003 -759.   0.0
   51  0  1711.63      306     255  1.82 6274.63  6263  26 1.0E+000  12.2   0.0
   52  0  1753.87      862     392  1.67 6429.47  6415  28 2.9E+000   5.9   0.0
   53  0  1777.45       21     169  0.45 6515.92  6507  15 7.2E-002 104.7   0.0
   54  0  2061.56       22      47  0.73 7557.25  7552  12 7.2E-002  55.3   0.0
 M 55 10  2111.11       48      99  2.40 7738.87  7731  35 1.6E-001  39.4   0.8
 m 56 10  2114.34     4896     105  2.40 7750.73  7731  35 1.6E+001   1.5   0.8
   57  0  2146.33       16      37  0.82 7867.98  7862  12 5.3E-002  66.6   0.0

M = First peak in a multiplet region
m = Other peak in a multiplet region
F = Fitted singlet

Errors quoted at  1.000 sigma
Peak Analysis Report             6/25/2018   4:21:40 PM            Page 15


**************************************************************************
*****           P E A K    A N A L Y S I S    R E P O R T            *****
**************************************************************************


     Detector Name:  DSA1000A                        
     Sample Title:   Sample title.                                     
     Peak Analysis Performed on:  6/25/2018   4:21:39 PM
               Peak Analysis From Channel:      1
               Peak Analysis To Channel:     8192

   Peak  ROI  ROI   Energy   Net Peak Net Area  Continuum  Critical 
    No. start end    (keV)     Area    Uncert.    Counts     Level

    1    60-   72    17.95        52.3   93.49   3.30E+003  1.53E+002 
    2   231-  236    63.43       -10.4   42.22   1.01E+003  6.97E+001 
    3   274-  280    75.23        93.5   49.24   1.23E+003  7.94E+001 
 M  4   493-  515   136.36       158.4   40.53   2.48E+003  1.16E+002 
 m  5   493-  515   138.31      8723.8  105.27   2.42E+003  1.14E+002 
    6   547-  561   150.84      1449.4   88.84   2.24E+003  1.32E+002 
    7   574-  590   158.67      1618.6   98.83   2.60E+003  1.49E+002 
    8   721-  730   197.82         2.2   59.78   1.58E+003  9.83E+001 
    9   761-  768   208.33       -20.6   51.15   1.31E+003  8.45E+001 
 M 10   886-  908   243.73       101.1   49.64   2.72E+003  1.21E+002 
 m 11   886-  908   245.34      3488.9   85.48   2.67E+003  1.20E+002 
   12   961-  973   263.01       111.2   71.67   1.90E+003  1.17E+002 
   13   993- 1011   273.21       495.8   94.49   2.49E+003  1.51E+002 
   14  1014- 1034   278.33       218.7   98.42   2.61E+003  1.60E+002 
   15  1144- 1165   315.47       325.8   94.61   2.30E+003  1.53E+002 
 M 16  1166- 1183   318.87        29.9    6.17   5.08E+002  5.24E+001 
 m 17  1166- 1183   320.21        54.0    6.83   5.04E+002  5.22E+001 
   18  1227- 1242   336.21       536.3   73.61   1.62E+003  1.15E+002 
   19  1257- 1268   344.27       234.8   56.23   1.17E+003  8.90E+001 
   20  1295- 1312   355.35       810.9   81.54   1.79E+003  1.26E+002 
   21  1416- 1424   387.08        24.2   43.15   8.53E+002  7.05E+001 
   22  1511- 1543   416.82     33224.5  223.99   3.28E+003  2.14E+002 
   23  1589- 1598   434.34        73.6   45.73   8.90E+002  7.39E+001 
   24  1607- 1620   440.10        -1.6   57.70   1.20E+003  9.49E+001 
   25  1692- 1707   463.02       648.2   69.05   1.37E+003  1.06E+002 
   26  1794- 1813   492.74       182.4   76.84   1.63E+003  1.24E+002 
   27  1863- 1885   510.87       153.1   88.81   1.99E+003  1.45E+002 
   28  1929- 1946   528.04       464.4   73.15   1.50E+003  1.15E+002 
   29  2019- 2034   552.95       499.4   67.85   1.37E+003  1.05E+002 
   30  2492- 2506   680.73        -7.0   59.76   1.24E+003  9.84E+001 
   31  2622- 2643   717.94        24.1   84.83   1.91E+003  1.39E+002 
   32  2701- 2717   739.62      -105.3   69.14   1.56E+003  1.15E+002 
   33  2852- 2864   779.12        53.2   57.34   1.23E+003  9.36E+001 
   34  2988- 3013   818.76      7560.6  137.72   2.68E+003  1.76E+002 
   35  3281- 3295   897.34       -18.5   66.32   1.53E+003  1.09E+002 
   36  3378- 3394   923.05        59.4   69.04   1.50E+003  1.13E+002 
   37  3420- 3440   936.18       -58.2   84.51   1.98E+003  1.40E+002 
   38  3559- 3574   972.88       171.8   65.57   1.37E+003  1.06E+002 
   39  3935- 3949  1075.38        89.2   66.36   1.49E+003  1.08E+002 
   40  3990- 4003  1090.09        95.6   56.18   1.11E+003  9.10E+001 
   41  4006- 4036  1097.63     32399.3  208.47   2.19E+003  1.73E+002 
   42  4521- 4544  1236.24       806.6   55.27   5.60E+002  7.80E+001 
Peak Analysis Report             6/25/2018   4:21:40 PM            Page 16


   Peak  ROI  ROI   Energy   Net Peak Net Area  Continuum  Critical 
    No. start end    (keV)     Area    Uncert.    Counts     Level

   43  4717- 4757  1294.17     40613.9  219.35   1.13E+003  1.42E+002 
   44  5239- 5262  1432.80       199.0   38.04   3.12E+002  5.81E+001 
   45  5350- 5367  1461.38       112.7   30.59   2.52E+002  4.72E+001 
   46  5517- 5543  1508.57      4237.3   78.42   4.38E+002  7.19E+001 
   47  5573- 5585  1521.88        22.4   19.90   1.42E+002  3.18E+001 
   48  5862- 5887  1602.38       221.0   39.36   3.12E+002  5.99E+001 
   49  6065- 6079  1656.86        -7.5   22.51   1.74E+002  3.73E+001 
   50  6121- 6135  1672.11        -2.8   21.44   1.60E+002  3.54E+001 
   51  6263- 6288  1711.63       306.2   37.28   2.55E+002  5.42E+001 
   52  6415- 6442  1753.87       862.0   51.25   3.92E+002  6.91E+001 
   53  6507- 6521  1777.45        21.5   22.52   1.69E+002  3.62E+001 
   54  7552- 7563  2061.56        21.6   11.94   4.74E+001  1.81E+001 
 M 55  7731- 7765  2111.11        47.9   18.89   9.90E+001  2.31E+001 
 m 56  7731- 7765  2114.34      4896.4   72.88   1.05E+002  2.38E+001 
   57  7862- 7873  2146.33        15.8   10.52   3.72E+001  1.60E+001 

M = First peak in a multiplet region
m = Other peak in a multiplet region
F = Fitted singlet

Errors quoted at  1.000 sigma
Peak with NID Report             6/25/2018   4:21:40 PM            Page 17


**************************************************************************
*****           P E A K    W I T H   N I D    R E P O R T            *****
**************************************************************************


     Detector Name:  DSA1000A                        
     Sample Title:   Sample title.                                     
     Peak Analysis Performed on:  6/25/2018   4:21:39 PM
               Peak Analysis From Channel:      1
               Peak Analysis To Channel:     8192
     Tentative NID Library:   C:\GENIE2K\CAMFILES\NAA LIB LONG.NLB     
     Peak Match Tolerance :    3.000 keV

   Peak  ROI  ROI    Peak    Energy   Net Peak Net Area  Continuum  Tentative
    No. Start End  Centroid   (keV)     Area    Uncert.    Counts    Nuclide 

    1    60-   72    66.71    17.95  5.23E+001   93.49   3.30E+003   .....    
    2   231-  236   233.40    63.43 -1.04E+001   42.22   1.01E+003   W-187    
    3   274-  280   276.69    75.23  9.35E+001   49.24   1.23E+003   .....    
 M  4   493-  515   500.74   136.36  1.58E+002   40.53   2.48E+003   HF-181   
                                                                     SE-75    
                                                                     RE-186   
                                                                     W-187    
                                                                     HG-197   
 m  5   493-  515   507.89   138.31  8.72E+003  105.27   2.42E+003   RE-186   
                                                                     HF-181   
                                                                     SE-75    
    6   547-  561   553.82   150.84  1.45E+003   88.84   2.24E+003   PA-232   
                                                                     TE-131x  
                                                                     TA-182   
                                                                     LU-177x  
    7   574-  590   582.50   158.67  1.62E+003   98.83   2.60E+003   TE-123m  
    8   721-  730   726.02   197.82  2.16E+000   59.78   1.58E+003   YB-169   
                                                                     TB-160   
                                                                     XE-129m  
                                                                     TE-131x  
    9   761-  768   764.55   208.33 -2.06E+001   51.15   1.31E+003   LU-177x  
                                                                     LU-177   
                                                                     GE-77    
 M 10   886-  908   894.29   243.73  1.01E+002   49.64   2.72E+003   XE-125   
                                                                     EU-152x  
                                                                     TE-131x  
 m 11   886-  908   900.17   245.34  3.49E+003   85.48   2.67E+003   EU-152x  
                                                                     XE-125   
                                                                     EU-154   
   12   961-  973   964.95   263.01  1.11E+002   71.67   1.90E+003   GE-77    
                                                                     SE-75    
                                                                     BI-210   
                                                                     BI-210x  
   13   993- 1011  1002.34   273.21  4.96E+002   94.49   2.49E+003   PM-151   
                                                                     BA-133m  
   14  1014- 1034  1021.10   278.33  2.19E+002   98.42   2.61E+003   HG-197   
                                                                     HG-203   
                                                                     SE-75    
                                                                     BA-133   
                                                                     HO-166   
                                                                     BA-133m  
Peak with NID Report             6/25/2018   4:21:40 PM            Page 18

   15  1144- 1165  1157.22   315.47  3.26E+002   94.61   2.30E+003   IR-192   
 M 16  1166- 1183  1169.68   318.87  2.99E+001    6.17   5.08E+002   RH-105   
                                                                     LU-177x  
                                                                     CR-51    
                                                                     IR-192   
 m 17  1166- 1183  1174.59   320.21  5.40E+001    6.83   5.04E+002   CR-51    
                                                                     LU-177x  
                                                                     RH-105   
   18  1227- 1242  1233.24   336.21  5.36E+002   73.61   1.62E+003   CD-115   
                                                                     TE-131x  
   19  1257- 1268  1262.80   344.27  2.35E+002   56.23   1.17E+003   EU-152x  
                                                                     HF-175   
                                                                     HF-181   
                                                                     PT-197m  
   20  1295- 1312  1303.40   355.35  8.11E+002   81.54   1.79E+003   BA-133   
   21  1416- 1424  1419.73   387.08  2.42E+001   43.15   8.53E+002   PA-232   
   22  1511- 1543  1528.72   416.82  3.32E+004  223.99   3.28E+003   GE-77    
                                                                     LU-177x  
   23  1589- 1598  1592.95   434.34  7.36E+001   45.73   8.90E+002   AG-108m  
   24  1607- 1620  1614.04   440.10 -1.59E+000   57.70   1.20E+003   ZN-69m   
   25  1692- 1707  1698.06   463.02  6.48E+002   69.05   1.37E+003   SB-125   
   26  1794- 1813  1807.00   492.74  1.82E+002   76.84   1.63E+003   .....    
   27  1863- 1885  1873.46   510.87  1.53E+002   88.81   1.99E+003   AS-71    
                                                                     ZN-65    
   28  1929- 1946  1936.37   528.04  4.64E+002   73.15   1.50E+003   CD-115   
                                                                     HO-166   
                                                                     ND-147   
   29  2019- 2034  2027.69   552.95  4.99E+002   67.85   1.37E+003   BR-82x   
                                                                     W-187    
   30  2492- 2506  2496.03   680.73 -7.03E+000   59.76   1.24E+003   .....    
   31  2622- 2643  2632.42   717.94  2.41E+001   84.83   1.91E+003   .....    
   32  2701- 2717  2711.87   739.62 -1.05E+002   69.14   1.56E+003   MO-99    
   33  2852- 2864  2856.69   779.12  5.32E+001   57.34   1.23E+003   EU-152x  
                                                                     BR-82x   
   34  2988- 3013  3001.98   818.76  7.56E+003  137.72   2.68E+003   PA-232   
                                                                     AG-110m  
                                                                     LA-140   
   35  3281- 3295  3289.99   897.34 -1.85E+001   66.32   1.53E+003   PA-232   
   36  3378- 3394  3384.21   923.05  5.94E+001   69.04   1.50E+003   LA-140   
   37  3420- 3440  3432.34   936.18 -5.82E+001   84.51   1.98E+003   AG-110m  
   38  3559- 3574  3566.88   972.88  1.72E+002   65.57   1.37E+003   .....    
Peak with NID Report             6/25/2018   4:21:40 PM            Page 19


   Peak  ROI  ROI    Peak    Energy   Net Peak Net Area  Continuum  Tentative
    No. start end  centroid   (keV)     Area    Uncert.    Counts    Nuclide 

   39  3935- 3949  3942.58  1075.38  8.92E+001   66.36   1.49E+003   RB-86    
   40  3990- 4003  3996.48  1090.09  9.56E+001   56.18   1.11E+003   .....    
   41  4006- 4036  4024.13  1097.63  3.24E+004  208.47   2.19E+003   FE-59    
   42  4521- 4544  4532.18  1236.24  8.07E+002   55.27   5.60E+002   .....    
   43  4717- 4757  4744.51  1294.17  4.06E+004  219.35   1.13E+003   FE-59    
                                                                     Ca-47    
   44  5239- 5262  5252.65  1432.80  1.99E+002   38.04   3.12E+002   .....    
   45  5350- 5367  5357.40  1461.38  1.13E+002   30.59   2.52E+002   .....    
   46  5517- 5543  5530.37  1508.57  4.24E+003   78.42   4.38E+002   .....    
   47  5573- 5585  5579.15  1521.88  2.24E+001   19.90   1.42E+002   .....    
   48  5862- 5887  5874.21  1602.38  2.21E+002   39.36   3.12E+002   .....    
   49  6065- 6079  6073.89  1656.86 -7.54E+000   22.51   1.74E+002   .....    
   50  6121- 6135  6129.81  1672.11 -2.82E+000   21.44   1.60E+002   .....    
   51  6263- 6288  6274.63  1711.63  3.06E+002   37.28   2.55E+002   .....    
   52  6415- 6442  6429.47  1753.87  8.62E+002   51.25   3.92E+002   .....    
   53  6507- 6521  6515.92  1777.45  2.15E+001   22.52   1.69E+002   .....    
   54  7552- 7563  7557.25  2061.56  2.16E+001   11.94   4.74E+001   .....    
 M 55  7731- 7765  7738.87  2111.11  4.79E+001   18.89   9.90E+001   .....    
 m 56  7731- 7765  7750.73  2114.34  4.90E+003   72.88   1.05E+002   .....    
   57  7862- 7873  7867.98  2146.33  1.58E+001   10.52   3.72E+001   .....    

M = First peak in a multiplet region
m = Other peak in a multiplet region
F = Fitted singlet

Errors quoted at  1.000 sigma
Peak Efficiency Report             6/25/2018   4:21:40 PM          Page 20


**************************************************************************
*****         P E A K    E F F I C I E N C Y    R E P O R T          *****
**************************************************************************

     Detector Name:  DSA1000A                        
     Sample Title:   Sample title.                                     
     Peak Analysis Performed on:  6/25/2018   4:21:39 PM


 Peak  Energy   Net Peak  Net Area       Peak     Efficiency
 No.   (keV)      Area   Uncertainty  Efficiency  Uncertainty

    1    17.95  5.23E+001    93.49     2.39E-002    2.06E-003
    2    63.43 -1.04E+001    42.22     2.84E-002    1.43E-003
    3    75.23  9.35E+001    49.24     4.85E-002    4.66E-004
 M  4   136.36  1.58E+002    40.53     9.31E-002    3.82E-004
 m  5   138.31  8.72E+003   105.27     9.32E-002    3.91E-004
    6   150.84  1.45E+003    88.84     9.33E-002    4.56E-004
    7   158.67  1.62E+003    98.83     9.34E-002    4.99E-004
    8   197.82  2.16E+000    59.78     8.57E-002    5.28E-004
    9   208.33 -2.06E+001    51.15     8.24E-002    4.98E-004
 M 10   243.73  1.01E+002    49.64     7.31E-002    4.17E-004
 m 11   245.34  3.49E+003    85.48     7.28E-002    4.14E-004
   12   263.01  1.11E+002    71.67     6.90E-002    3.82E-004
   13   273.21  4.96E+002    94.49     6.70E-002    3.66E-004
   14   278.33  2.19E+002    98.42     6.61E-002    3.59E-004
   15   315.47  3.26E+002    94.61     6.01E-002    3.11E-004
 M 16   318.87  2.99E+001     6.17     5.96E-002    3.08E-004
 m 17   320.21  5.40E+001     6.83     5.94E-002    3.06E-004
   18   336.21  5.36E+002    73.61     5.73E-002    2.90E-004
   19   344.27  2.35E+002    56.23     5.62E-002    2.82E-004
   20   355.35  8.11E+002    81.54     5.49E-002    2.72E-004
   21   387.08  2.42E+001    43.15     5.15E-002    2.47E-004
   22   416.82  3.32E+004   223.99     4.86E-002    2.27E-004
   23   434.34  7.36E+001    45.73     4.70E-002    2.21E-004
   24   440.10 -1.59E+000    57.70     4.65E-002    2.21E-004
   25   463.02  6.48E+002    69.05     4.44E-002    2.21E-004
   26   492.74  1.82E+002    76.84     4.20E-002    2.21E-004
   27   510.87  1.53E+002    88.81     4.06E-002    2.22E-004
   28   528.04  4.64E+002    73.15     3.95E-002    2.22E-004
   29   552.95  4.99E+002    67.85     3.78E-002    2.22E-004
   30   680.73 -7.03E+000    59.76     3.15E-002    2.13E-004
   31   717.94  2.41E+001    84.83     3.01E-002    2.10E-004
   32   739.62 -1.05E+002    69.14     2.93E-002    2.08E-004
   33   779.12  5.32E+001    57.34     2.80E-002    2.04E-004
   34   818.76  7.56E+003   137.72     2.68E-002    2.01E-004
   35   897.34 -1.85E+001    66.32     2.45E-002    1.50E-004
   36   923.05  5.94E+001    69.04     2.38E-002    1.34E-004
   37   936.18 -5.82E+001    84.51     2.35E-002    1.27E-004
   38   972.88  1.72E+002    65.57     2.26E-002    1.09E-004
   39  1075.38  8.92E+001    66.36     2.04E-002    7.34E-005
   40  1090.09  9.56E+001    56.18     2.02E-002    6.96E-005
   41  1097.63  3.24E+004   208.47     2.00E-002    6.77E-005
   42  1236.24  8.07E+002    55.27     1.79E-002    5.04E-005
Peak Efficiency Report             6/25/2018   4:21:40 PM          Page 21


 Peak  Energy   Net Peak  Net Area       Peak     Efficiency
 No.   (keV)      Area   Uncertainty  Efficiency  Uncertainty

   43  1294.17  4.06E+004   219.35     1.73E-002    4.89E-005
   44  1432.80  1.99E+002    38.04     1.69E-002    4.80E-005
   45  1461.38  1.13E+002    30.59     1.69E-002    4.80E-005
   46  1508.57  4.24E+003    78.42     1.69E-002    4.80E-005
   47  1521.88  2.24E+001    19.90     1.69E-002    4.80E-005
   48  1602.38  2.21E+002    39.36     1.69E-002    4.80E-005
   49  1656.86 -7.54E+000    22.51     1.69E-002    4.80E-005
   50  1672.11 -2.82E+000    21.44     1.69E-002    4.80E-005
   51  1711.63  3.06E+002    37.28     1.69E-002    4.80E-005
   52  1753.87  8.62E+002    51.25     1.69E-002    4.80E-005
   53  1777.45  2.15E+001    22.52     1.69E-002    4.80E-005
   54  2061.56  2.16E+001    11.94     1.69E-002    4.80E-005
 M 55  2111.11  4.79E+001    18.89     1.69E-002    4.80E-005
 m 56  2114.34  4.90E+003    72.88     1.69E-002    4.80E-005
   57  2146.33  1.58E+001    10.52     1.69E-002    4.80E-005


M = First peak in a multiplet region
m = Other peak in a multiplet region
F = Fitted singlet

Errors quoted at  1.000 sigma
Background Subtract Report             6/25/2018   4:21:40 PM      Page 22

No background subtract performed on this spectrum.
No area correction performed on this spectrum.
Nuclide Identification Report        6/25/2018   4:21:40 PM        Page 23


*************************************************************************
*****   N U C L I D E   I D E N T I F I C A T I O N   R E P O R T   *****
*************************************************************************

     Sample Title:         Sample title.                           
     Nuclide Library Used: C:\GENIE2K\CAMFILES\NAA LIB LONG.NLB    

   ....................    IDENTIFIED NUCLIDES     ....................

   Nuclide    Id       Energy   Yield     Activity     Activity
   Name    Confidence  (keV)     (%)     (uCi/Unit)   Uncertainty

   Ca-47     0.561  ?????????? ??????
                    ?????????? ??????
                    ?????????? ??????
   CR-51     1.000  ?????????? ??????
   FE-59     0.926  ?????????? ??????
   ZN-69m    0.963  ?????????? ??????
   GE-77     0.342  ?????????? ??????
   BR-82x    0.181  ?????????? ??????
   RB-86     0.955  ?????????? ??????
   MO-99     0.248  ?????????? ??????
   RH-105    0.659  ?????????? ??????
   CD-115    1.000  ?????????? ??????
   TE-123m   0.998  ?????????? ??????
   XE-129m   0.972  ?????????? ??????
   BA-133    0.530  ?????????? ??????
   BA-133m   0.902  ?????????? ??????
   HF-175    0.987  ?????????? ??????
   IR-192    0.076  ?????????? ??????
   HG-197    0.915  ?????????? ??????
   PT-197m   0.916  ?????????? ??????
   PA-232    0.090  ?????????? ??????

       * = Energy line found in the spectrum.
       Energy Tolerance :    3.000 keV
       Nuclide confidence index threshold = ??????
       Errors quoted at  1.000 sigma

No peak search results available for nuclide analysis.
No nuclide identification results available for reporting purposes
Interference Corrected Activity Report    6/25/2018   4:21:41 PM   Page 24


No nuclide identification results available for reporting purposes
Nuclide MDA Report                      6/25/2018   4:21:41 PM     Page 25


No MDA analysis results available for reporting purposes
Nuclide MDA Report                      6/25/2018   4:21:41 PM     Page 26


No MDA analysis results available for reporting purposes
Action Level Summary Report             6/25/2018   4:21:41 PM     Page 27


No Action Level results available for reporting purposes
Auto Gain Adjust                     6/25/2018   4:21:41 PM       Page 28


*************************************************************************
*****                 A U T O  G A I N   A D J U S T                *****
*************************************************************************

Report Generated On:                               6/25/2018   4:21:41 PM


Status:                                                                 
No AGA results for reporting.


This report is valid only if a Certificate was the source of the true values.


Status:                                                                 
No AGA results for reporting.

