*************************************************************************
*****        G A M M A   S P E C T R U M    A N A L Y S I S         *****
*************************************************************************


Filename: DSA1000A                                                     

Report Generated On             : 6/25/2018   4:35:07 PM

Sample Title                    : Sample title.                          
Sample Description              :                                 
Sample Identification           :                 
Sample Type                     :                 
Sample Geometry                 :                 

Peak Locate Threshold           :  2.50
Peak Locate Range (in channels) :     1 - 65535
Peak Area Range (in channels)   :   100 -  8172
Identification Energy Tolerance :    3.000 keV

Sample Size                     :  1.000E+000 Unit    

Sample Taken On                 :                       
Acquisition Started             : 6/25/2018   4:29:27 PM

Live Time                       :      300.0 seconds
Real Time                       :      301.4 seconds

Dead Time                       :   0.46 %


              Energy Calibration Used Done On       : 6/23/2018 
              Efficiency Calibration Used Done On   : 6/23/2018 
              Efficiency ID                         :                        

Peak Analysis Report             6/25/2018   4:35:08 PM            Page  2


**************************************************************************
*****           P E A K    A N A L Y S I S    R E P O R T            *****
**************************************************************************


     Detector Name:  DSA1000A                        
     Sample Title:   Sample title.                                     
     Peak Analysis Performed on:  6/25/2018   4:35:07 PM
               Peak Analysis From Channel:      1
               Peak Analysis To Channel:     8192

   Peak  ROI  ROI    Peak    Energy   FWHM  Net Peak  Net Area  Continuum 
    No. start end  centroid   (keV)   (keV)  Area     Uncert.    Counts 

    1   140-  148   143.45    38.89   0.27        -0.7   25.93   3.14E+002 
    2   176-  184   179.40    48.69   0.60        -0.6   23.76   2.64E+002 
    3   271-  281   278.96    75.86   0.69        11.9   28.59   3.38E+002 
    4   324-  335   329.86    89.74   0.36        34.0   30.09   3.47E+002 
    5   336-  347   341.14    92.82   1.17        30.6   30.20   3.50E+002 
 M  6   501-  519   507.79   138.28   1.04       842.5   35.86   3.62E+002 
 m  7   501-  519   513.35   139.80   1.04        39.7   17.03   3.69E+002 
 M  8   545-  564   553.45   150.74   1.13      1237.5   42.26   3.61E+002 
 m  9   545-  564   558.97   152.25   1.13        29.1   19.09   3.40E+002 
   10   570-  589   581.73   158.46   1.08      1564.5   57.91   5.09E+002 
   11   712-  731   727.58   198.25   0.27       -27.8   42.65   5.26E+002 
 M 12   769-  786   773.77   210.85   0.78        18.3   27.72   2.50E+002 
 m 13   769-  786   782.43   213.21   0.78         7.5   11.55   2.34E+002 
   14   787-  798   790.86   215.51   0.54         0.3   27.59   3.03E+002 
   15   861-  876   870.23   237.17   0.28        -2.0   36.36   4.40E+002 
   16   891-  908   900.00   245.29   1.26      3156.7   68.07   4.54E+002 
   17   910-  919   915.68   249.57   0.52       -23.1   24.87   2.82E+002 
   18   995- 1009  1002.24   273.18   1.22       405.1   35.49   2.97E+002 
   19  1148- 1167  1155.60   315.02   1.01       235.7   36.88   3.17E+002 
   20  1195- 1204  1200.33   327.23   0.55        26.2   18.06   1.33E+002 
   21  1225- 1242  1233.18   336.19   1.29       521.7   36.86   2.57E+002 
   22  1256- 1270  1262.63   344.22   1.04       189.2   28.52   2.16E+002 
   23  1297- 1309  1300.40   354.53   1.02       103.5   23.63   1.73E+002 
   24  1401- 1411  1406.05   383.35   0.38        18.0   16.71   1.08E+002 
   25  1449- 1460  1453.52   396.30   0.59        51.0   21.29   1.59E+002 
   26  1520- 1538  1528.61   416.79   1.29      3259.6   63.74   2.40E+002 
   27  1585- 1599  1592.48   434.22   0.81       104.0   24.66   1.75E+002 
   28  1689- 1706  1698.41   463.12   1.07        94.3   26.38   1.85E+002 
   29  1726- 1733  1729.87   471.70   0.35        10.1   12.89   7.69E+001 
   30  1781- 1788  1784.06   486.48   0.31        -4.4   12.85   8.34E+001 
   31  1796- 1817  1805.16   492.24   1.28       236.4   32.32   2.12E+002 
   32  1898- 1915  1910.82   521.07   0.27        -4.8   25.35   1.97E+002 
   33  1928- 1943  1935.43   527.78   1.55       465.3   31.74   1.81E+002 
   34  2003- 2014  2008.02   547.59   0.31        27.3   15.36   8.27E+001 
   35  2019- 2035  2027.26   552.84   1.50       546.4   32.19   1.56E+002 
   36  2065- 2075  2070.54   564.64   0.79        24.6   17.37   1.16E+002 
   37  2078- 2089  2084.01   568.32   0.34        10.0   17.73   1.21E+002 
   38  2179- 2200  2193.08   598.07   0.29        26.6   28.54   2.09E+002 
   39  2239- 2248  2243.29   611.77   0.27        16.7   15.96   1.04E+002 
   40  2257- 2267  2261.38   616.71   0.49         8.1   17.36   1.22E+002 
   41  2308- 2319  2314.40   631.17   0.40         3.2   17.13   1.15E+002 
   42  2365- 2375  2370.05   646.36   0.69        -5.0   15.04   9.40E+001 
Peak Analysis Report             6/25/2018   4:35:08 PM            Page  3


   Peak  ROI  ROI    Peak    Energy   FWHM  Net Peak  Net Area  Continuum 
    No. start end  centroid   (keV)   (keV)  Area     Uncert.    Counts 

   43  2422- 2432  2426.53   661.77   0.56        29.0   16.73   1.04E+002 
   44  2447- 2457  2451.76   668.65   0.31         1.5   15.61   1.01E+002 
   45  2500- 2513  2507.51   683.86   0.29        20.3   19.82   1.35E+002 
   46  2604- 2619  2613.41   712.75   0.41        57.0   22.70   1.52E+002 
   47  2629- 2638  2633.22   718.16   0.27       -21.7   14.38   9.97E+001 
   48  2661- 2675  2668.01   727.65   0.45        -9.5   21.66   1.66E+002 
   49  2868- 2880  2872.92   783.55   0.27       -17.8   19.86   1.56E+002 
   50  2907- 2919  2914.94   795.02   0.39        13.2   18.61   1.27E+002 
   51  2921- 2931  2926.98   798.30   0.75         7.5   16.40   1.09E+002 
   52  2978- 3012  3002.14   818.81   1.72       840.3   52.81   3.41E+002 
   53  3191- 3214  3199.33   872.60   0.31        72.2   34.50   2.79E+002 
   54  3273- 3286  3281.53   895.03   0.38        -5.4   20.56   1.55E+002 
   55  3318- 3327  3322.67   906.26   0.27        10.9   15.77   1.04E+002 
   56  3599- 3609  3603.59   982.90   0.35        24.2   14.82   8.18E+001 
   57  3647- 3659  3654.61   996.82   0.69         8.6   17.66   1.13E+002 
   58  4011- 4036  4024.04  1097.61   1.57      3335.0   63.67   1.69E+002 
   59  4275- 4284  4279.52  1167.31   0.27        11.4   10.11   3.76E+001 
   60  4481- 4490  4485.57  1223.52   0.27        13.9    8.02   2.01E+001 
   61  4517- 4541  4530.38  1235.75   1.28        59.1   21.15   9.39E+001 
   62  4731- 4757  4744.46  1294.16   1.94      3993.0   67.70   1.35E+002 
   63  4775- 4791  4785.62  1305.39   0.90        32.6   15.27   6.34E+001 
   64  5215- 5226  5220.76  1424.10   0.35        -1.0    6.11   1.40E+001 
   65  5244- 5262  5256.00  1433.72   0.34        25.8   11.00   2.82E+001 
   66  5349- 5369  5356.65  1461.18   1.96       108.6   14.59   2.84E+001 
   67  5518- 5541  5530.05  1508.48   1.61       424.0   22.80   2.40E+001 
   68  5777- 5791  5783.52  1577.64   0.32        32.4    9.44   1.96E+001 
   69  5869- 5880  5874.75  1602.53   0.58        15.6    8.42   2.14E+001 
   70  6269- 6280  6274.42  1711.57   0.33        18.6    8.13   1.84E+001 
   71  6312- 6334  6318.00  1723.46   0.38        19.3   11.46   2.88E+001 
   72  6419- 6438  6428.78  1753.68   1.47       125.5   13.68   1.75E+001 
   73  7053- 7064  7058.65  1925.53   0.28         5.0    5.91   1.10E+001 
   74  7292- 7303  7297.34  1990.65   0.54         9.6    5.84   7.35E+000 
   75  7327- 7338  7332.04  2000.11   0.27         9.0    7.63   1.50E+001 
   76  7347- 7358  7352.68  2005.74   0.27        -4.6    6.62   1.16E+001 
   77  7687- 7698  7692.92  2098.57   0.41         8.4    4.51   4.62E+000 
   78  7738- 7763  7750.54  2114.29   2.14       519.5   24.54   1.95E+001 

M = First peak in a multiplet region
m = Other peak in a multiplet region
F = Fitted singlet

Errors quoted at  1.000 sigma
Nuclide Identification Report        6/25/2018   4:35:08 PM        Page  4


No nuclide identification results available for reporting purposes
*************************************************************************
*****        G A M M A   S P E C T R U M    A N A L Y S I S         *****
*************************************************************************


Filename: DSA1000A                                                     

Report Generated On             : 6/25/2018   4:35:08 PM

Sample Title                    : Sample title.                          
Sample Description              :                                 
Sample Identification           :                 
Sample Type                     :                 
Sample Geometry                 :                 

Peak Locate Threshold           :  2.50
Peak Locate Range (in channels) :     1 - 65535
Peak Area Range (in channels)   :     1 -  8192
Identification Energy Tolerance :    3.000 keV

Sample Size                     :  1.000E+000 Unit    

Sample Taken On                 :                       
Acquisition Started             : 6/25/2018   4:29:27 PM

Live Time                       :      300.0 seconds
Real Time                       :      301.4 seconds

Dead Time                       :   0.46 %


              Energy Calibration Used Done On       : 6/23/2018 
              Efficiency Calibration Used Done On   : 6/23/2018 
              Efficiency ID                         :                        

Energy Calibration Report            6/25/2018   4:35:08 PM       Page  5


**************************************************************************
*****       E N E R G Y   C A L I B R A T I O N   R E P O R T        *****
**************************************************************************

     Detector Name:  DSA1000A                        
     Sample Title:   Sample title.                                     

       *************  ENERGY CALIBRATION COEFFICIENTS  *************

               Energy Calibrate Performed on:  6/23/2018  12:56:08 PM
                       by:                       
               Energy Calibrate Type:          POLY    

   Energy(keV) =    -0.253 +     0.273*ch +  0.00E+000*ch^2 +  0.00E+000*ch^3

       *************  SHAPE CALIBRATION COEFFICIENTS   *************

               Shape Calibrate Performed on:  6/23/2018  12:56:08 PM
                       by:                        

               FWHM     =     0.795  +   0.026*E^1/2

               LOW TAIL =   0.0E+000 +  0.0E+000*E

****************     ENERGY CALIBRATION RESULTS TABLE     ****************

                    Centroid      Centroid         Energy
                    Channel       error            (keV )
                      220.59        0.07             60.01
                      317.99        0.02             86.54
                      386.80        0.01            105.31
                      451.84        0.03            122.06
                     2426.14        0.01            661.66
                     3062.96        0.38            834.83

       *********     SHAPE CALIBRATION RESULTS TABLE      *********

             Energy     FWHM       FWHM         TAIL        TAIL
             (keV )     channels   error        channels    error
               60.01      3.13      0.17           0.00      0.00
               86.54      3.87      0.04           0.00      0.00
              105.31      3.88      0.01           0.00      0.00
              122.06      3.92      0.07           0.00      0.00
              661.66      5.34      0.01           0.00      0.00
              834.83      1.36      0.55           0.00      0.00
Efficiency Calibration Report             6/25/2018   4:35:08 PM   Page  6


**************************************************************************
*****   E F F I C I E N C Y   C A L I B R A T I O N    R E P O R T   *****
**************************************************************************

     Detector Name:  DSA1000A                        
     Sample Title:   Sample title.                                     

     Geometry Description:                 
     Efficiency Calibration Performed on:  6/23/2018   4:29:36 PM
                       by:                         
     Geometry Type Used:   INTERPOL        

                            Efficiency Triplets
                            ===================

                   Energy         Efficiency        Error

                     60.00         2.39E-002      2.06E-003
                     86.50         7.50E-002      1.86E-004
                    105.30         9.27E-002      2.42E-004
                    176.30         9.35E-002      6.01E-004
                    427.90         4.77E-002      2.21E-004
                    600.60         3.51E-002      2.22E-004
                    834.80         2.64E-002      2.00E-004
                   1173.20         1.87E-002      5.20E-005
                   1332.50         1.69E-002      4.80E-005

                      DUAL Efficiency Calibration Equation
                      ====================================

         Single Equation Terms ->   Offset:     -143.191
                                     Slope:       91.147
                                 Quadratic:      -21.757
                                     Cubic:        2.279
                                 4th Order:       -0.089
                                 5th Order:        0.000
                                 6th Order:        0.000
                                 7th Order:        0.000
                                 8th Order:        0.000
                                 9th Order:        0.000
Efficiency Calibration Report             6/25/2018   4:35:08 PM   Page  7


                      EMPIRICAL Efficiency Calibration Equation
                      =========================================

      Empirical Equation Terms ->  Scaling:      696.250
                                    Offset:       -3.494
                                     Slope:        0.899
                                 Quadratic:        0.043
                                     Cubic:        0.059
                                 4th Order:       -0.089
                                 5th Order:        0.000

                      LINEAR Efficiency Calibration Equation
                      ======================================

         Linear Equation Terms ->   Offset:       -0.000
                                     Slope:       -1.569
                                 Quadratic:      189.136
                                     Cubic:   -17233.867
                                 4th Order:   376762.938
                                 5th Order:        0.000
                                 6th Order:        0.000
                                 7th Order:        0.000
                                 8th Order:        0.000
                                 9th Order:        0.000
Peak-to-Total Calibration Report          6/25/2018   4:35:08 PM   Page  8


**************************************************************************
**   P E A K - T O - T O T A L   C A L I B R A T I O N   R E P O R T   ***
**************************************************************************

     Detector Name:  DSA1000A                        
     Sample Title:   Sample title.                                     


                  Peak-to-Total Calibration Equation
                  =============================================

                                 No Peak-to-Total Equation

Peak Locate Analysis Report             6/25/2018   4:35:08 PM     Page  9

**************************************************************************
*****             P E A K    L O C A T E    R E P O R T              *****
**************************************************************************

     Detector Name:  DSA1000A                        
     Sample Title:   Sample title.                                     
               Peak Locate Performed on:  6/25/2018   4:35:07 PM
               Peak Locate From Channel:      1
               Peak Locate To Channel:    65535
               Peak Search Sensitivity:     2.50

     Peak   Centroid    Centroid     Energy       Peak
      No.    Channel   Uncertainty   (keV)    Significance

       1      143.45      <NA>         38.89      <NA> 
       2      179.40      <NA>         48.69      <NA> 
       3      278.96      <NA>         75.86      <NA> 
       4      329.86      <NA>         89.74      <NA> 
       5      341.14      <NA>         92.82      <NA> 
       6      508.30      <NA>        138.28      <NA> 
       7      514.00      <NA>        139.80      <NA> 
       8      553.74      <NA>        150.74      <NA> 
       9      560.00      <NA>        152.25      <NA> 
      10      581.73      <NA>        158.46      <NA> 
      11      727.58      <NA>        198.25      <NA> 
      12      774.06      <NA>        210.85      <NA> 
      13      782.05      <NA>        213.21      <NA> 
      14      790.86      <NA>        215.51      <NA> 
      15      870.23      <NA>        237.17      <NA> 
      16      900.00      <NA>        245.29      <NA> 
      17      915.68      <NA>        249.57      <NA> 
      18     1002.24      <NA>        273.18      <NA> 
      19     1155.60      <NA>        315.02      <NA> 
      20     1200.33      <NA>        327.23      <NA> 
      21     1233.18      <NA>        336.19      <NA> 
      22     1262.63      <NA>        344.22      <NA> 
      23     1300.40      <NA>        354.53      <NA> 
      24     1406.05      <NA>        383.35      <NA> 
      25     1453.52      <NA>        396.30      <NA> 
      26     1528.61      <NA>        416.79      <NA> 
      27     1592.48      <NA>        434.22      <NA> 
      28     1698.41      <NA>        463.12      <NA> 
      29     1729.87      <NA>        471.70      <NA> 
      30     1784.06      <NA>        486.48      <NA> 
      31     1805.16      <NA>        492.24      <NA> 
      32     1910.82      <NA>        521.07      <NA> 
      33     1935.43      <NA>        527.78      <NA> 
      34     2008.02      <NA>        547.59      <NA> 
      35     2027.26      <NA>        552.84      <NA> 
      36     2070.54      <NA>        564.64      <NA> 
      37     2084.01      <NA>        568.32      <NA> 
      38     2193.08      <NA>        598.07      <NA> 
      39     2243.29      <NA>        611.77      <NA> 
      40     2261.38      <NA>        616.71      <NA> 
      41     2314.40      <NA>        631.17      <NA> 
Peak Locate Analysis Report             6/25/2018   4:35:08 PM     Page 10


     Peak   Centroid    Centroid     Energy       Peak
      No.    Channel   Uncertainty   (keV)    Significance

      42     2370.05      <NA>        646.36      <NA> 
      43     2426.53      <NA>        661.77      <NA> 
      44     2451.76      <NA>        668.65      <NA> 
      45     2507.51      <NA>        683.86      <NA> 
      46     2613.41      <NA>        712.75      <NA> 
      47     2633.22      <NA>        718.16      <NA> 
      48     2668.01      <NA>        727.65      <NA> 
      49     2872.92      <NA>        783.55      <NA> 
      50     2914.94      <NA>        795.02      <NA> 
      51     2926.98      <NA>        798.30      <NA> 
      52     3002.14      <NA>        818.81      <NA> 
      53     3199.33      <NA>        872.60      <NA> 
      54     3281.53      <NA>        895.03      <NA> 
      55     3322.67      <NA>        906.26      <NA> 
      56     3603.59      <NA>        982.90      <NA> 
      57     3654.61      <NA>        996.82      <NA> 
      58     4024.04      <NA>       1097.61      <NA> 
      59     4279.52      <NA>       1167.31      <NA> 
      60     4485.57      <NA>       1223.52      <NA> 
      61     4530.38      <NA>       1235.75      <NA> 
      62     4744.46      <NA>       1294.16      <NA> 
      63     4785.62      <NA>       1305.39      <NA> 
      64     5220.76      <NA>       1424.10      <NA> 
      65     5256.00      <NA>       1433.72      <NA> 
      66     5356.65      <NA>       1461.18      <NA> 
      67     5530.05      <NA>       1508.48      <NA> 
      68     5783.52      <NA>       1577.64      <NA> 
      69     5874.75      <NA>       1602.53      <NA> 
      70     6274.42      <NA>       1711.57      <NA> 
      71     6318.00      <NA>       1723.46      <NA> 
      72     6428.78      <NA>       1753.68      <NA> 
      73     7058.65      <NA>       1925.53      <NA> 
      74     7297.34      <NA>       1990.65      <NA> 
      75     7332.04      <NA>       2000.11      <NA> 
      76     7352.68      <NA>       2005.74      <NA> 
      77     7692.92      <NA>       2098.57      <NA> 
      78     7750.54      <NA>       2114.29      <NA> 

? = Adjacent peak noted

Errors quoted at  1.000 sigma
Peak Analysis Report             6/25/2018   4:35:08 PM            Page 11


**************************************************************************
*****           P E A K    A N A L Y S I S    R E P O R T            *****
**************************************************************************


     Detector Name:  DSA1000A                        
     Sample Title:   Sample title.                                     
     Peak Analysis Performed on:  6/25/2018   4:35:07 PM
               Peak Analysis From Channel:      1
               Peak Analysis To Channel:     8192

   Peak  ROI  ROI    Peak    Energy   FWHM  Net Peak  Net Area  Continuum 
    No. start end  centroid   (keV)   (keV)  Area     Uncert.    Counts 

    1   140-  148   143.45    38.89   0.27        -0.7   25.93   3.14E+002 
    2   176-  184   179.40    48.69   0.60        -0.6   23.76   2.64E+002 
    3   271-  281   278.96    75.86   0.69        11.9   28.59   3.38E+002 
    4   324-  335   329.86    89.74   0.36        34.0   30.09   3.47E+002 
    5   336-  347   341.14    92.82   1.17        30.6   30.20   3.50E+002 
 M  6   501-  519   507.79   138.28   1.04       842.5   35.86   3.62E+002 
 m  7   501-  519   513.35   139.80   1.04        39.7   17.03   3.69E+002 
 M  8   545-  564   553.45   150.74   1.13      1237.5   42.26   3.61E+002 
 m  9   545-  564   558.97   152.25   1.13        29.1   19.09   3.40E+002 
   10   570-  589   581.73   158.46   1.08      1564.5   57.91   5.09E+002 
   11   712-  731   727.58   198.25   0.27       -27.8   42.65   5.26E+002 
 M 12   769-  786   773.77   210.85   0.78        18.3   27.72   2.50E+002 
 m 13   769-  786   782.43   213.21   0.78         7.5   11.55   2.34E+002 
   14   787-  798   790.86   215.51   0.54         0.3   27.59   3.03E+002 
   15   861-  876   870.23   237.17   0.28        -2.0   36.36   4.40E+002 
   16   891-  908   900.00   245.29   1.26      3156.7   68.07   4.54E+002 
   17   910-  919   915.68   249.57   0.52       -23.1   24.87   2.82E+002 
   18   995- 1009  1002.24   273.18   1.22       405.1   35.49   2.97E+002 
   19  1148- 1167  1155.60   315.02   1.01       235.7   36.88   3.17E+002 
   20  1195- 1204  1200.33   327.23   0.55        26.2   18.06   1.33E+002 
   21  1225- 1242  1233.18   336.19   1.29       521.7   36.86   2.57E+002 
   22  1256- 1270  1262.63   344.22   1.04       189.2   28.52   2.16E+002 
   23  1297- 1309  1300.40   354.53   1.02       103.5   23.63   1.73E+002 
   24  1401- 1411  1406.05   383.35   0.38        18.0   16.71   1.08E+002 
   25  1449- 1460  1453.52   396.30   0.59        51.0   21.29   1.59E+002 
   26  1520- 1538  1528.61   416.79   1.29      3259.6   63.74   2.40E+002 
   27  1585- 1599  1592.48   434.22   0.81       104.0   24.66   1.75E+002 
   28  1689- 1706  1698.41   463.12   1.07        94.3   26.38   1.85E+002 
   29  1726- 1733  1729.87   471.70   0.35        10.1   12.89   7.69E+001 
   30  1781- 1788  1784.06   486.48   0.31        -4.4   12.85   8.34E+001 
   31  1796- 1817  1805.16   492.24   1.28       236.4   32.32   2.12E+002 
   32  1898- 1915  1910.82   521.07   0.27        -4.8   25.35   1.97E+002 
   33  1928- 1943  1935.43   527.78   1.55       465.3   31.74   1.81E+002 
   34  2003- 2014  2008.02   547.59   0.31        27.3   15.36   8.27E+001 
   35  2019- 2035  2027.26   552.84   1.50       546.4   32.19   1.56E+002 
   36  2065- 2075  2070.54   564.64   0.79        24.6   17.37   1.16E+002 
   37  2078- 2089  2084.01   568.32   0.34        10.0   17.73   1.21E+002 
   38  2179- 2200  2193.08   598.07   0.29        26.6   28.54   2.09E+002 
   39  2239- 2248  2243.29   611.77   0.27        16.7   15.96   1.04E+002 
   40  2257- 2267  2261.38   616.71   0.49         8.1   17.36   1.22E+002 
   41  2308- 2319  2314.40   631.17   0.40         3.2   17.13   1.15E+002 
   42  2365- 2375  2370.05   646.36   0.69        -5.0   15.04   9.40E+001 
Peak Analysis Report             6/25/2018   4:35:08 PM            Page 12


   Peak  ROI  ROI    Peak    Energy   FWHM  Net Peak  Net Area  Continuum 
    No. start end  centroid   (keV)   (keV)  Area     Uncert.    Counts 

   43  2422- 2432  2426.53   661.77   0.56        29.0   16.73   1.04E+002 
   44  2447- 2457  2451.76   668.65   0.31         1.5   15.61   1.01E+002 
   45  2500- 2513  2507.51   683.86   0.29        20.3   19.82   1.35E+002 
   46  2604- 2619  2613.41   712.75   0.41        57.0   22.70   1.52E+002 
   47  2629- 2638  2633.22   718.16   0.27       -21.7   14.38   9.97E+001 
   48  2661- 2675  2668.01   727.65   0.45        -9.5   21.66   1.66E+002 
   49  2868- 2880  2872.92   783.55   0.27       -17.8   19.86   1.56E+002 
   50  2907- 2919  2914.94   795.02   0.39        13.2   18.61   1.27E+002 
   51  2921- 2931  2926.98   798.30   0.75         7.5   16.40   1.09E+002 
   52  2978- 3012  3002.14   818.81   1.72       840.3   52.81   3.41E+002 
   53  3191- 3214  3199.33   872.60   0.31        72.2   34.50   2.79E+002 
   54  3273- 3286  3281.53   895.03   0.38        -5.4   20.56   1.55E+002 
   55  3318- 3327  3322.67   906.26   0.27        10.9   15.77   1.04E+002 
   56  3599- 3609  3603.59   982.90   0.35        24.2   14.82   8.18E+001 
   57  3647- 3659  3654.61   996.82   0.69         8.6   17.66   1.13E+002 
   58  4011- 4036  4024.04  1097.61   1.57      3335.0   63.67   1.69E+002 
   59  4275- 4284  4279.52  1167.31   0.27        11.4   10.11   3.76E+001 
   60  4481- 4490  4485.57  1223.52   0.27        13.9    8.02   2.01E+001 
   61  4517- 4541  4530.38  1235.75   1.28        59.1   21.15   9.39E+001 
   62  4731- 4757  4744.46  1294.16   1.94      3993.0   67.70   1.35E+002 
   63  4775- 4791  4785.62  1305.39   0.90        32.6   15.27   6.34E+001 
   64  5215- 5226  5220.76  1424.10   0.35        -1.0    6.11   1.40E+001 
   65  5244- 5262  5256.00  1433.72   0.34        25.8   11.00   2.82E+001 
   66  5349- 5369  5356.65  1461.18   1.96       108.6   14.59   2.84E+001 
   67  5518- 5541  5530.05  1508.48   1.61       424.0   22.80   2.40E+001 
   68  5777- 5791  5783.52  1577.64   0.32        32.4    9.44   1.96E+001 
   69  5869- 5880  5874.75  1602.53   0.58        15.6    8.42   2.14E+001 
   70  6269- 6280  6274.42  1711.57   0.33        18.6    8.13   1.84E+001 
   71  6312- 6334  6318.00  1723.46   0.38        19.3   11.46   2.88E+001 
   72  6419- 6438  6428.78  1753.68   1.47       125.5   13.68   1.75E+001 
   73  7053- 7064  7058.65  1925.53   0.28         5.0    5.91   1.10E+001 
   74  7292- 7303  7297.34  1990.65   0.54         9.6    5.84   7.35E+000 
   75  7327- 7338  7332.04  2000.11   0.27         9.0    7.63   1.50E+001 
   76  7347- 7358  7352.68  2005.74   0.27        -4.6    6.62   1.16E+001 
   77  7687- 7698  7692.92  2098.57   0.41         8.4    4.51   4.62E+000 
   78  7738- 7763  7750.54  2114.29   2.14       519.5   24.54   1.95E+001 

M = First peak in a multiplet region
m = Other peak in a multiplet region
F = Fitted singlet

Errors quoted at  1.000 sigma
Peak Analysis Report                    6/25/2018   4:35:08 PM          Page 13


*******************************************************************************
*****  S T A N D A R D   V M S   P E A K   A N A L Y S I S   R E P O R T  *****
*******************************************************************************

        Configuration Title:                                         
        Spectrum Title:              Sample title.            
        Peak Analysis Performed on:  6/25/18   4:35:07 PM
        Peak Analysis From Channel:      1    To Channel:     8192
        Peak Search Sensitivity:      2.50    Gaussian Sensitivity:  1.00
        Max Iterations: 15  Fit Singlets: No  Critical Level Test: No 
        Use Fixed FWHM: No  FWHM Reject:  No  FWHM Reject Ratio:  0.00 
        Peak Fit Engine Name: PANOLIN1        Continuum Type: STEP   

   Pk IT  Energy      Area   Bkgnd  FWHM Channel  Left  PW  Cts/Sec  %err   Fit

    1  0    38.89       -1     314  0.27  143.45   140   9-2.4E-003 -3603   0.0
    2  0    48.69       -1     264  0.60  179.40   176   9-2.1E-003 -3809   0.0
    3  0    75.86       12     338  0.69  278.96   271  11 4.0E-002 240.9   0.0
    4  0    89.74       34     347  0.36  329.86   324  12 1.1E-001  88.4   0.0
    5  0    92.82       31     350  1.17  341.14   336  12 1.0E-001  98.7   0.0
 M  6  5   138.28      843     362  1.04  507.79   501  19 2.8E+000   4.3   0.9
 m  7  5   139.80       40     369  1.04  513.35   501  19 1.3E-001  42.9   0.9
 M  8  6   150.74     1238     361  1.13  553.45   545  20 4.1E+000   3.4   1.1
 m  9  6   152.25       29     340  1.13  558.97   545  20 9.7E-002  65.5   1.1
   10  0   158.46     1565     509  1.08  581.73   570  20 5.2E+000   3.7   0.0
   11  0   198.25      -28     526  0.27  727.58   712  20-9.3E-002 -153.   0.0
 M 12 32   210.85       18     250  0.78  773.77   769  18 6.1E-002 151.2   1.7
 m 13 32   213.21        8     234  0.78  782.43   769  18 2.5E-002 153.0   1.7
   14  0   215.51        0     303  0.54  790.86   787  12 1.1E-003 8276.   0.0
   15  0   237.17       -2     440  0.28  870.23   861  16-6.7E-003 -1818   0.0
   16  0   245.29     3157     454  1.26  900.00   891  18 1.1E+001   2.2   0.0
   17  0   249.57      -23     282  0.52  915.68   910  10-7.7E-002 -107.   0.0
   18  0   273.18      405     297  1.22 1002.24   995  15 1.4E+000   8.8   0.0
   19  0   315.02      236     317  1.01 1155.60  1148  20 7.9E-001  15.6   0.0
   20  0   327.23       26     133  0.55 1200.33  1195  10 8.7E-002  68.9   0.0
   21  0   336.19      522     257  1.29 1233.18  1225  18 1.7E+000   7.1   0.0
   22  0   344.22      189     216  1.04 1262.63  1256  15 6.3E-001  15.1   0.0
   23  0   354.53      103     173  1.02 1300.40  1297  13 3.4E-001  22.8   0.0
   24  0   383.35       18     108  0.38 1406.05  1401  11 6.0E-002  92.7   0.0
   25  0   396.30       51     159  0.59 1453.52  1449  12 1.7E-001  41.8   0.0
   26  0   416.79     3260     240  1.29 1528.61  1520  19 1.1E+001   2.0   0.0
   27  0   434.22      104     175  0.81 1592.48  1585  15 3.5E-001  23.7   0.0
   28  0   463.12       94     185  1.07 1698.41  1689  18 3.1E-001  28.0   0.0
   29  0   471.70       10      77  0.35 1729.87  1726   8 3.4E-002 127.8   0.0
   30  0   486.48       -4      83  0.31 1784.06  1781   8-1.5E-002 -289.   0.0
   31  0   492.24      236     212  1.28 1805.16  1796  22 7.9E-001  13.7   0.0
   32  0   521.07       -5     197  0.27 1910.82  1898  18-1.6E-002 -532.   0.0
   33  0   527.78      465     181  1.55 1935.43  1928  16 1.6E+000   6.8   0.0
   34  0   547.59       27      83  0.31 2008.02  2003  12 9.1E-002  56.2   0.0
   35  0   552.84      546     156  1.50 2027.26  2019  17 1.8E+000   5.9   0.0
   36  0   564.64       25     116  0.79 2070.54  2065  11 8.2E-002  70.6   0.0
   37  0   568.32       10     121  0.34 2084.01  2078  12 3.3E-002 176.7   0.0
   38  0   598.07       27     209  0.29 2193.08  2179  22 8.9E-002 107.4   0.0
Peak Analysis Report                    6/25/2018   4:35:08 PM          Page 14


   Pk IT  Energy      Area   Bkgnd  FWHM Channel  Left  PW  Cts/Sec  %err   Fit

   39  0   611.77       17     104  0.27 2243.29  2239  10 5.6E-002  95.4   0.0
   40  0   616.71        8     122  0.49 2261.38  2257  11 2.7E-002 213.4   0.0
   41  0   631.17        3     115  0.40 2314.40  2308  12 1.1E-002 534.8   0.0
   42  0   646.36       -5      94  0.69 2370.05  2365  11-1.7E-002 -303.   0.0
   43  0   661.77       29     104  0.56 2426.53  2422  11 9.7E-002  57.7   0.0
   44  0   668.65        2     101  0.31 2451.76  2447  11 5.1E-003 1019.   0.0
   45  0   683.86       20     135  0.29 2507.51  2500  14 6.8E-002  97.7   0.0
   46  0   712.75       57     152  0.41 2613.41  2604  16 1.9E-001  39.8   0.0
   47  0   718.16      -22     100  0.27 2633.22  2629  10-7.2E-002 -66.2   0.0
   48  0   727.65      -10     166  0.45 2668.01  2661  15-3.2E-002 -227.   0.0
   49  0   783.55      -18     156  0.27 2872.92  2868  13-5.9E-002 -111.   0.0
   50  0   795.02       13     127  0.39 2914.94  2907  13 4.4E-002 141.3   0.0
   51  0   798.30        7     109  0.75 2926.98  2921  11 2.5E-002 219.8   0.0
   52  0   818.81      840     341  1.72 3002.14  2978  35 2.8E+000   6.3   0.0
   53  0   872.60       72     279  0.31 3199.33  3191  24 2.4E-001  47.8   0.0
   54  0   895.03       -5     155  0.38 3281.53  3273  14-1.8E-002 -383.   0.0
   55  0   906.26       11     104  0.27 3322.67  3318  10 3.6E-002 144.3   0.0
   56  0   982.90       24      82  0.35 3603.59  3599  11 8.1E-002  61.3   0.0
   57  0   996.82        9     113  0.69 3654.61  3647  13 2.9E-002 204.7   0.0
   58  0  1097.61     3335     169  1.57 4024.04  4011  26 1.1E+001   1.9   0.0
   59  0  1167.31       11      38  0.27 4279.52  4275  10 3.8E-002  88.9   0.0
   60  0  1223.52       14      20  0.27 4485.57  4481  10 4.6E-002  57.5   0.0
   61  0  1235.75       59      94  1.28 4530.38  4517  25 2.0E-001  35.8   0.0
   62  0  1294.16     3993     135  1.94 4744.46  4731  27 1.3E+001   1.7   0.0
   63  0  1305.39       33      63  0.90 4785.62  4775  17 1.1E-001  46.8   0.0
   64  0  1424.10       -1      14  0.35 5220.76  5215  12-3.3E-003 -611.   0.0
   65  0  1433.72       26      28  0.34 5256.00  5244  19 8.6E-002  42.6   0.0
   66  0  1461.18      109      28  1.96 5356.65  5349  21 3.6E-001  13.4   0.0
   67  0  1508.48      424      24  1.61 5530.05  5518  24 1.4E+000   5.4   0.0
   68  0  1577.64       32      20  0.32 5783.52  5777  15 1.1E-001  29.1   0.0
   69  0  1602.53       16      21  0.58 5874.75  5869  12 5.2E-002  54.1   0.0
   70  0  1711.57       19      18  0.33 6274.42  6269  12 6.2E-002  43.8   0.0
   71  0  1723.46       19      29  0.38 6318.00  6312  23 6.4E-002  59.5   0.0
   72  0  1753.68      126      17  1.47 6428.78  6419  20 4.2E-001  10.9   0.0
   73  0  1925.53        5      11  0.28 7058.65  7053  12 1.7E-002 117.5   0.0
   74  0  1990.65       10       7  0.54 7297.34  7292  12 3.2E-002  60.6   0.0
   75  0  2000.11        9      15  0.27 7332.04  7327  12 3.0E-002  84.8   0.0
   76  0  2005.74       -5      12  0.27 7352.68  7347  12-1.5E-002 -142.   0.0
   77  0  2098.57        8       5  0.41 7692.92  7687  12 2.8E-002  53.7   0.0
   78  0  2114.29      520      20  2.14 7750.54  7738  26 1.7E+000   4.7   0.0

M = First peak in a multiplet region
m = Other peak in a multiplet region
F = Fitted singlet

Errors quoted at  1.000 sigma
Peak Analysis Report             6/25/2018   4:35:09 PM            Page 15


**************************************************************************
*****           P E A K    A N A L Y S I S    R E P O R T            *****
**************************************************************************


     Detector Name:  DSA1000A                        
     Sample Title:   Sample title.                                     
     Peak Analysis Performed on:  6/25/2018   4:35:07 PM
               Peak Analysis From Channel:      1
               Peak Analysis To Channel:     8192

   Peak  ROI  ROI   Energy   Net Peak Net Area  Continuum  Critical 
    No. start end    (keV)     Area    Uncert.    Counts     Level

    1   140-  148    38.89        -0.7   25.93   3.14E+002  4.27E+001 
    2   176-  184    48.69        -0.6   23.76   2.64E+002  3.91E+001 
    3   271-  281    75.86        11.9   28.59   3.38E+002  4.67E+001 
    4   324-  335    89.74        34.0   30.09   3.47E+002  4.86E+001 
    5   336-  347    92.82        30.6   30.20   3.50E+002  4.88E+001 
 M  6   501-  519   138.28       842.5   35.86   3.62E+002  4.43E+001 
 m  7   501-  519   139.80        39.7   17.03   3.69E+002  4.47E+001 
 M  8   545-  564   150.74      1237.5   42.26   3.61E+002  4.42E+001 
 m  9   545-  564   152.25        29.1   19.09   3.40E+002  4.29E+001 
   10   570-  589   158.46      1564.5   57.91   5.09E+002  6.96E+001 
   11   712-  731   198.25       -27.8   42.65   5.26E+002  7.07E+001 
 M 12   769-  786   210.85        18.3   27.72   2.50E+002  3.68E+001 
 m 13   769-  786   213.21         7.5   11.55   2.34E+002  3.56E+001 
   14   787-  798   215.51         0.3   27.59   3.03E+002  4.54E+001 
   15   861-  876   237.17        -2.0   36.36   4.40E+002  5.99E+001 
   16   891-  908   245.29      3156.7   68.07   4.54E+002  6.32E+001 
   17   910-  919   249.57       -23.1   24.87   2.82E+002  4.17E+001 
   18   995- 1009   273.18       405.1   35.49   2.97E+002  4.81E+001 
   19  1148- 1167   315.02       235.7   36.88   3.17E+002  5.52E+001 
   20  1195- 1204   327.23        26.2   18.06   1.33E+002  2.85E+001 
   21  1225- 1242   336.19       521.7   36.86   2.57E+002  4.76E+001 
   22  1256- 1270   344.22       189.2   28.52   2.16E+002  4.11E+001 
   23  1297- 1309   354.53       103.5   23.63   1.73E+002  3.51E+001 
   24  1401- 1411   383.35        18.0   16.71   1.08E+002  2.66E+001 
   25  1449- 1460   396.30        51.0   21.29   1.59E+002  3.30E+001 
   26  1520- 1538   416.79      3259.6   63.74   2.40E+002  4.66E+001 
   27  1585- 1599   434.22       104.0   24.66   1.75E+002  3.69E+001 
   28  1689- 1706   463.12        94.3   26.38   1.85E+002  4.03E+001 
   29  1726- 1733   471.70        10.1   12.89   7.69E+001  2.05E+001 
   30  1781- 1788   486.48        -4.4   12.85   8.34E+001  2.14E+001 
   31  1796- 1817   492.24       236.4   32.32   2.12E+002  4.68E+001 
   32  1898- 1915   521.07        -4.8   25.35   1.97E+002  4.19E+001 
   33  1928- 1943   527.78       465.3   31.74   1.81E+002  3.83E+001 
   34  2003- 2014   547.59        27.3   15.36   8.27E+001  2.38E+001 
   35  2019- 2035   552.84       546.4   32.19   1.56E+002  3.64E+001 
   36  2065- 2075   564.64        24.6   17.37   1.16E+002  2.74E+001 
   37  2078- 2089   568.32        10.0   17.73   1.21E+002  2.87E+001 
   38  2179- 2200   598.07        26.6   28.54   2.09E+002  4.62E+001 
   39  2239- 2248   611.77        16.7   15.96   1.04E+002  2.54E+001 
   40  2257- 2267   616.71         8.1   17.36   1.22E+002  2.82E+001 
   41  2308- 2319   631.17         3.2   17.13   1.15E+002  2.80E+001 
   42  2365- 2375   646.36        -5.0   15.04   9.40E+001  2.50E+001 
Peak Analysis Report             6/25/2018   4:35:09 PM            Page 16


   Peak  ROI  ROI   Energy   Net Peak Net Area  Continuum  Critical 
    No. start end    (keV)     Area    Uncert.    Counts     Level

   43  2422- 2432   661.77        29.0   16.73   1.04E+002  2.61E+001 
   44  2447- 2457   668.65         1.5   15.61   1.01E+002  2.56E+001 
   45  2500- 2513   683.86        20.3   19.82   1.35E+002  3.18E+001 
   46  2604- 2619   712.75        57.0   22.70   1.52E+002  3.52E+001 
   47  2629- 2638   718.16       -21.7   14.38   9.97E+001  2.49E+001 
   48  2661- 2675   727.65        -9.5   21.66   1.66E+002  3.60E+001 
   49  2868- 2880   783.55       -17.8   19.86   1.56E+002  3.34E+001 
   50  2907- 2919   795.02        13.2   18.61   1.27E+002  3.00E+001 
   51  2921- 2931   798.30         7.5   16.40   1.09E+002  2.66E+001 
   52  2978- 3012   818.81       840.3   52.81   3.41E+002  7.26E+001 
   53  3191- 3214   872.60        72.2   34.50   2.79E+002  5.50E+001 
   54  3273- 3286   895.03        -5.4   20.56   1.55E+002  3.40E+001 
   55  3318- 3327   906.26        10.9   15.77   1.04E+002  2.54E+001 
   56  3599- 3609   982.90        24.2   14.82   8.18E+001  2.30E+001 
   57  3647- 3659   996.82         8.6   17.66   1.13E+002  2.86E+001 
   58  4011- 4036  1097.61      3335.0   63.67   1.69E+002  4.41E+001 
   59  4275- 4284  1167.31        11.4   10.11   3.76E+001  1.57E+001 
   60  4481- 4490  1223.52        13.9    8.02   2.01E+001  1.17E+001 
   61  4517- 4541  1235.75        59.1   21.15   9.39E+001  3.24E+001 
   62  4731- 4757  1294.16      3993.0   67.70   1.35E+002  4.00E+001 
   63  4775- 4791  1305.39        32.6   15.27   6.34E+001  2.33E+001 
   64  5215- 5226  1424.10        -1.0    6.11   1.40E+001  1.02E+001 
   65  5244- 5262  1433.72        25.8   11.00   2.82E+001  1.60E+001 
   66  5349- 5369  1461.18       108.6   14.59   2.84E+001  1.68E+001 
   67  5518- 5541  1508.48       424.0   22.80   2.40E+001  1.61E+001 
   68  5777- 5791  1577.64        32.4    9.44   1.96E+001  1.24E+001 
   69  5869- 5880  1602.53        15.6    8.42   2.14E+001  1.22E+001 
   70  6269- 6280  1711.57        18.6    8.13   1.84E+001  1.13E+001 
   71  6312- 6334  1723.46        19.3   11.46   2.88E+001  1.74E+001 
   72  6419- 6438  1753.68       125.5   13.68   1.75E+001  1.29E+001 
   73  7053- 7064  1925.53         5.0    5.91   1.10E+001  9.00E+000 
   74  7292- 7303  1990.65         9.6    5.84   7.35E+000  8.14E+000 
   75  7327- 7338  2000.11         9.0    7.63   1.50E+001  1.15E+001 
   76  7347- 7358  2005.74        -4.6    6.62   1.16E+001  1.15E+001 
   77  7687- 7698  2098.57         8.4    4.51   4.62E+000  5.68E+000 
   78  7738- 7763  2114.29       519.5   24.54   1.95E+001  1.50E+001 

M = First peak in a multiplet region
m = Other peak in a multiplet region
F = Fitted singlet

Errors quoted at  1.000 sigma
Peak with NID Report             6/25/2018   4:35:09 PM            Page 17


**************************************************************************
*****           P E A K    W I T H   N I D    R E P O R T            *****
**************************************************************************


     Detector Name:  DSA1000A                        
     Sample Title:   Sample title.                                     
     Peak Analysis Performed on:  6/25/2018   4:35:07 PM
               Peak Analysis From Channel:      1
               Peak Analysis To Channel:     8192
     Tentative NID Library:   C:\GENIE2K\CAMFILES\NAA LIB LONG.NLB     
     Peak Match Tolerance :    3.000 keV

   Peak  ROI  ROI    Peak    Energy   Net Peak Net Area  Continuum  Tentative
    No. Start End  Centroid   (keV)     Area    Uncert.    Counts    Nuclide 

    1   140-  148   143.45    38.89 -7.20E-001   25.93   3.14E+002   .....    
    2   176-  184   179.40    48.69 -6.24E-001   23.76   2.64E+002   .....    
    3   271-  281   278.96    75.86  1.19E+001   28.59   3.38E+002   .....    
    4   324-  335   329.86    89.74  3.40E+001   30.09   3.47E+002   ND-147   
    5   336-  347   341.14    92.82  3.06E+001   30.20   3.50E+002   ND-147   
 M  6   501-  519   507.79   138.28  8.43E+002   35.86   3.62E+002   RE-186   
                                                                     HF-181   
                                                                     SE-75    
 m  7   501-  519   513.35   139.80  3.97E+001   17.03   3.69E+002   RE-186   
 M  8   545-  564   553.45   150.74  1.24E+003   42.26   3.61E+002   PA-232   
                                                                     TE-131x  
                                                                     TA-182   
                                                                     LU-177x  
 m  9   545-  564   558.97   152.25  2.91E+001   19.09   3.40E+002   TA-182   
                                                                     LU-177x  
                                                                     PA-232   
                                                                     TE-131x  
                                                                     RE-188   
   10   570-  589   581.73   158.46  1.56E+003   57.91   5.09E+002   TE-123m  
   11   712-  731   727.58   198.25 -2.78E+001   42.65   5.26E+002   YB-169   
                                                                     TB-160   
                                                                     XE-129m  
                                                                     TE-131x  
 M 12   769-  786   773.77   210.85  1.83E+001   27.72   2.50E+002   GE-77    
                                                                     TE-121x  
                                                                     LU-177x  
                                                                     LU-177   
 m 13   769-  786   782.43   213.21  7.55E+000   11.55   2.34E+002   TE-121x  
                                                                     LU-177x  
                                                                     AU-198m  
                                                                     GE-77    
                                                                     RU-97    
                                                                     BA-131   
   14   787-  798   790.86   215.51  3.33E-001   27.59   3.03E+002   GE-77    
                                                                     RU-97    
                                                                     BA-131   
                                                                     AU-198m  
                                                                     LU-177x  
   15   861-  876   870.23   237.17 -2.00E+000   36.36   4.40E+002   AS-77    
   16   891-  908   900.00   245.29  3.16E+003   68.07   4.54E+002   EU-152x  
                                                                     XE-125   
Peak with NID Report             6/25/2018   4:35:09 PM            Page 18

                                                                     EU-154   
   17   910-  919   915.68   249.57 -2.31E+001   24.87   2.82E+002   LU-177x  
                                                                     EU-154   
   18   995- 1009  1002.24   273.18  4.05E+002   35.49   2.97E+002   PM-151   
                                                                     BA-133m  
   19  1148- 1167  1155.60   315.02  2.36E+002   36.88   3.17E+002   IR-192   
   20  1195- 1204  1200.33   327.23  2.62E+001   18.06   1.33E+002   LU-177x  
                                                                     IR-194   
                                                                     LA-140   
                                                                     RU-97    
   21  1225- 1242  1233.18   336.19  5.22E+002   36.86   2.57E+002   CD-115   
                                                                     TE-131x  
   22  1256- 1270  1262.63   344.22  1.89E+002   28.52   2.16E+002   EU-152x  
                                                                     HF-175   
                                                                     HF-181   
                                                                     PT-197m  
   23  1297- 1309  1300.40   354.53  1.03E+002   23.63   1.73E+002   BA-133   
   24  1401- 1411  1406.05   383.35  1.80E+001   16.71   1.08E+002   BA-133   
   25  1449- 1460  1453.52   396.30  5.10E+001   21.29   1.59E+002   YB-175   
   26  1520- 1538  1528.61   416.79  3.26E+003   63.74   2.40E+002   GE-77    
                                                                     LU-177x  
   27  1585- 1599  1592.48   434.22  1.04E+002   24.66   1.75E+002   AG-108m  
   28  1689- 1706  1698.41   463.12  9.43E+001   26.38   1.85E+002   SB-125   
   29  1726- 1733  1729.87   471.70  1.01E+001   12.89   7.69E+001   .....    
   30  1781- 1788  1784.06   486.48 -4.43E+000   12.85   8.34E+001   LA-140   
                                                                     Ca-47    
   31  1796- 1817  1805.16   492.24  2.36E+002   32.32   2.12E+002   .....    
   32  1898- 1915  1910.82   521.07 -4.77E+000   25.35   1.97E+002   .....    
   33  1928- 1943  1935.43   527.78  4.65E+002   31.74   1.81E+002   CD-115   
                                                                     HO-166   
   34  2003- 2014  2008.02   547.59  2.73E+001   15.36   8.27E+001   .....    
   35  2019- 2035  2027.26   552.84  5.46E+002   32.19   1.56E+002   W-187    
                                                                     BR-82x   
   36  2065- 2075  2070.54   564.64  2.46E+001   17.37   1.16E+002   SB-122   
                                                                     CS-134   
   37  2078- 2089  2084.01   568.32  1.00E+001   17.73   1.21E+002   CS-134   
                                                                     HO-166   
   38  2179- 2200  2193.08   598.07  2.66E+001   28.54   2.09E+002   SB-125   
                                                                     GA-72    
Peak with NID Report             6/25/2018   4:35:09 PM            Page 19


   Peak  ROI  ROI    Peak    Energy   Net Peak Net Area  Continuum  Tentative
    No. start end  centroid   (keV)     Area    Uncert.    Counts    Nuclide 

   39  2239- 2248  2243.29   611.77  1.67E+001   15.96   1.04E+002   IR-192   
                                                                     RU-103   
                                                                     AG-108m  
   40  2257- 2267  2261.38   616.71  8.13E+000   17.36   1.22E+002   W-187    
                                                                     BR-82x   
                                                                     AG-108m  
   41  2308- 2319  2314.40   631.17  3.20E+000   17.13   1.15E+002   GE-77    
                                                                     GA-72    
   42  2365- 2375  2370.05   646.36 -4.96E+000   15.04   9.40E+001   OS-185   
                                                                     SB-124   
   43  2422- 2432  2426.53   661.77  2.90E+001   16.73   1.04E+002   CE-143   
   44  2447- 2457  2451.76   668.65  1.53E+000   15.61   1.01E+002   HO-166   
   45  2500- 2513  2507.51   683.86  2.03E+001   19.82   1.35E+002   W-187    
   46  2604- 2619  2613.41   712.75  5.70E+001   22.70   1.52E+002   HO-166   
                                                                     GE-77    
   47  2629- 2638  2633.22   718.16 -2.17E+001   14.38   9.97E+001   .....    
   48  2661- 2675  2668.01   727.65 -9.52E+000   21.66   1.66E+002   IN-114m  
   49  2868- 2880  2872.92   783.55 -1.78E+001   19.86   1.56E+002   .....    
   50  2907- 2919  2914.94   795.02  1.32E+001   18.61   1.27E+002   CS-134   
                                                                     TE-131x  
   51  2921- 2931  2926.98   798.30  7.46E+000   16.40   1.09E+002   CS-134   
   52  2978- 3012  3002.14   818.81  8.40E+002   52.81   3.41E+002   PA-232   
                                                                     AG-110m  
   53  3191- 3214  3199.33   872.60  7.22E+001   34.50   2.79E+002   EU-154   
                                                                     NB-94x   
                                                                     OS-185   
   54  3273- 3286  3281.53   895.03 -5.37E+000   20.56   1.55E+002   PA-232   
                                                                     GA-72    
   55  3318- 3327  3322.67   906.26  1.09E+001   15.77   1.04E+002   .....    
   56  3599- 3609  3603.59   982.90  2.42E+001   14.82   8.18E+001   .....    
   57  3647- 3659  3654.61   996.82  8.63E+000   17.66   1.13E+002   EU-154   
   58  4011- 4036  4024.04  1097.61  3.33E+003   63.67   1.69E+002   FE-59    
   59  4275- 4284  4279.52  1167.31  1.14E+001   10.11   3.76E+001   .....    
   60  4481- 4490  4485.57  1223.52  1.39E+001    8.02   2.01E+001   TA-182   
   61  4517- 4541  4530.38  1235.75  5.91E+001   21.15   9.39E+001   .....    
   62  4731- 4757  4744.46  1294.16  3.99E+003   67.70   1.35E+002   FE-59    
                                                                     Ca-47    
   63  4775- 4791  4785.62  1305.39  3.26E+001   15.27   6.34E+001   .....    
   64  5215- 5226  5220.76  1424.10 -1.00E+000    6.11   1.40E+001   .....    
   65  5244- 5262  5256.00  1433.72  2.58E+001   11.00   2.82E+001   .....    
   66  5349- 5369  5356.65  1461.18  1.09E+002   14.59   2.84E+001   .....    
   67  5518- 5541  5530.05  1508.48  4.24E+002   22.80   2.40E+001   .....    
   68  5777- 5791  5783.52  1577.64  3.24E+001    9.44   1.96E+001   PR-142   
   69  5869- 5880  5874.75  1602.53  1.56E+001    8.42   2.14E+001   .....    
   70  6269- 6280  6274.42  1711.57  1.86E+001    8.13   1.84E+001   .....    
   71  6312- 6334  6318.00  1723.46  1.93E+001   11.46   2.88E+001   .....    
   72  6419- 6438  6428.78  1753.68  1.26E+002   13.68   1.75E+001   .....    
   73  7053- 7064  7058.65  1925.53  5.03E+000    5.91   1.10E+001   .....    
   74  7292- 7303  7297.34  1990.65  9.65E+000    5.84   7.35E+000   .....    
   75  7327- 7338  7332.04  2000.11  9.00E+000    7.63   1.50E+001   .....    
   76  7347- 7358  7352.68  2005.74 -4.64E+000    6.62   1.16E+001   .....    
   77  7687- 7698  7692.92  2098.57  8.38E+000    4.51   4.62E+000   .....    
   78  7738- 7763  7750.54  2114.29  5.20E+002   24.54   1.95E+001   .....    

Peak with NID Report             6/25/2018   4:35:09 PM            Page 20

M = First peak in a multiplet region
m = Other peak in a multiplet region
F = Fitted singlet

Errors quoted at  1.000 sigma
Peak Efficiency Report             6/25/2018   4:35:09 PM          Page 21


**************************************************************************
*****         P E A K    E F F I C I E N C Y    R E P O R T          *****
**************************************************************************

     Detector Name:  DSA1000A                        
     Sample Title:   Sample title.                                     
     Peak Analysis Performed on:  6/25/2018   4:35:07 PM


 Peak  Energy   Net Peak  Net Area       Peak     Efficiency
 No.   (keV)      Area   Uncertainty  Efficiency  Uncertainty

    1    38.89 -7.20E-001    25.93     2.39E-002    2.06E-003
    2    48.69 -6.24E-001    23.76     2.39E-002    2.06E-003
    3    75.86  1.19E+001    28.59     4.97E-002    4.41E-004
    4    89.74  3.40E+001    30.09     7.80E-002    1.96E-004
    5    92.82  3.06E+001    30.20     8.09E-002    2.05E-004
 M  6   138.28  8.43E+002    35.86     9.32E-002    3.91E-004
 m  7   139.80  3.97E+001    17.03     9.32E-002    3.99E-004
 M  8   150.74  1.24E+003    42.26     9.33E-002    4.56E-004
 m  9   152.25  2.91E+001    19.09     9.33E-002    4.64E-004
   10   158.46  1.56E+003    57.91     9.34E-002    4.98E-004
   11   198.25 -2.78E+001    42.65     8.55E-002    5.26E-004
 M 12   210.85  1.83E+001    27.72     8.16E-002    4.91E-004
 m 13   213.21  7.55E+000    11.55     8.09E-002    4.85E-004
   14   215.51  3.33E-001    27.59     8.03E-002    4.79E-004
   15   237.17 -2.00E+000    36.36     7.47E-002    4.30E-004
   16   245.29  3.16E+003    68.07     7.28E-002    4.14E-004
   17   249.57 -2.31E+001    24.87     7.18E-002    4.06E-004
   18   273.18  4.05E+002    35.49     6.71E-002    3.66E-004
   19   315.02  2.36E+002    36.88     6.02E-002    3.12E-004
   20   327.23  2.62E+001    18.06     5.85E-002    2.99E-004
   21   336.19  5.22E+002    36.86     5.73E-002    2.90E-004
   22   344.22  1.89E+002    28.52     5.63E-002    2.82E-004
   23   354.53  1.03E+002    23.63     5.50E-002    2.73E-004
   24   383.35  1.80E+001    16.71     5.18E-002    2.50E-004
   25   396.30  5.10E+001    21.29     5.05E-002    2.41E-004
   26   416.79  3.26E+003    63.74     4.86E-002    2.27E-004
   27   434.22  1.04E+002    24.66     4.71E-002    2.21E-004
   28   463.12  9.43E+001    26.38     4.44E-002    2.21E-004
   29   471.70  1.01E+001    12.89     4.37E-002    2.21E-004
   30   486.48 -4.43E+000    12.85     4.25E-002    2.21E-004
   31   492.24  2.36E+002    32.32     4.20E-002    2.21E-004
   32   521.07 -4.77E+000    25.35     3.99E-002    2.22E-004
   33   527.78  4.65E+002    31.74     3.95E-002    2.22E-004
   34   547.59  2.73E+001    15.36     3.82E-002    2.22E-004
   35   552.84  5.46E+002    32.19     3.79E-002    2.22E-004
   36   564.64  2.46E+001    17.37     3.71E-002    2.22E-004
   37   568.32  1.00E+001    17.73     3.69E-002    2.22E-004
   38   598.07  2.66E+001    28.54     3.53E-002    2.22E-004
   39   611.77  1.67E+001    15.96     3.46E-002    2.21E-004
   40   616.71  8.13E+000    17.36     3.43E-002    2.21E-004
   41   631.17  3.20E+000    17.13     3.36E-002    2.19E-004
   42   646.36 -4.96E+000    15.04     3.30E-002    2.17E-004
Peak Efficiency Report             6/25/2018   4:35:09 PM          Page 22


 Peak  Energy   Net Peak  Net Area       Peak     Efficiency
 No.   (keV)      Area   Uncertainty  Efficiency  Uncertainty

   43   661.77  2.90E+001    16.73     3.23E-002    2.15E-004
   44   668.65  1.53E+000    15.61     3.20E-002    2.15E-004
   45   683.86  2.03E+001    19.82     3.14E-002    2.13E-004
   46   712.75  5.70E+001    22.70     3.03E-002    2.10E-004
   47   718.16 -2.17E+001    14.38     3.01E-002    2.10E-004
   48   727.65 -9.52E+000    21.66     2.97E-002    2.09E-004
   49   783.55 -1.78E+001    19.86     2.79E-002    2.04E-004
   50   795.02  1.32E+001    18.61     2.75E-002    2.03E-004
   51   798.30  7.46E+000    16.40     2.74E-002    2.03E-004
   52   818.81  8.40E+002    52.81     2.68E-002    2.01E-004
   53   872.60  7.22E+001    34.50     2.52E-002    1.68E-004
   54   895.03 -5.37E+000    20.56     2.46E-002    1.52E-004
   55   906.26  1.09E+001    15.77     2.43E-002    1.44E-004
   56   982.90  2.42E+001    14.82     2.24E-002    1.05E-004
   57   996.82  8.63E+000    17.66     2.21E-002    9.90E-005
   58  1097.61  3.33E+003    63.67     2.00E-002    6.77E-005
   59  1167.31  1.14E+001    10.11     1.88E-002    5.31E-005
   60  1223.52  1.39E+001     8.02     1.81E-002    5.07E-005
   61  1235.75  5.91E+001    21.15     1.79E-002    5.04E-005
   62  1294.16  3.99E+003    67.70     1.73E-002    4.89E-005
   63  1305.39  3.26E+001    15.27     1.71E-002    4.87E-005
   64  1424.10 -1.00E+000     6.11     1.69E-002    4.80E-005
   65  1433.72  2.58E+001    11.00     1.69E-002    4.80E-005
   66  1461.18  1.09E+002    14.59     1.69E-002    4.80E-005
   67  1508.48  4.24E+002    22.80     1.69E-002    4.80E-005
   68  1577.64  3.24E+001     9.44     1.69E-002    4.80E-005
   69  1602.53  1.56E+001     8.42     1.69E-002    4.80E-005
   70  1711.57  1.86E+001     8.13     1.69E-002    4.80E-005
   71  1723.46  1.93E+001    11.46     1.69E-002    4.80E-005
   72  1753.68  1.26E+002    13.68     1.69E-002    4.80E-005
   73  1925.53  5.03E+000     5.91     1.69E-002    4.80E-005
   74  1990.65  9.65E+000     5.84     1.69E-002    4.80E-005
   75  2000.11  9.00E+000     7.63     1.69E-002    4.80E-005
   76  2005.74 -4.64E+000     6.62     1.69E-002    4.80E-005
   77  2098.57  8.38E+000     4.51     1.69E-002    4.80E-005
   78  2114.29  5.20E+002    24.54     1.69E-002    4.80E-005


M = First peak in a multiplet region
m = Other peak in a multiplet region
F = Fitted singlet

Errors quoted at  1.000 sigma
Background Subtract Report             6/25/2018   4:35:09 PM      Page 23

No background subtract performed on this spectrum.
No area correction performed on this spectrum.
Nuclide Identification Report        6/25/2018   4:35:09 PM        Page 24


*************************************************************************
*****   N U C L I D E   I D E N T I F I C A T I O N   R E P O R T   *****
*************************************************************************

     Sample Title:         Sample title.                           
     Nuclide Library Used: C:\GENIE2K\CAMFILES\NAA LIB LONG.NLB    

   ....................    IDENTIFIED NUCLIDES     ....................

   Nuclide    Id       Energy   Yield     Activity     Activity
   Name    Confidence  (keV)     (%)     (uCi/Unit)   Uncertainty

   Ca-47     0.728    489.23*    5.90   -1.594E-004   4.621E-004
                      807.86     5.90
                     1297.09*   67.00    3.110E-002   5.347E-004
   FE-59     0.925   1099.25*   56.50    2.657E-002   8.735E-004
                     1291.60*   43.20    4.823E-002   1.482E-003
   AS-77     0.941    239.01*    1.59   -1.519E-004   2.762E-003
   GE-77     0.248    211.03*   30.80    6.587E-005   9.961E-005
                      215.50*   28.60    1.311E-006   1.085E-004
                      264.44    53.90
                      367.40    14.00
                      416.33*   21.80    2.776E-002   9.462E-004
                      558.02    16.10
                      631.82*    6.95    1.237E-004   6.619E-004
                      714.35*    7.17    2.373E-003   9.470E-004
                     1085.19     6.05
   AG-108m   0.450     79.13     6.60
                      433.94*   90.50    2.200E-004   5.220E-005
                      614.28*   89.80    2.377E-005   5.073E-005
                      722.94    90.80
   CD-115    1.000    336.24*   45.90    1.789E-003   1.326E-004
                      527.90*   27.40    3.878E-003   2.787E-004
   TE-121x   0.982    212.19*   81.40    1.032E-005   1.579E-005
   SB-122    0.997    564.24*   69.30    8.620E-005   6.082E-005
   TE-123m   0.995    159.00*   84.00    1.797E-003   6.776E-005
   XE-129m   0.951    196.56*    4.59   -6.383E-004   9.789E-004
   BA-133    0.528    276.40     7.16
                      302.85    18.33
                      356.02*   62.05    2.732E-004   6.240E-005
                      383.85*    8.94    3.503E-004   3.249E-004
   BA-133m   0.875    275.92*   17.50    3.112E-003   2.738E-004
   CS-134    0.173    563.23*    8.38    7.125E-004   5.027E-004
                      569.32*   15.43    1.587E-004   2.804E-004
                      604.70    97.60
                      795.84*   85.40    5.052E-005   7.139E-005
                      801.93     8.73
   PR-142    0.929   1575.60*    3.70    4.685E-003   1.505E-003
   ND-147    0.580     91.11*   27.90    1.409E-004   1.247E-004
                      531.02    13.10
   HF-175    0.988    343.40*   86.86    3.488E-004   5.262E-005
   YB-175    1.000    396.32*    6.50    1.398E-003   6.087E-004
   OS-185    0.917    646.12*   81.00   -1.673E-005   5.076E-005
                      874.81*    6.61    3.902E-003   1.868E-003
Nuclide Identification Report        6/25/2018   4:35:09 PM        Page 25


   Nuclide    Id       Energy   Yield    Activity     Activity
   Name    Confidence  (keV)     (%)    (uCi/Unit)   Uncertainty

   OS-185    0.917    880.52     5.00
   RE-186    0.978    137.16*    8.20    9.940E-003   5.595E-004
   RE-188    0.871    155.03*   14.90    1.892E-004   1.242E-004
   IR-192    0.101    295.96    28.67
                      308.46    30.00
                      316.51*   82.81    4.262E-004   6.672E-005
                      468.07    47.83
                      604.41     8.23
                      612.47*    5.31    8.208E-004   7.833E-004
   IR-194    0.974    328.45*   13.10    3.086E-004   2.170E-004
   PT-197m   0.912    346.50*   11.10    2.780E-003   4.260E-004

       * = Energy line found in the spectrum.
       Energy Tolerance :    3.000 keV
       Nuclide confidence index threshold =   0.05
       Errors quoted at  1.000 sigma

Nuclide Identification Report        6/25/2018   4:35:09 PM        Page 26


   **********   U N I D E N T I F I E D   P E A K S   **********

               Peak Locate Performed on:  6/25/2018   4:35:07 PM
               Peak Locate From Channel:      1
               Peak Locate To Channel:    65535

       Peak   Energy           Peak Size in        Peak CPS
        No.   (keV)          Counts per Second   % Uncertainty

         1    38.89            -2.3988E-003        -3603.5
         2    48.69            -2.0786E-003        -3809.5
         3    75.86             3.9567E-002         240.86
         5    92.82             1.0203E-001          98.67
      m  7   139.80             1.3234E-001          42.90
      M  8   150.74             4.1251E+000           3.41
        16   245.29             1.0522E+001           2.16
        17   249.57            -7.7156E-002        -107.43
        28   463.12             3.1441E-001          27.96
        29   471.70             3.3621E-002         127.77
        31   492.24             7.8802E-001          13.67
        32   521.07            -1.5885E-002        -532.02
        34   547.59             9.1091E-002          56.21
        35   552.84             1.8212E+000           5.89
        38   598.07             8.8623E-002         107.36
        43   661.77             9.6598E-002          57.72
        44   668.65             5.1052E-003        1019.24
        45   683.86             6.7634E-002          97.68
        47   718.16            -7.2457E-002         -66.17
        48   727.65            -3.1731E-002        -227.57
        49   783.55            -5.9372E-002        -111.51
        51   798.30             2.4871E-002         219.79
        52   818.81             2.8009E+000           6.29
        54   895.03            -1.7900E-002        -382.95
        55   906.26             3.6435E-002         144.31
        56   982.90             8.0566E-002          61.32
        57   996.82             2.8757E-002         204.73
        59  1167.31             3.7908E-002          88.92
        60  1223.52             4.6495E-002          57.52
        61  1235.75             1.9694E-001          35.80
        63  1305.39             1.0878E-001          46.79
        64  1424.10            -3.3333E-003        -611.11
        65  1433.72             8.6080E-002          42.59
        66  1461.18             3.6195E-001          13.43
        67  1508.48             1.4133E+000           5.38
        69  1602.53             5.1847E-002          54.14
        70  1711.57             6.1937E-002          43.77
        71  1723.46             6.4167E-002          59.52
        72  1753.68             4.1839E-001          10.90
        73  1925.53             1.6771E-002         117.53
        74  1990.65             3.2157E-002          60.56
        75  2000.11             3.0000E-002          84.76
        76  2005.74            -1.5476E-002        -142.64
        77  2098.57             2.7949E-002          53.75
        78  2114.29             1.7317E+000           4.72

       M = First peak in a multiplet region
       m = Other peak in a multiplet region
Nuclide Identification Report        6/25/2018   4:35:09 PM        Page 27

       F = Fitted singlet

       Errors quoted at  1.000 sigma
Interference Corrected Activity Report    6/25/2018   4:35:09 PM   Page 28


*************************************************************************
*****   N U C L I D E   I D E N T I F I C A T I O N   R E P O R T   *****
*************************************************************************

     Sample Title:         Sample title.                           
     Nuclide Library Used: C:\GENIE2K\CAMFILES\NAA LIB LONG.NLB    

   ....................    IDENTIFIED NUCLIDES     ....................

   Nuclide    Id       Energy    Yield     Activity     Activity
   Name    Confidence  (keV)      (%)     (uCi/Unit)   Uncertainty

   Ca-47     0.728    489.23*     5.90  -1.59414E-004  4.62087E-004
                      807.86      5.90
                     1297.09*    67.00   3.11047E-002  5.34729E-004
   FE-59     0.925   1099.25*    56.50   2.65708E-002  8.73500E-004
                     1291.60*    43.20   4.82296E-002  1.48176E-003
   AS-77     0.941    239.01*     1.59  -1.51910E-004  2.76197E-003
   GE-77     0.248    211.03*    30.80   6.58687E-005  9.96061E-005
                      215.50*    28.60   1.31125E-006  1.08526E-004
                      264.44     53.90
                      367.40     14.00
                      416.33*    21.80   2.77614E-002  9.46216E-004
                      558.02     16.10
                      631.82*     6.95   1.23749E-004  6.61876E-004
                      714.35*     7.17   2.37319E-003  9.46986E-004
                     1085.19      6.05
   AG-108m   0.450     79.13      6.60
                      433.94*    90.50   2.20012E-004  5.21958E-005
                      614.28*    89.80   2.37726E-005  5.07328E-005
                      722.94     90.80
   CD-115    1.000    336.24*    45.90   1.78892E-003  1.32553E-004
                      527.90*    27.40   3.87809E-003  2.78680E-004
   TE-121x   0.982    212.19*    81.40   1.03209E-005  1.57943E-005
   SB-122    0.997    564.24*    69.30   8.61961E-005  6.08241E-005
   TE-123m   0.995    159.00*    84.00   1.79740E-003  6.77642E-005
   XE-129m   0.951    196.56*     4.59  -6.38329E-004  9.78934E-004
   BA-133    0.528    276.40      7.16
                      302.85     18.33
                      356.02*    62.05   2.73157E-004  6.23985E-005
                      383.85*     8.94   3.50264E-004  3.24860E-004
   BA-133m   0.875    275.92*    17.50   3.11221E-003  2.73819E-004
   CS-134    0.173    563.23*     8.38   7.12495E-004  5.02737E-004
                      569.32*    15.43   1.58727E-004  2.80407E-004
                      604.70     97.60
                      795.84*    85.40   5.05160E-005  7.13865E-005
                      801.93      8.73
   PR-142    0.929   1575.60*     3.70   4.68503E-003  1.50507E-003
   ND-147    0.580     91.11*    27.90   1.40878E-004  1.24669E-004
                      531.02     13.10
   HF-175    0.988    343.40*    86.86   3.48836E-004  5.26176E-005
   YB-175    1.000    396.32*     6.50   1.39807E-003  6.08711E-004
   OS-185    0.917    646.12*    81.00  -1.67349E-005  5.07576E-005
                      874.81*     6.61   3.90245E-003  1.86760E-003
Interference Corrected Activity Report    6/25/2018   4:35:09 PM   Page 29


   Nuclide    Id       Energy    Yield    Activity     Activity
   Name    Confidence  (keV)      (%)    (uCi/Unit)   Uncertainty

   OS-185    0.917    880.52      5.00
   RE-186    0.978    137.16*     8.20   9.94025E-003  5.59481E-004
   RE-188    0.871    155.03*    14.90   1.89204E-004  1.24198E-004
   IR-192    0.101    295.96     28.67
                      308.46     30.00
                      316.51*    82.81   4.26157E-004  6.67219E-005
                      468.07     47.83
                      604.41      8.23
                      612.47*     5.31   8.20782E-004  7.83339E-004
   IR-194    0.974    328.45*    13.10   3.08650E-004  2.16972E-004
   PT-197m   0.912    346.50*    11.10   2.77978E-003  4.25967E-004

       * = Energy line found in the spectrum.
       @ = Energy line not used for Weighted Mean Activity
       Energy Tolerance :    3.000 keV
       Nuclide confidence index threshold =   0.05
       Errors quoted at  1.000 sigma

Interference Corrected Activity Report    6/25/2018   4:35:09 PM   Page 30


*************************************************************************
*****   I N T E R F E R E N C E   C O R R E C T E D   R E P O R T   *****
*************************************************************************


                 Nuclide       Wt mean         Wt mean
       Nuclide     Id          Activity        Activity
       Name     Confidence    (uCi/Unit)      Uncertainty

       Ca-47      0.728      1.396841E-002   6.295384E-004
       FE-59      0.925      2.657078E-002   5.151574E-004
       AS-77      0.941     -1.519098E-004   2.761971E-003
       GE-77      0.248      2.138989E-004   7.250704E-005
    X  NB-94x     0.149
    X  RU-97      0.986
       AG-108m    0.450      1.191036E-004   3.637976E-005
       CD-115     1.000      2.174373E-003   1.197025E-004
       TE-121x    0.982      1.032088E-005   1.579429E-005
       SB-122     0.997      7.928791E-005   6.139098E-005
       TE-123m    0.995      1.797401E-003   6.776419E-005
       XE-129m    0.951     -6.383291E-004   9.789341E-004
       BA-133     0.528      2.759008E-004   6.127832E-005
       BA-133m    0.875      3.112206E-003   2.738186E-004
       CS-134     0.173      5.710257E-005   6.917946E-005
    X  LA-140     0.095
       PR-142     0.929      4.685034E-003   1.505070E-003
       ND-147     0.580      1.408778E-004   1.246689E-004
    ?  HF-175     0.988      3.488361E-004   5.261756E-005
       YB-175     1.000      1.398067E-003   6.087114E-004
    X  LU-177     0.322
       OS-185     0.917      3.902448E-003   1.867603E-003
       RE-186     0.978      9.940249E-003   5.594813E-004
       RE-188     0.871      1.892037E-004   1.241978E-004
       IR-192     0.101      4.289998E-004   6.648117E-005
       IR-194     0.974      3.086498E-004   2.169723E-004
    ?  PT-197m    0.912      2.779782E-003   4.259671E-004

       ? = nuclide is part of an undetermined solution
       X = nuclide rejected by the interference analysis
       @ = nuclide contains energy lines not used in Weighted Mean Activity

       Errors quoted at  1.000 sigma

Interference Corrected Activity Report    6/25/2018   4:35:09 PM   Page 31


   **********   U N I D E N T I F I E D   P E A K S   **********

               Peak Locate Performed on:  6/25/2018   4:35:07 PM
               Peak Locate From Channel:      1
               Peak Locate To Channel:    65535

       Peak   Energy           Peak Size in        Peak CPS
        No.   (keV)          Counts per Second   % Uncertainty

         1    38.89            -2.3988E-003        -3603.5
         2    48.69            -2.0786E-003        -3809.5
         3    75.86             3.9567E-002         240.86
         5    92.82             1.0203E-001          98.67
      m  7   139.80             1.3234E-001          42.90
      M  8   150.74             4.1251E+000           3.41
        16   245.29             1.0522E+001           2.16
        17   249.57            -7.7156E-002        -107.43
        28   463.12             3.1441E-001          27.96
        29   471.70             3.3621E-002         127.77
        31   492.24             7.8802E-001          13.67
        32   521.07            -1.5885E-002        -532.02
        34   547.59             9.1091E-002          56.21
        35   552.84             1.8212E+000           5.89
        38   598.07             8.8623E-002         107.36
        43   661.77             9.6598E-002          57.72
        44   668.65             5.1052E-003        1019.24
        45   683.86             6.7634E-002          97.68
        47   718.16            -7.2457E-002         -66.17
        48   727.65            -3.1731E-002        -227.57
        49   783.55            -5.9372E-002        -111.51
        51   798.30             2.4871E-002         219.79
        52   818.81             2.8009E+000           6.29
        54   895.03            -1.7900E-002        -382.95
        55   906.26             3.6435E-002         144.31
        56   982.90             8.0566E-002          61.32
        57   996.82             2.8757E-002         204.73
        59  1167.31             3.7908E-002          88.92
        60  1223.52             4.6495E-002          57.52
        61  1235.75             1.9694E-001          35.80
        63  1305.39             1.0878E-001          46.79
        64  1424.10            -3.3333E-003        -611.11
        65  1433.72             8.6080E-002          42.59
        66  1461.18             3.6195E-001          13.43
        67  1508.48             1.4133E+000           5.38
        69  1602.53             5.1847E-002          54.14
        70  1711.57             6.1937E-002          43.77
        71  1723.46             6.4167E-002          59.52
        72  1753.68             4.1839E-001          10.90
        73  1925.53             1.6771E-002         117.53
        74  1990.65             3.2157E-002          60.56
        75  2000.11             3.0000E-002          84.76
        76  2005.74            -1.5476E-002        -142.64
        77  2098.57             2.7949E-002          53.75
        78  2114.29             1.7317E+000           4.72

       M = First peak in a multiplet region
       m = Other peak in a multiplet region
Interference Corrected Activity Report    6/25/2018   4:35:09 PM   Page 32

       F = Fitted singlet

       Errors quoted at  1.000 sigma
Nuclide MDA Report                      6/25/2018   4:35:09 PM     Page 33


No MDA analysis results available for reporting purposes
Nuclide MDA Report                      6/25/2018   4:35:09 PM     Page 34


No MDA analysis results available for reporting purposes
Action Level Summary Report             6/25/2018   4:35:09 PM     Page 35


No Action Level results available for reporting purposes
Auto Gain Adjust                     6/25/2018   4:35:09 PM       Page 36


*************************************************************************
*****                 A U T O  G A I N   A D J U S T                *****
*************************************************************************

Report Generated On:                               6/25/2018   4:35:09 PM


Status:                                                                 
No AGA results for reporting.


This report is valid only if a Certificate was the source of the true values.


Status:                                                                 
No AGA results for reporting.

