*************************************************************************
*****        G A M M A   S P E C T R U M    A N A L Y S I S         *****
*************************************************************************


Filename: DSA1000A                                                     

Report Generated On             : 6/29/2018   6:29:11 PM

Sample Title                    : Sample title.                          
Sample Description              :                                 
Sample Identification           :                 
Sample Type                     :                 
Sample Geometry                 :                 

Peak Locate Threshold           :  2.50
Peak Locate Range (in channels) :     1 - 65535
Peak Area Range (in channels)   :   100 -  8172
Identification Energy Tolerance :    3.000 keV

Sample Size                     :  1.000E+000 Unit    

Sample Taken On                 :                       
Acquisition Started             : 6/29/2018   5:28:35 PM

Live Time                       :     3600.0 seconds
Real Time                       :     3605.8 seconds

Dead Time                       :   0.16 %


              Energy Calibration Used Done On       : 6/23/2018 
              Efficiency Calibration Used Done On   : 6/23/2018 
              Efficiency ID                         :                        

Peak Analysis Report             6/29/2018   6:29:12 PM            Page  2


**************************************************************************
*****           P E A K    A N A L Y S I S    R E P O R T            *****
**************************************************************************


     Detector Name:  DSA1000A                        
     Sample Title:   Sample title.                                     
     Peak Analysis Performed on:  6/29/2018   6:29:12 PM
               Peak Analysis From Channel:      1
               Peak Analysis To Channel:     8192

   Peak  ROI  ROI    Peak    Energy   FWHM  Net Peak  Net Area  Continuum 
    No. start end  centroid   (keV)   (keV)  Area     Uncert.    Counts 

    1    17-   34    23.46     6.15   1.27      1168.5   76.81   1.28E+003 
    2    35-   41    38.29    10.19   0.47        69.2   43.44   9.62E+002 
 M  3    43-   55    47.79    12.79   0.71       128.6   29.15   1.12E+003 
 m  4    43-   55    51.00    13.66   0.71       104.5   26.85   8.95E+002 
    5    58-   71    65.31    17.57   1.58       520.5   58.36   1.04E+003 
    6    81-   93    88.62    23.93   0.74        -1.5   41.52   6.53E+002 
    7   224-  237   231.66    62.95   0.33        61.7   35.58   4.33E+002 
    8   260-  271   267.57    72.75   0.27       -39.3   40.17   6.32E+002 
    9   271-  283   276.14    75.08   0.88       171.1   41.73   5.80E+002 
   10   285-  296   290.48    79.00   0.55         3.6   32.49   4.16E+002 
   11   306-  317   311.64    84.77   1.18       114.8   36.76   4.90E+002 
   12   511-  520   514.03   139.99   0.54         5.8   34.44   5.21E+002 
   13   525-  532   528.40   143.91   0.69        10.4   29.47   4.23E+002 
   14   553-  564   556.51   151.58   0.53        22.4   39.18   6.01E+002 
   15   700-  711   707.01   192.64   0.33        -6.9   37.71   5.69E+002 
   16   724-  737   733.69   199.92   0.32       -20.7   41.91   6.44E+002 
   17   755-  768   764.01   208.19   0.27       -38.5   40.05   5.96E+002 
   18   771-  778   774.27   210.99   0.27        -9.4   26.59   3.54E+002 
   19  1116- 1129  1121.36   305.68   0.49       -12.4   30.78   3.47E+002 
   20  1155- 1170  1165.88   317.83   0.44        -9.8   32.91   3.64E+002 
   21  1171- 1179  1175.49   320.45   0.42        19.5   21.42   2.05E+002 
   22  1215- 1223  1219.53   332.47   0.70        16.6   20.27   1.83E+002 
   23  1230- 1246  1233.61   336.31   0.54        37.4   34.48   3.67E+002 
   24  1280- 1295  1289.46   351.54   1.03       103.8   32.36   3.14E+002 
   25  1314- 1328  1319.26   359.67   0.56        50.7   25.27   2.04E+002 
   26  1433- 1442  1437.82   392.02   0.35        13.6   21.03   1.89E+002 
   27  1462- 1476  1471.52   401.21   0.39        -7.4   25.83   2.34E+002 
   28  1501- 1517  1509.46   411.57   1.36       451.2   35.41   2.57E+002 
   29  1720- 1734  1727.77   471.13   0.27       -18.8   24.42   2.14E+002 
   30  1864- 1883  1873.60   510.91   2.49       335.6   33.65   2.27E+002 
   31  1891- 1903  1895.50   516.89   0.27        -5.9   20.33   1.59E+002 
   32  2049- 2059  2054.56   560.28   1.04        20.3   16.53   1.06E+002 
   33  2091- 2105  2095.57   571.47   0.44        -5.4   19.96   1.40E+002 
   34  2126- 2146  2138.51   583.19   1.17        87.9   28.97   2.07E+002 
   35  2227- 2241  2236.20   609.84   1.32       133.7   25.10   1.72E+002 
   36  2282- 2293  2288.88   624.21   0.62        15.8   15.14   8.42E+001 
   37  2390- 2405  2397.58   653.87   0.48         2.8   18.71   1.15E+002 
   38  2417- 2436  2426.62   661.79   1.44       402.0   31.00   1.60E+002 
   39  2598- 2607  2602.63   709.81   0.27        19.7   11.90   5.23E+001 
   40  2609- 2626  2615.40   713.30   0.62        27.9   19.58   1.09E+002 
   41  2845- 2854  2849.72   777.22   0.27        -4.5   11.77   6.15E+001 
   42  2862- 2871  2866.65   781.84   0.27         7.5   11.85   5.65E+001 
Peak Analysis Report             6/29/2018   6:29:12 PM            Page  3


   Peak  ROI  ROI    Peak    Energy   FWHM  Net Peak  Net Area  Continuum 
    No. start end  centroid   (keV)   (keV)  Area     Uncert.    Counts 

   43  2873- 2892  2887.08   787.41   0.47         6.9   20.68   1.20E+002 
   44  2912- 2921  2916.56   795.46   0.45        12.5   11.46   5.25E+001 
   45  3183- 3192  3187.57   869.40   0.82         8.0   11.48   5.40E+001 
   46  3193- 3206  3201.43   873.18   0.32        -1.6   14.96   8.16E+001 
   47  3234- 3248  3243.52   884.66   0.46        -3.1   15.52   8.31E+001 
   48  3333- 3348  3341.68   911.44   0.71        72.8   18.19   8.52E+001 
   49  3358- 3369  3362.50   917.12   0.34        14.9   12.88   5.91E+001 
   50  3493- 3502  3497.88   954.06   0.33         5.7   11.56   5.53E+001 
   51  3549- 3562  3555.12   969.67   0.45        55.5   16.01   7.25E+001 
   52  4101- 4118  4113.33  1121.97   1.04       101.4   17.47   6.26E+001 
   53  4245- 4259  4254.37  1160.45   0.33        29.1   12.83   4.69E+001 
   54  4841- 4852  4846.33  1321.95   0.27        12.0    8.63   2.40E+001 
   55  5008- 5031  5021.21  1369.66   1.76       150.9   16.86   3.31E+001 
   56  5213- 5224  5218.31  1423.43   0.35        15.3    7.23   1.47E+001 
   57  5303- 5314  5308.08  1447.93   0.37         1.3    6.64   1.67E+001 
   58  5346- 5371  5358.89  1461.79   1.68      1397.3   40.05   4.87E+001 
   59  5943- 5954  5948.70  1622.70   0.83         5.9    5.62   9.13E+000 
   60  6464- 6483  6474.23  1766.08   2.26        94.1   11.35   9.93E+000 
   61  7714- 7725  7719.41  2105.80   0.35        17.2    6.18   7.77E+000 
   62  8084- 8095  8089.49  2206.77   1.19        17.3    7.22   1.37E+001 

M = First peak in a multiplet region
m = Other peak in a multiplet region
F = Fitted singlet

Errors quoted at  1.000 sigma
Nuclide Identification Report        6/29/2018   6:29:12 PM        Page  4


No nuclide identification results available for reporting purposes
*************************************************************************
*****        G A M M A   S P E C T R U M    A N A L Y S I S         *****
*************************************************************************


Filename: DSA1000A                                                     

Report Generated On             : 6/29/2018   6:29:12 PM

Sample Title                    : Sample title.                          
Sample Description              :                                 
Sample Identification           :                 
Sample Type                     :                 
Sample Geometry                 :                 

Peak Locate Threshold           :  2.50
Peak Locate Range (in channels) :     1 - 65535
Peak Area Range (in channels)   :     1 -  8192
Identification Energy Tolerance :    3.000 keV

Sample Size                     :  1.000E+000 Unit    

Sample Taken On                 :                       
Acquisition Started             : 6/29/2018   5:28:35 PM

Live Time                       :     3600.0 seconds
Real Time                       :     3605.8 seconds

Dead Time                       :   0.16 %


              Energy Calibration Used Done On       : 6/23/2018 
              Efficiency Calibration Used Done On   : 6/23/2018 
              Efficiency ID                         :                        

Energy Calibration Report            6/29/2018   6:29:12 PM       Page  5


**************************************************************************
*****       E N E R G Y   C A L I B R A T I O N   R E P O R T        *****
**************************************************************************

     Detector Name:  DSA1000A                        
     Sample Title:   Sample title.                                     

       *************  ENERGY CALIBRATION COEFFICIENTS  *************

               Energy Calibrate Performed on:  6/23/2018  12:56:08 PM
                       by:                       
               Energy Calibrate Type:          POLY    

   Energy(keV) =    -0.253 +     0.273*ch +  0.00E+000*ch^2 +  0.00E+000*ch^3

       *************  SHAPE CALIBRATION COEFFICIENTS   *************

               Shape Calibrate Performed on:  6/23/2018  12:56:08 PM
                       by:                        

               FWHM     =     0.795  +   0.026*E^1/2

               LOW TAIL =   0.0E+000 +  0.0E+000*E

****************     ENERGY CALIBRATION RESULTS TABLE     ****************

                    Centroid      Centroid         Energy
                    Channel       error            (keV )
                      220.59        0.07             60.01
                      317.99        0.02             86.54
                      386.80        0.01            105.31
                      451.84        0.03            122.06
                     2426.14        0.01            661.66
                     3062.96        0.38            834.83

       *********     SHAPE CALIBRATION RESULTS TABLE      *********

             Energy     FWHM       FWHM         TAIL        TAIL
             (keV )     channels   error        channels    error
               60.01      3.13      0.17           0.00      0.00
               86.54      3.87      0.04           0.00      0.00
              105.31      3.88      0.01           0.00      0.00
              122.06      3.92      0.07           0.00      0.00
              661.66      5.34      0.01           0.00      0.00
              834.83      1.36      0.55           0.00      0.00
Efficiency Calibration Report             6/29/2018   6:29:12 PM   Page  6


**************************************************************************
*****   E F F I C I E N C Y   C A L I B R A T I O N    R E P O R T   *****
**************************************************************************

     Detector Name:  DSA1000A                        
     Sample Title:   Sample title.                                     

     Geometry Description:                 
     Efficiency Calibration Performed on:  6/23/2018   4:29:36 PM
                       by:                         
     Geometry Type Used:   INTERPOL        

                            Efficiency Triplets
                            ===================

                   Energy         Efficiency        Error

                     60.00         2.39E-002      2.06E-003
                     86.50         7.50E-002      1.86E-004
                    105.30         9.27E-002      2.42E-004
                    176.30         9.35E-002      6.01E-004
                    427.90         4.77E-002      2.21E-004
                    600.60         3.51E-002      2.22E-004
                    834.80         2.64E-002      2.00E-004
                   1173.20         1.87E-002      5.20E-005
                   1332.50         1.69E-002      4.80E-005

                      DUAL Efficiency Calibration Equation
                      ====================================

         Single Equation Terms ->   Offset:     -143.191
                                     Slope:       91.147
                                 Quadratic:      -21.757
                                     Cubic:        2.279
                                 4th Order:       -0.089
                                 5th Order:        0.000
                                 6th Order:        0.000
                                 7th Order:        0.000
                                 8th Order:        0.000
                                 9th Order:        0.000
Efficiency Calibration Report             6/29/2018   6:29:12 PM   Page  7


                      EMPIRICAL Efficiency Calibration Equation
                      =========================================

      Empirical Equation Terms ->  Scaling:      696.250
                                    Offset:       -3.494
                                     Slope:        0.899
                                 Quadratic:        0.043
                                     Cubic:        0.059
                                 4th Order:       -0.089
                                 5th Order:        0.000

                      LINEAR Efficiency Calibration Equation
                      ======================================

         Linear Equation Terms ->   Offset:       -0.000
                                     Slope:       -1.569
                                 Quadratic:      189.136
                                     Cubic:   -17233.867
                                 4th Order:   376762.938
                                 5th Order:        0.000
                                 6th Order:        0.000
                                 7th Order:        0.000
                                 8th Order:        0.000
                                 9th Order:        0.000
Peak-to-Total Calibration Report          6/29/2018   6:29:12 PM   Page  8


**************************************************************************
**   P E A K - T O - T O T A L   C A L I B R A T I O N   R E P O R T   ***
**************************************************************************

     Detector Name:  DSA1000A                        
     Sample Title:   Sample title.                                     


                  Peak-to-Total Calibration Equation
                  =============================================

                                 No Peak-to-Total Equation

Peak Locate Analysis Report             6/29/2018   6:29:12 PM     Page  9

**************************************************************************
*****             P E A K    L O C A T E    R E P O R T              *****
**************************************************************************

     Detector Name:  DSA1000A                        
     Sample Title:   Sample title.                                     
               Peak Locate Performed on:  6/29/2018   6:29:11 PM
               Peak Locate From Channel:      1
               Peak Locate To Channel:    65535
               Peak Search Sensitivity:     2.50

     Peak   Centroid    Centroid     Energy       Peak
      No.    Channel   Uncertainty   (keV)    Significance

       1       23.46      <NA>          6.15      <NA> 
       2       38.29      <NA>         10.19      <NA> 
       3       46.96      <NA>         12.79      <NA> 
       4       52.00      <NA>         13.66      <NA> 
       5       65.31      <NA>         17.57      <NA> 
       6       88.62      <NA>         23.93      <NA> 
       7      231.66      <NA>         62.95      <NA> 
       8      267.57      <NA>         72.75      <NA> 
       9      276.14      <NA>         75.08      <NA> 
      10      290.48      <NA>         79.00      <NA> 
      11      311.64      <NA>         84.77      <NA> 
      12      514.03      <NA>        139.99      <NA> 
      13      528.40      <NA>        143.91      <NA> 
      14      556.51      <NA>        151.58      <NA> 
      15      707.01      <NA>        192.64      <NA> 
      16      733.69      <NA>        199.92      <NA> 
      17      764.01      <NA>        208.19      <NA> 
      18      774.27      <NA>        210.99      <NA> 
      19     1121.36      <NA>        305.68      <NA> 
      20     1165.88      <NA>        317.83      <NA> 
      21     1175.49      <NA>        320.45      <NA> 
      22     1219.53      <NA>        332.47      <NA> 
      23     1233.61      <NA>        336.31      <NA> 
      24     1289.46      <NA>        351.54      <NA> 
      25     1319.26      <NA>        359.67      <NA> 
      26     1437.82      <NA>        392.02      <NA> 
      27     1471.52      <NA>        401.21      <NA> 
      28     1509.46      <NA>        411.57      <NA> 
      29     1727.77      <NA>        471.13      <NA> 
      30     1873.60      <NA>        510.91      <NA> 
      31     1895.50      <NA>        516.89      <NA> 
      32     2054.56      <NA>        560.28      <NA> 
      33     2095.57      <NA>        571.47      <NA> 
      34     2138.51      <NA>        583.19      <NA> 
      35     2236.20      <NA>        609.84      <NA> 
      36     2288.88      <NA>        624.21      <NA> 
      37     2397.58      <NA>        653.87      <NA> 
      38     2426.62      <NA>        661.79      <NA> 
      39     2602.63      <NA>        709.81      <NA> 
      40     2615.40      <NA>        713.30      <NA> 
      41     2849.72      <NA>        777.22      <NA> 
Peak Locate Analysis Report             6/29/2018   6:29:12 PM     Page 10


     Peak   Centroid    Centroid     Energy       Peak
      No.    Channel   Uncertainty   (keV)    Significance

      42     2866.65      <NA>        781.84      <NA> 
      43     2887.08      <NA>        787.41      <NA> 
      44     2916.56      <NA>        795.46      <NA> 
      45     3187.57      <NA>        869.40      <NA> 
      46     3201.43      <NA>        873.18      <NA> 
      47     3243.52      <NA>        884.66      <NA> 
      48     3341.68      <NA>        911.44      <NA> 
      49     3362.50      <NA>        917.12      <NA> 
      50     3497.88      <NA>        954.06      <NA> 
      51     3555.12      <NA>        969.67      <NA> 
      52     4113.33      <NA>       1121.97      <NA> 
      53     4254.37      <NA>       1160.45      <NA> 
      54     4846.33      <NA>       1321.95      <NA> 
      55     5021.21      <NA>       1369.66      <NA> 
      56     5218.31      <NA>       1423.43      <NA> 
      57     5308.08      <NA>       1447.93      <NA> 
      58     5358.89      <NA>       1461.79      <NA> 
      59     5948.70      <NA>       1622.70      <NA> 
      60     6474.23      <NA>       1766.08      <NA> 
      61     7719.41      <NA>       2105.80      <NA> 
      62     8089.49      <NA>       2206.77      <NA> 

? = Adjacent peak noted

Errors quoted at  1.000 sigma
Peak Analysis Report             6/29/2018   6:29:12 PM            Page 11


**************************************************************************
*****           P E A K    A N A L Y S I S    R E P O R T            *****
**************************************************************************


     Detector Name:  DSA1000A                        
     Sample Title:   Sample title.                                     
     Peak Analysis Performed on:  6/29/2018   6:29:12 PM
               Peak Analysis From Channel:      1
               Peak Analysis To Channel:     8192

   Peak  ROI  ROI    Peak    Energy   FWHM  Net Peak  Net Area  Continuum 
    No. start end  centroid   (keV)   (keV)  Area     Uncert.    Counts 

    1    17-   34    23.46     6.15   1.27      1168.5   76.81   1.28E+003 
    2    35-   41    38.29    10.19   0.47        69.2   43.44   9.62E+002 
 M  3    43-   55    47.79    12.79   0.71       128.6   29.15   1.12E+003 
 m  4    43-   55    51.00    13.66   0.71       104.5   26.85   8.95E+002 
    5    58-   71    65.31    17.57   1.58       520.5   58.36   1.04E+003 
    6    81-   93    88.62    23.93   0.74        -1.5   41.52   6.53E+002 
    7   224-  237   231.66    62.95   0.33        61.7   35.58   4.33E+002 
    8   260-  271   267.57    72.75   0.27       -39.3   40.17   6.32E+002 
    9   271-  283   276.14    75.08   0.88       171.1   41.73   5.80E+002 
   10   285-  296   290.48    79.00   0.55         3.6   32.49   4.16E+002 
   11   306-  317   311.64    84.77   1.18       114.8   36.76   4.90E+002 
   12   511-  520   514.03   139.99   0.54         5.8   34.44   5.21E+002 
   13   525-  532   528.40   143.91   0.69        10.4   29.47   4.23E+002 
   14   553-  564   556.51   151.58   0.53        22.4   39.18   6.01E+002 
   15   700-  711   707.01   192.64   0.33        -6.9   37.71   5.69E+002 
   16   724-  737   733.69   199.92   0.32       -20.7   41.91   6.44E+002 
   17   755-  768   764.01   208.19   0.27       -38.5   40.05   5.96E+002 
   18   771-  778   774.27   210.99   0.27        -9.4   26.59   3.54E+002 
   19  1116- 1129  1121.36   305.68   0.49       -12.4   30.78   3.47E+002 
   20  1155- 1170  1165.88   317.83   0.44        -9.8   32.91   3.64E+002 
   21  1171- 1179  1175.49   320.45   0.42        19.5   21.42   2.05E+002 
   22  1215- 1223  1219.53   332.47   0.70        16.6   20.27   1.83E+002 
   23  1230- 1246  1233.61   336.31   0.54        37.4   34.48   3.67E+002 
   24  1280- 1295  1289.46   351.54   1.03       103.8   32.36   3.14E+002 
   25  1314- 1328  1319.26   359.67   0.56        50.7   25.27   2.04E+002 
   26  1433- 1442  1437.82   392.02   0.35        13.6   21.03   1.89E+002 
   27  1462- 1476  1471.52   401.21   0.39        -7.4   25.83   2.34E+002 
   28  1501- 1517  1509.46   411.57   1.36       451.2   35.41   2.57E+002 
   29  1720- 1734  1727.77   471.13   0.27       -18.8   24.42   2.14E+002 
   30  1864- 1883  1873.60   510.91   2.49       335.6   33.65   2.27E+002 
   31  1891- 1903  1895.50   516.89   0.27        -5.9   20.33   1.59E+002 
   32  2049- 2059  2054.56   560.28   1.04        20.3   16.53   1.06E+002 
   33  2091- 2105  2095.57   571.47   0.44        -5.4   19.96   1.40E+002 
   34  2126- 2146  2138.51   583.19   1.17        87.9   28.97   2.07E+002 
   35  2227- 2241  2236.20   609.84   1.32       133.7   25.10   1.72E+002 
   36  2282- 2293  2288.88   624.21   0.62        15.8   15.14   8.42E+001 
   37  2390- 2405  2397.58   653.87   0.48         2.8   18.71   1.15E+002 
   38  2417- 2436  2426.62   661.79   1.44       402.0   31.00   1.60E+002 
   39  2598- 2607  2602.63   709.81   0.27        19.7   11.90   5.23E+001 
   40  2609- 2626  2615.40   713.30   0.62        27.9   19.58   1.09E+002 
   41  2845- 2854  2849.72   777.22   0.27        -4.5   11.77   6.15E+001 
   42  2862- 2871  2866.65   781.84   0.27         7.5   11.85   5.65E+001 
Peak Analysis Report             6/29/2018   6:29:12 PM            Page 12


   Peak  ROI  ROI    Peak    Energy   FWHM  Net Peak  Net Area  Continuum 
    No. start end  centroid   (keV)   (keV)  Area     Uncert.    Counts 

   43  2873- 2892  2887.08   787.41   0.47         6.9   20.68   1.20E+002 
   44  2912- 2921  2916.56   795.46   0.45        12.5   11.46   5.25E+001 
   45  3183- 3192  3187.57   869.40   0.82         8.0   11.48   5.40E+001 
   46  3193- 3206  3201.43   873.18   0.32        -1.6   14.96   8.16E+001 
   47  3234- 3248  3243.52   884.66   0.46        -3.1   15.52   8.31E+001 
   48  3333- 3348  3341.68   911.44   0.71        72.8   18.19   8.52E+001 
   49  3358- 3369  3362.50   917.12   0.34        14.9   12.88   5.91E+001 
   50  3493- 3502  3497.88   954.06   0.33         5.7   11.56   5.53E+001 
   51  3549- 3562  3555.12   969.67   0.45        55.5   16.01   7.25E+001 
   52  4101- 4118  4113.33  1121.97   1.04       101.4   17.47   6.26E+001 
   53  4245- 4259  4254.37  1160.45   0.33        29.1   12.83   4.69E+001 
   54  4841- 4852  4846.33  1321.95   0.27        12.0    8.63   2.40E+001 
   55  5008- 5031  5021.21  1369.66   1.76       150.9   16.86   3.31E+001 
   56  5213- 5224  5218.31  1423.43   0.35        15.3    7.23   1.47E+001 
   57  5303- 5314  5308.08  1447.93   0.37         1.3    6.64   1.67E+001 
   58  5346- 5371  5358.89  1461.79   1.68      1397.3   40.05   4.87E+001 
   59  5943- 5954  5948.70  1622.70   0.83         5.9    5.62   9.13E+000 
   60  6464- 6483  6474.23  1766.08   2.26        94.1   11.35   9.93E+000 
   61  7714- 7725  7719.41  2105.80   0.35        17.2    6.18   7.77E+000 
   62  8084- 8095  8089.49  2206.77   1.19        17.3    7.22   1.37E+001 

M = First peak in a multiplet region
m = Other peak in a multiplet region
F = Fitted singlet

Errors quoted at  1.000 sigma
Peak Analysis Report                    6/29/2018   6:29:12 PM          Page 13


*******************************************************************************
*****  S T A N D A R D   V M S   P E A K   A N A L Y S I S   R E P O R T  *****
*******************************************************************************

        Configuration Title:                                         
        Spectrum Title:              Sample title.            
        Peak Analysis Performed on:  6/29/18   6:29:12 PM
        Peak Analysis From Channel:      1    To Channel:     8192
        Peak Search Sensitivity:      2.50    Gaussian Sensitivity:  1.00
        Max Iterations: 15  Fit Singlets: No  Critical Level Test: No 
        Use Fixed FWHM: No  FWHM Reject:  No  FWHM Reject Ratio:  0.00 
        Peak Fit Engine Name: PANOLIN1        Continuum Type: STEP   

   Pk IT  Energy      Area   Bkgnd  FWHM Channel  Left  PW  Cts/Sec  %err   Fit

    1  0     6.15     1168    1282  1.27   23.46    17  18 3.2E-001   6.6   0.0
    2  0    10.19       69     962  0.47   38.29    35   7 1.9E-002  62.8   0.0
 M  3 11    12.79      129    1123  0.71   47.79    43  13 3.6E-002  22.7   0.7
 m  4 11    13.66      104     895  0.71   51.00    43  13 2.9E-002  25.7   0.7
    5  0    17.57      521    1041  1.58   65.31    58  14 1.4E-001  11.2   0.0
    6  0    23.93       -1     653  0.74   88.62    81  13-4.2E-004 -2777   0.0
    7  0    62.95       62     433  0.33  231.66   224  14 1.7E-002  57.6   0.0
    8  0    72.75      -39     632  0.27  267.57   260  12-1.1E-002 -102.   0.0
    9  0    75.08      171     580  0.88  276.14   271  13 4.8E-002  24.4   0.0
   10  0    79.00        4     416  0.55  290.48   285  12 9.9E-004 913.5   0.0
   11  0    84.77      115     490  1.18  311.64   306  12 3.2E-002  32.0   0.0
   12  0   139.99        6     521  0.54  514.03   511  10 1.6E-003 598.0   0.0
   13  0   143.91       10     423  0.69  528.40   525   8 2.9E-003 284.5   0.0
   14  0   151.58       22     601  0.53  556.51   553  12 6.2E-003 175.1   0.0
   15  0   192.64       -7     569  0.33  707.01   700  12-1.9E-003 -550.   0.0
   16  0   199.92      -21     644  0.32  733.69   724  14-5.8E-003 -202.   0.0
   17  0   208.19      -38     596  0.27  764.01   755  14-1.1E-002 -104.   0.0
   18  0   210.99       -9     354  0.27  774.27   771   8-2.6E-003 -283.   0.0
   19  0   305.68      -12     347  0.49 1121.36  1116  14-3.4E-003 -247.   0.0
   20  0   317.83      -10     364  0.44 1165.88  1155  16-2.7E-003 -335.   0.0
   21  0   320.45       20     205  0.42 1175.49  1171   9 5.4E-003 109.7   0.0
   22  0   332.47       17     183  0.70 1219.53  1215   9 4.6E-003 122.2   0.0
   23  0   336.31       37     367  0.54 1233.61  1230  17 1.0E-002  92.3   0.0
   24  0   351.54      104     314  1.03 1289.46  1280  16 2.9E-002  31.2   0.0
   25  0   359.67       51     204  0.56 1319.26  1314  15 1.4E-002  49.8   0.0
   26  0   392.02       14     189  0.35 1437.82  1433  10 3.8E-003 154.7   0.0
   27  0   401.21       -7     234  0.39 1471.52  1462  15-2.1E-003 -347.   0.0
   28  0   411.57      451     257  1.36 1509.46  1501  17 1.3E-001   7.8   0.0
   29  0   471.13      -19     214  0.27 1727.77  1720  15-5.2E-003 -129.   0.0
   30  0   510.91      336     227  2.49 1873.60  1864  20 9.3E-002  10.0   0.0
   31  0   516.89       -6     159  0.27 1895.50  1891  13-1.6E-003 -343.   0.0
   32  0   560.28       20     106  1.04 2054.56  2049  11 5.6E-003  81.5   0.0
   33  0   571.47       -5     140  0.44 2095.57  2091  15-1.5E-003 -369.   0.0
   34  0   583.19       88     207  1.17 2138.51  2126  21 2.4E-002  33.0   0.0
   35  0   609.84      134     172  1.32 2236.20  2227  15 3.7E-002  18.8   0.0
   36  0   624.21       16      84  0.62 2288.88  2282  12 4.4E-003  95.5   0.0
   37  0   653.87        3     115  0.48 2397.58  2390  16 7.7E-004 673.1   0.0
   38  0   661.79      402     160  1.44 2426.62  2417  20 1.1E-001   7.7   0.0
Peak Analysis Report                    6/29/2018   6:29:12 PM          Page 14


   Pk IT  Energy      Area   Bkgnd  FWHM Channel  Left  PW  Cts/Sec  %err   Fit

   39  0   709.81       20      52  0.27 2602.63  2598  10 5.5E-003  60.4   0.0
   40  0   713.30       28     109  0.62 2615.40  2609  18 7.8E-003  70.2   0.0
   41  0   777.22       -5      62  0.27 2849.72  2845  10-1.3E-003 -259.   0.0
   42  0   781.84        8      57  0.27 2866.65  2862  10 2.1E-003 158.0   0.0
   43  0   787.41        7     120  0.47 2887.08  2873  20 1.9E-003 299.0   0.0
   44  0   795.46       13      53  0.45 2916.56  2912  10 3.5E-003  91.6   0.0
   45  0   869.40        8      54  0.82 3187.57  3183  10 2.2E-003 142.9   0.0
   46  0   873.18       -2      82  0.32 3201.43  3193  14-4.6E-004 -911.   0.0
   47  0   884.66       -3      83  0.46 3243.52  3234  15-8.6E-004 -502.   0.0
   48  0   911.44       73      85  0.71 3341.68  3333  16 2.0E-002  25.0   0.0
   49  0   917.12       15      59  0.34 3362.50  3358  12 4.1E-003  86.7   0.0
   50  0   954.06        6      55  0.33 3497.88  3493  10 1.6E-003 204.2   0.0
   51  0   969.67       56      72  0.45 3555.12  3549  14 1.5E-002  28.8   0.0
   52  0  1121.97      101      63  1.04 4113.33  4101  18 2.8E-002  17.2   0.0
   53  0  1160.45       29      47  0.33 4254.37  4245  15 8.1E-003  44.1   0.0
   54  0  1321.95       12      24  0.27 4846.33  4841  12 3.3E-003  71.9   0.0
   55  0  1369.66      151      33  1.76 5021.21  5008  24 4.2E-002  11.2   0.0
   56  0  1423.43       15      15  0.35 5218.31  5213  12 4.3E-003  47.2   0.0
   57  0  1447.93        1      17  0.37 5308.08  5303  12 3.5E-004 520.0   0.0
   58  0  1461.79     1397      49  1.68 5358.89  5346  26 3.9E-001   2.9   0.0
   59  0  1622.70        6       9  0.83 5948.70  5943  12 1.6E-003  95.8   0.0
   60  0  1766.08       94      10  2.26 6474.23  6464  20 2.6E-002  12.1   0.0
   61  0  2105.80       17       8  0.35 7719.41  7714  12 4.8E-003  35.8   0.0
   62  0  2206.77       17      14  1.19 8089.49  8084  12 4.8E-003  41.7   0.0

M = First peak in a multiplet region
m = Other peak in a multiplet region
F = Fitted singlet

Errors quoted at  1.000 sigma
Peak Analysis Report             6/29/2018   6:29:13 PM            Page 15


**************************************************************************
*****           P E A K    A N A L Y S I S    R E P O R T            *****
**************************************************************************


     Detector Name:  DSA1000A                        
     Sample Title:   Sample title.                                     
     Peak Analysis Performed on:  6/29/2018   6:29:12 PM
               Peak Analysis From Channel:      1
               Peak Analysis To Channel:     8192

   Peak  ROI  ROI   Energy   Net Peak Net Area  Continuum  Critical 
    No. start end    (keV)     Area    Uncert.    Counts     Level

    1    17-   34     6.15      1168.5   76.81   1.28E+003  1.13E+002 
    2    35-   41    10.19        69.2   43.44   9.62E+002  7.01E+001 
 M  3    43-   55    12.79       128.6   29.15   1.12E+003  7.80E+001 
 m  4    43-   55    13.66       104.5   26.85   8.95E+002  6.96E+001 
    5    58-   71    17.57       520.5   58.36   1.04E+003  8.84E+001 
    6    81-   93    23.93        -1.5   41.52   6.53E+002  6.83E+001 
    7   224-  237    62.95        61.7   35.58   4.33E+002  5.71E+001 
    8   260-  271    72.75       -39.3   40.17   6.32E+002  6.69E+001 
    9   271-  283    75.08       171.1   41.73   5.80E+002  6.52E+001 
   10   285-  296    79.00         3.6   32.49   4.16E+002  5.34E+001 
   11   306-  317    84.77       114.8   36.76   4.90E+002  5.79E+001 
   12   511-  520   139.99         5.8   34.44   5.21E+002  5.65E+001 
   13   525-  532   143.91        10.4   29.47   4.23E+002  4.82E+001 
   14   553-  564   151.58        22.4   39.18   6.01E+002  6.40E+001 
   15   700-  711   192.64        -6.9   37.71   5.69E+002  6.22E+001 
   16   724-  737   199.92       -20.7   41.91   6.44E+002  6.93E+001 
   17   755-  768   208.19       -38.5   40.05   5.96E+002  6.67E+001 
   18   771-  778   210.99        -9.4   26.59   3.54E+002  4.40E+001 
   19  1116- 1129   305.68       -12.4   30.78   3.47E+002  5.10E+001 
   20  1155- 1170   317.83        -9.8   32.91   3.64E+002  5.44E+001 
   21  1171- 1179   320.45        19.5   21.42   2.05E+002  3.45E+001 
   22  1215- 1223   332.47        16.6   20.27   1.83E+002  3.27E+001 
   23  1230- 1246   336.31        37.4   34.48   3.67E+002  5.58E+001 
   24  1280- 1295   351.54       103.8   32.36   3.14E+002  5.05E+001 
   25  1314- 1328   359.67        50.7   25.27   2.04E+002  3.99E+001 
   26  1433- 1442   392.02        13.6   21.03   1.89E+002  3.41E+001 
   27  1462- 1476   401.21        -7.4   25.83   2.34E+002  4.27E+001 
   28  1501- 1517   411.57       451.2   35.41   2.57E+002  4.66E+001 
   29  1720- 1734   471.13       -18.8   24.42   2.14E+002  4.08E+001 
   30  1864- 1883   510.91       335.6   33.65   2.27E+002  4.64E+001 
   31  1891- 1903   516.89        -5.9   20.33   1.59E+002  3.37E+001 
   32  2049- 2059   560.28        20.3   16.53   1.06E+002  2.62E+001 
   33  2091- 2105   571.47        -5.4   19.96   1.40E+002  3.31E+001 
   34  2126- 2146   583.19        87.9   28.97   2.07E+002  4.51E+001 
   35  2227- 2241   609.84       133.7   25.10   1.72E+002  3.66E+001 
   36  2282- 2293   624.21        15.8   15.14   8.42E+001  2.40E+001 
   37  2390- 2405   653.87         2.8   18.71   1.15E+002  3.07E+001 
   38  2417- 2436   661.79       402.0   31.00   1.60E+002  3.89E+001 
   39  2598- 2607   709.81        19.7   11.90   5.23E+001  1.82E+001 
   40  2609- 2626   713.30        27.9   19.58   1.09E+002  3.10E+001 
   41  2845- 2854   777.22        -4.5   11.77   6.15E+001  1.97E+001 
   42  2862- 2871   781.84         7.5   11.85   5.65E+001  1.90E+001 
Peak Analysis Report             6/29/2018   6:29:13 PM            Page 16


   Peak  ROI  ROI   Energy   Net Peak Net Area  Continuum  Critical 
    No. start end    (keV)     Area    Uncert.    Counts     Level

   43  2873- 2892   787.41         6.9   20.68   1.20E+002  3.37E+001 
   44  2912- 2921   795.46        12.5   11.46   5.25E+001  1.79E+001 
   45  3183- 3192   869.40         8.0   11.48   5.40E+001  1.83E+001 
   46  3193- 3206   873.18        -1.6   14.96   8.16E+001  2.47E+001 
   47  3234- 3248   884.66        -3.1   15.52   8.31E+001  2.57E+001 
   48  3333- 3348   911.44        72.8   18.19   8.52E+001  2.64E+001 
   49  3358- 3369   917.12        14.9   12.88   5.91E+001  2.02E+001 
   50  3493- 3502   954.06         5.7   11.56   5.53E+001  1.86E+001 
   51  3549- 3562   969.67        55.5   16.01   7.25E+001  2.33E+001 
   52  4101- 4118  1121.97       101.4   17.47   6.26E+001  2.35E+001 
   53  4245- 4259  1160.45        29.1   12.83   4.69E+001  1.91E+001 
   54  4841- 4852  1321.95        12.0    8.63   2.40E+001  1.30E+001 
   55  5008- 5031  1369.66       150.9   16.86   3.31E+001  1.90E+001 
   56  5213- 5224  1423.43        15.3    7.23   1.47E+001  9.99E+000 
   57  5303- 5314  1447.93         1.3    6.64   1.67E+001  1.08E+001 
   58  5346- 5371  1461.79      1397.3   40.05   4.87E+001  2.37E+001 
   59  5943- 5954  1622.70         5.9    5.62   9.13E+000  8.34E+000 
   60  6464- 6483  1766.08        94.1   11.35   9.93E+000  9.71E+000 
   61  7714- 7725  2105.80        17.2    6.18   7.77E+000  7.52E+000 
   62  8084- 8095  2206.77        17.3    7.22   1.37E+001  9.71E+000 

M = First peak in a multiplet region
m = Other peak in a multiplet region
F = Fitted singlet

Errors quoted at  1.000 sigma
Peak with NID Report             6/29/2018   6:29:13 PM            Page 17


**************************************************************************
*****           P E A K    W I T H   N I D    R E P O R T            *****
**************************************************************************


     Detector Name:  DSA1000A                        
     Sample Title:   Sample title.                                     
     Peak Analysis Performed on:  6/29/2018   6:29:12 PM
               Peak Analysis From Channel:      1
               Peak Analysis To Channel:     8192
     Tentative NID Library:   C:\GENIE2K\CAMFILES\NAA LIB LONG.NLB     
     Peak Match Tolerance :    3.000 keV

   Peak  ROI  ROI    Peak    Energy   Net Peak Net Area  Continuum  Tentative
    No. Start End  Centroid   (keV)     Area    Uncert.    Counts    Nuclide 

    1    17-   34    23.46     6.15  1.17E+003   76.81   1.28E+003   .....    
    2    35-   41    38.29    10.19  6.92E+001   43.44   9.62E+002   .....    
 M  3    43-   55    47.79    12.79  1.29E+002   29.15   1.12E+003   .....    
 m  4    43-   55    51.00    13.66  1.04E+002   26.85   8.95E+002   .....    
    5    58-   71    65.31    17.57  5.21E+002   58.36   1.04E+003   .....    
    6    81-   93    88.62    23.93 -1.49E+000   41.52   6.53E+002   .....    
    7   224-  237   231.66    62.95  6.17E+001   35.58   4.33E+002   W-187    
    8   260-  271   267.57    72.75 -3.93E+001   40.17   6.32E+002   W-187    
    9   271-  283   276.14    75.08  1.71E+002   41.73   5.80E+002   .....    
   10   285-  296   290.48    79.00  3.56E+000   32.49   4.16E+002   AG-108m  
   11   306-  317   311.64    84.77  1.15E+002   36.76   4.90E+002   .....    
   12   511-  520   514.03   139.99  5.76E+000   34.44   5.21E+002   RE-186   
   13   525-  532   528.40   143.91  1.04E+001   29.47   4.23E+002   CE-141   
   14   553-  564   556.51   151.58  2.24E+001   39.18   6.01E+002   TA-182   
                                                                     PA-232   
                                                                     LU-177x  
                                                                     TE-131x  
   15   700-  711   707.01   192.64 -6.85E+000   37.71   5.69E+002   IN-114m  
   16   724-  737   733.69   199.92 -2.07E+001   41.91   6.44E+002   TE-131x  
                                                                     YB-169   
                                                                     TB-160   
                                                                     XE-127   
   17   755-  768   764.01   208.19 -3.85E+001   40.05   5.96E+002   LU-177x  
                                                                     LU-177   
                                                                     GE-77    
   18   771-  778   774.27   210.99 -9.39E+000   26.59   3.54E+002   GE-77    
                                                                     TE-121x  
                                                                     LU-177x  
                                                                     LU-177   
   19  1116- 1129  1121.36   305.68 -1.24E+001   30.78   3.47E+002   RH-105   
                                                                     BI-210x  
                                                                     BI-210   
                                                                     YB-169   
                                                                     IR-192   
                                                                     BA-133   
   20  1155- 1170  1165.88   317.83 -9.82E+000   32.91   3.64E+002   RH-105   
                                                                     LU-177x  
                                                                     IR-192   
                                                                     CR-51    
   21  1171- 1179  1175.49   320.45  1.95E+001   21.42   2.05E+002   CR-51    
                                                                     LU-177x  
Peak with NID Report             6/29/2018   6:29:13 PM            Page 18

                                                                     RH-105   
   22  1215- 1223  1219.53   332.47  1.66E+001   20.27   1.83E+002   TE-131x  
   23  1230- 1246  1233.61   336.31  3.74E+001   34.48   3.67E+002   CD-115   
                                                                     TE-131x  
   24  1280- 1295  1289.46   351.54  1.04E+002   32.36   3.14E+002   .....    
   25  1314- 1328  1319.26   359.67  5.07E+001   25.27   2.04E+002   .....    
   26  1433- 1442  1437.82   392.02  1.36E+001   21.03   1.89E+002   .....    
   27  1462- 1476  1471.52   401.21 -7.43E+000   25.83   2.34E+002   SE-75    
   28  1501- 1517  1509.46   411.57  4.51E+002   35.41   2.57E+002   AU-198   
                                                                     HO-166   
                                                                     LU-177x  
   29  1720- 1734  1727.77   471.13 -1.88E+001   24.42   2.14E+002   .....    
   30  1864- 1883  1873.60   510.91  3.36E+002   33.65   2.27E+002   AS-71    
                                                                     ZN-65    
   31  1891- 1903  1895.50   516.89 -5.92E+000   20.33   1.59E+002   PA-232   
                                                                     SR-85x   
   32  2049- 2059  2054.56   560.28  2.03E+001   16.53   1.06E+002   AS-76    
                                                                     IN-114m  
                                                                     GE-77    
                                                                     CS-134   
   33  2091- 2105  2095.57   571.47 -5.41E+000   19.96   1.40E+002   HO-166   
                                                                     TE-121   
                                                                     CS-134   
   34  2126- 2146  2138.51   583.19  8.79E+001   28.97   2.07E+002   PA-232   
   35  2227- 2241  2236.20   609.84  1.34E+002   25.10   1.72E+002   RU-103   
                                                                     IR-192   
   36  2282- 2293  2288.88   624.21  1.58E+001   15.14   8.42E+001   .....    
   37  2390- 2405  2397.58   653.87  2.78E+000   18.71   1.15E+002   .....    
   38  2417- 2436  2426.62   661.79  4.02E+002   31.00   1.60E+002   CE-143   
Peak with NID Report             6/29/2018   6:29:13 PM            Page 19


   Peak  ROI  ROI    Peak    Energy   Net Peak Net Area  Continuum  Tentative
    No. start end  centroid   (keV)     Area    Uncert.    Counts    Nuclide 

   39  2598- 2607  2602.63   709.81  1.97E+001   11.90   5.23E+001   HO-166   
   40  2609- 2626  2615.40   713.30  2.79E+001   19.58   1.09E+002   GE-77    
                                                                     HO-166   
   41  2845- 2854  2849.72   777.22 -4.53E+000   11.77   6.15E+001   BR-82x   
                                                                     EU-152x  
   42  2862- 2871  2866.65   781.84  7.50E+000   11.85   5.65E+001   EU-152x  
   43  2873- 2892  2887.08   787.41  6.92E+000   20.68   1.20E+002   .....    
   44  2912- 2921  2916.56   795.46  1.25E+001   11.46   5.25E+001   CS-134   
                                                                     TE-131x  
   45  3183- 3192  3187.57   869.40  8.03E+000   11.48   5.40E+001   LA-140   
                                                                     NB-94x   
                                                                     PA-232   
   46  3193- 3206  3201.43   873.18 -1.64E+000   14.96   8.16E+001   EU-154   
                                                                     OS-185   
                                                                     NB-94x   
   47  3234- 3248  3243.52   884.66 -3.09E+000   15.52   8.31E+001   AG-110m  
   48  3333- 3348  3341.68   911.44  7.28E+001   18.19   8.52E+001   .....    
   49  3358- 3369  3362.50   917.12  1.49E+001   12.88   5.91E+001   .....    
   50  3493- 3502  3497.88   954.06  5.66E+000   11.56   5.53E+001   .....    
   51  3549- 3562  3555.12   969.67  5.55E+001   16.01   7.25E+001   PA-232   
   52  4101- 4118  4113.33  1121.97  1.01E+002   17.47   6.26E+001   TA-182   
                                                                     SC-46    
   53  4245- 4259  4254.37  1160.45  2.91E+001   12.83   4.69E+001   .....    
   54  4841- 4852  4846.33  1321.95  1.20E+001    8.63   2.40E+001   .....    
   55  5008- 5031  5021.21  1369.66  1.51E+002   16.86   3.31E+001   .....    
   56  5213- 5224  5218.31  1423.43  1.53E+001    7.23   1.47E+001   .....    
   57  5303- 5314  5308.08  1447.93  1.28E+000    6.64   1.67E+001   .....    
   58  5346- 5371  5358.89  1461.79  1.40E+003   40.05   4.87E+001   .....    
   59  5943- 5954  5948.70  1622.70  5.87E+000    5.62   9.13E+000   .....    
   60  6464- 6483  6474.23  1766.08  9.41E+001   11.35   9.93E+000   .....    
   61  7714- 7725  7719.41  2105.80  1.72E+001    6.18   7.77E+000   .....    
   62  8084- 8095  8089.49  2206.77  1.73E+001    7.22   1.37E+001   .....    

M = First peak in a multiplet region
m = Other peak in a multiplet region
F = Fitted singlet

Errors quoted at  1.000 sigma
Peak Efficiency Report             6/29/2018   6:29:13 PM          Page 20


**************************************************************************
*****         P E A K    E F F I C I E N C Y    R E P O R T          *****
**************************************************************************

     Detector Name:  DSA1000A                        
     Sample Title:   Sample title.                                     
     Peak Analysis Performed on:  6/29/2018   6:29:12 PM


 Peak  Energy   Net Peak  Net Area       Peak     Efficiency
 No.   (keV)      Area   Uncertainty  Efficiency  Uncertainty

    1     6.15  1.17E+003    76.81     2.39E-002    2.06E-003
    2    10.19  6.92E+001    43.44     2.39E-002    2.06E-003
 M  3    12.79  1.29E+002    29.15     2.39E-002    2.06E-003
 m  4    13.66  1.04E+002    26.85     2.39E-002    2.06E-003
    5    17.57  5.21E+002    58.36     2.39E-002    2.06E-003
    6    23.93 -1.49E+000    41.52     2.39E-002    2.06E-003
    7    62.95  6.17E+001    35.58     2.78E-002    1.50E-003
    8    72.75 -3.93E+001    40.17     4.36E-002    5.81E-004
    9    75.08  1.71E+002    41.73     4.82E-002    4.72E-004
   10    79.00  3.56E+000    32.49     5.65E-002    3.38E-004
   11    84.77  1.15E+002    36.76     7.04E-002    2.13E-004
   12   139.99  5.76E+000    34.44     9.32E-002    4.00E-004
   13   143.91  1.04E+001    29.47     9.32E-002    4.20E-004
   14   151.58  2.24E+001    39.18     9.33E-002    4.60E-004
   15   192.64 -6.85E+000    37.71     8.74E-002    5.44E-004
   16   199.92 -2.07E+001    41.91     8.50E-002    5.21E-004
   17   208.19 -3.85E+001    40.05     8.24E-002    4.98E-004
   18   210.99 -9.39E+000    26.59     8.16E-002    4.91E-004
   19   305.68 -1.24E+001    30.78     6.16E-002    3.23E-004
   20   317.83 -9.82E+000    32.91     5.98E-002    3.09E-004
   21   320.45  1.95E+001    21.42     5.94E-002    3.06E-004
   22   332.47  1.66E+001    20.27     5.78E-002    2.93E-004
   23   336.31  3.74E+001    34.48     5.73E-002    2.90E-004
   24   351.54  1.04E+002    32.36     5.54E-002    2.76E-004
   25   359.67  5.07E+001    25.27     5.44E-002    2.69E-004
   26   392.02  1.36E+001    21.03     5.10E-002    2.44E-004
   27   401.21 -7.43E+000    25.83     5.01E-002    2.37E-004
   28   411.57  4.51E+002    35.41     4.91E-002    2.31E-004
   29   471.13 -1.88E+001    24.42     4.37E-002    2.21E-004
   30   510.91  3.36E+002    33.65     4.06E-002    2.22E-004
   31   516.89 -5.92E+000    20.33     4.02E-002    2.22E-004
   32   560.28  2.03E+001    16.53     3.74E-002    2.22E-004
   33   571.47 -5.41E+000    19.96     3.67E-002    2.22E-004
   34   583.19  8.79E+001    28.97     3.61E-002    2.22E-004
   35   609.84  1.34E+002    25.10     3.47E-002    2.21E-004
   36   624.21  1.58E+001    15.14     3.40E-002    2.20E-004
   37   653.87  2.78E+000    18.71     3.26E-002    2.16E-004
   38   661.79  4.02E+002    31.00     3.23E-002    2.15E-004
   39   709.81  1.97E+001    11.90     3.04E-002    2.11E-004
   40   713.30  2.79E+001    19.58     3.02E-002    2.10E-004
   41   777.22 -4.53E+000    11.77     2.81E-002    2.04E-004
   42   781.84  7.50E+000    11.85     2.79E-002    2.04E-004
Peak Efficiency Report             6/29/2018   6:29:13 PM          Page 21


 Peak  Energy   Net Peak  Net Area       Peak     Efficiency
 No.   (keV)      Area   Uncertainty  Efficiency  Uncertainty

   43   787.41  6.92E+000    20.68     2.77E-002    2.03E-004
   44   795.46  1.25E+001    11.46     2.75E-002    2.03E-004
   45   869.40  8.03E+000    11.48     2.53E-002    1.70E-004
   46   873.18 -1.64E+000    14.96     2.52E-002    1.67E-004
   47   884.66 -3.09E+000    15.52     2.49E-002    1.59E-004
   48   911.44  7.28E+001    18.19     2.41E-002    1.41E-004
   49   917.12  1.49E+001    12.88     2.40E-002    1.38E-004
   50   954.06  5.66E+000    11.56     2.30E-002    1.18E-004
   51   969.67  5.55E+001    16.01     2.27E-002    1.10E-004
   52  1121.97  1.01E+002    17.47     1.96E-002    6.21E-005
   53  1160.45  2.91E+001    12.83     1.89E-002    5.43E-005
   54  1321.95  1.20E+001     8.63     1.70E-002    4.83E-005
   55  1369.66  1.51E+002    16.86     1.69E-002    4.80E-005
   56  1423.43  1.53E+001     7.23     1.69E-002    4.80E-005
   57  1447.93  1.28E+000     6.64     1.69E-002    4.80E-005
   58  1461.79  1.40E+003    40.05     1.69E-002    4.80E-005
   59  1622.70  5.87E+000     5.62     1.69E-002    4.80E-005
   60  1766.08  9.41E+001    11.35     1.69E-002    4.80E-005
   61  2105.80  1.72E+001     6.18     1.69E-002    4.80E-005
   62  2206.77  1.73E+001     7.22     1.69E-002    4.80E-005


M = First peak in a multiplet region
m = Other peak in a multiplet region
F = Fitted singlet

Errors quoted at  1.000 sigma
Background Subtract Report             6/29/2018   6:29:13 PM      Page 22

No background subtract performed on this spectrum.
No area correction performed on this spectrum.
Nuclide Identification Report        6/29/2018   6:29:13 PM        Page 23


*************************************************************************
*****   N U C L I D E   I D E N T I F I C A T I O N   R E P O R T   *****
*************************************************************************

     Sample Title:         Sample title.                           
     Nuclide Library Used: C:\GENIE2K\CAMFILES\NAA LIB LONG.NLB    

   ....................    IDENTIFIED NUCLIDES     ....................

   Nuclide    Id       Energy   Yield     Activity     Activity
   Name    Confidence  (keV)     (%)     (uCi/Unit)   Uncertainty

   SC-46     0.136    889.28    99.98
                     1120.55*   99.99    3.890E-005   6.703E-006
   CR-51     0.998    320.08*   10.08    2.450E-005   2.688E-005
   IN-114m   0.738    190.27*   14.74   -3.992E-006   2.197E-005
                      558.43*    4.00    1.018E-004   1.128E-004
                      725.24     4.00
   CD-115    0.470    336.24*   45.90    1.075E-005   9.917E-006
                      527.90    27.40
   TE-121x   0.975    212.19*   81.40   -1.061E-006   3.006E-006
   CS-134    0.167    563.23*    8.38    4.859E-005   3.959E-005
                      569.32*   15.43   -7.158E-006   2.644E-005
                      604.70    97.60
                      795.84*   85.40    3.997E-006   3.663E-006
                      801.93     8.73
   CE-141    0.959    145.44*   48.20    1.732E-006   4.927E-006
   LU-177    0.389    112.95     6.40
                      208.36*   11.00   -3.195E-005   3.332E-005
   RE-186    0.867    137.16*    8.20    5.680E-006   3.397E-005
   IR-192    0.332    295.96    28.67
                      308.46*   30.00   -5.049E-006   1.251E-005
                      316.51*   82.81   -1.490E-006   4.992E-006
                      468.07    47.83
                      604.41     8.23
                      612.47*    5.31    5.456E-004   1.025E-004
   AU-198    0.999    411.80*   95.58    7.254E-005   5.704E-006
   PA-232    0.380    150.06*   10.80    1.686E-005   2.953E-005
                      387.88     7.00
                      453.65     8.62
                      515.61*    5.52   -2.023E-005   6.953E-005
                      581.40*    6.00    3.081E-004   1.028E-004
                      819.19     7.45
                      866.76*    5.81    4.147E-005   5.930E-005
                      894.35    19.80
                      969.32*   41.60    4.470E-005   1.307E-005

       * = Energy line found in the spectrum.
       Energy Tolerance :    3.000 keV
       Nuclide confidence index threshold =   0.05
       Errors quoted at  1.000 sigma

Nuclide Identification Report        6/29/2018   6:29:13 PM        Page 24


   **********   U N I D E N T I F I E D   P E A K S   **********

               Peak Locate Performed on:  6/29/2018   6:29:11 PM
               Peak Locate From Channel:      1
               Peak Locate To Channel:    65535

       Peak   Energy           Peak Size in        Peak CPS
        No.   (keV)          Counts per Second   % Uncertainty

         1     6.15             3.2457E-001           6.57
         2    10.19             1.9223E-002          62.77
      M  3    12.79             3.5736E-002          22.66
      m  4    13.66             2.9023E-002          25.69
         5    17.57             1.4459E-001          11.21
         6    23.93            -4.1528E-004        -2777.2
         7    62.95             1.7149E-002          57.63
         8    72.75            -1.0925E-002        -102.13
         9    75.08             4.7538E-002          24.38
        10    79.00             9.8809E-004         913.46
        11    84.77             3.1884E-002          32.03
        16   199.92            -5.7549E-003        -202.29
        22   332.47             4.6076E-003         122.18
        24   351.54             2.8842E-002          31.17
        25   359.67             1.4079E-002          49.85
        26   392.02             3.7757E-003         154.74
        27   401.21            -2.0631E-003        -347.72
        29   471.13            -5.2301E-003        -129.70
        30   510.91             9.3229E-002          10.03
        36   624.21             4.4028E-003          95.53
        37   653.87             7.7213E-004         673.14
        38   661.79             1.1166E-001           7.71
        39   709.81             5.4774E-003          60.36
        40   713.30             7.7534E-003          70.16
        41   777.22            -1.2585E-003        -259.71
        42   781.84             2.0833E-003         158.03
        43   787.41             1.9215E-003         298.98
        46   873.18            -4.5573E-004        -911.73
        47   884.66            -8.5764E-004        -502.75
        48   911.44             2.0218E-002          24.99
        49   917.12             4.1282E-003          86.65
        50   954.06             1.5722E-003         204.21
        53  1160.45             8.0738E-003          44.14
        54  1321.95             3.3333E-003          71.93
        55  1369.66             4.1906E-002          11.17
        56  1423.43             4.2546E-003          47.18
        57  1447.93             3.5494E-004         520.00
        58  1461.79             3.8813E-001           2.87
        59  1622.70             1.6296E-003          95.81
        60  1766.08             2.6131E-002          12.07
        61  2105.80             4.7861E-003          35.85
        62  2206.77             4.8118E-003          41.70

       M = First peak in a multiplet region
       m = Other peak in a multiplet region
       F = Fitted singlet

       Errors quoted at  1.000 sigma
Interference Corrected Activity Report    6/29/2018   6:29:13 PM   Page 25


*************************************************************************
*****   N U C L I D E   I D E N T I F I C A T I O N   R E P O R T   *****
*************************************************************************

     Sample Title:         Sample title.                           
     Nuclide Library Used: C:\GENIE2K\CAMFILES\NAA LIB LONG.NLB    

   ....................    IDENTIFIED NUCLIDES     ....................

   Nuclide    Id       Energy    Yield     Activity     Activity
   Name    Confidence  (keV)      (%)     (uCi/Unit)   Uncertainty

   SC-46     0.136    889.28     99.98
                     1120.55*    99.99   3.88956E-005  6.70308E-006
   CR-51     0.998    320.08*    10.08   2.44960E-005  2.68834E-005
   IN-114m   0.738    190.27*    14.74  -3.99206E-006  2.19728E-005
                      558.43*     4.00   1.01827E-004  1.12762E-004
                      725.24      4.00
   CD-115    0.470    336.24*    45.90   1.07455E-005  9.91712E-006
                      527.90     27.40
   TE-121x   0.975    212.19*    81.40  -1.06121E-006  3.00587E-006
   CS-134    0.167    563.23*     8.38   4.85907E-005  3.95899E-005
                      569.32*    15.43  -7.15847E-006  2.64372E-005
                      604.70     97.60
                      795.84*    85.40   3.99702E-006  3.66310E-006
                      801.93      8.73
   CE-141    0.959    145.44*    48.20   1.73198E-006  4.92673E-006
   LU-177    0.389    112.95      6.40
                      208.36*    11.00  -3.19479E-005  3.33158E-005
   RE-186    0.867    137.16*     8.20   5.67989E-006  3.39686E-005
   IR-192    0.332    295.96     28.67
                      308.46*    30.00  -5.04861E-006  1.25135E-005
                      316.51*    82.81  -1.48968E-006  4.99224E-006
                      468.07     47.83
                      604.41      8.23
                      612.47*     5.31   5.45621E-004  1.02471E-004
   AU-198    0.999    411.80*    95.58   7.25435E-005  5.70392E-006
   PA-232    0.380    150.06*    10.80   1.68632E-005  2.95301E-005
                      387.88      7.00
                      453.65      8.62
                      515.61*     5.52  -2.02349E-005  6.95286E-005
                      581.40*     6.00   3.08114E-004  1.02785E-004
                      819.19      7.45
                      866.76*     5.81   4.14733E-005  5.92977E-005
                      894.35     19.80
                      969.32*    41.60   4.47002E-005  1.30671E-005

       * = Energy line found in the spectrum.
       @ = Energy line not used for Weighted Mean Activity
       Energy Tolerance :    3.000 keV
       Nuclide confidence index threshold =   0.05
       Errors quoted at  1.000 sigma

Interference Corrected Activity Report    6/29/2018   6:29:13 PM   Page 26


*************************************************************************
*****   I N T E R F E R E N C E   C O R R E C T E D   R E P O R T   *****
*************************************************************************


                 Nuclide       Wt mean         Wt mean
       Nuclide     Id          Activity        Activity
       Name     Confidence    (uCi/Unit)      Uncertainty

       SC-46      0.136      3.889561E-005   6.703076E-006
       CR-51      0.998      2.449601E-005   2.688340E-005
    X  AS-76      0.797
    X  SR-85x     0.863
    X  NB-94x     0.144
    X  RH-105     0.983
       IN-114m    0.738      9.345110E-005   8.331719E-005
       CD-115     0.470      1.074552E-005   9.917117E-006
    X  TE-121     0.658
       TE-121x    0.975     -1.061212E-006   3.005875E-006
    X  XE-127     0.314
       CS-134     0.167      3.997015E-006   3.663054E-006
       CE-141     0.959      1.731976E-006   4.926732E-006
    X  YB-169     0.095
       LU-177     0.389     -3.194790E-005   3.331577E-005
       RE-186     0.867      5.679894E-006   3.396865E-005
       IR-192     0.332      5.456213E-004   1.024714E-004
       AU-198     0.999      7.254354E-005   5.703918E-006
       PA-232     0.380      4.362922E-005   1.163863E-005

       ? = nuclide is part of an undetermined solution
       X = nuclide rejected by the interference analysis
       @ = nuclide contains energy lines not used in Weighted Mean Activity

       Errors quoted at  1.000 sigma

Interference Corrected Activity Report    6/29/2018   6:29:13 PM   Page 27


   **********   U N I D E N T I F I E D   P E A K S   **********

               Peak Locate Performed on:  6/29/2018   6:29:11 PM
               Peak Locate From Channel:      1
               Peak Locate To Channel:    65535

       Peak   Energy           Peak Size in        Peak CPS
        No.   (keV)          Counts per Second   % Uncertainty

         1     6.15             3.2457E-001           6.57
         2    10.19             1.9223E-002          62.77
      M  3    12.79             3.5736E-002          22.66
      m  4    13.66             2.9023E-002          25.69
         5    17.57             1.4459E-001          11.21
         6    23.93            -4.1528E-004        -2777.2
         7    62.95             1.7149E-002          57.63
         8    72.75            -1.0925E-002        -102.13
         9    75.08             4.7538E-002          24.38
        10    79.00             9.8809E-004         913.46
        11    84.77             3.1884E-002          32.03
        16   199.92            -5.7549E-003        -202.29
        22   332.47             4.6076E-003         122.18
        24   351.54             2.8842E-002          31.17
        25   359.67             1.4079E-002          49.85
        26   392.02             3.7757E-003         154.74
        27   401.21            -2.0631E-003        -347.72
        29   471.13            -5.2301E-003        -129.70
        30   510.91             9.3229E-002          10.03
        36   624.21             4.4028E-003          95.53
        37   653.87             7.7213E-004         673.14
        38   661.79             1.1166E-001           7.71
        39   709.81             5.4774E-003          60.36
        40   713.30             7.7534E-003          70.16
        41   777.22            -1.2585E-003        -259.71
        42   781.84             2.0833E-003         158.03
        43   787.41             1.9215E-003         298.98
        46   873.18            -4.5573E-004        -911.73
        47   884.66            -8.5764E-004        -502.75
        48   911.44             2.0218E-002          24.99
        49   917.12             4.1282E-003          86.65
        50   954.06             1.5722E-003         204.21
        53  1160.45             8.0738E-003          44.14
        54  1321.95             3.3333E-003          71.93
        55  1369.66             4.1906E-002          11.17
        56  1423.43             4.2546E-003          47.18
        57  1447.93             3.5494E-004         520.00
        58  1461.79             3.8813E-001           2.87
        59  1622.70             1.6296E-003          95.81
        60  1766.08             2.6131E-002          12.07
        61  2105.80             4.7861E-003          35.85
        62  2206.77             4.8118E-003          41.70

       M = First peak in a multiplet region
       m = Other peak in a multiplet region
       F = Fitted singlet

       Errors quoted at  1.000 sigma
Nuclide MDA Report                      6/29/2018   6:29:13 PM     Page 28


No MDA analysis results available for reporting purposes
Nuclide MDA Report                      6/29/2018   6:29:13 PM     Page 29


No MDA analysis results available for reporting purposes
Action Level Summary Report             6/29/2018   6:29:13 PM     Page 30


No Action Level results available for reporting purposes
Auto Gain Adjust                     6/29/2018   6:29:13 PM       Page 31


*************************************************************************
*****                 A U T O  G A I N   A D J U S T                *****
*************************************************************************

Report Generated On:                               6/29/2018   6:29:13 PM


Status:                                                                 
No AGA results for reporting.


This report is valid only if a Certificate was the source of the true values.


Status:                                                                 
No AGA results for reporting.

