*************************************************************************
*****        G A M M A   S P E C T R U M    A N A L Y S I S         *****
*************************************************************************


Filename: DSA1000A                                                     

Report Generated On             : 6/29/2018   1:25:12 PM

Sample Title                    : Sample title.                          
Sample Description              :                                 
Sample Identification           :                 
Sample Type                     :                 
Sample Geometry                 :                 

Peak Locate Threshold           :  2.50
Peak Locate Range (in channels) :     1 - 65535
Peak Area Range (in channels)   :   100 -  8172
Identification Energy Tolerance :    3.000 keV

Sample Size                     :  1.000E+000 Unit    

Sample Taken On                 :                       
Acquisition Started             : 6/29/2018   1:23:29 PM

Live Time                       :       60.0 seconds
Real Time                       :       67.0 seconds

Dead Time                       :  10.47 %


              Energy Calibration Used Done On       : 6/23/2018 
              Efficiency Calibration Used Done On   : 6/23/2018 
              Efficiency ID                         :                        

Peak Analysis Report             6/29/2018   1:25:13 PM            Page  2


**************************************************************************
*****           P E A K    A N A L Y S I S    R E P O R T            *****
**************************************************************************


     Detector Name:  DSA1000A                        
     Sample Title:   Sample title.                                     
     Peak Analysis Performed on:  6/29/2018   1:25:13 PM
               Peak Analysis From Channel:      1
               Peak Analysis To Channel:     8192

   Peak  ROI  ROI    Peak    Energy   FWHM  Net Peak  Net Area  Continuum 
    No. start end  centroid   (keV)   (keV)  Area     Uncert.    Counts 

 M  1    35-   56    42.67    11.39   0.71       196.9   46.17   3.06E+003 
 m  2    35-   56    46.81    12.52   0.72       105.7   42.26   3.20E+003 
 m  3    35-   56    51.34    13.75   0.72        60.6   43.11   3.39E+003 
 M  4    60-   72    63.45    17.06   0.23        62.4    5.60   1.12E+003 
 m  5    60-   72    66.55    17.90   0.23        80.3    5.97   1.08E+003 
    6    74-   81    77.22    20.81   0.28         5.8   74.57   2.76E+003 
    7    94-  100    97.47    26.34   0.30       -18.2   64.49   2.20E+003 
    8   126-  136   129.24    35.01   0.48        98.7   86.94   3.13E+003 
    9   232-  237   234.25    63.66   0.38        27.5   55.41   1.71E+003 
   10   238-  257   253.18    68.82   1.07      1733.3  175.55   8.26E+003 
   11   258-  267   260.63    70.85   0.80       282.0  102.79   4.16E+003 
   12   268-  278   273.30    74.31   0.63       -46.7   87.98   3.27E+003 
   13   279-  289   286.35    77.87   0.76       354.4   95.81   3.70E+003 
   14   291-  300   294.78    80.17   0.98       530.5   89.08   3.23E+003 
   15   396-  406   402.50   109.56   0.50        56.2   80.05   2.66E+003 
   16   744-  752   747.95   203.81   0.33        82.7   76.08   2.67E+003 
   17   881-  889   885.90   241.44   0.36        36.6   84.63   3.34E+003 
   18  1170- 1185  1175.97   320.58   0.28       -26.8   59.81   1.20E+003 
 M 19  1186- 1203  1190.97   324.67   0.44        35.7   16.57   4.24E+002 
 m 20  1186- 1203  1199.12   326.90   0.45        44.4   17.37   4.09E+002 
   21  1244- 1252  1248.61   340.40   0.52        14.4   36.69   6.22E+002 
   22  1271- 1282  1276.21   347.93   0.27       -28.6   46.95   8.90E+002 
   23  1402- 1411  1405.22   383.13   0.59        -1.8   38.42   6.53E+002 
   24  1488- 1519  1509.83   411.67   1.45    175561.4  433.84   2.32E+003 
   25  1551- 1558  1554.52   423.86   0.68        40.2   21.19   2.03E+002 
   26  1560- 1575  1566.31   427.08   0.38        32.0   32.01   3.27E+002 
   27  1654- 1664  1660.08   452.66   0.82        13.3   13.79   7.17E+001 
   28  1695- 1716  1712.44   466.94   0.27       -18.0   22.46   1.38E+002 
   29  1760- 1767  1763.90   480.98   0.45        -4.3   11.45   6.63E+001 
   30  1793- 1806  1799.33   490.65   0.47        32.1   15.27   7.09E+001 
   31  1857- 1866  1861.20   507.53   0.65        -3.9    9.14   3.79E+001 
   32  1875- 1884  1879.55   512.54   0.39         0.1    9.13   3.59E+001 
   33  1968- 1978  1973.35   538.13   0.27        -1.4    9.47   3.64E+001 
   34  2076- 2085  2080.07   567.24   0.40         3.4    7.71   2.46E+001 
   35  2111- 2120  2115.28   576.85   0.63        14.8    8.38   2.32E+001 
   36  2173- 2182  2177.56   593.84   0.41         0.2    7.68   2.58E+001 
   37  2215- 2224  2219.33   605.24   0.35         1.6    7.41   2.34E+001 
   38  2227- 2236  2231.65   608.60   0.50         1.1    7.70   2.29E+001 
   39  2240- 2249  2244.99   612.24   0.27         0.3    7.12   2.07E+001 
   40  2251- 2261  2256.00   615.24   0.56        -2.4    6.88   1.94E+001 
   41  2279- 2288  2283.24   622.67   0.33         5.8    6.17   1.32E+001 
   42  2314- 2332  2327.75   634.82   0.45         2.5   11.39   3.75E+001 
Peak Analysis Report             6/29/2018   1:25:13 PM            Page  3


   Peak  ROI  ROI    Peak    Energy   FWHM  Net Peak  Net Area  Continuum 
    No. start end  centroid   (keV)   (keV)  Area     Uncert.    Counts 

   43  2443- 2452  2447.27   667.42   0.32         9.5    6.15   1.25E+001 
   44  2466- 2488  2478.22   675.87   1.44       935.5   32.89   3.75E+001 
   45  2715- 2724  2719.62   741.73   0.44        -0.7    4.55   8.66E+000 
   46  2776- 2785  2780.92   758.45   0.61         4.1    4.37   5.95E+000 
   47  2999- 3008  3003.29   819.12   0.27         6.2    4.70   5.83E+000 
   48  3011- 3028  3019.87   823.64   1.02       272.8   17.58   1.12E+001 
   49  3129- 3138  3133.72   854.71   0.28         5.3    4.07   4.75E+000 
   50  3154- 3163  3158.86   861.56   0.30         5.7    2.99   1.29E+000 
   51  3979- 4000  3988.97  1088.04   1.67       177.4   13.66   2.55E+000 
   52  5351- 5366  5360.92  1462.34   0.68        36.0    6.48   1.97E+000 

M = First peak in a multiplet region
m = Other peak in a multiplet region
F = Fitted singlet

Errors quoted at  1.000 sigma
Nuclide Identification Report        6/29/2018   1:25:13 PM        Page  4


No nuclide identification results available for reporting purposes
*************************************************************************
*****        G A M M A   S P E C T R U M    A N A L Y S I S         *****
*************************************************************************


Filename: DSA1000A                                                     

Report Generated On             : 6/29/2018   1:25:13 PM

Sample Title                    : Sample title.                          
Sample Description              :                                 
Sample Identification           :                 
Sample Type                     :                 
Sample Geometry                 :                 

Peak Locate Threshold           :  2.50
Peak Locate Range (in channels) :     1 - 65535
Peak Area Range (in channels)   :     1 -  8192
Identification Energy Tolerance :    3.000 keV

Sample Size                     :  1.000E+000 Unit    

Sample Taken On                 :                       
Acquisition Started             : 6/29/2018   1:23:29 PM

Live Time                       :       60.0 seconds
Real Time                       :       67.0 seconds

Dead Time                       :  10.47 %


              Energy Calibration Used Done On       : 6/23/2018 
              Efficiency Calibration Used Done On   : 6/23/2018 
              Efficiency ID                         :                        

Energy Calibration Report            6/29/2018   1:25:13 PM       Page  5


**************************************************************************
*****       E N E R G Y   C A L I B R A T I O N   R E P O R T        *****
**************************************************************************

     Detector Name:  DSA1000A                        
     Sample Title:   Sample title.                                     

       *************  ENERGY CALIBRATION COEFFICIENTS  *************

               Energy Calibrate Performed on:  6/23/2018  12:56:08 PM
                       by:                       
               Energy Calibrate Type:          POLY    

   Energy(keV) =    -0.253 +     0.273*ch +  0.00E+000*ch^2 +  0.00E+000*ch^3

       *************  SHAPE CALIBRATION COEFFICIENTS   *************

               Shape Calibrate Performed on:  6/23/2018  12:56:08 PM
                       by:                        

               FWHM     =     0.795  +   0.026*E^1/2

               LOW TAIL =   0.0E+000 +  0.0E+000*E

****************     ENERGY CALIBRATION RESULTS TABLE     ****************

                    Centroid      Centroid         Energy
                    Channel       error            (keV )
                      220.59        0.07             60.01
                      317.99        0.02             86.54
                      386.80        0.01            105.31
                      451.84        0.03            122.06
                     2426.14        0.01            661.66
                     3062.96        0.38            834.83

       *********     SHAPE CALIBRATION RESULTS TABLE      *********

             Energy     FWHM       FWHM         TAIL        TAIL
             (keV )     channels   error        channels    error
               60.01      3.13      0.17           0.00      0.00
               86.54      3.87      0.04           0.00      0.00
              105.31      3.88      0.01           0.00      0.00
              122.06      3.92      0.07           0.00      0.00
              661.66      5.34      0.01           0.00      0.00
              834.83      1.36      0.55           0.00      0.00
Efficiency Calibration Report             6/29/2018   1:25:13 PM   Page  6


**************************************************************************
*****   E F F I C I E N C Y   C A L I B R A T I O N    R E P O R T   *****
**************************************************************************

     Detector Name:  DSA1000A                        
     Sample Title:   Sample title.                                     

     Geometry Description:                 
     Efficiency Calibration Performed on:  6/23/2018   4:29:36 PM
                       by:                         
     Geometry Type Used:   INTERPOL        

                            Efficiency Triplets
                            ===================

                   Energy         Efficiency        Error

                     60.00         2.39E-002      2.06E-003
                     86.50         7.50E-002      1.86E-004
                    105.30         9.27E-002      2.42E-004
                    176.30         9.35E-002      6.01E-004
                    427.90         4.77E-002      2.21E-004
                    600.60         3.51E-002      2.22E-004
                    834.80         2.64E-002      2.00E-004
                   1173.20         1.87E-002      5.20E-005
                   1332.50         1.69E-002      4.80E-005

                      DUAL Efficiency Calibration Equation
                      ====================================

         Single Equation Terms ->   Offset:     -143.191
                                     Slope:       91.147
                                 Quadratic:      -21.757
                                     Cubic:        2.279
                                 4th Order:       -0.089
                                 5th Order:        0.000
                                 6th Order:        0.000
                                 7th Order:        0.000
                                 8th Order:        0.000
                                 9th Order:        0.000
Efficiency Calibration Report             6/29/2018   1:25:13 PM   Page  7


                      EMPIRICAL Efficiency Calibration Equation
                      =========================================

      Empirical Equation Terms ->  Scaling:      696.250
                                    Offset:       -3.494
                                     Slope:        0.899
                                 Quadratic:        0.043
                                     Cubic:        0.059
                                 4th Order:       -0.089
                                 5th Order:        0.000

                      LINEAR Efficiency Calibration Equation
                      ======================================

         Linear Equation Terms ->   Offset:       -0.000
                                     Slope:       -1.569
                                 Quadratic:      189.136
                                     Cubic:   -17233.867
                                 4th Order:   376762.938
                                 5th Order:        0.000
                                 6th Order:        0.000
                                 7th Order:        0.000
                                 8th Order:        0.000
                                 9th Order:        0.000
Peak-to-Total Calibration Report          6/29/2018   1:25:13 PM   Page  8


**************************************************************************
**   P E A K - T O - T O T A L   C A L I B R A T I O N   R E P O R T   ***
**************************************************************************

     Detector Name:  DSA1000A                        
     Sample Title:   Sample title.                                     


                  Peak-to-Total Calibration Equation
                  =============================================

                                 No Peak-to-Total Equation

Peak Locate Analysis Report             6/29/2018   1:25:13 PM     Page  9

**************************************************************************
*****             P E A K    L O C A T E    R E P O R T              *****
**************************************************************************

     Detector Name:  DSA1000A                        
     Sample Title:   Sample title.                                     
               Peak Locate Performed on:  6/29/2018   1:25:12 PM
               Peak Locate From Channel:      1
               Peak Locate To Channel:    65535
               Peak Search Sensitivity:     2.50

     Peak   Centroid    Centroid     Energy       Peak
      No.    Channel   Uncertainty   (keV)    Significance

       1       41.81      <NA>         11.39      <NA> 
       2       46.27      <NA>         12.52      <NA> 
       3       52.59      <NA>         13.75      <NA> 
       4       62.86      <NA>         17.06      <NA> 
       5       67.00      <NA>         17.90      <NA> 
       6       77.22      <NA>         20.81      <NA> 
       7       97.47      <NA>         26.34      <NA> 
       8      129.24      <NA>         35.01      <NA> 
       9      234.25      <NA>         63.66      <NA> 
      10      253.18      <NA>         68.82      <NA> 
      11      260.63      <NA>         70.85      <NA> 
      12      273.30      <NA>         74.31      <NA> 
      13      286.35      <NA>         77.87      <NA> 
      14      294.78      <NA>         80.17      <NA> 
      15      402.50      <NA>        109.56      <NA> 
      16      747.95      <NA>        203.81      <NA> 
      17      885.90      <NA>        241.44      <NA> 
      18     1175.97      <NA>        320.58      <NA> 
      19     1194.35      <NA>        324.67      <NA> 
      20     1199.00      <NA>        326.90      <NA> 
      21     1248.61      <NA>        340.40      <NA> 
      22     1276.21      <NA>        347.93      <NA> 
      23     1405.22      <NA>        383.13      <NA> 
      24     1509.83      <NA>        411.67      <NA> 
      25     1554.52      <NA>        423.86      <NA> 
      26     1566.31      <NA>        427.08      <NA> 
      27     1660.08      <NA>        452.66      <NA> 
      28     1712.44      <NA>        466.94      <NA> 
      29     1763.90      <NA>        480.98      <NA> 
      30     1799.33      <NA>        490.65      <NA> 
      31     1861.20      <NA>        507.53      <NA> 
      32     1879.55      <NA>        512.54      <NA> 
      33     1973.35      <NA>        538.13      <NA> 
      34     2080.07      <NA>        567.24      <NA> 
      35     2115.28      <NA>        576.85      <NA> 
      36     2177.56      <NA>        593.84      <NA> 
      37     2219.33      <NA>        605.24      <NA> 
      38     2231.65      <NA>        608.60      <NA> 
      39     2244.99      <NA>        612.24      <NA> 
      40     2256.00      <NA>        615.24      <NA> 
      41     2283.24      <NA>        622.67      <NA> 
Peak Locate Analysis Report             6/29/2018   1:25:13 PM     Page 10


     Peak   Centroid    Centroid     Energy       Peak
      No.    Channel   Uncertainty   (keV)    Significance

      42     2327.75      <NA>        634.82      <NA> 
      43     2447.27      <NA>        667.42      <NA> 
      44     2478.22      <NA>        675.87      <NA> 
      45     2719.62      <NA>        741.73      <NA> 
      46     2780.92      <NA>        758.45      <NA> 
      47     3003.29      <NA>        819.12      <NA> 
      48     3019.87      <NA>        823.64      <NA> 
      49     3133.72      <NA>        854.71      <NA> 
      50     3158.86      <NA>        861.56      <NA> 
      51     3988.97      <NA>       1088.04      <NA> 
      52     5360.92      <NA>       1462.34      <NA> 

? = Adjacent peak noted

Errors quoted at  1.000 sigma
Peak Analysis Report             6/29/2018   1:25:13 PM            Page 11


**************************************************************************
*****           P E A K    A N A L Y S I S    R E P O R T            *****
**************************************************************************


     Detector Name:  DSA1000A                        
     Sample Title:   Sample title.                                     
     Peak Analysis Performed on:  6/29/2018   1:25:13 PM
               Peak Analysis From Channel:      1
               Peak Analysis To Channel:     8192

   Peak  ROI  ROI    Peak    Energy   FWHM  Net Peak  Net Area  Continuum 
    No. start end  centroid   (keV)   (keV)  Area     Uncert.    Counts 

 M  1    35-   56    42.67    11.39   0.71       196.9   46.17   3.06E+003 
 m  2    35-   56    46.81    12.52   0.72       105.7   42.26   3.20E+003 
 m  3    35-   56    51.34    13.75   0.72        60.6   43.11   3.39E+003 
 M  4    60-   72    63.45    17.06   0.23        62.4    5.60   1.12E+003 
 m  5    60-   72    66.55    17.90   0.23        80.3    5.97   1.08E+003 
    6    74-   81    77.22    20.81   0.28         5.8   74.57   2.76E+003 
    7    94-  100    97.47    26.34   0.30       -18.2   64.49   2.20E+003 
    8   126-  136   129.24    35.01   0.48        98.7   86.94   3.13E+003 
    9   232-  237   234.25    63.66   0.38        27.5   55.41   1.71E+003 
   10   238-  257   253.18    68.82   1.07      1733.3  175.55   8.26E+003 
   11   258-  267   260.63    70.85   0.80       282.0  102.79   4.16E+003 
   12   268-  278   273.30    74.31   0.63       -46.7   87.98   3.27E+003 
   13   279-  289   286.35    77.87   0.76       354.4   95.81   3.70E+003 
   14   291-  300   294.78    80.17   0.98       530.5   89.08   3.23E+003 
   15   396-  406   402.50   109.56   0.50        56.2   80.05   2.66E+003 
   16   744-  752   747.95   203.81   0.33        82.7   76.08   2.67E+003 
   17   881-  889   885.90   241.44   0.36        36.6   84.63   3.34E+003 
   18  1170- 1185  1175.97   320.58   0.28       -26.8   59.81   1.20E+003 
 M 19  1186- 1203  1190.97   324.67   0.44        35.7   16.57   4.24E+002 
 m 20  1186- 1203  1199.12   326.90   0.45        44.4   17.37   4.09E+002 
   21  1244- 1252  1248.61   340.40   0.52        14.4   36.69   6.22E+002 
   22  1271- 1282  1276.21   347.93   0.27       -28.6   46.95   8.90E+002 
   23  1402- 1411  1405.22   383.13   0.59        -1.8   38.42   6.53E+002 
   24  1488- 1519  1509.83   411.67   1.45    175561.4  433.84   2.32E+003 
   25  1551- 1558  1554.52   423.86   0.68        40.2   21.19   2.03E+002 
   26  1560- 1575  1566.31   427.08   0.38        32.0   32.01   3.27E+002 
   27  1654- 1664  1660.08   452.66   0.82        13.3   13.79   7.17E+001 
   28  1695- 1716  1712.44   466.94   0.27       -18.0   22.46   1.38E+002 
   29  1760- 1767  1763.90   480.98   0.45        -4.3   11.45   6.63E+001 
   30  1793- 1806  1799.33   490.65   0.47        32.1   15.27   7.09E+001 
   31  1857- 1866  1861.20   507.53   0.65        -3.9    9.14   3.79E+001 
   32  1875- 1884  1879.55   512.54   0.39         0.1    9.13   3.59E+001 
   33  1968- 1978  1973.35   538.13   0.27        -1.4    9.47   3.64E+001 
   34  2076- 2085  2080.07   567.24   0.40         3.4    7.71   2.46E+001 
   35  2111- 2120  2115.28   576.85   0.63        14.8    8.38   2.32E+001 
   36  2173- 2182  2177.56   593.84   0.41         0.2    7.68   2.58E+001 
   37  2215- 2224  2219.33   605.24   0.35         1.6    7.41   2.34E+001 
   38  2227- 2236  2231.65   608.60   0.50         1.1    7.70   2.29E+001 
   39  2240- 2249  2244.99   612.24   0.27         0.3    7.12   2.07E+001 
   40  2251- 2261  2256.00   615.24   0.56        -2.4    6.88   1.94E+001 
   41  2279- 2288  2283.24   622.67   0.33         5.8    6.17   1.32E+001 
   42  2314- 2332  2327.75   634.82   0.45         2.5   11.39   3.75E+001 
Peak Analysis Report             6/29/2018   1:25:13 PM            Page 12


   Peak  ROI  ROI    Peak    Energy   FWHM  Net Peak  Net Area  Continuum 
    No. start end  centroid   (keV)   (keV)  Area     Uncert.    Counts 

   43  2443- 2452  2447.27   667.42   0.32         9.5    6.15   1.25E+001 
   44  2466- 2488  2478.22   675.87   1.44       935.5   32.89   3.75E+001 
   45  2715- 2724  2719.62   741.73   0.44        -0.7    4.55   8.66E+000 
   46  2776- 2785  2780.92   758.45   0.61         4.1    4.37   5.95E+000 
   47  2999- 3008  3003.29   819.12   0.27         6.2    4.70   5.83E+000 
   48  3011- 3028  3019.87   823.64   1.02       272.8   17.58   1.12E+001 
   49  3129- 3138  3133.72   854.71   0.28         5.3    4.07   4.75E+000 
   50  3154- 3163  3158.86   861.56   0.30         5.7    2.99   1.29E+000 
   51  3979- 4000  3988.97  1088.04   1.67       177.4   13.66   2.55E+000 
   52  5351- 5366  5360.92  1462.34   0.68        36.0    6.48   1.97E+000 

M = First peak in a multiplet region
m = Other peak in a multiplet region
F = Fitted singlet

Errors quoted at  1.000 sigma
Peak Analysis Report                    6/29/2018   1:25:13 PM          Page 13


*******************************************************************************
*****  S T A N D A R D   V M S   P E A K   A N A L Y S I S   R E P O R T  *****
*******************************************************************************

        Configuration Title:                                         
        Spectrum Title:              Sample title.            
        Peak Analysis Performed on:  6/29/18   1:25:13 PM
        Peak Analysis From Channel:      1    To Channel:     8192
        Peak Search Sensitivity:      2.50    Gaussian Sensitivity:  1.00
        Max Iterations: 15  Fit Singlets: No  Critical Level Test: No 
        Use Fixed FWHM: No  FWHM Reject:  No  FWHM Reject Ratio:  0.00 
        Peak Fit Engine Name: PANOLIN1        Continuum Type: STEP   

   Pk IT  Energy      Area   Bkgnd  FWHM Channel  Left  PW  Cts/Sec  %err   Fit

 M  1 14    11.39      197    3055  0.71   42.67    35  22 3.3E+000  23.4   1.1
 m  2 14    12.52      106    3201  0.72   46.81    35  22 1.8E+000  40.0   1.1
 m  3 14    13.75       61    3386  0.72   51.34    35  22 1.0E+000  71.2   1.1
 M  4 32    17.06       62    1116  0.23   63.45    60  13 1.0E+000   9.0   0.7
 m  5 32    17.90       80    1081  0.23   66.55    60  13 1.3E+000   7.4   0.7
    6  0    20.81        6    2757  0.28   77.22    74   8 9.7E-002 1284.   0.0
    7  0    26.34      -18    2202  0.30   97.47    94   7-3.0E-001 -355.   0.0
    8  0    35.01       99    3128  0.48  129.24   126  11 1.6E+000  88.1   0.0
    9  0    63.66       27    1710  0.38  234.25   232   6 4.6E-001 201.8   0.0
   10  0    68.82     1733    8258  1.07  253.18   238  20 2.9E+001  10.1   0.0
   11  0    70.85      282    4164  0.80  260.63   258  10 4.7E+000  36.5   0.0
   12  0    74.31      -47    3266  0.63  273.30   268  11-7.8E-001 -188.   0.0
   13  0    77.87      354    3700  0.76  286.35   279  11 5.9E+000  27.0   0.0
   14  0    80.17      531    3233  0.98  294.78   291  10 8.8E+000  16.8   0.0
   15  0   109.56       56    2665  0.50  402.50   396  11 9.4E-001 142.4   0.0
   16  0   203.81       83    2665  0.33  747.95   744   9 1.4E+000  92.0   0.0
   17  0   241.44       37    3335  0.36  885.90   881   9 6.1E-001 231.5   0.0
   18  0   320.58      -27    1199  0.28 1175.97  1170  16-4.5E-001 -223.   0.0
 M 19 32   324.67       36     424  0.44 1190.97  1186  18 6.0E-001  46.4   1.0
 m 20 32   326.90       44     409  0.45 1199.12  1186  18 7.4E-001  39.2   1.0
   21  0   340.40       14     622  0.52 1248.61  1244   9 2.4E-001 255.0   0.0
   22  0   347.93      -29     890  0.27 1276.21  1271  12-4.8E-001 -164.   0.0
   23  0   383.13       -2     653  0.59 1405.22  1402  10-2.9E-002 -2184   0.0
   24  0   411.67   175561    2318  1.45 1509.83  1488  32 2.9E+003   0.2   0.0
   25  0   423.86       40     203  0.68 1554.52  1551   8 6.7E-001  52.8   0.0
   26  0   427.08       32     327  0.38 1566.31  1560  16 5.3E-001 100.2   0.0
   27  0   452.66       13      72  0.82 1660.08  1654  11 2.2E-001 103.8   0.0
   28  0   466.94      -18     138  0.27 1712.44  1695  22-3.0E-001 -124.   0.0
   29  0   480.98       -4      66  0.45 1763.90  1760   8-7.2E-002 -263.   0.0
   30  0   490.65       32      71  0.47 1799.33  1793  14 5.3E-001  47.6   0.0
   31  0   507.53       -4      38  0.65 1861.20  1857  10-6.5E-002 -232.   0.0
   32  0   512.54        0      36  0.39 1879.55  1875  10 9.3E-004 16431   0.0
   33  0   538.13       -1      36  0.27 1973.35  1968  11-2.3E-002 -698.   0.0
   34  0   567.24        3      25  0.40 2080.07  2076  10 5.7E-002 223.8   0.0
   35  0   576.85       15      23  0.63 2115.28  2111  10 2.5E-001  56.7   0.0
   36  0   593.84        0      26  0.41 2177.56  2173  10 2.6E-003 4991.   0.0
   37  0   605.24        2      23  0.35 2219.33  2215  10 2.7E-002 460.0   0.0
   38  0   608.60        1      23  0.50 2231.65  2227  10 1.9E-002 678.6   0.0
Peak Analysis Report                    6/29/2018   1:25:13 PM          Page 14


   Pk IT  Energy      Area   Bkgnd  FWHM Channel  Left  PW  Cts/Sec  %err   Fit

   39  0   612.24        0      21  0.27 2244.99  2240  10 4.8E-003 2491.   0.0
   40  0   615.24       -2      19  0.56 2256.00  2251  11-4.0E-002 -285.   0.0
   41  0   622.67        6      13  0.33 2283.24  2279  10 9.7E-002 106.2   0.0
   42  0   634.82        3      38  0.45 2327.75  2314  19 4.2E-002 455.4   0.0
   43  0   667.42       10      13  0.32 2447.27  2443  10 1.6E-001  64.7   0.0
   44  0   675.87      935      38  1.44 2478.22  2466  23 1.6E+001   3.5   0.0
   45  0   741.73       -1       9  0.44 2719.62  2715  10-1.1E-002 -693.   0.0
   46  0   758.45        4       6  0.61 2780.92  2776  10 6.8E-002 107.8   0.0
   47  0   819.12        6       6  0.27 3003.29  2999  10 1.0E-001  76.2   0.0
   48  0   823.64      273      11  1.02 3019.87  3011  18 4.5E+000   6.4   0.0
   49  0   854.71        5       5  0.28 3133.72  3129  10 8.7E-002  77.6   0.0
   50  0   861.56        6       1  0.30 3158.86  3154  10 9.5E-002  52.3   0.0
   51  0  1088.04      177       3  1.67 3988.97  3979  22 3.0E+000   7.7   0.0
   52  0  1462.34       36       2  0.68 5360.92  5351  16 6.0E-001  18.0   0.0

M = First peak in a multiplet region
m = Other peak in a multiplet region
F = Fitted singlet

Errors quoted at  1.000 sigma
Peak Analysis Report             6/29/2018   1:25:14 PM            Page 15


**************************************************************************
*****           P E A K    A N A L Y S I S    R E P O R T            *****
**************************************************************************


     Detector Name:  DSA1000A                        
     Sample Title:   Sample title.                                     
     Peak Analysis Performed on:  6/29/2018   1:25:13 PM
               Peak Analysis From Channel:      1
               Peak Analysis To Channel:     8192

   Peak  ROI  ROI   Energy   Net Peak Net Area  Continuum  Critical 
    No. start end    (keV)     Area    Uncert.    Counts     Level

 M  1    35-   56    11.39       196.9   46.17   3.06E+003  1.29E+002 
 m  2    35-   56    12.52       105.7   42.26   3.20E+003  1.32E+002 
 m  3    35-   56    13.75        60.6   43.11   3.39E+003  1.35E+002 
 M  4    60-   72    17.06        62.4    5.60   1.12E+003  7.77E+001 
 m  5    60-   72    17.90        80.3    5.97   1.08E+003  7.65E+001 
    6    74-   81    20.81         5.8   74.57   2.76E+003  1.23E+002 
    7    94-  100    26.34       -18.2   64.49   2.20E+003  1.06E+002 
    8   126-  136    35.01        98.7   86.94   3.13E+003  1.42E+002 
    9   232-  237    63.66        27.5   55.41   1.71E+003  9.07E+001 
   10   238-  257    68.82      1733.3  175.55   8.26E+003  2.81E+002 
   11   258-  267    70.85       282.0  102.79   4.16E+003  1.67E+002 
   12   268-  278    74.31       -46.7   87.98   3.27E+003  1.45E+002 
   13   279-  289    77.87       354.4   95.81   3.70E+003  1.55E+002 
   14   291-  300    80.17       530.5   89.08   3.23E+003  1.42E+002 
   15   396-  406   109.56        56.2   80.05   2.66E+003  1.31E+002 
   16   744-  752   203.81        82.7   76.08   2.67E+003  1.24E+002 
   17   881-  889   241.44        36.6   84.63   3.34E+003  1.39E+002 
   18  1170- 1185   320.58       -26.8   59.81   1.20E+003  9.88E+001 
 M 19  1186- 1203   324.67        35.7   16.57   4.24E+002  4.79E+001 
 m 20  1186- 1203   326.90        44.4   17.37   4.09E+002  4.70E+001 
   21  1244- 1252   340.40        14.4   36.69   6.22E+002  6.00E+001 
   22  1271- 1282   347.93       -28.6   46.95   8.90E+002  7.77E+001 
   23  1402- 1411   383.13        -1.8   38.42   6.53E+002  6.32E+001 
   24  1488- 1519   411.67    175561.4  433.84   2.32E+003  1.85E+002 
   25  1551- 1558   423.86        40.2   21.19   2.03E+002  3.33E+001 
   26  1560- 1575   427.08        32.0   32.01   3.27E+002  5.18E+001 
   27  1654- 1664   452.66        13.3   13.79   7.17E+001  2.19E+001 
   28  1695- 1716   466.94       -18.0   22.46   1.38E+002  3.76E+001 
   29  1760- 1767   480.98        -4.3   11.45   6.63E+001  1.92E+001 
   30  1793- 1806   490.65        32.1   15.27   7.09E+001  2.33E+001 
   31  1857- 1866   507.53        -3.9    9.14   3.79E+001  1.54E+001 
   32  1875- 1884   512.54         0.1    9.13   3.59E+001  1.50E+001 
   33  1968- 1978   538.13        -1.4    9.47   3.64E+001  1.57E+001 
   34  2076- 2085   567.24         3.4    7.71   2.46E+001  1.23E+001 
   35  2111- 2120   576.85        14.8    8.38   2.32E+001  1.23E+001 
   36  2173- 2182   593.84         0.2    7.68   2.58E+001  1.26E+001 
   37  2215- 2224   605.24         1.6    7.41   2.34E+001  1.20E+001 
   38  2227- 2236   608.60         1.1    7.70   2.29E+001  1.26E+001 
   39  2240- 2249   612.24         0.3    7.12   2.07E+001  1.17E+001 
   40  2251- 2261   615.24        -2.4    6.88   1.94E+001  1.16E+001 
   41  2279- 2288   622.67         5.8    6.17   1.32E+001  9.35E+000 
   42  2314- 2332   634.82         2.5   11.39   3.75E+001  1.85E+001 
Peak Analysis Report             6/29/2018   1:25:14 PM            Page 16


   Peak  ROI  ROI   Energy   Net Peak Net Area  Continuum  Critical 
    No. start end    (keV)     Area    Uncert.    Counts     Level

   43  2443- 2452   667.42         9.5    6.15   1.25E+001  8.75E+000 
   44  2466- 2488   675.87       935.5   32.89   3.75E+001  1.99E+001 
   45  2715- 2724   741.73        -0.7    4.55   8.66E+000  7.61E+000 
   46  2776- 2785   758.45         4.1    4.37   5.95E+000  6.37E+000 
   47  2999- 3008   819.12         6.2    4.70   5.83E+000  6.56E+000 
   48  3011- 3028   823.64       272.8   17.58   1.12E+001  9.91E+000 
   49  3129- 3138   854.71         5.3    4.07   4.75E+000  5.54E+000 
   50  3154- 3163   861.56         5.7    2.99   1.29E+000  2.95E+000 
   51  3979- 4000  1088.04       177.4   13.66   2.55E+000  4.96E+000 
   52  5351- 5366  1462.34        36.0    6.48   1.97E+000  4.03E+000 

M = First peak in a multiplet region
m = Other peak in a multiplet region
F = Fitted singlet

Errors quoted at  1.000 sigma
Peak with NID Report             6/29/2018   1:25:14 PM            Page 17


**************************************************************************
*****           P E A K    W I T H   N I D    R E P O R T            *****
**************************************************************************


     Detector Name:  DSA1000A                        
     Sample Title:   Sample title.                                     
     Peak Analysis Performed on:  6/29/2018   1:25:13 PM
               Peak Analysis From Channel:      1
               Peak Analysis To Channel:     8192
     Tentative NID Library:   C:\GENIE2K\CAMFILES\NAA LIB LONG.NLB     
     Peak Match Tolerance :    3.000 keV

   Peak  ROI  ROI    Peak    Energy   Net Peak Net Area  Continuum  Tentative
    No. Start End  Centroid   (keV)     Area    Uncert.    Counts    Nuclide 

 M  1    35-   56    42.67    11.39  1.97E+002   46.17   3.06E+003   .....    
 m  2    35-   56    46.81    12.52  1.06E+002   42.26   3.20E+003   .....    
 m  3    35-   56    51.34    13.75  6.06E+001   43.11   3.39E+003   .....    
 M  4    60-   72    63.45    17.06  6.24E+001    5.60   1.12E+003   .....    
 m  5    60-   72    66.55    17.90  8.03E+001    5.97   1.08E+003   .....    
    6    74-   81    77.22    20.81  5.81E+000   74.57   2.76E+003   .....    
    7    94-  100    97.47    26.34 -1.82E+001   64.49   2.20E+003   .....    
    8   126-  136   129.24    35.01  9.87E+001   86.94   3.13E+003   .....    
    9   232-  237   234.25    63.66  2.75E+001   55.41   1.71E+003   W-187    
   10   238-  257   253.18    68.82  1.73E+003  175.55   8.26E+003   W-187    
   11   258-  267   260.63    70.85  2.82E+002  102.79   4.16E+003   W-187    
                                                                     W-187    
   12   268-  278   273.30    74.31 -4.67E+001   87.98   3.27E+003   W-187    
   13   279-  289   286.35    77.87  3.54E+002   95.81   3.70E+003   AG-108m  
   14   291-  300   294.78    80.17  5.31E+002   89.08   3.23E+003   AG-108m  
   15   396-  406   402.50   109.56  5.62E+001   80.05   2.66E+003   YB-169   
   16   744-  752   747.95   203.81  8.27E+001   76.08   2.67E+003   LU-177x  
                                                                     AU-198m  
                                                                     XE-127   
   17   881-  889   885.90   241.44  3.66E+001   84.63   3.34E+003   TE-131x  
                                                                     XE-125   
                                                                     AS-77    
   18  1170- 1185  1175.97   320.58 -2.68E+001   59.81   1.20E+003   CR-51    
                                                                     LU-177x  
                                                                     RH-105   
 M 19  1186- 1203  1190.97   324.67  3.57E+001   16.57   4.24E+002   RU-97    
                                                                     LU-177x  
 m 20  1186- 1203  1199.12   326.90  4.44E+001   17.37   4.09E+002   LU-177x  
                                                                     IR-194   
                                                                     LA-140   
                                                                     RU-97    
   21  1244- 1252  1248.61   340.40  1.44E+001   36.69   6.22E+002   PM-151   
   22  1271- 1282  1276.21   347.93 -2.86E+001   46.95   8.90E+002   PT-197m  
                                                                     HF-181   
   23  1402- 1411  1405.22   383.13 -1.76E+000   38.42   6.53E+002   BA-133   
   24  1488- 1519  1509.83   411.67  1.76E+005  433.84   2.32E+003   AU-198   
                                                                     HO-166   
                                                                     LU-177x  
   25  1551- 1558  1554.52   423.86  4.02E+001   21.19   2.03E+002   .....    
   26  1560- 1575  1566.31   427.08  3.20E+001   32.01   3.27E+002   SB-125   
   27  1654- 1664  1660.08   452.66  1.33E+001   13.79   7.17E+001   PA-232   
Peak with NID Report             6/29/2018   1:25:14 PM            Page 18

   28  1695- 1716  1712.44   466.94 -1.80E+001   22.46   1.38E+002   IR-192   
   29  1760- 1767  1763.90   480.98 -4.35E+000   11.45   6.63E+001   HF-181   
                                                                     W-187    
   30  1793- 1806  1799.33   490.65  3.21E+001   15.27   7.09E+001   Ca-47    
   31  1857- 1866  1861.20   507.53 -3.93E+000    9.14   3.79E+001   TE-121   
                                                                     ZR-97    
   32  1875- 1884  1879.55   512.54  5.56E-002    9.13   3.59E+001   SR-85x   
                                                                     AS-71    
                                                                     ZN-65    
   33  1968- 1978  1973.35   538.13 -1.36E+000    9.47   3.64E+001   .....    
   34  2076- 2085  2080.07   567.24  3.45E+000    7.71   2.46E+001   CS-134   
   35  2111- 2120  2115.28   576.85  1.48E+001    8.38   2.32E+001   .....    
   36  2173- 2182  2177.56   593.84  1.54E-001    7.68   2.58E+001   .....    
   37  2215- 2224  2219.33   605.24  1.61E+000    7.41   2.34E+001   CS-134   
                                                                     IR-192   
                                                                     SB-125   
                                                                     SB-124   
   38  2227- 2236  2231.65   608.60  1.14E+000    7.70   2.29E+001   RU-103   
                                                                     SB-125   
Peak with NID Report             6/29/2018   1:25:14 PM            Page 19


   Peak  ROI  ROI    Peak    Energy   Net Peak Net Area  Continuum  Tentative
    No. start end  centroid   (keV)     Area    Uncert.    Counts    Nuclide 

   39  2240- 2249  2244.99   612.24  2.86E-001    7.12   2.07E+001   IR-192   
                                                                     RU-103   
                                                                     AG-108m  
   40  2251- 2261  2256.00   615.24 -2.41E+000    6.88   1.94E+001   AG-108m  
                                                                     IR-192   
   41  2279- 2288  2283.24   622.67  5.82E+000    6.17   1.32E+001   AG-110m  
   42  2314- 2332  2327.75   634.82  2.50E+000   11.39   3.75E+001   SB-125   
                                                                     GE-77    
   43  2443- 2452  2447.27   667.42  9.50E+000    6.15   1.25E+001   CE-143   
   44  2466- 2488  2478.22   675.87  9.35E+002   32.89   3.75E+001   AG-110m  
   45  2715- 2724  2719.62   741.73 -6.56E-001    4.55   8.66E+000   ZR-97    
                                                                     MO-99    
                                                                     AG-110m  
   46  2776- 2785  2780.92   758.45  4.05E+000    4.37   5.95E+000   ZR-95    
   47  2999- 3008  3003.29   819.12  6.17E+000    4.70   5.83E+000   PA-232   
                                                                     AG-110m  
   48  3011- 3028  3019.87   823.64  2.73E+002   17.58   1.12E+001   .....    
   49  3129- 3138  3133.72   854.71  5.25E+000    4.07   4.75E+000   TE-131x  
   50  3154- 3163  3158.86   861.56  5.71E+000    2.99   1.29E+000   .....    
   51  3979- 4000  3988.97  1088.04  1.77E+002   13.66   2.55E+000   EU-152x  
                                                                     GE-77    
   52  5351- 5366  5360.92  1462.34  3.60E+001    6.48   1.97E+000   .....    

M = First peak in a multiplet region
m = Other peak in a multiplet region
F = Fitted singlet

Errors quoted at  1.000 sigma
Peak Efficiency Report             6/29/2018   1:25:14 PM          Page 20


**************************************************************************
*****         P E A K    E F F I C I E N C Y    R E P O R T          *****
**************************************************************************

     Detector Name:  DSA1000A                        
     Sample Title:   Sample title.                                     
     Peak Analysis Performed on:  6/29/2018   1:25:13 PM


 Peak  Energy   Net Peak  Net Area       Peak     Efficiency
 No.   (keV)      Area   Uncertainty  Efficiency  Uncertainty

 M  1    11.39  1.97E+002    46.17     2.39E-002    2.06E-003
 m  2    12.52  1.06E+002    42.26     2.39E-002    2.06E-003
 m  3    13.75  6.06E+001    43.11     2.39E-002    2.06E-003
 M  4    17.06  6.24E+001     5.60     2.39E-002    2.06E-003
 m  5    17.90  8.03E+001     5.97     2.39E-002    2.06E-003
    6    20.81  5.81E+000    74.57     2.39E-002    2.06E-003
    7    26.34 -1.82E+001    64.49     2.39E-002    2.06E-003
    8    35.01  9.87E+001    86.94     2.39E-002    2.06E-003
    9    63.66  2.75E+001    55.41     2.88E-002    1.39E-003
   10    68.82  1.73E+003   175.55     3.67E-002    8.36E-004
   11    70.85  2.82E+002   102.79     4.02E-002    6.90E-004
   12    74.31 -4.67E+001    87.98     4.66E-002    5.05E-004
   13    77.87  3.54E+002    95.81     5.40E-002    3.71E-004
   14    80.17  5.31E+002    89.08     5.91E-002    3.07E-004
   15   109.56  5.62E+001    80.05     9.28E-002    2.59E-004
   16   203.81  8.27E+001    76.08     8.38E-002    5.10E-004
   17   241.44  3.66E+001    84.63     7.36E-002    4.21E-004
   18   320.58 -2.68E+001    59.81     5.94E-002    3.06E-004
 M 19   324.67  3.57E+001    16.57     5.88E-002    3.01E-004
 m 20   326.90  4.44E+001    17.37     5.85E-002    2.99E-004
   21   340.40  1.44E+001    36.69     5.67E-002    2.86E-004
   22   347.93 -2.86E+001    46.95     5.58E-002    2.79E-004
   23   383.13 -1.76E+000    38.42     5.19E-002    2.50E-004
   24   411.67  1.76E+005   433.84     4.91E-002    2.31E-004
   25   423.86  4.02E+001    21.19     4.80E-002    2.23E-004
   26   427.08  3.20E+001    32.01     4.78E-002    2.21E-004
   27   452.66  1.33E+001    13.79     4.53E-002    2.21E-004
   28   466.94 -1.80E+001    22.46     4.41E-002    2.21E-004
   29   480.98 -4.35E+000    11.45     4.29E-002    2.21E-004
   30   490.65  3.21E+001    15.27     4.22E-002    2.21E-004
   31   507.53 -3.93E+000     9.14     4.09E-002    2.22E-004
   32   512.54  5.56E-002     9.13     4.05E-002    2.22E-004
   33   538.13 -1.36E+000     9.47     3.88E-002    2.22E-004
   34   567.24  3.45E+000     7.71     3.70E-002    2.22E-004
   35   576.85  1.48E+001     8.38     3.64E-002    2.22E-004
   36   593.84  1.54E-001     7.68     3.55E-002    2.22E-004
   37   605.24  1.61E+000     7.41     3.49E-002    2.22E-004
   38   608.60  1.14E+000     7.70     3.47E-002    2.21E-004
   39   612.24  2.86E-001     7.12     3.45E-002    2.21E-004
   40   615.24 -2.41E+000     6.88     3.44E-002    2.21E-004
   41   622.67  5.82E+000     6.17     3.40E-002    2.20E-004
   42   634.82  2.50E+000    11.39     3.35E-002    2.18E-004
Peak Efficiency Report             6/29/2018   1:25:14 PM          Page 21


 Peak  Energy   Net Peak  Net Area       Peak     Efficiency
 No.   (keV)      Area   Uncertainty  Efficiency  Uncertainty

   43   667.42  9.50E+000     6.15     3.20E-002    2.15E-004
   44   675.87  9.35E+002    32.89     3.17E-002    2.14E-004
   45   741.73 -6.56E-001     4.55     2.92E-002    2.08E-004
   46   758.45  4.05E+000     4.37     2.87E-002    2.06E-004
   47   819.12  6.17E+000     4.70     2.68E-002    2.01E-004
   48   823.64  2.73E+002    17.58     2.67E-002    2.00E-004
   49   854.71  5.25E+000     4.07     2.57E-002    1.82E-004
   50   861.56  5.71E+000     2.99     2.55E-002    1.76E-004
   51  1088.04  1.77E+002    13.66     2.02E-002    7.01E-005
   52  1462.34  3.60E+001     6.48     1.69E-002    4.80E-005


M = First peak in a multiplet region
m = Other peak in a multiplet region
F = Fitted singlet

Errors quoted at  1.000 sigma
Background Subtract Report             6/29/2018   1:25:14 PM      Page 22

No background subtract performed on this spectrum.
No area correction performed on this spectrum.
Nuclide Identification Report        6/29/2018   1:25:14 PM        Page 23


*************************************************************************
*****   N U C L I D E   I D E N T I F I C A T I O N   R E P O R T   *****
*************************************************************************

     Sample Title:         Sample title.                           
     Nuclide Library Used: C:\GENIE2K\CAMFILES\NAA LIB LONG.NLB    

   ....................    IDENTIFIED NUCLIDES     ....................

   Nuclide    Id       Energy   Yield     Activity     Activity
   Name    Confidence  (keV)     (%)     (uCi/Unit)   Uncertainty

   CR-51     0.996    320.08*   10.08   -2.018E-003   4.501E-003
   AS-77     0.900    239.01*    1.59    1.407E-002   3.263E-002
   SR-85x    0.962    514.01*   96.00    6.432E-007   1.057E-004
   ZR-95     0.248    724.20    44.15
                      756.73*   54.50    1.168E-004   1.259E-004
   MO-99     0.195    181.06     6.08
                      739.58*   12.13   -8.340E-005   5.786E-004
   RH-105    0.620    306.10     5.10
                      318.90*   19.10   -1.065E-003   2.376E-003
   SB-125    0.276    176.33     6.79
                      427.89*   29.40    1.025E-003   1.027E-003
                      463.38    10.45
                      600.56    17.78
                      606.64*    5.02    4.140E-004   1.905E-003
                      635.90*   11.32    2.972E-004   1.354E-003
   XE-127    0.395    172.13    25.50
                      202.86*   68.30    6.515E-004   5.991E-004
                      374.99    17.20
   PM-151    0.287    167.75     8.30
                      275.21     6.80
                      340.08*   22.50    5.078E-004   1.295E-003
   W-187     0.140     59.72     7.20
                       61.14*   12.50    3.441E-003   6.948E-003
                       69.30*    5.36    3.971E-001   4.432E-002
                       72.00*   11.10    2.848E-002   1.044E-002
                      134.25     8.80
                      479.55*   21.80   -2.093E-004   5.517E-004
                      551.52     5.08
                      618.26     6.28
                      685.73    27.30
   IR-194    0.958    328.45*   13.10    2.608E-003   1.082E-003
   PT-197m   0.964    346.50*   11.10   -2.087E-003   3.429E-003
   AU-198    1.000    411.80*   95.58    1.685E+000   9.186E-003

       * = Energy line found in the spectrum.
       Energy Tolerance :    3.000 keV
       Nuclide confidence index threshold =   0.05
       Errors quoted at  1.000 sigma

Nuclide Identification Report        6/29/2018   1:25:14 PM        Page 24


   **********   U N I D E N T I F I E D   P E A K S   **********

               Peak Locate Performed on:  6/29/2018   1:25:12 PM
               Peak Locate From Channel:      1
               Peak Locate To Channel:    65535

       Peak   Energy           Peak Size in        Peak CPS
        No.   (keV)          Counts per Second   % Uncertainty

      M  1    11.39             3.2815E+000          23.45
      m  2    12.52             1.7620E+000          39.98
      m  3    13.75             1.0096E+000          71.17
      M  4    17.06             1.0399E+000           8.98
      m  5    17.90             1.3387E+000           7.43
         6    20.81             9.6790E-002        1284.05
         7    26.34            -3.0255E-001        -355.27
         8    35.01             1.6443E+000          88.12
        12    74.31            -7.7899E-001        -188.24
        13    77.87             5.9072E+000          27.03
        14    80.17             8.8420E+000          16.79
        15   109.56             9.3676E-001         142.43
      M 19   324.67             5.9503E-001          46.41
        23   383.13            -2.9314E-002        -2184.3
        25   423.86             6.6919E-001          52.76
        27   452.66             2.2132E-001         103.85
        28   466.94            -3.0007E-001        -124.74
        30   490.65             5.3471E-001          47.61
        31   507.53            -6.5441E-002        -232.86
        33   538.13            -2.2619E-002        -698.02
        34   567.24             5.7440E-002         223.80
        35   576.85             2.4649E-001          56.67
        36   593.84             2.5641E-003        4991.32
        38   608.60             1.8924E-002         678.56
        39   612.24             4.7619E-003        2491.88
        40   615.24            -4.0196E-002        -285.31
        41   622.67             9.6930E-002         106.17
        43   667.42             1.5833E-001          64.70
        44   675.87             1.5591E+001           3.52
        47   819.12             1.0278E-001          76.22
        48   823.64             4.5467E+000           6.44
        49   854.71             8.7500E-002          77.56
        50   861.56             9.5238E-002          52.31
        51  1088.04             2.9575E+000           7.70
        52  1462.34             6.0044E-001          17.99

       M = First peak in a multiplet region
       m = Other peak in a multiplet region
       F = Fitted singlet

       Errors quoted at  1.000 sigma
Interference Corrected Activity Report    6/29/2018   1:25:14 PM   Page 25


*************************************************************************
*****   N U C L I D E   I D E N T I F I C A T I O N   R E P O R T   *****
*************************************************************************

     Sample Title:         Sample title.                           
     Nuclide Library Used: C:\GENIE2K\CAMFILES\NAA LIB LONG.NLB    

   ....................    IDENTIFIED NUCLIDES     ....................

   Nuclide    Id       Energy    Yield     Activity     Activity
   Name    Confidence  (keV)      (%)     (uCi/Unit)   Uncertainty

   CR-51     0.996    320.08*    10.08  -2.01776E-003  4.50137E-003
   AS-77     0.900    239.01*     1.59   1.40661E-002  3.26286E-002
   SR-85x    0.962    514.01*    96.00   6.43236E-007  1.05692E-004
   ZR-95     0.248    724.20     44.15
                      756.73*    54.50   1.16800E-004  1.25899E-004
   MO-99     0.195    181.06      6.08
                      739.58*    12.13  -8.34035E-005  5.78562E-004
   RH-105    0.620    306.10      5.10
                      318.90*    19.10  -1.06505E-003  2.37612E-003
   SB-125    0.276    176.33      6.79
                      427.89*    29.40   1.02533E-003  1.02713E-003
                      463.38     10.45
                      600.56     17.78
                      606.64*     5.02   4.13991E-004  1.90456E-003
                      635.90*    11.32   2.97197E-004  1.35350E-003
   XE-127    0.395    172.13     25.50
                      202.86*    68.30   6.51468E-004  5.99078E-004
                      374.99     17.20
   PM-151    0.287    167.75      8.30
                      275.21      6.80
                      340.08*    22.50   5.07838E-004  1.29531E-003
   W-187     0.140     59.72      7.20
                       61.14*    12.50   3.44074E-003  6.94849E-003
                       69.30*     5.36   3.97069E-001  4.43249E-002
                       72.00*    11.10   2.84781E-002  1.04435E-002
                      134.25      8.80
                      479.55*    21.80  -2.09344E-004  5.51726E-004
                      551.52      5.08
                      618.26      6.28
                      685.73     27.30
   IR-194    0.958    328.45*    13.10   2.60751E-003  1.08216E-003
   PT-197m   0.964    346.50*    11.10  -2.08710E-003  3.42896E-003
   AU-198    1.000    411.80*    95.58   1.68504E+000  9.18634E-003

       * = Energy line found in the spectrum.
       @ = Energy line not used for Weighted Mean Activity
       Energy Tolerance :    3.000 keV
       Nuclide confidence index threshold =   0.05
       Errors quoted at  1.000 sigma

Interference Corrected Activity Report    6/29/2018   1:25:14 PM   Page 26


*************************************************************************
*****   I N T E R F E R E N C E   C O R R E C T E D   R E P O R T   *****
*************************************************************************


                 Nuclide       Wt mean         Wt mean
       Nuclide     Id          Activity        Activity
       Name     Confidence    (uCi/Unit)      Uncertainty

    ?  CR-51      0.996     -2.017758E-003   4.501375E-003
       AS-77      0.900      1.406606E-002   3.262858E-002
       SR-85x     0.962      6.432360E-007   1.056918E-004
       ZR-95      0.248      1.168001E-004   1.258989E-004
    X  ZR-97      0.958
       MO-99      0.195     -8.340345E-005   5.785624E-004
    ?  RH-105     0.620     -1.065053E-003   2.376116E-003
    X  SB-124     0.370
       SB-125     0.276      7.054529E-004   7.517690E-004
       XE-127     0.395      6.514683E-004   5.990782E-004
    X  CS-134     0.275
       PM-151     0.287      5.078382E-004   1.295308E-003
    X  HF-181     0.298
       W-187      0.140      1.758738E-002   5.736383E-003
       IR-194     0.958      2.607510E-003   1.082163E-003
       PT-197m    0.964     -2.087101E-003   3.428960E-003
       AU-198     1.000      1.685038E+000   9.186340E-003

       ? = nuclide is part of an undetermined solution
       X = nuclide rejected by the interference analysis
       @ = nuclide contains energy lines not used in Weighted Mean Activity

       Errors quoted at  1.000 sigma

Interference Corrected Activity Report    6/29/2018   1:25:14 PM   Page 27


   **********   U N I D E N T I F I E D   P E A K S   **********

               Peak Locate Performed on:  6/29/2018   1:25:12 PM
               Peak Locate From Channel:      1
               Peak Locate To Channel:    65535

       Peak   Energy           Peak Size in        Peak CPS
        No.   (keV)          Counts per Second   % Uncertainty

      M  1    11.39             3.2815E+000          23.45
      m  2    12.52             1.7620E+000          39.98
      m  3    13.75             1.0096E+000          71.17
      M  4    17.06             1.0399E+000           8.98
      m  5    17.90             1.3387E+000           7.43
         6    20.81             9.6790E-002        1284.05
         7    26.34            -3.0255E-001        -355.27
         8    35.01             1.6443E+000          88.12
        12    74.31            -7.7899E-001        -188.24
        13    77.87             5.9072E+000          27.03
        14    80.17             8.8420E+000          16.79
        15   109.56             9.3676E-001         142.43
      M 19   324.67             5.9503E-001          46.41
        23   383.13            -2.9314E-002        -2184.3
        25   423.86             6.6919E-001          52.76
        27   452.66             2.2132E-001         103.85
        28   466.94            -3.0007E-001        -124.74
        30   490.65             5.3471E-001          47.61
        31   507.53            -6.5441E-002        -232.86
        33   538.13            -2.2619E-002        -698.02
        34   567.24             5.7440E-002         223.80
        35   576.85             2.4649E-001          56.67
        36   593.84             2.5641E-003        4991.32
        38   608.60             1.8924E-002         678.56
        39   612.24             4.7619E-003        2491.88
        40   615.24            -4.0196E-002        -285.31
        41   622.67             9.6930E-002         106.17
        43   667.42             1.5833E-001          64.70
        44   675.87             1.5591E+001           3.52
        47   819.12             1.0278E-001          76.22
        48   823.64             4.5467E+000           6.44
        49   854.71             8.7500E-002          77.56
        50   861.56             9.5238E-002          52.31
        51  1088.04             2.9575E+000           7.70
        52  1462.34             6.0044E-001          17.99

       M = First peak in a multiplet region
       m = Other peak in a multiplet region
       F = Fitted singlet

       Errors quoted at  1.000 sigma
Nuclide MDA Report                      6/29/2018   1:25:14 PM     Page 28


No MDA analysis results available for reporting purposes
Nuclide MDA Report                      6/29/2018   1:25:14 PM     Page 29


No MDA analysis results available for reporting purposes
Action Level Summary Report             6/29/2018   1:25:14 PM     Page 30


No Action Level results available for reporting purposes
Auto Gain Adjust                     6/29/2018   1:25:14 PM       Page 31


*************************************************************************
*****                 A U T O  G A I N   A D J U S T                *****
*************************************************************************

Report Generated On:                               6/29/2018   1:25:14 PM


Status:                                                                 
No AGA results for reporting.


This report is valid only if a Certificate was the source of the true values.


Status:                                                                 
No AGA results for reporting.

