*************************************************************************
*****        G A M M A   S P E C T R U M    A N A L Y S I S         *****
*************************************************************************


Filename: DSA1000A                                                     

Report Generated On             : 6/29/2018   1:31:21 PM

Sample Title                    : Sample title.                          
Sample Description              :                                 
Sample Identification           :                 
Sample Type                     :                 
Sample Geometry                 :                 

Peak Locate Threshold           :  2.50
Peak Locate Range (in channels) :     1 - 65535
Peak Area Range (in channels)   :   100 -  8172
Identification Energy Tolerance :    3.000 keV

Sample Size                     :  1.000E+000 Unit    

Sample Taken On                 :                       
Acquisition Started             : 6/29/2018   1:30:11 PM

Live Time                       :       60.0 seconds
Real Time                       :       64.7 seconds

Dead Time                       :   7.24 %


              Energy Calibration Used Done On       : 6/23/2018 
              Efficiency Calibration Used Done On   : 6/23/2018 
              Efficiency ID                         :                        

Peak Analysis Report             6/29/2018   1:31:22 PM            Page  2


**************************************************************************
*****           P E A K    A N A L Y S I S    R E P O R T            *****
**************************************************************************


     Detector Name:  DSA1000A                        
     Sample Title:   Sample title.                                     
     Peak Analysis Performed on:  6/29/2018   1:31:22 PM
               Peak Analysis From Channel:      1
               Peak Analysis To Channel:     8192

   Peak  ROI  ROI    Peak    Energy   FWHM  Net Peak  Net Area  Continuum 
    No. start end  centroid   (keV)   (keV)  Area     Uncert.    Counts 

    1    17-   28    22.61     5.91   1.49      1374.6   77.00   1.60E+003 
    2    81-   89    84.61    22.83   0.58        63.0   64.77   1.93E+003 
    3   119-  127   122.18    33.08   0.27        16.3   61.22   1.74E+003 
    4   238-  267   253.24    68.84   1.15      3267.5  175.52   5.80E+003 
    5   281-  290   286.16    77.82   0.71        13.0   73.69   2.35E+003 
    6   290-  307   294.67    80.14   0.86        74.6  112.89   3.85E+003 
    7   432-  446   442.74   120.54   0.34        39.3   82.67   2.36E+003 
    8   457-  466   461.59   125.68   0.27       -16.6   60.78   1.64E+003 
    9   542-  551   545.54   148.58   0.27       -37.7   61.60   1.70E+003 
   10   573-  581   577.41   157.28   0.28        27.4   59.92   1.67E+003 
   11   582-  590   585.92   159.60   0.32        14.2   62.95   1.85E+003 
   12   591-  612   604.00   164.53   0.27       144.6  130.63   4.51E+003 
   13   674-  682   677.75   184.66   0.28         5.8   61.05   1.74E+003 
   14   682-  690   686.63   187.08   0.38       -50.4   60.10   1.72E+003 
   15   871-  885   877.19   239.07   0.71        53.7  101.53   3.55E+003 
   16   985-  993   989.41   269.68   0.37         4.5   46.55   1.01E+003 
   17  1015- 1029  1023.95   279.11   0.29        61.8   63.83   1.39E+003 
   18  1125- 1132  1128.56   307.65   0.53        15.9   30.86   4.62E+002 
   19  1151- 1163  1157.42   315.52   0.78        27.8   43.20   6.97E+002 
   20  1197- 1206  1202.14   327.72   0.45        10.1   32.41   4.57E+002 
   21  1249- 1258  1254.29   341.95   0.27         2.8   32.85   4.73E+002 
   22  1273- 1284  1278.98   348.69   0.37        12.5   36.61   5.30E+002 
   23  1305- 1321  1312.78   357.91   0.36        30.8   48.32   7.35E+002 
 M 24  1490- 1519  1497.58   408.33   1.36        72.0   24.08   7.47E+002 
 m 25  1490- 1519  1505.62   410.52   1.36      3595.1  374.11   6.99E+002 
 m 26  1490- 1519  1510.06   411.73   1.36    113048.9  505.68   6.53E+002 
   27  1653- 1661  1656.33   451.64   0.27        -1.6    9.38   3.96E+001 
   28  1666- 1673  1669.63   455.26   0.32         2.8    7.65   2.72E+001 
   29  1729- 1737  1732.14   472.32   0.40        19.7    7.83   1.93E+001 
   30  1751- 1767  1763.12   480.77   0.42        26.8   15.93   7.23E+001 
   31  1950- 1959  1954.60   533.01   0.34         9.1    6.46   1.39E+001 
   32  2020- 2031  2024.05   551.96   0.27        -7.5    8.43   3.05E+001 
   33  2033- 2045  2040.86   556.55   0.51        13.3    6.29   9.75E+000 
   34  2065- 2074  2069.04   564.23   0.27        -2.0    5.64   1.50E+001 
   35  2243- 2252  2247.29   612.86   0.31        -0.6    6.00   1.36E+001 
   36  2469- 2488  2478.50   675.94   1.61       529.7   25.12   2.93E+001 
   37  3013- 3028  3020.21   823.74   1.00       100.5   11.55   1.05E+001 
   38  3981- 3998  3986.16  1087.27   2.27       115.8   11.08   2.16E+000 
   39  5354- 5365  5359.14  1461.86   0.35        23.2    5.52   2.83E+000 

M = First peak in a multiplet region
m = Other peak in a multiplet region
F = Fitted singlet
Peak Analysis Report             6/29/2018   1:31:22 PM            Page  3


Errors quoted at  1.000 sigma
Nuclide Identification Report        6/29/2018   1:31:22 PM        Page  4


No nuclide identification results available for reporting purposes
*************************************************************************
*****        G A M M A   S P E C T R U M    A N A L Y S I S         *****
*************************************************************************


Filename: DSA1000A                                                     

Report Generated On             : 6/29/2018   1:31:22 PM

Sample Title                    : Sample title.                          
Sample Description              :                                 
Sample Identification           :                 
Sample Type                     :                 
Sample Geometry                 :                 

Peak Locate Threshold           :  2.50
Peak Locate Range (in channels) :     1 - 65535
Peak Area Range (in channels)   :     1 -  8192
Identification Energy Tolerance :    3.000 keV

Sample Size                     :  1.000E+000 Unit    

Sample Taken On                 :                       
Acquisition Started             : 6/29/2018   1:30:11 PM

Live Time                       :       60.0 seconds
Real Time                       :       64.7 seconds

Dead Time                       :   7.24 %


              Energy Calibration Used Done On       : 6/23/2018 
              Efficiency Calibration Used Done On   : 6/23/2018 
              Efficiency ID                         :                        

Energy Calibration Report            6/29/2018   1:31:22 PM       Page  5


**************************************************************************
*****       E N E R G Y   C A L I B R A T I O N   R E P O R T        *****
**************************************************************************

     Detector Name:  DSA1000A                        
     Sample Title:   Sample title.                                     

       *************  ENERGY CALIBRATION COEFFICIENTS  *************

               Energy Calibrate Performed on:  6/23/2018  12:56:08 PM
                       by:                       
               Energy Calibrate Type:          POLY    

   Energy(keV) =    -0.253 +     0.273*ch +  0.00E+000*ch^2 +  0.00E+000*ch^3

       *************  SHAPE CALIBRATION COEFFICIENTS   *************

               Shape Calibrate Performed on:  6/23/2018  12:56:08 PM
                       by:                        

               FWHM     =     0.795  +   0.026*E^1/2

               LOW TAIL =   0.0E+000 +  0.0E+000*E

****************     ENERGY CALIBRATION RESULTS TABLE     ****************

                    Centroid      Centroid         Energy
                    Channel       error            (keV )
                      220.59        0.07             60.01
                      317.99        0.02             86.54
                      386.80        0.01            105.31
                      451.84        0.03            122.06
                     2426.14        0.01            661.66
                     3062.96        0.38            834.83

       *********     SHAPE CALIBRATION RESULTS TABLE      *********

             Energy     FWHM       FWHM         TAIL        TAIL
             (keV )     channels   error        channels    error
               60.01      3.13      0.17           0.00      0.00
               86.54      3.87      0.04           0.00      0.00
              105.31      3.88      0.01           0.00      0.00
              122.06      3.92      0.07           0.00      0.00
              661.66      5.34      0.01           0.00      0.00
              834.83      1.36      0.55           0.00      0.00
Efficiency Calibration Report             6/29/2018   1:31:22 PM   Page  6


**************************************************************************
*****   E F F I C I E N C Y   C A L I B R A T I O N    R E P O R T   *****
**************************************************************************

     Detector Name:  DSA1000A                        
     Sample Title:   Sample title.                                     

     Geometry Description:                 
     Efficiency Calibration Performed on:  6/23/2018   4:29:36 PM
                       by:                         
     Geometry Type Used:   INTERPOL        

                            Efficiency Triplets
                            ===================

                   Energy         Efficiency        Error

                     60.00         2.39E-002      2.06E-003
                     86.50         7.50E-002      1.86E-004
                    105.30         9.27E-002      2.42E-004
                    176.30         9.35E-002      6.01E-004
                    427.90         4.77E-002      2.21E-004
                    600.60         3.51E-002      2.22E-004
                    834.80         2.64E-002      2.00E-004
                   1173.20         1.87E-002      5.20E-005
                   1332.50         1.69E-002      4.80E-005

                      DUAL Efficiency Calibration Equation
                      ====================================

         Single Equation Terms ->   Offset:     -143.191
                                     Slope:       91.147
                                 Quadratic:      -21.757
                                     Cubic:        2.279
                                 4th Order:       -0.089
                                 5th Order:        0.000
                                 6th Order:        0.000
                                 7th Order:        0.000
                                 8th Order:        0.000
                                 9th Order:        0.000
Efficiency Calibration Report             6/29/2018   1:31:22 PM   Page  7


                      EMPIRICAL Efficiency Calibration Equation
                      =========================================

      Empirical Equation Terms ->  Scaling:      696.250
                                    Offset:       -3.494
                                     Slope:        0.899
                                 Quadratic:        0.043
                                     Cubic:        0.059
                                 4th Order:       -0.089
                                 5th Order:        0.000

                      LINEAR Efficiency Calibration Equation
                      ======================================

         Linear Equation Terms ->   Offset:       -0.000
                                     Slope:       -1.569
                                 Quadratic:      189.136
                                     Cubic:   -17233.867
                                 4th Order:   376762.938
                                 5th Order:        0.000
                                 6th Order:        0.000
                                 7th Order:        0.000
                                 8th Order:        0.000
                                 9th Order:        0.000
Peak-to-Total Calibration Report          6/29/2018   1:31:22 PM   Page  8


**************************************************************************
**   P E A K - T O - T O T A L   C A L I B R A T I O N   R E P O R T   ***
**************************************************************************

     Detector Name:  DSA1000A                        
     Sample Title:   Sample title.                                     


                  Peak-to-Total Calibration Equation
                  =============================================

                                 No Peak-to-Total Equation

Peak Locate Analysis Report             6/29/2018   1:31:22 PM     Page  9

**************************************************************************
*****             P E A K    L O C A T E    R E P O R T              *****
**************************************************************************

     Detector Name:  DSA1000A                        
     Sample Title:   Sample title.                                     
               Peak Locate Performed on:  6/29/2018   1:31:21 PM
               Peak Locate From Channel:      1
               Peak Locate To Channel:    65535
               Peak Search Sensitivity:     2.50

     Peak   Centroid    Centroid     Energy       Peak
      No.    Channel   Uncertainty   (keV)    Significance

       1       22.61      <NA>          5.91      <NA> 
       2       84.61      <NA>         22.83      <NA> 
       3      122.18      <NA>         33.08      <NA> 
       4      253.24      <NA>         68.84      <NA> 
       5      286.16      <NA>         77.82      <NA> 
       6      294.67      <NA>         80.14      <NA> 
       7      442.74      <NA>        120.54      <NA> 
       8      461.59      <NA>        125.68      <NA> 
       9      545.54      <NA>        148.58      <NA> 
      10      577.41      <NA>        157.28      <NA> 
      11      585.92      <NA>        159.60      <NA> 
      12      604.00      <NA>        164.53      <NA> 
      13      677.75      <NA>        184.66      <NA> 
      14      686.63      <NA>        187.08      <NA> 
      15      877.19      <NA>        239.07      <NA> 
      16      989.41      <NA>        269.68      <NA> 
      17     1023.95      <NA>        279.11      <NA> 
      18     1128.56      <NA>        307.65      <NA> 
      19     1157.42      <NA>        315.52      <NA> 
      20     1202.14      <NA>        327.72      <NA> 
      21     1254.29      <NA>        341.95      <NA> 
      22     1278.98      <NA>        348.69      <NA> 
      23     1312.78      <NA>        357.91      <NA> 
      24     1500.00      <NA>        408.33      <NA> 
      25     1503.00      <NA>        410.52      <NA> 
      26     1509.93      <NA>        411.73      <NA> 
      27     1656.33      <NA>        451.64      <NA> 
      28     1669.63      <NA>        455.26      <NA> 
      29     1732.14      <NA>        472.32      <NA> 
      30     1763.12      <NA>        480.77      <NA> 
      31     1954.60      <NA>        533.01      <NA> 
      32     2024.05      <NA>        551.96      <NA> 
      33     2040.86      <NA>        556.55      <NA> 
      34     2069.04      <NA>        564.23      <NA> 
      35     2247.29      <NA>        612.86      <NA> 
      36     2478.50      <NA>        675.94      <NA> 
      37     3020.21      <NA>        823.74      <NA> 
      38     3986.16      <NA>       1087.27      <NA> 
      39     5359.14      <NA>       1461.86      <NA> 

? = Adjacent peak noted

Errors quoted at  1.000 sigma
Peak Analysis Report             6/29/2018   1:31:22 PM            Page 10


**************************************************************************
*****           P E A K    A N A L Y S I S    R E P O R T            *****
**************************************************************************


     Detector Name:  DSA1000A                        
     Sample Title:   Sample title.                                     
     Peak Analysis Performed on:  6/29/2018   1:31:22 PM
               Peak Analysis From Channel:      1
               Peak Analysis To Channel:     8192

   Peak  ROI  ROI    Peak    Energy   FWHM  Net Peak  Net Area  Continuum 
    No. start end  centroid   (keV)   (keV)  Area     Uncert.    Counts 

    1    17-   28    22.61     5.91   1.49      1374.6   77.00   1.60E+003 
    2    81-   89    84.61    22.83   0.58        63.0   64.77   1.93E+003 
    3   119-  127   122.18    33.08   0.27        16.3   61.22   1.74E+003 
    4   238-  267   253.24    68.84   1.15      3267.5  175.52   5.80E+003 
    5   281-  290   286.16    77.82   0.71        13.0   73.69   2.35E+003 
    6   290-  307   294.67    80.14   0.86        74.6  112.89   3.85E+003 
    7   432-  446   442.74   120.54   0.34        39.3   82.67   2.36E+003 
    8   457-  466   461.59   125.68   0.27       -16.6   60.78   1.64E+003 
    9   542-  551   545.54   148.58   0.27       -37.7   61.60   1.70E+003 
   10   573-  581   577.41   157.28   0.28        27.4   59.92   1.67E+003 
   11   582-  590   585.92   159.60   0.32        14.2   62.95   1.85E+003 
   12   591-  612   604.00   164.53   0.27       144.6  130.63   4.51E+003 
   13   674-  682   677.75   184.66   0.28         5.8   61.05   1.74E+003 
   14   682-  690   686.63   187.08   0.38       -50.4   60.10   1.72E+003 
   15   871-  885   877.19   239.07   0.71        53.7  101.53   3.55E+003 
   16   985-  993   989.41   269.68   0.37         4.5   46.55   1.01E+003 
   17  1015- 1029  1023.95   279.11   0.29        61.8   63.83   1.39E+003 
   18  1125- 1132  1128.56   307.65   0.53        15.9   30.86   4.62E+002 
   19  1151- 1163  1157.42   315.52   0.78        27.8   43.20   6.97E+002 
   20  1197- 1206  1202.14   327.72   0.45        10.1   32.41   4.57E+002 
   21  1249- 1258  1254.29   341.95   0.27         2.8   32.85   4.73E+002 
   22  1273- 1284  1278.98   348.69   0.37        12.5   36.61   5.30E+002 
   23  1305- 1321  1312.78   357.91   0.36        30.8   48.32   7.35E+002 
 M 24  1490- 1519  1497.58   408.33   1.36        72.0   24.08   7.47E+002 
 m 25  1490- 1519  1505.62   410.52   1.36      3595.1  374.11   6.99E+002 
 m 26  1490- 1519  1510.06   411.73   1.36    113048.9  505.68   6.53E+002 
   27  1653- 1661  1656.33   451.64   0.27        -1.6    9.38   3.96E+001 
   28  1666- 1673  1669.63   455.26   0.32         2.8    7.65   2.72E+001 
   29  1729- 1737  1732.14   472.32   0.40        19.7    7.83   1.93E+001 
   30  1751- 1767  1763.12   480.77   0.42        26.8   15.93   7.23E+001 
   31  1950- 1959  1954.60   533.01   0.34         9.1    6.46   1.39E+001 
   32  2020- 2031  2024.05   551.96   0.27        -7.5    8.43   3.05E+001 
   33  2033- 2045  2040.86   556.55   0.51        13.3    6.29   9.75E+000 
   34  2065- 2074  2069.04   564.23   0.27        -2.0    5.64   1.50E+001 
   35  2243- 2252  2247.29   612.86   0.31        -0.6    6.00   1.36E+001 
   36  2469- 2488  2478.50   675.94   1.61       529.7   25.12   2.93E+001 
   37  3013- 3028  3020.21   823.74   1.00       100.5   11.55   1.05E+001 
   38  3981- 3998  3986.16  1087.27   2.27       115.8   11.08   2.16E+000 
   39  5354- 5365  5359.14  1461.86   0.35        23.2    5.52   2.83E+000 

M = First peak in a multiplet region
m = Other peak in a multiplet region
F = Fitted singlet
Peak Analysis Report             6/29/2018   1:31:22 PM            Page 11


Errors quoted at  1.000 sigma
Peak Analysis Report                    6/29/2018   1:31:22 PM          Page 12


*******************************************************************************
*****  S T A N D A R D   V M S   P E A K   A N A L Y S I S   R E P O R T  *****
*******************************************************************************

        Configuration Title:                                         
        Spectrum Title:              Sample title.            
        Peak Analysis Performed on:  6/29/18   1:31:22 PM
        Peak Analysis From Channel:      1    To Channel:     8192
        Peak Search Sensitivity:      2.50    Gaussian Sensitivity:  1.00
        Max Iterations: 15  Fit Singlets: No  Critical Level Test: No 
        Use Fixed FWHM: No  FWHM Reject:  No  FWHM Reject Ratio:  0.00 
        Peak Fit Engine Name: PANOLIN1        Continuum Type: STEP   

   Pk IT  Energy      Area   Bkgnd  FWHM Channel  Left  PW  Cts/Sec  %err   Fit

    1  0     5.91     1375    1599  1.49   22.61    17  12 2.3E+001   5.6   0.0
    2  0    22.83       63    1932  0.58   84.61    81   9 1.1E+000 102.8   0.0
    3  0    33.08       16    1742  0.27  122.18   119   9 2.7E-001 374.6   0.0
    4  0    68.84     3267    5798  1.15  253.24   238  30 5.4E+001   5.4   0.0
    5  0    77.82       13    2348  0.71  286.16   281  10 2.2E-001 567.1   0.0
    6  0    80.14       75    3846  0.86  294.67   290  18 1.2E+000 151.4   0.0
    7  0   120.54       39    2361  0.34  442.74   432  15 6.5E-001 210.4   0.0
    8  0   125.68      -17    1636  0.27  461.59   457  10-2.8E-001 -366.   0.0
    9  0   148.58      -38    1698  0.27  545.54   542  10-6.3E-001 -163.   0.0
   10  0   157.28       27    1667  0.28  577.41   573   9 4.6E-001 218.6   0.0
   11  0   159.60       14    1852  0.32  585.92   582   9 2.4E-001 444.5   0.0
   12  0   164.53      145    4508  0.27  604.00   591  22 2.4E+000  90.4   0.0
   13  0   184.66        6    1740  0.28  677.75   674   9 9.6E-002 1058.   0.0
   14  0   187.08      -50    1716  0.38  686.63   682   9-8.4E-001 -119.   0.0
   15  0   239.07       54    3550  0.71  877.19   871  15 9.0E-001 188.9   0.0
   16  0   269.68        5    1009  0.37  989.41   985   9 7.5E-002 1032.   0.0
   17  0   279.11       62    1392  0.29 1023.95  1015  15 1.0E+000 103.2   0.0
   18  0   307.65       16     462  0.53 1128.56  1125   8 2.7E-001 194.1   0.0
   19  0   315.52       28     697  0.78 1157.42  1151  13 4.6E-001 155.5   0.0
   20  0   327.72       10     457  0.45 1202.14  1197  10 1.7E-001 320.7   0.0
   21  0   341.95        3     473  0.27 1254.29  1249  10 4.6E-002 1183.   0.0
   22  0   348.69       12     530  0.37 1278.98  1273  12 2.1E-001 293.5   0.0
   23  0   357.91       31     735  0.36 1312.78  1305  17 5.1E-001 157.1   0.0
 M 24 32   408.33       72     747  1.36 1497.58  1490  30 1.2E+000  33.5   1.2
 m 25 32   410.52     3595     699  1.36 1505.62  1490  30 6.0E+001  10.4   1.2
 m 26 32   411.73   113049     653  1.36 1510.06  1490  30 1.9E+003   0.4   1.2
   27  0   451.64       -2      40  0.27 1656.33  1653   9-2.7E-002 -586.   0.0
   28  0   455.26        3      27  0.32 1669.63  1666   8 4.7E-002 273.3   0.0
   29  0   472.32       20      19  0.40 1732.14  1729   9 3.3E-001  39.7   0.0
   30  0   480.77       27      72  0.42 1763.12  1751  17 4.5E-001  59.6   0.0
   31  0   533.01        9      14  0.34 1954.60  1950  10 1.5E-001  70.8   0.0
   32  0   551.96       -8      31  0.27 2024.05  2020  12-1.3E-001 -112.   0.0
   33  0   556.55       13      10  0.51 2040.86  2033  13 2.2E-001  47.5   0.0
   34  0   564.23       -2      15  0.27 2069.04  2065  10-3.3E-002 -281.   0.0
   35  0   612.86       -1      14  0.31 2247.29  2243  10-1.0E-002 -975.   0.0
   36  0   675.94      530      29  1.61 2478.50  2469  20 8.8E+000   4.7   0.0
   37  0   823.74      101      10  1.00 3020.21  3013  16 1.7E+000  11.5   0.0
   38  0  1087.27      116       2  2.27 3986.16  3981  18 1.9E+000   9.6   0.0
Peak Analysis Report                    6/29/2018   1:31:22 PM          Page 13


   Pk IT  Energy      Area   Bkgnd  FWHM Channel  Left  PW  Cts/Sec  %err   Fit

   39  0  1461.86       23       3  0.35 5359.14  5354  12 3.9E-001  23.8   0.0

M = First peak in a multiplet region
m = Other peak in a multiplet region
F = Fitted singlet

Errors quoted at  1.000 sigma
Peak Analysis Report             6/29/2018   1:31:22 PM            Page 14


**************************************************************************
*****           P E A K    A N A L Y S I S    R E P O R T            *****
**************************************************************************


     Detector Name:  DSA1000A                        
     Sample Title:   Sample title.                                     
     Peak Analysis Performed on:  6/29/2018   1:31:22 PM
               Peak Analysis From Channel:      1
               Peak Analysis To Channel:     8192

   Peak  ROI  ROI   Energy   Net Peak Net Area  Continuum  Critical 
    No. start end    (keV)     Area    Uncert.    Counts     Level

    1    17-   28     5.91      1374.6   77.00   1.60E+003  1.11E+002 
    2    81-   89    22.83        63.0   64.77   1.93E+003  1.06E+002 
    3   119-  127    33.08        16.3   61.22   1.74E+003  1.00E+002 
    4   238-  267    68.84      3267.5  175.52   5.80E+003  2.73E+002 
    5   281-  290    77.82        13.0   73.69   2.35E+003  1.21E+002 
    6   290-  307    80.14        74.6  112.89   3.85E+003  1.85E+002 
    7   432-  446   120.54        39.3   82.67   2.36E+003  1.36E+002 
    8   457-  466   125.68       -16.6   60.78   1.64E+003  1.00E+002 
    9   542-  551   148.58       -37.7   61.60   1.70E+003  1.02E+002 
   10   573-  581   157.28        27.4   59.92   1.67E+003  9.82E+001 
   11   582-  590   159.60        14.2   62.95   1.85E+003  1.03E+002 
   12   591-  612   164.53       144.6  130.63   4.51E+003  2.14E+002 
   13   674-  682   184.66         5.8   61.05   1.74E+003  1.00E+002 
   14   682-  690   187.08       -50.4   60.10   1.72E+003  9.96E+001 
   15   871-  885   239.07        53.7  101.53   3.55E+003  1.67E+002 
   16   985-  993   269.68         4.5   46.55   1.01E+003  7.65E+001 
   17  1015- 1029   279.11        61.8   63.83   1.39E+003  1.04E+002 
   18  1125- 1132   307.65        15.9   30.86   4.62E+002  5.03E+001 
   19  1151- 1163   315.52        27.8   43.20   6.97E+002  7.05E+001 
   20  1197- 1206   327.72        10.1   32.41   4.57E+002  5.31E+001 
   21  1249- 1258   341.95         2.8   32.85   4.73E+002  5.40E+001 
   22  1273- 1284   348.69        12.5   36.61   5.30E+002  5.99E+001 
   23  1305- 1321   357.91        30.8   48.32   7.35E+002  7.90E+001 
 M 24  1490- 1519   408.33        72.0   24.08   7.47E+002  6.36E+001 
 m 25  1490- 1519   410.52      3595.1  374.11   6.99E+002  6.15E+001 
 m 26  1490- 1519   411.73    113048.9  505.68   6.53E+002  5.94E+001 
   27  1653- 1661   451.64        -1.6    9.38   3.96E+001  1.56E+001 
   28  1666- 1673   455.26         2.8    7.65   2.72E+001  1.23E+001 
   29  1729- 1737   472.32        19.7    7.83   1.93E+001  1.06E+001 
   30  1751- 1767   480.77        26.8   15.93   7.23E+001  2.48E+001 
   31  1950- 1959   533.01         9.1    6.46   1.39E+001  9.40E+000 
   32  2020- 2031   551.96        -7.5    8.43   3.05E+001  1.46E+001 
   33  2033- 2045   556.55        13.3    6.29   9.75E+000  8.44E+000 
   34  2065- 2074   564.23        -2.0    5.64   1.50E+001  9.56E+000 
   35  2243- 2252   612.86        -0.6    6.00   1.36E+001  9.96E+000 
   36  2469- 2488   675.94       529.7   25.12   2.93E+001  1.66E+001 
   37  3013- 3028   823.74       100.5   11.55   1.05E+001  9.43E+000 
   38  3981- 3998  1087.27       115.8   11.08   2.16E+000  4.32E+000 
   39  5354- 5365  1461.86        23.2    5.52   2.83E+000  4.44E+000 

M = First peak in a multiplet region
m = Other peak in a multiplet region
F = Fitted singlet
Peak Analysis Report             6/29/2018   1:31:22 PM            Page 15


Errors quoted at  1.000 sigma
Peak with NID Report             6/29/2018   1:31:22 PM            Page 16


**************************************************************************
*****           P E A K    W I T H   N I D    R E P O R T            *****
**************************************************************************


     Detector Name:  DSA1000A                        
     Sample Title:   Sample title.                                     
     Peak Analysis Performed on:  6/29/2018   1:31:22 PM
               Peak Analysis From Channel:      1
               Peak Analysis To Channel:     8192
     Tentative NID Library:   C:\GENIE2K\CAMFILES\NAA LIB LONG.NLB     
     Peak Match Tolerance :    3.000 keV

   Peak  ROI  ROI    Peak    Energy   Net Peak Net Area  Continuum  Tentative
    No. Start End  Centroid   (keV)     Area    Uncert.    Counts    Nuclide 

    1    17-   28    22.61     5.91  1.37E+003   77.00   1.60E+003   .....    
    2    81-   89    84.61    22.83  6.30E+001   64.77   1.93E+003   .....    
    3   119-  127   122.18    33.08  1.63E+001   61.22   1.74E+003   .....    
    4   238-  267   253.24    68.84  3.27E+003  175.52   5.80E+003   W-187    
    5   281-  290   286.16    77.82  1.30E+001   73.69   2.35E+003   AG-108m  
    6   290-  307   294.67    80.14  7.46E+001  112.89   3.85E+003   AG-108m  
    7   432-  446   442.74   120.54  3.93E+001   82.67   2.36E+003   SE-75    
                                                                     EU-152x  
                                                                     EU-154   
    8   457-  466   461.59   125.68 -1.66E+001   60.78   1.64E+003   BA-131   
                                                                     EU-154   
                                                                     LU-177x  
    9   542-  551   545.54   148.58 -3.77E+001   61.60   1.70E+003   TE-131x  
                                                                     PA-232   
   10   573-  581   577.41   157.28  2.74E+001   59.92   1.67E+003   TE-123m  
                                                                     RE-188   
   11   582-  590   585.92   159.60  1.42E+001   62.95   1.85E+003   TE-123m  
   12   591-  612   604.00   164.53  1.45E+002  130.63   4.51E+003   CE-139   
   13   674-  682   677.75   184.66  5.77E+000   61.05   1.74E+003   HO-166   
   14   682-  690   686.63   187.08 -5.04E+001   60.10   1.72E+003   XE-125   
                                                                     HO-166   
   15   871-  885   877.19   239.07  5.37E+001  101.53   3.55E+003   AS-77    
                                                                     TE-131x  
   16   985-  993   989.41   269.68  4.51E+000   46.55   1.01E+003   .....    
   17  1015- 1029  1023.95   279.11  6.18E+001   63.83   1.39E+003   HG-203   
                                                                     HG-197   
                                                                     SE-75    
                                                                     HO-166   
                                                                     LU-177x  
                                                                     BA-133   
   18  1125- 1132  1128.56   307.65  1.59E+001   30.86   4.62E+002   YB-169   
                                                                     IR-192   
                                                                     RH-105   
                                                                     BI-210x  
   19  1151- 1163  1157.42   315.52  2.78E+001   43.20   6.97E+002   IR-192   
   20  1197- 1206  1202.14   327.72  1.01E+001   32.41   4.57E+002   LU-177x  
                                                                     IR-194   
                                                                     LA-140   
   21  1249- 1258  1254.29   341.95  2.78E+000   32.85   4.73E+002   HF-175   
                                                                     PM-151   
                                                                     EU-152x  
Peak with NID Report             6/29/2018   1:31:22 PM            Page 17

   22  1273- 1284  1278.98   348.69  1.25E+001   36.61   5.30E+002   PT-197m  
                                                                     HF-181   
   23  1305- 1321  1312.78   357.91  3.08E+001   48.32   7.35E+002   BA-133   
 M 24  1490- 1519  1497.58   408.33  7.20E+001   24.08   7.47E+002   HO-166   
 m 25  1490- 1519  1505.62   410.52  3.60E+003  374.11   6.99E+002   HO-166   
                                                                     AU-198   
 m 26  1490- 1519  1510.06   411.73  1.13E+005  505.68   6.53E+002   AU-198   
                                                                     HO-166   
                                                                     LU-177x  
   27  1653- 1661  1656.33   451.64 -1.60E+000    9.38   3.96E+001   PA-232   
   28  1666- 1673  1669.63   455.26  2.80E+000    7.65   2.72E+001   PA-232   
   29  1729- 1737  1732.14   472.32  1.97E+001    7.83   1.93E+001   .....    
   30  1751- 1767  1763.12   480.77  2.68E+001   15.93   7.23E+001   W-187    
                                                                     HF-181   
   31  1950- 1959  1954.60   533.01  9.13E+000    6.46   1.39E+001   ND-147   
   32  2020- 2031  2024.05   551.96 -7.52E+000    8.43   3.05E+001   W-187    
                                                                     BR-82x   
   33  2033- 2045  2040.86   556.55  1.33E+001    6.29   9.75E+000   GE-77    
                                                                     IN-114m  
                                                                     BR-82x   
                                                                     AS-76    
   34  2065- 2074  2069.04   564.23 -2.00E+000    5.64   1.50E+001   SB-122   
                                                                     CS-134   
   35  2243- 2252  2247.29   612.86 -6.15E-001    6.00   1.36E+001   IR-192   
                                                                     AG-108m  
                                                                     RU-103   
   36  2469- 2488  2478.50   675.94  5.30E+002   25.12   2.93E+001   AG-110m  
   37  3013- 3028  3020.21   823.74  1.01E+002   11.55   1.05E+001   .....    
   38  3981- 3998  3986.16  1087.27  1.16E+002   11.08   2.16E+000   EU-152x  
                                                                     GE-77    
Peak with NID Report             6/29/2018   1:31:22 PM            Page 18


   Peak  ROI  ROI    Peak    Energy   Net Peak Net Area  Continuum  Tentative
    No. start end  centroid   (keV)     Area    Uncert.    Counts    Nuclide 

   39  5354- 5365  5359.14  1461.86  2.32E+001    5.52   2.83E+000   .....    

M = First peak in a multiplet region
m = Other peak in a multiplet region
F = Fitted singlet

Errors quoted at  1.000 sigma
Peak Efficiency Report             6/29/2018   1:31:22 PM          Page 19


**************************************************************************
*****         P E A K    E F F I C I E N C Y    R E P O R T          *****
**************************************************************************

     Detector Name:  DSA1000A                        
     Sample Title:   Sample title.                                     
     Peak Analysis Performed on:  6/29/2018   1:31:22 PM


 Peak  Energy   Net Peak  Net Area       Peak     Efficiency
 No.   (keV)      Area   Uncertainty  Efficiency  Uncertainty

    1     5.91  1.37E+003    77.00     2.39E-002    2.06E-003
    2    22.83  6.30E+001    64.77     2.39E-002    2.06E-003
    3    33.08  1.63E+001    61.22     2.39E-002    2.06E-003
    4    68.84  3.27E+003   175.52     3.67E-002    8.34E-004
    5    77.82  1.30E+001    73.69     5.39E-002    3.73E-004
    6    80.14  7.46E+001   112.89     5.91E-002    3.08E-004
    7   120.54  3.93E+001    82.67     9.29E-002    3.07E-004
    8   125.68 -1.66E+001    60.78     9.30E-002    3.30E-004
    9   148.58 -3.77E+001    61.60     9.33E-002    4.44E-004
   10   157.28  2.74E+001    59.92     9.33E-002    4.91E-004
   11   159.60  1.42E+001    62.95     9.34E-002    5.04E-004
   12   164.53  1.45E+002   130.63     9.34E-002    5.32E-004
   13   184.66  5.77E+000    61.05     9.03E-002    5.70E-004
   14   187.08 -5.04E+001    60.10     8.94E-002    5.62E-004
   15   239.07  5.37E+001   101.53     7.42E-002    4.26E-004
   16   269.68  4.51E+000    46.55     6.77E-002    3.72E-004
   17   279.11  6.18E+001    63.83     6.60E-002    3.58E-004
   18   307.65  1.59E+001    30.86     6.13E-002    3.20E-004
   19   315.52  2.78E+001    43.20     6.01E-002    3.11E-004
   20   327.72  1.01E+001    32.41     5.84E-002    2.98E-004
   21   341.95  2.78E+000    32.85     5.65E-002    2.84E-004
   22   348.69  1.25E+001    36.61     5.57E-002    2.78E-004
   23   357.91  3.08E+001    48.32     5.46E-002    2.70E-004
 M 24   408.33  7.20E+001    24.08     4.94E-002    2.33E-004
 m 25   410.52  3.60E+003   374.11     4.92E-002    2.31E-004
 m 26   411.73  1.13E+005   505.68     4.91E-002    2.30E-004
   27   451.64 -1.60E+000     9.38     4.54E-002    2.21E-004
   28   455.26  2.80E+000     7.65     4.51E-002    2.21E-004
   29   472.32  1.97E+001     7.83     4.36E-002    2.21E-004
   30   480.77  2.68E+001    15.93     4.29E-002    2.21E-004
   31   533.01  9.13E+000     6.46     3.91E-002    2.22E-004
   32   551.96 -7.52E+000     8.43     3.79E-002    2.22E-004
   33   556.55  1.33E+001     6.29     3.76E-002    2.22E-004
   34   564.23 -2.00E+000     5.64     3.72E-002    2.22E-004
   35   612.86 -6.15E-001     6.00     3.45E-002    2.21E-004
   36   675.94  5.30E+002    25.12     3.17E-002    2.14E-004
   37   823.74  1.01E+002    11.55     2.67E-002    2.00E-004
   38  1087.27  1.16E+002    11.08     2.02E-002    7.03E-005
   39  1461.86  2.32E+001     5.52     1.69E-002    4.80E-005


M = First peak in a multiplet region
m = Other peak in a multiplet region
F = Fitted singlet

Peak Efficiency Report             6/29/2018   1:31:22 PM          Page 20

Errors quoted at  1.000 sigma
No background subtract performed on this spectrum.
Area Correction Report                 6/29/2018   1:31:22 PM      Page 21

No area correction performed on this spectrum.

*************************************************************************
*****   N U C L I D E   I D E N T I F I C A T I O N   R E P O R T   *****
*************************************************************************

     Sample Title:         Sample title.                           
     Nuclide Library Used: C:\GENIE2K\CAMFILES\NAA LIB LONG.NLB    

   ....................    IDENTIFIED NUCLIDES     ....................

   Nuclide    Id       Energy   Yield     Activity     Activity
   Name    Confidence  (keV)     (%)     (uCi/Unit)   Uncertainty

   AS-76     0.721    559.10*   45.00    3.526E-004   1.682E-004
                      657.05     6.20
   AS-77     1.000    239.01*    1.59    2.052E-002   3.889E-002
   SB-122    1.000    564.24*   69.30   -3.498E-005   9.857E-005
   TE-123m   0.994    159.00*   84.00    8.133E-005   3.616E-004
   XE-125    0.463    188.43*   54.90   -4.624E-004   5.519E-004
                      243.40    28.80
   BA-133    0.491    276.40*    7.16    5.894E-003   6.084E-003
                      302.85    18.33
                      356.02*   62.05    4.087E-004   6.423E-004
                      383.85     8.94
   CE-139    0.970    165.85*   79.89    8.726E-004   7.885E-004
   EU-152x   0.331    121.78*   28.40    6.705E-004   1.411E-003
                      244.70     7.49
                      344.28*   26.60    8.312E-005   9.839E-004
                      778.90    12.96
                      964.13    14.34
                     1085.91*    9.92    2.603E-002   2.526E-003
                     1112.12    13.55
                     1408.01    20.87
   HO-166    0.267    184.41*   72.00    3.996E-005   4.230E-004
                      280.45*   29.50    1.431E-003   1.478E-003
                      410.93*   11.20    2.938E-001   3.235E-002
                      529.80     9.60
                      570.98     5.46
                      670.49     5.44
                      711.68    54.70
                      752.27    12.20
                      810.28    57.50
                      830.57     9.70
   HF-181    0.286    133.02    43.30
                      136.26     5.85
                      345.93*   15.12    6.670E-004   1.958E-003
                      482.18*   80.50    3.487E-004   2.077E-004
   RE-188    0.914    155.03*   14.90    8.880E-004   1.942E-003
   IR-192    0.358    295.96    28.67
                      308.46*   30.00    3.897E-004   7.564E-004
                      316.51*   82.81    2.515E-004   3.910E-004
                      468.07    47.83
                      604.41     8.23
                      612.47*    5.31   -1.513E-004   1.475E-003
   IR-194    0.991    328.45*   13.10    5.952E-004   1.911E-003
Nuclide Identification Report        6/29/2018   1:31:22 PM        Page 22


   Nuclide    Id       Energy   Yield    Activity     Activity
   Name    Confidence  (keV)     (%)    (uCi/Unit)   Uncertainty

   PT-197m   0.919    346.50*   11.10    9.121E-004   2.677E-003
   AU-198    1.000    411.80*   95.58    1.085E+000   7.167E-003
   HG-203    1.000    279.20*   81.46    5.184E-004   5.351E-004

       * = Energy line found in the spectrum.
       Energy Tolerance :    3.000 keV
       Nuclide confidence index threshold =   0.05
       Errors quoted at  1.000 sigma

Nuclide Identification Report        6/29/2018   1:31:22 PM        Page 23


   **********   U N I D E N T I F I E D   P E A K S   **********

               Peak Locate Performed on:  6/29/2018   1:31:21 PM
               Peak Locate From Channel:      1
               Peak Locate To Channel:    65535

       Peak   Energy           Peak Size in        Peak CPS
        No.   (keV)          Counts per Second   % Uncertainty

         1     5.91             2.2910E+001           5.60
         2    22.83             1.0500E+000         102.81
         3    33.08             2.7238E-001         374.61
         4    68.84             5.4458E+001           5.37
         5    77.82             2.1658E-001         567.08
         6    80.14             1.2425E+000         151.42
         8   125.68            -2.7655E-001        -366.30
         9   148.58            -6.2819E-001        -163.44
        16   269.68             7.5107E-002        1032.93
      M 24   408.33             1.1992E+000          33.46
        27   451.64            -2.6645E-002        -586.87
        28   455.26             4.6667E-002         273.25
        29   472.32             3.2874E-001          39.69
        31   533.01             1.5217E-001          70.80
        32   551.96            -1.2536E-001        -112.05
        36   675.94             8.8281E+000           4.74
        37   823.74             1.6756E+000          11.49
        39  1461.86             3.8622E-001          23.81

       M = First peak in a multiplet region
       m = Other peak in a multiplet region
       F = Fitted singlet

       Errors quoted at  1.000 sigma
Interference Corrected Activity Report    6/29/2018   1:31:22 PM   Page 24


*************************************************************************
*****   N U C L I D E   I D E N T I F I C A T I O N   R E P O R T   *****
*************************************************************************

     Sample Title:         Sample title.                           
     Nuclide Library Used: C:\GENIE2K\CAMFILES\NAA LIB LONG.NLB    

   ....................    IDENTIFIED NUCLIDES     ....................

   Nuclide    Id       Energy    Yield     Activity     Activity
   Name    Confidence  (keV)      (%)     (uCi/Unit)   Uncertainty

   AS-76     0.721    559.10*    45.00   3.52571E-004  1.68176E-004
                      657.05      6.20
   AS-77     1.000    239.01*     1.59   2.05237E-002  3.88948E-002
   SB-122    1.000    564.24*    69.30  -3.49823E-005  9.85652E-005
   TE-123m   0.994    159.00*    84.00   8.13337E-005  3.61562E-004
   XE-125    0.463    188.43*    54.90  -4.62367E-004  5.51926E-004
                      243.40     28.80
   BA-133    0.491    276.40*     7.16   5.89412E-003  6.08437E-003
                      302.85     18.33
                      356.02*    62.05   4.08737E-004  6.42253E-004
                      383.85      8.94
   CE-139    0.970    165.85*    79.89   8.72577E-004  7.88519E-004
   EU-152x   0.331    121.78*    28.40   6.70451E-004  1.41069E-003
                      244.70      7.49
                      344.28*    26.60   8.31206E-005  9.83885E-004
                      778.90     12.96
                      964.13     14.34
                     1085.91*     9.92   2.60328E-002  2.52650E-003
                     1112.12     13.55
                     1408.01     20.87
   HO-166    0.267    184.41*    72.00   3.99608E-005  4.23032E-004
                      280.45*    29.50   1.43137E-003  1.47821E-003
                      410.93*    11.20   2.93816E-001  3.23547E-002
                      529.80      9.60
                      570.98      5.46
                      670.49      5.44
                      711.68     54.70
                      752.27     12.20
                      810.28     57.50
                      830.57      9.70
   HF-181    0.286    133.02     43.30
                      136.26      5.85
                      345.93*    15.12   6.67007E-004  1.95782E-003
                      482.18*    80.50   3.48650E-004  2.07660E-004
   RE-188    0.914    155.03*    14.90   8.87986E-004  1.94181E-003
   IR-192    0.358    295.96     28.67
                      308.46*    30.00   3.89690E-004  7.56399E-004
                      316.51*    82.81   2.51452E-004  3.90975E-004
                      468.07     47.83
                      604.41      8.23
                      612.47*     5.31  -1.51269E-004  1.47538E-003
   IR-194    0.991    328.45*    13.10   5.95221E-004  1.91073E-003
Interference Corrected Activity Report    6/29/2018   1:31:22 PM   Page 25


   Nuclide    Id       Energy    Yield    Activity     Activity
   Name    Confidence  (keV)      (%)    (uCi/Unit)   Uncertainty

   PT-197m   0.919    346.50*    11.10   9.12129E-004  2.67741E-003
   AU-198    1.000    411.80*    95.58   1.08517E+000  7.16710E-003
   HG-203    1.000    279.20*    81.46   5.18362E-004  5.35092E-004

       * = Energy line found in the spectrum.
       @ = Energy line not used for Weighted Mean Activity
       Energy Tolerance :    3.000 keV
       Nuclide confidence index threshold =   0.05
       Errors quoted at  1.000 sigma

Interference Corrected Activity Report    6/29/2018   1:31:22 PM   Page 26


*************************************************************************
*****   I N T E R F E R E N C E   C O R R E C T E D   R E P O R T   *****
*************************************************************************


                 Nuclide       Wt mean         Wt mean
       Nuclide     Id          Activity        Activity
       Name     Confidence    (uCi/Unit)      Uncertainty

       AS-76      0.721      3.525710E-004   1.681760E-004
       AS-77      1.000      2.052375E-002   3.889482E-002
       SB-122     1.000     -3.498226E-005   9.856524E-005
       TE-123m    0.994      8.133368E-005   3.615615E-004
       XE-125     0.463     -4.623671E-004   5.519261E-004
       BA-133     0.491      4.087374E-004   6.422513E-004
       CE-139     0.970      8.725766E-004   7.885192E-004
    X  PM-151     0.252
       EU-152x    0.331      2.659929E-003   7.687329E-004
    X  EU-154     0.066
       HO-166     0.267      9.607459E-005   4.229897E-004
    X  HF-175     0.963
       HF-181     0.286      3.486504E-004   2.076484E-004
       RE-188     0.914      8.879862E-004   1.941811E-003
       IR-192     0.358      2.805988E-004   3.473206E-004
       IR-194     0.991      5.952215E-004   1.910725E-003
       PT-197m    0.919      4.353511E-004   2.692312E-003
       AU-198     1.000      1.085168E+000   7.167100E-003
       HG-203     1.000      4.476223E-004   5.594440E-004

       ? = nuclide is part of an undetermined solution
       X = nuclide rejected by the interference analysis
       @ = nuclide contains energy lines not used in Weighted Mean Activity

       Errors quoted at  1.000 sigma

Interference Corrected Activity Report    6/29/2018   1:31:22 PM   Page 27


   **********   U N I D E N T I F I E D   P E A K S   **********

               Peak Locate Performed on:  6/29/2018   1:31:21 PM
               Peak Locate From Channel:      1
               Peak Locate To Channel:    65535

       Peak   Energy           Peak Size in        Peak CPS
        No.   (keV)          Counts per Second   % Uncertainty

         1     5.91             2.2910E+001           5.60
         2    22.83             1.0500E+000         102.81
         3    33.08             2.7238E-001         374.61
         4    68.84             5.4458E+001           5.37
         5    77.82             2.1658E-001         567.08
         6    80.14             1.2425E+000         151.42
         8   125.68            -2.7655E-001        -366.30
         9   148.58            -6.2819E-001        -163.44
        16   269.68             7.5107E-002        1032.93
      M 24   408.33             1.1992E+000          33.46
        27   451.64            -2.6645E-002        -586.87
        28   455.26             4.6667E-002         273.25
        29   472.32             3.2874E-001          39.69
        31   533.01             1.5217E-001          70.80
        32   551.96            -1.2536E-001        -112.05
        36   675.94             8.8281E+000           4.74
        37   823.74             1.6756E+000          11.49
        39  1461.86             3.8622E-001          23.81

       M = First peak in a multiplet region
       m = Other peak in a multiplet region
       F = Fitted singlet

       Errors quoted at  1.000 sigma
Nuclide MDA Report                      6/29/2018   1:31:23 PM     Page 28


No MDA analysis results available for reporting purposes
Nuclide MDA Report                      6/29/2018   1:31:23 PM     Page 29


No MDA analysis results available for reporting purposes
Action Level Summary Report             6/29/2018   1:31:23 PM     Page 30


No Action Level results available for reporting purposes
Auto Gain Adjust                     6/29/2018   1:31:23 PM       Page 31


*************************************************************************
*****                 A U T O  G A I N   A D J U S T                *****
*************************************************************************

Report Generated On:                               6/29/2018   1:31:23 PM


Status:                                                                 
No AGA results for reporting.


This report is valid only if a Certificate was the source of the true values.


Status:                                                                 
No AGA results for reporting.

