*************************************************************************
*****        G A M M A   S P E C T R U M    A N A L Y S I S         *****
*************************************************************************


Filename: DSA1000A                                                     

Report Generated On             : 6/25/2018   3:49:52 PM

Sample Title                    : Sample title.                          
Sample Description              :                                 
Sample Identification           :                 
Sample Type                     :                 
Sample Geometry                 :                 

Peak Locate Threshold           :  2.50
Peak Locate Range (in channels) :     1 - 65535
Peak Area Range (in channels)   :   100 -  8172
Identification Energy Tolerance :    3.000 keV

Sample Size                     :  1.000E+000 Unit    

Sample Taken On                 :                       
Acquisition Started             : 6/25/2018   3:43:17 PM

Live Time                       :      300.0 seconds
Real Time                       :      349.9 seconds

Dead Time                       :  14.27 %


              Energy Calibration Used Done On       : 6/23/2018 
              Efficiency Calibration Used Done On   : 6/23/2018 
              Efficiency ID                         :                        

Peak Analysis Report             6/25/2018   3:49:53 PM            Page  2


**************************************************************************
*****           P E A K    A N A L Y S I S    R E P O R T            *****
**************************************************************************


     Detector Name:  DSA1000A                        
     Sample Title:   Sample title.                                     
     Peak Analysis Performed on:  6/25/2018   3:49:53 PM
               Peak Analysis From Channel:      1
               Peak Analysis To Channel:     8192

   Peak  ROI  ROI    Peak    Energy   FWHM  Net Peak  Net Area  Continuum 
    No. start end  centroid   (keV)   (keV)  Area     Uncert.    Counts 

 M  1    18-   66    24.43     6.41   1.29      8875.7  130.94   2.49E+003 
 m  2    18-   66    29.83     7.89   1.30      8469.3  143.64   5.46E+003 
 m  3    18-   66    35.09     9.32   1.30      7531.6  151.48   1.01E+004 
 m  4    18-   66    40.45    10.78   1.31      6937.3  167.04   1.37E+004 
 m  5    18-   66    45.60    12.19   1.32      6226.8  172.04   1.79E+004 
 m  6    18-   66    50.99    13.66   1.33      5016.7  166.47   2.41E+004 
 m  7    18-   66    56.89    15.27   1.33      3255.0  155.92   2.97E+004 
    8    67-   75    71.19    19.17   0.95       216.3  213.38   2.12E+004 
    9   102-  107   104.76    28.33   0.31       117.2  150.24   1.27E+004 
 M 10   229-  267   237.42    64.52   1.26       502.2  138.72   2.86E+004 
 m 11   229-  267   243.41    66.16   1.27      1351.9  428.25   2.86E+004 
 m 12   229-  267   246.92    67.11   1.27      8430.9  415.28   2.87E+004 
 m 13   229-  267   253.27    68.84   1.27     21158.6  225.21   2.88E+004 
 m 14   229-  267   260.47    70.81   1.27     12562.1  178.76   2.89E+004 
   15   270-  290   286.35    77.87   0.81     -1567.3  428.16   5.07E+004 
   16   290-  301   294.63    80.13   0.93      2021.9  275.58   2.89E+004 
   17   303-  316   311.50    84.73   1.02       577.3  264.67   2.52E+004 
   18   412-  420   415.18   113.02   0.59        33.7  180.64   1.52E+004 
   19   513-  524   517.51   140.94   0.37       254.3  225.86   2.02E+004 
   20   525-  537   533.94   145.42   0.27      -188.8  242.05   2.23E+004 
   21   688-  695   691.39   188.37   0.72        72.4  179.49   1.59E+004 
   22   775-  790   781.54   212.97   0.36       199.3  317.98   3.35E+004 
   23   896-  903   899.68   245.20   0.65      -113.5  205.73   2.11E+004 
 M 24   913-  935   924.05   251.85   4.11      3171.3  156.50   5.17E+004 
 m 25   913-  935   934.91   254.81   4.11       580.9  137.21   5.17E+004 
   26  1085- 1102  1093.07   297.97   0.60       401.2  203.44   1.26E+004 
   27  1182- 1189  1185.44   323.16   0.31        43.6   89.97   3.99E+003 
   28  1191- 1205  1199.46   326.99   0.32       -28.3  145.33   7.34E+003 
   29  1217- 1228  1221.93   333.12   0.63        -3.4  118.97   5.64E+003 
 M 30  1489- 1544  1509.78   411.65   1.53   1202112.1 1101.06   6.91E+003 
 m 31  1489- 1544  1521.72   414.91   1.54      2583.1   77.96   5.14E+003 
   32  1638- 1653  1643.57   448.16   0.31        -0.9   66.50   1.47E+003 
   33  1658- 1668  1662.38   453.29   0.45       -13.7   45.07   8.56E+002 
   34  1706- 1717  1712.28   466.90   0.64       -66.8   41.20   7.02E+002 
   35  1758- 1767  1761.41   480.30   1.33       180.0   38.84   5.85E+002 
   36  1831- 1846  1836.88   500.89   0.28       -37.1   38.58   5.05E+002 
   37  2064- 2082  2070.00   564.50   0.36        49.6   34.64   3.39E+002 
   38  2110- 2119  2114.57   576.65   0.70        14.6   20.70   1.83E+002 
   39  2165- 2178  2169.72   591.70   0.49         3.9   25.21   2.29E+002 
   40  2188- 2198  2193.40   598.16   0.40        34.8   21.31   1.75E+002 
   41  2226- 2245  2235.43   609.63   0.47         5.9   34.68   3.39E+002 
   42  2346- 2366  2351.19   641.21   0.32        25.7   33.34   2.99E+002 
Peak Analysis Report             6/25/2018   3:49:53 PM            Page  3


   Peak  ROI  ROI    Peak    Energy   FWHM  Net Peak  Net Area  Continuum 
    No. start end  centroid   (keV)   (keV)  Area     Uncert.    Counts 

   43  2461- 2488  2478.05   675.82   1.69      6154.4   87.45   3.21E+002 
   44  2520- 2529  2524.50   688.49   0.27       -11.9   14.59   9.89E+001 
   45  2613- 2622  2617.84   713.96   0.40        20.5   11.96   5.35E+001 
   46  2649- 2660  2655.30   724.18   0.56         7.0   12.88   6.10E+001 
   47  2805- 2814  2809.95   766.37   0.43       -11.8   11.52   6.38E+001 
   48  2881- 2890  2885.76   787.05   0.27        -7.0   10.92   5.50E+001 
   49  2986- 2995  2990.92   815.75   0.87        -6.1   11.86   6.51E+001 
   50  3007- 3030  3019.62   823.58   1.73      2142.8   53.78   1.85E+002 
   51  3055- 3065  3060.41   834.70   0.27        -7.1   11.32   5.61E+001 
   52  3078- 3087  3082.22   840.66   0.27       -12.5   10.82   5.75E+001 
   53  3125- 3134  3129.35   853.51   0.79         4.4    9.58   3.86E+001 
   54  3282- 3291  3286.53   896.40   0.27         6.1    8.05   2.59E+001 
   55  3362- 3371  3366.73   918.28   0.71         4.8    6.80   1.72E+001 
   56  3437- 3446  3441.31   938.62   0.55         4.0    7.11   2.00E+001 
   57  3490- 3509  3504.05   955.74   0.40        10.6   11.90   3.74E+001 
   58  3910- 3919  3914.71  1067.78   0.27        -0.3    5.74   1.33E+001 
   59  3976- 4000  3988.94  1088.03   1.91      1152.9   35.29   2.21E+001 
   60  4015- 4035  4024.70  1097.79   1.55       149.4   14.77   1.86E+001 
   61  4072- 4081  4076.58  1111.94   0.00        12.5    4.33   2.50E+000 
   62  4146- 4155  4150.87  1132.21   0.29         1.2    5.74   9.82E+000 
   63  4735- 4755  4744.81  1294.25   1.94       152.5   12.69   2.45E+000 
   64  5348- 5367  5357.66  1461.45   1.77       105.4   10.70   2.55E+000 
   65  5525- 5536  5530.37  1508.57   0.38        14.0    4.64   3.00E+000 

M = First peak in a multiplet region
m = Other peak in a multiplet region
F = Fitted singlet

Errors quoted at  1.000 sigma
Nuclide Identification Report        6/25/2018   3:49:54 PM        Page  4


No nuclide identification results available for reporting purposes
*************************************************************************
*****        G A M M A   S P E C T R U M    A N A L Y S I S         *****
*************************************************************************


Filename: DSA1000A                                                     

Report Generated On             : 6/25/2018   3:49:54 PM

Sample Title                    : Sample title.                          
Sample Description              :                                 
Sample Identification           :                 
Sample Type                     :                 
Sample Geometry                 :                 

Peak Locate Threshold           :  2.50
Peak Locate Range (in channels) :     1 - 65535
Peak Area Range (in channels)   :     1 -  8192
Identification Energy Tolerance :    3.000 keV

Sample Size                     :  1.000E+000 Unit    

Sample Taken On                 :                       
Acquisition Started             : 6/25/2018   3:43:17 PM

Live Time                       :      300.0 seconds
Real Time                       :      349.9 seconds

Dead Time                       :  14.27 %


              Energy Calibration Used Done On       : 6/23/2018 
              Efficiency Calibration Used Done On   : 6/23/2018 
              Efficiency ID                         :                        

Energy Calibration Report            6/25/2018   3:49:54 PM       Page  5


**************************************************************************
*****       E N E R G Y   C A L I B R A T I O N   R E P O R T        *****
**************************************************************************

     Detector Name:  DSA1000A                        
     Sample Title:   Sample title.                                     

       *************  ENERGY CALIBRATION COEFFICIENTS  *************

               Energy Calibrate Performed on:  6/23/2018  12:56:08 PM
                       by:                       
               Energy Calibrate Type:          POLY    

   Energy(keV) =    -0.253 +     0.273*ch +  0.00E+000*ch^2 +  0.00E+000*ch^3

       *************  SHAPE CALIBRATION COEFFICIENTS   *************

               Shape Calibrate Performed on:  6/23/2018  12:56:08 PM
                       by:                        

               FWHM     =     0.795  +   0.026*E^1/2

               LOW TAIL =   0.0E+000 +  0.0E+000*E

****************     ENERGY CALIBRATION RESULTS TABLE     ****************

                    Centroid      Centroid         Energy
                    Channel       error            (keV )
                      220.59        0.07             60.01
                      317.99        0.02             86.54
                      386.80        0.01            105.31
                      451.84        0.03            122.06
                     2426.14        0.01            661.66
                     3062.96        0.38            834.83

       *********     SHAPE CALIBRATION RESULTS TABLE      *********

             Energy     FWHM       FWHM         TAIL        TAIL
             (keV )     channels   error        channels    error
               60.01      3.13      0.17           0.00      0.00
               86.54      3.87      0.04           0.00      0.00
              105.31      3.88      0.01           0.00      0.00
              122.06      3.92      0.07           0.00      0.00
              661.66      5.34      0.01           0.00      0.00
              834.83      1.36      0.55           0.00      0.00
Efficiency Calibration Report             6/25/2018   3:49:54 PM   Page  6


**************************************************************************
*****   E F F I C I E N C Y   C A L I B R A T I O N    R E P O R T   *****
**************************************************************************

     Detector Name:  DSA1000A                        
     Sample Title:   Sample title.                                     

     Geometry Description:                 
     Efficiency Calibration Performed on:  6/23/2018   4:29:36 PM
                       by:                         
     Geometry Type Used:   INTERPOL        

                            Efficiency Triplets
                            ===================

                   Energy         Efficiency        Error

                     60.00         2.39E-002      2.06E-003
                     86.50         7.50E-002      1.86E-004
                    105.30         9.27E-002      2.42E-004
                    176.30         9.35E-002      6.01E-004
                    427.90         4.77E-002      2.21E-004
                    600.60         3.51E-002      2.22E-004
                    834.80         2.64E-002      2.00E-004
                   1173.20         1.87E-002      5.20E-005
                   1332.50         1.69E-002      4.80E-005

                      DUAL Efficiency Calibration Equation
                      ====================================

         Single Equation Terms ->   Offset:     -143.191
                                     Slope:       91.147
                                 Quadratic:      -21.757
                                     Cubic:        2.279
                                 4th Order:       -0.089
                                 5th Order:        0.000
                                 6th Order:        0.000
                                 7th Order:        0.000
                                 8th Order:        0.000
                                 9th Order:        0.000
Efficiency Calibration Report             6/25/2018   3:49:54 PM   Page  7


                      EMPIRICAL Efficiency Calibration Equation
                      =========================================

      Empirical Equation Terms ->  Scaling:      696.250
                                    Offset:       -3.494
                                     Slope:        0.899
                                 Quadratic:        0.043
                                     Cubic:        0.059
                                 4th Order:       -0.089
                                 5th Order:        0.000

                      LINEAR Efficiency Calibration Equation
                      ======================================

         Linear Equation Terms ->   Offset:       -0.000
                                     Slope:       -1.569
                                 Quadratic:      189.136
                                     Cubic:   -17233.867
                                 4th Order:   376762.938
                                 5th Order:        0.000
                                 6th Order:        0.000
                                 7th Order:        0.000
                                 8th Order:        0.000
                                 9th Order:        0.000
Peak-to-Total Calibration Report          6/25/2018   3:49:54 PM   Page  8


**************************************************************************
**   P E A K - T O - T O T A L   C A L I B R A T I O N   R E P O R T   ***
**************************************************************************

     Detector Name:  DSA1000A                        
     Sample Title:   Sample title.                                     


                  Peak-to-Total Calibration Equation
                  =============================================

                                 No Peak-to-Total Equation

Peak Locate Analysis Report             6/25/2018   3:49:54 PM     Page  9

**************************************************************************
*****             P E A K    L O C A T E    R E P O R T              *****
**************************************************************************

     Detector Name:  DSA1000A                        
     Sample Title:   Sample title.                                     
               Peak Locate Performed on:  6/25/2018   3:49:52 PM
               Peak Locate From Channel:      1
               Peak Locate To Channel:    65535
               Peak Search Sensitivity:     2.50

     Peak   Centroid    Centroid     Energy       Peak
      No.    Channel   Uncertainty   (keV)    Significance

       1       22.58      <NA>          6.41      <NA> 
       2       29.66      <NA>          7.89      <NA> 
       3       32.00      <NA>          9.32      <NA> 
       4       42.53      <NA>         10.78      <NA> 
       5       48.46      <NA>         12.19      <NA> 
       6       56.33      <NA>         13.66      <NA> 
       7       63.60      <NA>         15.27      <NA> 
       8       71.19      <NA>         19.17      <NA> 
       9      104.76      <NA>         28.33      <NA> 
      10      237.00      <NA>         64.52      <NA> 
      11      242.00      <NA>         66.16      <NA> 
      12      246.53      <NA>         67.11      <NA> 
      13      253.23      <NA>         68.84      <NA> 
      14      260.48      <NA>         70.81      <NA> 
      15      286.35      <NA>         77.87      <NA> 
      16      294.63      <NA>         80.13      <NA> 
      17      311.50      <NA>         84.73      <NA> 
      18      415.18      <NA>        113.02      <NA> 
      19      517.51      <NA>        140.94      <NA> 
      20      533.94      <NA>        145.42      <NA> 
      21      691.39      <NA>        188.37      <NA> 
      22      781.54      <NA>        212.97      <NA> 
      23      899.68      <NA>        245.20      <NA> 
      24      916.53      <NA>        251.85      <NA> 
      25      926.56      <NA>        254.81      <NA> 
      26     1093.07      <NA>        297.97      <NA> 
      27     1185.44      <NA>        323.16      <NA> 
      28     1199.46      <NA>        326.99      <NA> 
      29     1221.93      <NA>        333.12      <NA> 
      30     1509.71      <NA>        411.65      <NA> 
      31     1525.00      <NA>        414.91      <NA> 
      32     1643.57      <NA>        448.16      <NA> 
      33     1662.38      <NA>        453.29      <NA> 
      34     1712.28      <NA>        466.90      <NA> 
      35     1761.41      <NA>        480.30      <NA> 
      36     1836.88      <NA>        500.89      <NA> 
      37     2070.00      <NA>        564.50      <NA> 
      38     2114.57      <NA>        576.65      <NA> 
      39     2169.72      <NA>        591.70      <NA> 
      40     2193.40      <NA>        598.16      <NA> 
      41     2235.43      <NA>        609.63      <NA> 
Peak Locate Analysis Report             6/25/2018   3:49:54 PM     Page 10


     Peak   Centroid    Centroid     Energy       Peak
      No.    Channel   Uncertainty   (keV)    Significance

      42     2351.19      <NA>        641.21      <NA> 
      43     2478.05      <NA>        675.82      <NA> 
      44     2524.50      <NA>        688.49      <NA> 
      45     2617.84      <NA>        713.96      <NA> 
      46     2655.30      <NA>        724.18      <NA> 
      47     2809.95      <NA>        766.37      <NA> 
      48     2885.76      <NA>        787.05      <NA> 
      49     2990.92      <NA>        815.75      <NA> 
      50     3019.62      <NA>        823.58      <NA> 
      51     3060.41      <NA>        834.70      <NA> 
      52     3082.22      <NA>        840.66      <NA> 
      53     3129.35      <NA>        853.51      <NA> 
      54     3286.53      <NA>        896.40      <NA> 
      55     3366.73      <NA>        918.28      <NA> 
      56     3441.31      <NA>        938.62      <NA> 
      57     3504.05      <NA>        955.74      <NA> 
      58     3914.71      <NA>       1067.78      <NA> 
      59     3988.94      <NA>       1088.03      <NA> 
      60     4024.70      <NA>       1097.79      <NA> 
      61     4076.58      <NA>       1111.94      <NA> 
      62     4150.87      <NA>       1132.21      <NA> 
      63     4744.81      <NA>       1294.25      <NA> 
      64     5357.66      <NA>       1461.45      <NA> 
      65     5530.37      <NA>       1508.57      <NA> 

? = Adjacent peak noted

Errors quoted at  1.000 sigma
Peak Analysis Report             6/25/2018   3:49:54 PM            Page 11


**************************************************************************
*****           P E A K    A N A L Y S I S    R E P O R T            *****
**************************************************************************


     Detector Name:  DSA1000A                        
     Sample Title:   Sample title.                                     
     Peak Analysis Performed on:  6/25/2018   3:49:53 PM
               Peak Analysis From Channel:      1
               Peak Analysis To Channel:     8192

   Peak  ROI  ROI    Peak    Energy   FWHM  Net Peak  Net Area  Continuum 
    No. start end  centroid   (keV)   (keV)  Area     Uncert.    Counts 

 M  1    18-   66    24.43     6.41   1.29      8875.7  130.94   2.49E+003 
 m  2    18-   66    29.83     7.89   1.30      8469.3  143.64   5.46E+003 
 m  3    18-   66    35.09     9.32   1.30      7531.6  151.48   1.01E+004 
 m  4    18-   66    40.45    10.78   1.31      6937.3  167.04   1.37E+004 
 m  5    18-   66    45.60    12.19   1.32      6226.8  172.04   1.79E+004 
 m  6    18-   66    50.99    13.66   1.33      5016.7  166.47   2.41E+004 
 m  7    18-   66    56.89    15.27   1.33      3255.0  155.92   2.97E+004 
    8    67-   75    71.19    19.17   0.95       216.3  213.38   2.12E+004 
    9   102-  107   104.76    28.33   0.31       117.2  150.24   1.27E+004 
 M 10   229-  267   237.42    64.52   1.26       502.2  138.72   2.86E+004 
 m 11   229-  267   243.41    66.16   1.27      1351.9  428.25   2.86E+004 
 m 12   229-  267   246.92    67.11   1.27      8430.9  415.28   2.87E+004 
 m 13   229-  267   253.27    68.84   1.27     21158.6  225.21   2.88E+004 
 m 14   229-  267   260.47    70.81   1.27     12562.1  178.76   2.89E+004 
   15   270-  290   286.35    77.87   0.81     -1567.3  428.16   5.07E+004 
   16   290-  301   294.63    80.13   0.93      2021.9  275.58   2.89E+004 
   17   303-  316   311.50    84.73   1.02       577.3  264.67   2.52E+004 
   18   412-  420   415.18   113.02   0.59        33.7  180.64   1.52E+004 
   19   513-  524   517.51   140.94   0.37       254.3  225.86   2.02E+004 
   20   525-  537   533.94   145.42   0.27      -188.8  242.05   2.23E+004 
   21   688-  695   691.39   188.37   0.72        72.4  179.49   1.59E+004 
   22   775-  790   781.54   212.97   0.36       199.3  317.98   3.35E+004 
   23   896-  903   899.68   245.20   0.65      -113.5  205.73   2.11E+004 
 M 24   913-  935   924.05   251.85   4.11      3171.3  156.50   5.17E+004 
 m 25   913-  935   934.91   254.81   4.11       580.9  137.21   5.17E+004 
   26  1085- 1102  1093.07   297.97   0.60       401.2  203.44   1.26E+004 
   27  1182- 1189  1185.44   323.16   0.31        43.6   89.97   3.99E+003 
   28  1191- 1205  1199.46   326.99   0.32       -28.3  145.33   7.34E+003 
   29  1217- 1228  1221.93   333.12   0.63        -3.4  118.97   5.64E+003 
 M 30  1489- 1544  1509.78   411.65   1.53   1202112.1 1101.06   6.91E+003 
 m 31  1489- 1544  1521.72   414.91   1.54      2583.1   77.96   5.14E+003 
   32  1638- 1653  1643.57   448.16   0.31        -0.9   66.50   1.47E+003 
   33  1658- 1668  1662.38   453.29   0.45       -13.7   45.07   8.56E+002 
   34  1706- 1717  1712.28   466.90   0.64       -66.8   41.20   7.02E+002 
   35  1758- 1767  1761.41   480.30   1.33       180.0   38.84   5.85E+002 
   36  1831- 1846  1836.88   500.89   0.28       -37.1   38.58   5.05E+002 
   37  2064- 2082  2070.00   564.50   0.36        49.6   34.64   3.39E+002 
   38  2110- 2119  2114.57   576.65   0.70        14.6   20.70   1.83E+002 
   39  2165- 2178  2169.72   591.70   0.49         3.9   25.21   2.29E+002 
   40  2188- 2198  2193.40   598.16   0.40        34.8   21.31   1.75E+002 
   41  2226- 2245  2235.43   609.63   0.47         5.9   34.68   3.39E+002 
   42  2346- 2366  2351.19   641.21   0.32        25.7   33.34   2.99E+002 
Peak Analysis Report             6/25/2018   3:49:54 PM            Page 12


   Peak  ROI  ROI    Peak    Energy   FWHM  Net Peak  Net Area  Continuum 
    No. start end  centroid   (keV)   (keV)  Area     Uncert.    Counts 

   43  2461- 2488  2478.05   675.82   1.69      6154.4   87.45   3.21E+002 
   44  2520- 2529  2524.50   688.49   0.27       -11.9   14.59   9.89E+001 
   45  2613- 2622  2617.84   713.96   0.40        20.5   11.96   5.35E+001 
   46  2649- 2660  2655.30   724.18   0.56         7.0   12.88   6.10E+001 
   47  2805- 2814  2809.95   766.37   0.43       -11.8   11.52   6.38E+001 
   48  2881- 2890  2885.76   787.05   0.27        -7.0   10.92   5.50E+001 
   49  2986- 2995  2990.92   815.75   0.87        -6.1   11.86   6.51E+001 
   50  3007- 3030  3019.62   823.58   1.73      2142.8   53.78   1.85E+002 
   51  3055- 3065  3060.41   834.70   0.27        -7.1   11.32   5.61E+001 
   52  3078- 3087  3082.22   840.66   0.27       -12.5   10.82   5.75E+001 
   53  3125- 3134  3129.35   853.51   0.79         4.4    9.58   3.86E+001 
   54  3282- 3291  3286.53   896.40   0.27         6.1    8.05   2.59E+001 
   55  3362- 3371  3366.73   918.28   0.71         4.8    6.80   1.72E+001 
   56  3437- 3446  3441.31   938.62   0.55         4.0    7.11   2.00E+001 
   57  3490- 3509  3504.05   955.74   0.40        10.6   11.90   3.74E+001 
   58  3910- 3919  3914.71  1067.78   0.27        -0.3    5.74   1.33E+001 
   59  3976- 4000  3988.94  1088.03   1.91      1152.9   35.29   2.21E+001 
   60  4015- 4035  4024.70  1097.79   1.55       149.4   14.77   1.86E+001 
   61  4072- 4081  4076.58  1111.94   0.00        12.5    4.33   2.50E+000 
   62  4146- 4155  4150.87  1132.21   0.29         1.2    5.74   9.82E+000 
   63  4735- 4755  4744.81  1294.25   1.94       152.5   12.69   2.45E+000 
   64  5348- 5367  5357.66  1461.45   1.77       105.4   10.70   2.55E+000 
   65  5525- 5536  5530.37  1508.57   0.38        14.0    4.64   3.00E+000 

M = First peak in a multiplet region
m = Other peak in a multiplet region
F = Fitted singlet

Errors quoted at  1.000 sigma
Peak Analysis Report                    6/25/2018   3:49:54 PM          Page 13


*******************************************************************************
*****  S T A N D A R D   V M S   P E A K   A N A L Y S I S   R E P O R T  *****
*******************************************************************************

        Configuration Title:                                         
        Spectrum Title:              Sample title.            
        Peak Analysis Performed on:  6/25/18   3:49:53 PM
        Peak Analysis From Channel:      1    To Channel:     8192
        Peak Search Sensitivity:      2.50    Gaussian Sensitivity:  1.00
        Max Iterations: 15  Fit Singlets: No  Critical Level Test: No 
        Use Fixed FWHM: No  FWHM Reject:  No  FWHM Reject Ratio:  0.00 
        Peak Fit Engine Name: PANOLIN1        Continuum Type: STEP   

   Pk IT  Energy      Area   Bkgnd  FWHM Channel  Left  PW  Cts/Sec  %err   Fit

 M  1 32     6.41     8876    2487  1.29   24.43    18  49 3.0E+001   1.5  26.1
 m  2 32     7.89     8469    5460  1.30   29.83    18  49 2.8E+001   1.7  26.1
 m  3 32     9.32     7532   10074  1.30   35.09    18  49 2.5E+001   2.0  26.1
 m  4 32    10.78     6937   13735  1.31   40.45    18  49 2.3E+001   2.4  26.1
 m  5 32    12.19     6227   17880  1.32   45.60    18  49 2.1E+001   2.8  26.1
 m  6 32    13.66     5017   24129  1.33   50.99    18  49 1.7E+001   3.3  26.1
 m  7 32    15.27     3255   29677  1.33   56.89    18  49 1.1E+001   4.8  26.1
    8  0    19.17      216   21186  0.95   71.19    67   9 7.2E-001  98.7   0.0
    9  0    28.33      117   12684  0.31  104.76   102   6 3.9E-001 128.2   0.0
 M 10 13    64.52      502   28590  1.26  237.42   229  39 1.7E+000  27.6   0.8
 m 11 13    66.16     1352   28648  1.27  243.41   229  39 4.5E+000  31.7   0.8
 m 12 13    67.11     8431   28685  1.27  246.92   229  39 2.8E+001   4.9   0.8
 m 13 13    68.84    21159   28796  1.27  253.27   229  39 7.1E+001   1.1   0.8
 m 14 13    70.81    12562   28910  1.27  260.47   229  39 4.2E+001   1.4   0.8
   15  0    77.87    -1567   50692  0.81  286.35   270  21-5.2E+000 -27.3   0.0
   16  0    80.13     2022   28924  0.93  294.63   290  12 6.7E+000  13.6   0.0
   17  0    84.73      577   25175  1.02  311.50   303  14 1.9E+000  45.8   0.0
   18  0   113.02       34   15244  0.59  415.18   412   9 1.1E-001 535.9   0.0
   19  0   140.94      254   20218  0.37  517.51   513  12 8.5E-001  88.8   0.0
   20  0   145.42     -189   22304  0.27  533.94   525  13-6.3E-001 -128.   0.0
   21  0   188.37       72   15948  0.72  691.39   688   8 2.4E-001 247.9   0.0
   22  0   212.97      199   33537  0.36  781.54   775  16 6.6E-001 159.5   0.0
   23  0   245.20     -113   21074  0.65  899.68   896   8-3.8E-001 -181.   0.0
 M 24 32   251.85     3171   51656  4.11  924.05   913  23 1.1E+001   4.9   1.4
 m 25 32   254.81      581   51656  4.11  934.91   913  23 1.9E+000  23.6   1.4
   26  0   297.97      401   12588  0.60 1093.07  1085  18 1.3E+000  50.7   0.0
   27  0   323.16       44    3993  0.31 1185.44  1182   8 1.5E-001 206.2   0.0
   28  0   326.99      -28    7338  0.32 1199.46  1191  15-9.4E-002 -514.   0.0
   29  0   333.12       -3    5640  0.63 1221.93  1217  12-1.1E-002 -3525   0.0
 M 30 14   411.65  1202112    6905  1.53 1509.78  1489  56 4.0E+003   0.1 270.9
 m 31 14   414.91     2583    5142  1.54 1521.72  1489  56 8.6E+000   3.0 270.9
   32  0   448.16       -1    1468  0.31 1643.57  1638  16-3.1E-003 -7057   0.0
   33  0   453.29      -14     856  0.45 1662.38  1658  11-4.6E-002 -328.   0.0
   34  0   466.90      -67     702  0.64 1712.28  1706  12-2.2E-001 -61.7   0.0
   35  0   480.30      180     585  1.33 1761.41  1758  10 6.0E-001  21.6   0.0
   36  0   500.89      -37     505  0.28 1836.88  1831  16-1.2E-001 -104.   0.0
   37  0   564.50       50     339  0.36 2070.00  2064  19 1.7E-001  69.9   0.0
   38  0   576.65       15     183  0.70 2114.57  2110  10 4.9E-002 142.1   0.0
Peak Analysis Report                    6/25/2018   3:49:54 PM          Page 14


   Pk IT  Energy      Area   Bkgnd  FWHM Channel  Left  PW  Cts/Sec  %err   Fit

   39  0   591.70        4     229  0.49 2169.72  2165  14 1.3E-002 651.0   0.0
   40  0   598.16       35     175  0.40 2193.40  2188  11 1.2E-001  61.3   0.0
   41  0   609.63        6     339  0.47 2235.43  2226  20 2.0E-002 587.6   0.0
   42  0   641.21       26     299  0.32 2351.19  2346  21 8.6E-002 129.9   0.0
   43  0   675.82     6154     321  1.69 2478.05  2461  28 2.1E+001   1.4   0.0
   44  0   688.49      -12      99  0.27 2524.50  2520  10-4.0E-002 -122.   0.0
   45  0   713.96       20      54  0.40 2617.84  2613  10 6.8E-002  58.4   0.0
   46  0   724.18        7      61  0.56 2655.30  2649  12 2.3E-002 184.8   0.0
   47  0   766.37      -12      64  0.43 2809.95  2805  10-3.9E-002 -97.6   0.0
   48  0   787.05       -7      55  0.27 2885.76  2881  10-2.3E-002 -155.   0.0
   49  0   815.75       -6      65  0.87 2990.92  2986  10-2.0E-002 -194.   0.0
   50  0   823.58     2143     185  1.73 3019.62  3007  24 7.1E+000   2.5   0.0
   51  0   834.70       -7      56  0.27 3060.41  3055  11-2.4E-002 -159.   0.0
   52  0   840.66      -13      58  0.27 3082.22  3078  10-4.2E-002 -86.5   0.0
   53  0   853.51        4      39  0.79 3129.35  3125  10 1.5E-002 218.5   0.0
   54  0   896.40        6      26  0.27 3286.53  3282  10 2.0E-002 132.5   0.0
   55  0   918.28        5      17  0.71 3366.73  3362  10 1.6E-002 140.4   0.0
   56  0   938.62        4      20  0.55 3441.31  3437  10 1.3E-002 177.8   0.0
   57  0   955.74       11      37  0.40 3504.05  3490  20 3.5E-002 112.8   0.0
   58  0  1067.78       -0      13  0.27 3914.71  3910  10-9.0E-004 -2132   0.0
   59  0  1088.03     1153      22  1.91 3988.94  3976  25 3.8E+000   3.1   0.0
   60  0  1097.79      149      19  1.55 4024.70  4015  21 5.0E-001   9.9   0.0
   61  0  1111.94       13       3  0.00 4076.58  4072  10 4.2E-002  34.7   0.0
   62  0  1132.21        1      10  0.29 4150.87  4146  10 3.9E-003 485.4   0.0
   63  0  1294.25      153       2  1.94 4744.81  4735  21 5.1E-001   8.3   0.0
   64  0  1461.45      105       3  1.77 5357.66  5348  20 3.5E-001  10.2   0.0
   65  0  1508.57       14       3  0.38 5530.37  5525  12 4.7E-002  33.1   0.0

M = First peak in a multiplet region
m = Other peak in a multiplet region
F = Fitted singlet

Errors quoted at  1.000 sigma
Peak Analysis Report             6/25/2018   3:49:54 PM            Page 15


**************************************************************************
*****           P E A K    A N A L Y S I S    R E P O R T            *****
**************************************************************************


     Detector Name:  DSA1000A                        
     Sample Title:   Sample title.                                     
     Peak Analysis Performed on:  6/25/2018   3:49:53 PM
               Peak Analysis From Channel:      1
               Peak Analysis To Channel:     8192

   Peak  ROI  ROI   Energy   Net Peak Net Area  Continuum  Critical 
    No. start end    (keV)     Area    Uncert.    Counts     Level

 M  1    18-   66     6.41      8875.7  130.94   2.49E+003  1.16E+002 
 m  2    18-   66     7.89      8469.3  143.64   5.46E+003  1.72E+002 
 m  3    18-   66     9.32      7531.6  151.48   1.01E+004  2.34E+002 
 m  4    18-   66    10.78      6937.3  167.04   1.37E+004  2.73E+002 
 m  5    18-   66    12.19      6226.8  172.04   1.79E+004  3.11E+002 
 m  6    18-   66    13.66      5016.7  166.47   2.41E+004  3.61E+002 
 m  7    18-   66    15.27      3255.0  155.92   2.97E+004  4.01E+002 
    8    67-   75    19.17       216.3  213.38   2.12E+004  3.50E+002 
    9   102-  107    28.33       117.2  150.24   1.27E+004  2.47E+002 
 M 10   229-  267    64.52       502.2  138.72   2.86E+004  3.93E+002 
 m 11   229-  267    66.16      1351.9  428.25   2.86E+004  3.94E+002 
 m 12   229-  267    67.11      8430.9  415.28   2.87E+004  3.94E+002 
 m 13   229-  267    68.84     21158.6  225.21   2.88E+004  3.95E+002 
 m 14   229-  267    70.81     12562.1  178.76   2.89E+004  3.96E+002 
   15   270-  290    77.87     -1567.3  428.16   5.07E+004  7.07E+002 
   16   290-  301    80.13      2021.9  275.58   2.89E+004  4.47E+002 
   17   303-  316    84.73       577.3  264.67   2.52E+004  4.34E+002 
   18   412-  420   113.02        33.7  180.64   1.52E+004  2.97E+002 
   19   513-  524   140.94       254.3  225.86   2.02E+004  3.71E+002 
   20   525-  537   145.42      -188.8  242.05   2.23E+004  3.99E+002 
   21   688-  695   188.37        72.4  179.49   1.59E+004  2.95E+002 
   22   775-  790   212.97       199.3  317.98   3.35E+004  5.23E+002 
   23   896-  903   245.20      -113.5  205.73   2.11E+004  3.39E+002 
 M 24   913-  935   251.85      3171.3  156.50   5.17E+004  5.29E+002 
 m 25   913-  935   254.81       580.9  137.21   5.17E+004  5.29E+002 
   26  1085- 1102   297.97       401.2  203.44   1.26E+004  3.33E+002 
   27  1182- 1189   323.16        43.6   89.97   3.99E+003  1.48E+002 
   28  1191- 1205   326.99       -28.3  145.33   7.34E+003  2.39E+002 
   29  1217- 1228   333.12        -3.4  118.97   5.64E+003  1.96E+002 
 M 30  1489- 1544   411.65   1202112.1 1101.06   6.91E+003  1.93E+002 
 m 31  1489- 1544   414.91      2583.1   77.96   5.14E+003  1.67E+002 
   32  1638- 1653   448.16        -0.9   66.50   1.47E+003  1.09E+002 
   33  1658- 1668   453.29       -13.7   45.07   8.56E+002  7.44E+001 
   34  1706- 1717   466.90       -66.8   41.20   7.02E+002  6.91E+001 
   35  1758- 1767   480.30       180.0   38.84   5.85E+002  6.00E+001 
   36  1831- 1846   500.89       -37.1   38.58   5.05E+002  6.43E+001 
   37  2064- 2082   564.50        49.6   34.64   3.39E+002  5.58E+001 
   38  2110- 2119   576.65        14.6   20.70   1.83E+002  3.35E+001 
   39  2165- 2178   591.70         3.9   25.21   2.29E+002  4.14E+001 
   40  2188- 2198   598.16        34.8   21.31   1.75E+002  3.37E+001 
   41  2226- 2245   609.63         5.9   34.68   3.39E+002  5.69E+001 
   42  2346- 2366   641.21        25.7   33.34   2.99E+002  5.42E+001 
Peak Analysis Report             6/25/2018   3:49:54 PM            Page 16


   Peak  ROI  ROI   Energy   Net Peak Net Area  Continuum  Critical 
    No. start end    (keV)     Area    Uncert.    Counts     Level

   43  2461- 2488   675.82      6154.4   87.45   3.21E+002  6.36E+001 
   44  2520- 2529   688.49       -11.9   14.59   9.89E+001  2.47E+001 
   45  2613- 2622   713.96        20.5   11.96   5.35E+001  1.82E+001 
   46  2649- 2660   724.18         7.0   12.88   6.10E+001  2.07E+001 
   47  2805- 2814   766.37       -11.8   11.52   6.38E+001  1.98E+001 
   48  2881- 2890   787.05        -7.0   10.92   5.50E+001  1.85E+001 
   49  2986- 2995   815.75        -6.1   11.86   6.51E+001  1.99E+001 
   50  3007- 3030   823.58      2142.8   53.78   1.85E+002  4.50E+001 
   51  3055- 3065   834.70        -7.1   11.32   5.61E+001  1.91E+001 
   52  3078- 3087   840.66       -12.5   10.82   5.75E+001  1.87E+001 
   53  3125- 3134   853.51         4.4    9.58   3.86E+001  1.54E+001 
   54  3282- 3291   896.40         6.1    8.05   2.59E+001  1.26E+001 
   55  3362- 3371   918.28         4.8    6.80   1.72E+001  1.06E+001 
   56  3437- 3446   938.62         4.0    7.11   2.00E+001  1.12E+001 
   57  3490- 3509   955.74        10.6   11.90   3.74E+001  1.88E+001 
   58  3910- 3919  1067.78        -0.3    5.74   1.33E+001  9.48E+000 
   59  3976- 4000  1088.03      1152.9   35.29   2.21E+001  1.58E+001 
   60  4015- 4035  1097.79       149.4   14.77   1.86E+001  1.36E+001 
   61  4072- 4081  1111.94        12.5    4.33   2.50E+000  4.12E+000 
   62  4146- 4155  1132.21         1.2    5.74   9.82E+000  9.27E+000 
   63  4735- 4755  1294.25       152.5   12.69   2.45E+000  4.80E+000 
   64  5348- 5367  1461.45       105.4   10.70   2.55E+000  4.97E+000 
   65  5525- 5536  1508.57        14.0    4.64   3.00E+000  4.52E+000 

M = First peak in a multiplet region
m = Other peak in a multiplet region
F = Fitted singlet

Errors quoted at  1.000 sigma
Peak with NID Report             6/25/2018   3:49:54 PM            Page 17


**************************************************************************
*****           P E A K    W I T H   N I D    R E P O R T            *****
**************************************************************************


     Detector Name:  DSA1000A                        
     Sample Title:   Sample title.                                     
     Peak Analysis Performed on:  6/25/2018   3:49:53 PM
               Peak Analysis From Channel:      1
               Peak Analysis To Channel:     8192
     Tentative NID Library:   C:\GENIE2K\CAMFILES\NAA LIB LONG.NLB     
     Peak Match Tolerance :    3.000 keV

   Peak  ROI  ROI    Peak    Energy   Net Peak Net Area  Continuum  Tentative
    No. Start End  Centroid   (keV)     Area    Uncert.    Counts    Nuclide 

 M  1    18-   66    24.43     6.41  8.88E+003  130.94   2.49E+003   .....    
 m  2    18-   66    29.83     7.89  8.47E+003  143.64   5.46E+003   .....    
 m  3    18-   66    35.09     9.32  7.53E+003  151.48   1.01E+004   .....    
 m  4    18-   66    40.45    10.78  6.94E+003  167.04   1.37E+004   .....    
 m  5    18-   66    45.60    12.19  6.23E+003  172.04   1.79E+004   .....    
 m  6    18-   66    50.99    13.66  5.02E+003  166.47   2.41E+004   .....    
 m  7    18-   66    56.89    15.27  3.25E+003  155.92   2.97E+004   .....    
    8    67-   75    71.19    19.17  2.16E+002  213.38   2.12E+004   .....    
    9   102-  107   104.76    28.33  1.17E+002  150.24   1.27E+004   .....    
 M 10   229-  267   237.42    64.52  5.02E+002  138.72   2.86E+004   .....    
 m 11   229-  267   243.41    66.16  1.35E+003  428.25   2.86E+004   .....    
 m 12   229-  267   246.92    67.11  8.43E+003  415.28   2.87E+004   W-187    
 m 13   229-  267   253.27    68.84  2.12E+004  225.21   2.88E+004   W-187    
 m 14   229-  267   260.47    70.81  1.26E+004  178.76   2.89E+004   W-187    
                                                                     W-187    
   15   270-  290   286.35    77.87 -1.57E+003  428.16   5.07E+004   AG-108m  
   16   290-  301   294.63    80.13  2.02E+003  275.58   2.89E+004   AG-108m  
   17   303-  316   311.50    84.73  5.77E+002  264.67   2.52E+004   .....    
   18   412-  420   415.18   113.02  3.37E+001  180.64   1.52E+004   LU-177x  
                                                                     LU-177   
   19   513-  524   517.51   140.94  2.54E+002  225.86   2.02E+004   .....    
   20   525-  537   533.94   145.42 -1.89E+002  242.05   2.23E+004   CE-141   
   21   688-  695   691.39   188.37  7.24E+001  179.49   1.59E+004   XE-125   
                                                                     IN-114m  
   22   775-  790   781.54   212.97  1.99E+002  317.98   3.35E+004   TE-121x  
                                                                     LU-177x  
                                                                     AU-198m  
                                                                     GE-77    
                                                                     RU-97    
   23   896-  903   899.68   245.20 -1.13E+002  205.73   2.11E+004   EU-152x  
                                                                     XE-125   
                                                                     EU-154   
 M 24   913-  935   924.05   251.85  3.17E+003  156.50   5.17E+004   LU-177x  
                                                                     CE-137x  
 m 25   913-  935   934.91   254.81  5.81E+002  137.21   5.17E+004   CE-137x  
   26  1085- 1102  1093.07   297.97  4.01E+002  203.44   1.26E+004   TB-160   
                                                                     LU-177x  
                                                                     IR-192   
   27  1182- 1189  1185.44   323.16  4.36E+001   89.97   3.99E+003   RU-97    
   28  1191- 1205  1199.46   326.99 -2.83E+001  145.33   7.34E+003   LU-177x  
                                                                     IR-194   
Peak with NID Report             6/25/2018   3:49:54 PM            Page 18

                                                                     LA-140   
                                                                     RU-97    
   29  1217- 1228  1221.93   333.12 -3.38E+000  118.97   5.64E+003   TE-131x  
 M 30  1489- 1544  1509.78   411.65  1.20E+006 1101.06   6.91E+003   AU-198   
                                                                     HO-166   
                                                                     LU-177x  
 m 31  1489- 1544  1521.72   414.91  2.58E+003   77.96   5.14E+003   LU-177x  
                                                                     GE-77    
   32  1638- 1653  1643.57   448.16 -9.42E-001   66.50   1.47E+003   AG-110m  
   33  1658- 1668  1662.38   453.29 -1.37E+001   45.07   8.56E+002   PA-232   
   34  1706- 1717  1712.28   466.90 -6.68E+001   41.20   7.02E+002   IR-192   
   35  1758- 1767  1761.41   480.30  1.80E+002   38.84   5.85E+002   W-187    
                                                                     HF-181   
   36  1831- 1846  1836.88   500.89 -3.71E+001   38.58   5.05E+002   .....    
   37  2064- 2082  2070.00   564.50  4.96E+001   34.64   3.39E+002   SB-122   
                                                                     CS-134   
   38  2110- 2119  2114.57   576.65  1.46E+001   20.70   1.83E+002   .....    
Peak with NID Report             6/25/2018   3:49:54 PM            Page 19


   Peak  ROI  ROI    Peak    Energy   Net Peak Net Area  Continuum  Tentative
    No. start end  centroid   (keV)     Area    Uncert.    Counts    Nuclide 

   39  2165- 2178  2169.72   591.70  3.87E+000   25.21   2.29E+002   .....    
   40  2188- 2198  2193.40   598.16  3.48E+001   21.31   1.75E+002   SB-125   
                                                                     GA-72    
   41  2226- 2245  2235.43   609.63  5.90E+000   34.68   3.39E+002   RU-103   
                                                                     IR-192   
                                                                     SB-125   
   42  2346- 2366  2351.19   641.21  2.57E+001   33.34   2.99E+002   .....    
   43  2461- 2488  2478.05   675.82  6.15E+003   87.45   3.21E+002   AG-110m  
   44  2520- 2529  2524.50   688.49 -1.19E+001   14.59   9.89E+001   AG-110m  
                                                                     W-187    
   45  2613- 2622  2617.84   713.96  2.05E+001   11.96   5.35E+001   GE-77    
                                                                     HO-166   
   46  2649- 2660  2655.30   724.18  6.97E+000   12.88   6.10E+001   ZR-95    
                                                                     IN-114m  
                                                                     AG-108m  
                                                                     SB-124   
                                                                     EU-154   
                                                                     CE-143   
   47  2805- 2814  2809.95   766.37 -1.18E+001   11.52   6.38E+001   AG-110m  
   48  2881- 2890  2885.76   787.05 -7.00E+000   10.92   5.50E+001   .....    
   49  2986- 2995  2990.92   815.75 -6.09E+000   11.86   6.51E+001   LA-140   
                                                                     AG-110m  
   50  3007- 3030  3019.62   823.58  2.14E+003   53.78   1.85E+002   .....    
   51  3055- 3065  3060.41   834.70 -7.11E+000   11.32   5.61E+001   GA-72    
   52  3078- 3087  3082.22   840.66 -1.25E+001   10.82   5.75E+001   .....    
   53  3125- 3134  3129.35   853.51  4.38E+000    9.58   3.86E+001   TE-131x  
   54  3282- 3291  3286.53   896.40  6.08E+000    8.05   2.59E+001   PA-232   
                                                                     GA-72    
   55  3362- 3371  3366.73   918.28  4.84E+000    6.80   1.72E+001   .....    
   56  3437- 3446  3441.31   938.62  4.00E+000    7.11   2.00E+001   AG-110m  
   57  3490- 3509  3504.05   955.74  1.06E+001   11.90   3.74E+001   .....    
   58  3910- 3919  3914.71  1067.78 -2.69E-001    5.74   1.33E+001   SN-125x  
   59  3976- 4000  3988.94  1088.03  1.15E+003   35.29   2.21E+001   EU-152x  
                                                                     GE-77    
   60  4015- 4035  4024.70  1097.79  1.49E+002   14.77   1.86E+001   FE-59    
   61  4072- 4081  4076.58  1111.94  1.25E+001    4.33   2.50E+000   EU-152x  
   62  4146- 4155  4150.87  1132.21  1.18E+000    5.74   9.82E+000   .....    
   63  4735- 4755  4744.81  1294.25  1.53E+002   12.69   2.45E+000   FE-59    
                                                                     Ca-47    
   64  5348- 5367  5357.66  1461.45  1.05E+002   10.70   2.55E+000   .....    
   65  5525- 5536  5530.37  1508.57  1.40E+001    4.64   3.00E+000   .....    

M = First peak in a multiplet region
m = Other peak in a multiplet region
F = Fitted singlet

Errors quoted at  1.000 sigma
Peak Efficiency Report             6/25/2018   3:49:54 PM          Page 20


**************************************************************************
*****         P E A K    E F F I C I E N C Y    R E P O R T          *****
**************************************************************************

     Detector Name:  DSA1000A                        
     Sample Title:   Sample title.                                     
     Peak Analysis Performed on:  6/25/2018   3:49:53 PM


 Peak  Energy   Net Peak  Net Area       Peak     Efficiency
 No.   (keV)      Area   Uncertainty  Efficiency  Uncertainty

 M  1     6.41  8.88E+003   130.94     2.39E-002    2.06E-003
 m  2     7.89  8.47E+003   143.64     2.39E-002    2.06E-003
 m  3     9.32  7.53E+003   151.48     2.39E-002    2.06E-003
 m  4    10.78  6.94E+003   167.04     2.39E-002    2.06E-003
 m  5    12.19  6.23E+003   172.04     2.39E-002    2.06E-003
 m  6    13.66  5.02E+003   166.47     2.39E-002    2.06E-003
 m  7    15.27  3.25E+003   155.92     2.39E-002    2.06E-003
    8    19.17  2.16E+002   213.38     2.39E-002    2.06E-003
    9    28.33  1.17E+002   150.24     2.39E-002    2.06E-003
 M 10    64.52  5.02E+002   138.72     3.00E-002    1.28E-003
 m 11    66.16  1.35E+003   428.25     3.24E-002    1.08E-003
 m 12    67.11  8.43E+003   415.28     3.39E-002    9.86E-004
 m 13    68.84  2.12E+004   225.21     3.67E-002    8.34E-004
 m 14    70.81  1.26E+004   178.76     4.01E-002    6.93E-004
   15    77.87 -1.57E+003   428.16     5.40E-002    3.71E-004
   16    80.13  2.02E+003   275.58     5.90E-002    3.08E-004
   17    84.73  5.77E+002   264.67     7.03E-002    2.13E-004
   18   113.02  3.37E+001   180.64     9.29E-002    2.74E-004
   19   140.94  2.54E+002   225.86     9.32E-002    4.05E-004
   20   145.42 -1.89E+002   242.05     9.32E-002    4.28E-004
   21   188.37  7.24E+001   179.49     8.89E-002    5.58E-004
   22   212.97  1.99E+002   317.98     8.10E-002    4.85E-004
   23   245.20 -1.13E+002   205.73     7.28E-002    4.14E-004
 M 24   251.85  3.17E+003   156.50     7.13E-002    4.02E-004
 m 25   254.81  5.81E+002   137.21     7.07E-002    3.96E-004
   26   297.97  4.01E+002   203.44     6.28E-002    3.32E-004
   27   323.16  4.36E+001    89.97     5.90E-002    3.03E-004
   28   326.99 -2.83E+001   145.33     5.85E-002    2.99E-004
   29   333.12 -3.38E+000   118.97     5.77E-002    2.93E-004
 M 30   411.65  1.20E+006  1101.06     4.91E-002    2.31E-004
 m 31   414.91  2.58E+003    77.96     4.88E-002    2.28E-004
   32   448.16 -9.42E-001    66.50     4.57E-002    2.21E-004
   33   453.29 -1.37E+001    45.07     4.53E-002    2.21E-004
   34   466.90 -6.68E+001    41.20     4.41E-002    2.21E-004
   35   480.30  1.80E+002    38.84     4.30E-002    2.21E-004
   36   500.89 -3.71E+001    38.58     4.14E-002    2.21E-004
   37   564.50  4.96E+001    34.64     3.71E-002    2.22E-004
   38   576.65  1.46E+001    20.70     3.64E-002    2.22E-004
   39   591.70  3.87E+000    25.21     3.56E-002    2.22E-004
   40   598.16  3.48E+001    21.31     3.53E-002    2.22E-004
   41   609.63  5.90E+000    34.68     3.47E-002    2.21E-004
   42   641.21  2.57E+001    33.34     3.32E-002    2.18E-004
Peak Efficiency Report             6/25/2018   3:49:54 PM          Page 21


 Peak  Energy   Net Peak  Net Area       Peak     Efficiency
 No.   (keV)      Area   Uncertainty  Efficiency  Uncertainty

   43   675.82  6.15E+003    87.45     3.17E-002    2.14E-004
   44   688.49 -1.19E+001    14.59     3.12E-002    2.13E-004
   45   713.96  2.05E+001    11.96     3.02E-002    2.10E-004
   46   724.18  6.97E+000    12.88     2.98E-002    2.09E-004
   47   766.37 -1.18E+001    11.52     2.84E-002    2.05E-004
   48   787.05 -7.00E+000    10.92     2.77E-002    2.04E-004
   49   815.75 -6.09E+000    11.86     2.69E-002    2.01E-004
   50   823.58  2.14E+003    53.78     2.67E-002    2.00E-004
   51   834.70 -7.11E+000    11.32     2.64E-002    2.00E-004
   52   840.66 -1.25E+001    10.82     2.62E-002    1.94E-004
   53   853.51  4.38E+000     9.58     2.58E-002    1.83E-004
   54   896.40  6.08E+000     8.05     2.45E-002    1.51E-004
   55   918.28  4.84E+000     6.80     2.39E-002    1.37E-004
   56   938.62  4.00E+000     7.11     2.34E-002    1.26E-004
   57   955.74  1.06E+001    11.90     2.30E-002    1.17E-004
   58  1067.78 -2.69E-001     5.74     2.06E-002    7.55E-005
   59  1088.03  1.15E+003    35.29     2.02E-002    7.01E-005
   60  1097.79  1.49E+002    14.77     2.00E-002    6.77E-005
   61  1111.94  1.25E+001     4.33     1.98E-002    6.43E-005
   62  1132.21  1.18E+000     5.74     1.94E-002    5.99E-005
   63  1294.25  1.53E+002    12.69     1.73E-002    4.89E-005
   64  1461.45  1.05E+002    10.70     1.69E-002    4.80E-005
   65  1508.57  1.40E+001     4.64     1.69E-002    4.80E-005


M = First peak in a multiplet region
m = Other peak in a multiplet region
F = Fitted singlet

Errors quoted at  1.000 sigma
Background Subtract Report             6/25/2018   3:49:54 PM      Page 22

No background subtract performed on this spectrum.
No area correction performed on this spectrum.
Nuclide Identification Report        6/25/2018   3:49:54 PM        Page 23


*************************************************************************
*****   N U C L I D E   I D E N T I F I C A T I O N   R E P O R T   *****
*************************************************************************

     Sample Title:         Sample title.                           
     Nuclide Library Used: C:\GENIE2K\CAMFILES\NAA LIB LONG.NLB    

   ....................    IDENTIFIED NUCLIDES     ....................

   Nuclide    Id       Energy   Yield     Activity     Activity
   Name    Confidence  (keV)     (%)     (uCi/Unit)   Uncertainty

   Ca-47     0.567    489.23     5.90
                      807.86     5.90
                     1297.09*   67.00    1.188E-003   9.893E-005
   FE-59     0.927   1099.25*   56.50    1.190E-003   1.219E-004
                     1291.60*   43.20    1.843E-003   1.604E-004
   GA-72     0.482    600.95*    5.54    1.607E-003   9.857E-004
                      629.96    24.80
                      834.03*   95.63   -2.546E-005   4.056E-005
                      894.25*    9.88    2.264E-004   3.000E-004
                     1050.69     6.91
                     1861.09     5.25
                     2201.66    25.90
                     2490.98     7.68
                     2507.79    12.78
   ZR-95     0.124    724.20*   44.15    4.767E-005   8.808E-005
                      756.73    54.50
   RU-97     0.887    215.68*   86.20    2.573E-004   4.104E-004
                      324.55*   10.20    6.531E-004   1.347E-003
   IN-114m   0.744    190.27*   14.74    4.976E-004   1.234E-003
                      558.43     4.00
                      725.24*    4.00    5.262E-004   1.049E-003
   SB-122    0.999    564.24*   69.30    1.735E-004   1.213E-004
   SN-125x   0.992   1067.10*    9.04   -1.304E-005   2.782E-004
   CE-137x   0.995    254.29*   11.00    6.737E-003   1.621E-003
   CE-141    1.000    145.44*   48.20   -3.785E-004   4.853E-004
   W-187     0.344     59.72     7.20
                       61.14    12.50
                       69.30*    5.36    9.695E-001   4.663E-002
                       72.00*   11.10    2.546E-001   1.080E-002
                      134.25     8.80
                      479.55*   21.80    1.733E-003   3.796E-004
                      551.52     5.08
                      618.26     6.28
                      685.73*   27.30   -1.262E-004   1.546E-004
   IR-194    0.963    328.45*   13.10   -3.328E-004   1.712E-003
   AU-198    1.000    411.80*   95.58    2.308E+000   1.142E-002

       * = Energy line found in the spectrum.
       Energy Tolerance :    3.000 keV
       Nuclide confidence index threshold =   0.05
       Errors quoted at  1.000 sigma

Nuclide Identification Report        6/25/2018   3:49:54 PM        Page 24


   **********   U N I D E N T I F I E D   P E A K S   **********

               Peak Locate Performed on:  6/25/2018   3:49:52 PM
               Peak Locate From Channel:      1
               Peak Locate To Channel:    65535

       Peak   Energy           Peak Size in        Peak CPS
        No.   (keV)          Counts per Second   % Uncertainty

      M  1     6.41             2.9586E+001           1.48
      m  2     7.89             2.8231E+001           1.70
      m  3     9.32             2.5105E+001           2.01
      m  4    10.78             2.3124E+001           2.41
      m  5    12.19             2.0756E+001           2.76
      m  6    13.66             1.6722E+001           3.32
      m  7    15.27             1.0850E+001           4.79
         8    19.17             7.2095E-001          98.66
         9    28.33             3.9059E-001         128.22
      M 10    64.52             1.6738E+000          27.63
      m 11    66.16             4.5062E+000          31.68
      m 12    67.11             2.8103E+001           4.93
        15    77.87            -5.2243E+000         -27.32
        16    80.13             6.7395E+000          13.63
        17    84.73             1.9243E+000          45.85
        18   113.02             1.1236E-001         535.88
        19   140.94             8.4770E-001          88.81
        23   245.20            -3.7822E-001        -181.31
      M 24   251.85             1.0571E+001           4.93
        26   297.97             1.3374E+000          50.71
        29   333.12            -1.1250E-002        -3525.1
      m 31   414.91             8.6103E+000           3.02
        32   448.16            -3.1409E-003        -7057.4
        33   453.29            -4.5761E-002        -328.28
        34   466.90            -2.2254E-001         -61.71
        36   500.89            -1.2364E-001        -104.01
        38   576.65             4.8561E-002         142.12
        39   591.70             1.2911E-002         650.96
        41   609.63             1.9674E-002         587.61
        42   641.21             8.5551E-002         129.89
        43   675.82             2.0515E+001           1.42
        45   713.96             6.8288E-002          58.38
        47   766.37            -3.9327E-002         -97.65
        48   787.05            -2.3333E-002        -155.95
        49   815.75            -2.0311E-002        -194.69
        50   823.58             7.1427E+000           2.51
        52   840.66            -4.1667E-002         -86.53
        53   853.51             1.4612E-002         218.46
        55   918.28             1.6136E-002         140.44
        56   938.62             1.3333E-002         177.77
        57   955.74             3.5174E-002         112.80
        59  1088.03             3.8429E+000           3.06
        61  1111.94             4.1667E-002          34.66
        62  1132.21             3.9394E-003         485.37
        64  1461.45             3.5149E-001          10.15
        65  1508.57             4.6667E-002          33.15

       M = First peak in a multiplet region
Nuclide Identification Report        6/25/2018   3:49:54 PM        Page 25

       m = Other peak in a multiplet region
       F = Fitted singlet

       Errors quoted at  1.000 sigma
Interference Corrected Activity Report    6/25/2018   3:49:54 PM   Page 26


*************************************************************************
*****   N U C L I D E   I D E N T I F I C A T I O N   R E P O R T   *****
*************************************************************************

     Sample Title:         Sample title.                           
     Nuclide Library Used: C:\GENIE2K\CAMFILES\NAA LIB LONG.NLB    

   ....................    IDENTIFIED NUCLIDES     ....................

   Nuclide    Id       Energy    Yield     Activity     Activity
   Name    Confidence  (keV)      (%)     (uCi/Unit)   Uncertainty

   Ca-47     0.567    489.23      5.90
                      807.86      5.90
                     1297.09*    67.00   1.18846E-003  9.89302E-005
   FE-59     0.927   1099.25*    56.50   1.19030E-003  1.21909E-004
                     1291.60*    43.20   1.84270E-003  1.60407E-004
   GA-72     0.482    600.95*     5.54   1.60653E-003  9.85703E-004
                      629.96     24.80
                      834.03*    95.63  -2.54597E-005  4.05592E-005
                      894.25*     9.88   2.26420E-004  3.00034E-004
                     1050.69      6.91
                     1861.09      5.25
                     2201.66     25.90
                     2490.98      7.68
                     2507.79     12.78
   ZR-95     0.124    724.20*    44.15   4.76693E-005  8.80788E-005
                      756.73     54.50
   RU-97     0.887    215.68*    86.20   2.57291E-004  4.10422E-004
                      324.55*    10.20   6.53145E-004  1.34728E-003
   IN-114m   0.744    190.27*    14.74   4.97569E-004  1.23366E-003
                      558.43      4.00
                      725.24*     4.00   5.26153E-004  1.04921E-003
   SB-122    0.999    564.24*    69.30   1.73499E-004  1.21308E-004
   SN-125x   0.992   1067.10*     9.04  -1.30416E-005  2.78163E-004
   CE-137x   0.995    254.29*    11.00   6.73656E-003  1.62077E-003
   CE-141    1.000    145.44*    48.20  -3.78474E-004  4.85309E-004
   W-187     0.344     59.72      7.20
                       61.14     12.50
                       69.30*     5.36   9.69475E-001  4.66279E-002
                       72.00*    11.10   2.54554E-001  1.07992E-002
                      134.25      8.80
                      479.55*    21.80   1.73332E-003  3.79562E-004
                      551.52      5.08
                      618.26      6.28
                      685.73*    27.30  -1.26163E-004  1.54645E-004
   IR-194    0.963    328.45*    13.10  -3.32762E-004  1.71232E-003
   AU-198    1.000    411.80*    95.58   2.30849E+000  1.14157E-002

       * = Energy line found in the spectrum.
       @ = Energy line not used for Weighted Mean Activity
       Energy Tolerance :    3.000 keV
       Nuclide confidence index threshold =   0.05
       Errors quoted at  1.000 sigma

Interference Corrected Activity Report    6/25/2018   3:49:54 PM   Page 27


*************************************************************************
*****   I N T E R F E R E N C E   C O R R E C T E D   R E P O R T   *****
*************************************************************************


                 Nuclide       Wt mean         Wt mean
       Nuclide     Id          Activity        Activity
       Name     Confidence    (uCi/Unit)      Uncertainty

       Ca-47      0.567      4.207693E-004   1.247150E-004
       FE-59      0.927      1.190296E-003   1.177421E-004
       GA-72      0.482      3.434460E-004   2.870317E-004
       ZR-95      0.124      2.589690E-006   1.423027E-004
       RU-97      0.887      2.909059E-004   3.926095E-004
       IN-114m    0.744      4.975694E-004   1.233656E-003
    X  TE-121x    0.989
       SB-122     0.999      1.734992E-004   1.213079E-004
       SN-125x    0.992     -1.304156E-005   2.781630E-004
    X  XE-125     0.980
       CE-137x    0.995      6.736563E-003   1.620771E-003
       CE-141     1.000     -3.784737E-004   4.853094E-004
    X  HF-181     0.122
       W-187      0.344      2.109270E-003   3.793154E-004
       IR-194     0.963     -3.327619E-004   1.712315E-003
       AU-198     1.000      2.308488E+000   1.141569E-002

       ? = nuclide is part of an undetermined solution
       X = nuclide rejected by the interference analysis
       @ = nuclide contains energy lines not used in Weighted Mean Activity

       Errors quoted at  1.000 sigma

Interference Corrected Activity Report    6/25/2018   3:49:54 PM   Page 28


   **********   U N I D E N T I F I E D   P E A K S   **********

               Peak Locate Performed on:  6/25/2018   3:49:52 PM
               Peak Locate From Channel:      1
               Peak Locate To Channel:    65535

       Peak   Energy           Peak Size in        Peak CPS
        No.   (keV)          Counts per Second   % Uncertainty

      M  1     6.41             2.9586E+001           1.48
      m  2     7.89             2.8231E+001           1.70
      m  3     9.32             2.5105E+001           2.01
      m  4    10.78             2.3124E+001           2.41
      m  5    12.19             2.0756E+001           2.76
      m  6    13.66             1.6722E+001           3.32
      m  7    15.27             1.0850E+001           4.79
         8    19.17             7.2095E-001          98.66
         9    28.33             3.9059E-001         128.22
      M 10    64.52             1.6738E+000          27.63
      m 11    66.16             4.5062E+000          31.68
      m 12    67.11             2.8103E+001           4.93
        15    77.87            -5.2243E+000         -27.32
        16    80.13             6.7395E+000          13.63
        17    84.73             1.9243E+000          45.85
        18   113.02             1.1236E-001         535.88
        19   140.94             8.4770E-001          88.81
        23   245.20            -3.7822E-001        -181.31
      M 24   251.85             1.0571E+001           4.93
        26   297.97             1.3374E+000          50.71
        29   333.12            -1.1250E-002        -3525.1
      m 31   414.91             8.6103E+000           3.02
        32   448.16            -3.1409E-003        -7057.4
        33   453.29            -4.5761E-002        -328.28
        34   466.90            -2.2254E-001         -61.71
        36   500.89            -1.2364E-001        -104.01
        38   576.65             4.8561E-002         142.12
        39   591.70             1.2911E-002         650.96
        41   609.63             1.9674E-002         587.61
        42   641.21             8.5551E-002         129.89
        43   675.82             2.0515E+001           1.42
        45   713.96             6.8288E-002          58.38
        47   766.37            -3.9327E-002         -97.65
        48   787.05            -2.3333E-002        -155.95
        49   815.75            -2.0311E-002        -194.69
        50   823.58             7.1427E+000           2.51
        52   840.66            -4.1667E-002         -86.53
        53   853.51             1.4612E-002         218.46
        55   918.28             1.6136E-002         140.44
        56   938.62             1.3333E-002         177.77
        57   955.74             3.5174E-002         112.80
        59  1088.03             3.8429E+000           3.06
        61  1111.94             4.1667E-002          34.66
        62  1132.21             3.9394E-003         485.37
        64  1461.45             3.5149E-001          10.15
        65  1508.57             4.6667E-002          33.15

       M = First peak in a multiplet region
Interference Corrected Activity Report    6/25/2018   3:49:54 PM   Page 29

       m = Other peak in a multiplet region
       F = Fitted singlet

       Errors quoted at  1.000 sigma
Nuclide MDA Report                      6/25/2018   3:49:55 PM     Page 30


No MDA analysis results available for reporting purposes
Nuclide MDA Report                      6/25/2018   3:49:55 PM     Page 31


No MDA analysis results available for reporting purposes
Action Level Summary Report             6/25/2018   3:49:55 PM     Page 32


No Action Level results available for reporting purposes
Auto Gain Adjust                     6/25/2018   3:49:55 PM       Page 33


*************************************************************************
*****                 A U T O  G A I N   A D J U S T                *****
*************************************************************************

Report Generated On:                               6/25/2018   3:49:55 PM


Status:                                                                 
No AGA results for reporting.


This report is valid only if a Certificate was the source of the true values.


Status:                                                                 
No AGA results for reporting.

