*************************************************************************
*****        G A M M A   S P E C T R U M    A N A L Y S I S         *****
*************************************************************************


Filename: DSA1000A                                                     

Report Generated On             : 6/25/2018   9:41:09 PM

Sample Title                    : Sample title.                          
Sample Description              :                                 
Sample Identification           :                 
Sample Type                     :                 
Sample Geometry                 :                 

Peak Locate Threshold           :  2.50
Peak Locate Range (in channels) :     1 - 65535
Peak Area Range (in channels)   :   100 -  8172
Identification Energy Tolerance :    3.000 keV

Sample Size                     :  1.000E+000 Unit    

Sample Taken On                 :                       
Acquisition Started             : 6/25/2018   9:38:39 PM

Live Time                       :       60.0 seconds
Real Time                       :       63.6 seconds

Dead Time                       :   5.70 %


              Energy Calibration Used Done On       : 6/23/2018 
              Efficiency Calibration Used Done On   : 6/23/2018 
              Efficiency ID                         :                        

Peak Analysis Report             6/25/2018   9:41:09 PM            Page  2


**************************************************************************
*****           P E A K    A N A L Y S I S    R E P O R T            *****
**************************************************************************


     Detector Name:  DSA1000A                        
     Sample Title:   Sample title.                                     
     Peak Analysis Performed on:  6/25/2018   9:41:09 PM
               Peak Analysis From Channel:      1
               Peak Analysis To Channel:     8192

   Peak  ROI  ROI    Peak    Energy   FWHM  Net Peak  Net Area  Continuum 
    No. start end  centroid   (keV)   (keV)  Area     Uncert.    Counts 

    1    39-   45    41.30    11.02   0.53        35.0   40.51   8.49E+002 
    2    95-  105   102.42    27.69   0.38        78.9   47.11   8.99E+002 
    3   111-  118   113.01    30.58   0.28        19.7   36.67   6.54E+002 
    4   200-  207   202.87    55.10   0.39       -45.8   32.90   5.60E+002 
    5   367-  374   370.32   100.78   0.47       -25.3   32.88   5.45E+002 
    6   398-  409   401.37   109.25   0.41        23.5   44.06   7.64E+002 
    7   420-  429   423.43   115.27   0.36        -1.9   38.89   6.70E+002 
 M  8   497-  516   503.23   137.04   1.25       149.4   54.80   1.09E+003 
 m  9   497-  516   508.23   138.40   1.25      3177.4   84.60   1.09E+003 
   10   736-  743   739.80   201.58   0.67        30.6   33.32   5.35E+002 
   11   800-  812   808.52   220.33   0.49        80.4   49.83   9.14E+002 
   12   919-  934   930.00   253.47   0.27        11.4   58.16   1.12E+003 
   13   991- 1001   994.65   271.11   0.68        34.4   38.47   6.06E+002 
   14  1012- 1027  1021.33   278.39   0.47        23.9   52.65   9.14E+002 
   15  1134- 1144  1140.83   310.99   0.44        23.6   35.20   5.10E+002 
   16  1225- 1241  1233.30   336.22   1.38      1207.8   59.23   7.36E+002 
   17  1254- 1261  1257.96   342.95   0.27        -9.5   25.66   3.29E+002 
   18  1269- 1284  1272.57   346.94   0.79         4.3   44.72   6.58E+002 
   19  1295- 1311  1302.19   355.02   1.29       304.8   49.30   6.77E+002 
   20  1449- 1459  1454.39   396.54   0.62        41.3   31.13   3.89E+002 
   21  1514- 1538  1529.01   416.90   1.47     13450.4  134.40   1.07E+003 
   22  1625- 1632  1628.77   444.12   0.32        32.6   23.25   2.51E+002 
   23  1688- 1708  1698.71   463.20   1.62       307.1   51.92   6.59E+002 
   24  1748- 1757  1752.93   477.99   0.48        -1.4   26.27   3.06E+002 
   25  1758- 1774  1768.14   482.14   0.33        -4.8   41.19   5.43E+002 
   26  1781- 1797  1790.53   488.25   0.27        -7.5   42.88   5.90E+002 
   27  1958- 1967  1962.63   535.20   0.60        19.6   29.71   3.81E+002 
   28  2013- 2023  2017.58   550.19   0.51        42.0   28.96   3.35E+002 
   29  2257- 2269  2261.23   616.67   0.29        -7.0   35.16   4.71E+002 
   30  2358- 2370  2363.58   644.59   0.51        33.2   34.05   4.28E+002 
   31  2409- 2426  2419.00   659.71   0.42         0.8   45.62   6.38E+002 
   32  2499- 2512  2506.31   683.53   0.31        32.9   35.92   4.56E+002 
   33  2655- 2666  2661.42   725.85   0.56        42.1   31.78   3.86E+002 
   34  2880- 2899  2891.68   788.67   0.81        60.9   50.40   7.03E+002 
   35  2991- 3013  3002.37   818.87   1.62      3032.0   82.72   9.84E+002 
   36  3014- 3038  3023.37   824.60   0.27         6.5   65.94   1.05E+003 
   37  3563- 3578  3569.60   973.62   0.38        61.4   42.95   5.91E+002 
   38  3858- 3868  3862.37  1053.50   0.38        41.5   32.11   4.13E+002 
   39  4006- 4036  4024.47  1097.73   1.86     13201.3  134.17   9.47E+002 
   40  4522- 4541  4532.84  1236.42   1.65       238.0   31.05   2.07E+002 
   41  4723- 4757  4744.96  1294.29   1.98     16385.8  137.96   4.62E+002 
 M 42  5196- 5219  5200.15  1418.48   0.50        18.6    2.85   2.70E+001 
Peak Analysis Report             6/25/2018   9:41:09 PM            Page  3


   Peak  ROI  ROI    Peak    Energy   FWHM  Net Peak  Net Area  Continuum 
    No. start end  centroid   (keV)   (keV)  Area     Uncert.    Counts 

 m 43  5196- 5219  5213.24  1422.05   0.50        19.4    3.13   3.15E+001 
   44  5352- 5365  5359.41  1461.93   0.53        32.1   13.63   5.59E+001 
   45  5383- 5396  5390.30  1470.36   0.37        18.5   14.45   6.75E+001 
   46  5517- 5542  5530.68  1508.66   2.19      1772.5   48.31   1.32E+002 
   47  5862- 5885  5873.97  1602.31   1.68       116.9   22.32   9.21E+001 
   48  6074- 6086  6080.52  1658.67   0.27         7.3   12.34   5.17E+001 
   49  6265- 6285  6271.00  1710.63   0.52        93.4   21.20   9.76E+001 
   50  6416- 6442  6429.59  1753.90   2.17       419.2   30.10   1.11E+002 
   51  6688- 6699  6693.79  1825.98   0.50        25.5   11.91   4.45E+001 
   52  7195- 7207  7201.48  1964.49   0.27       -21.4   11.69   5.74E+001 
   53  7732- 7765  7751.33  2114.51   2.38      1962.9   48.75   7.91E+001 

M = First peak in a multiplet region
m = Other peak in a multiplet region
F = Fitted singlet

Errors quoted at  1.000 sigma
Nuclide Identification Report        6/25/2018   9:41:10 PM        Page  4


No nuclide identification results available for reporting purposes
*************************************************************************
*****        G A M M A   S P E C T R U M    A N A L Y S I S         *****
*************************************************************************


Filename: DSA1000A                                                     

Report Generated On             : 6/25/2018   9:41:10 PM

Sample Title                    : Sample title.                          
Sample Description              :                                 
Sample Identification           :                 
Sample Type                     :                 
Sample Geometry                 :                 

Peak Locate Threshold           :  2.50
Peak Locate Range (in channels) :     1 - 65535
Peak Area Range (in channels)   :     1 -  8192
Identification Energy Tolerance :    3.000 keV

Sample Size                     :  1.000E+000 Unit    

Sample Taken On                 :                       
Acquisition Started             : 6/25/2018   9:38:39 PM

Live Time                       :       60.0 seconds
Real Time                       :       63.6 seconds

Dead Time                       :   5.70 %


              Energy Calibration Used Done On       : 6/23/2018 
              Efficiency Calibration Used Done On   : 6/23/2018 
              Efficiency ID                         :                        

Energy Calibration Report            6/25/2018   9:41:10 PM       Page  5


**************************************************************************
*****       E N E R G Y   C A L I B R A T I O N   R E P O R T        *****
**************************************************************************

     Detector Name:  DSA1000A                        
     Sample Title:   Sample title.                                     

       *************  ENERGY CALIBRATION COEFFICIENTS  *************

               Energy Calibrate Performed on:  6/23/2018  12:56:08 PM
                       by:                       
               Energy Calibrate Type:          POLY    

   Energy(keV) =    -0.253 +     0.273*ch +  0.00E+000*ch^2 +  0.00E+000*ch^3

       *************  SHAPE CALIBRATION COEFFICIENTS   *************

               Shape Calibrate Performed on:  6/23/2018  12:56:08 PM
                       by:                        

               FWHM     =     0.795  +   0.026*E^1/2

               LOW TAIL =   0.0E+000 +  0.0E+000*E

****************     ENERGY CALIBRATION RESULTS TABLE     ****************

                    Centroid      Centroid         Energy
                    Channel       error            (keV )
                      220.59        0.07             60.01
                      317.99        0.02             86.54
                      386.80        0.01            105.31
                      451.84        0.03            122.06
                     2426.14        0.01            661.66
                     3062.96        0.38            834.83

       *********     SHAPE CALIBRATION RESULTS TABLE      *********

             Energy     FWHM       FWHM         TAIL        TAIL
             (keV )     channels   error        channels    error
               60.01      3.13      0.17           0.00      0.00
               86.54      3.87      0.04           0.00      0.00
              105.31      3.88      0.01           0.00      0.00
              122.06      3.92      0.07           0.00      0.00
              661.66      5.34      0.01           0.00      0.00
              834.83      1.36      0.55           0.00      0.00
Efficiency Calibration Report             6/25/2018   9:41:10 PM   Page  6


**************************************************************************
*****   E F F I C I E N C Y   C A L I B R A T I O N    R E P O R T   *****
**************************************************************************

     Detector Name:  DSA1000A                        
     Sample Title:   Sample title.                                     

     Geometry Description:                 
     Efficiency Calibration Performed on:  6/23/2018   4:29:36 PM
                       by:                         
     Geometry Type Used:   INTERPOL        

                            Efficiency Triplets
                            ===================

                   Energy         Efficiency        Error

                     60.00         2.39E-002      2.06E-003
                     86.50         7.50E-002      1.86E-004
                    105.30         9.27E-002      2.42E-004
                    176.30         9.35E-002      6.01E-004
                    427.90         4.77E-002      2.21E-004
                    600.60         3.51E-002      2.22E-004
                    834.80         2.64E-002      2.00E-004
                   1173.20         1.87E-002      5.20E-005
                   1332.50         1.69E-002      4.80E-005

                      DUAL Efficiency Calibration Equation
                      ====================================

         Single Equation Terms ->   Offset:     -143.191
                                     Slope:       91.147
                                 Quadratic:      -21.757
                                     Cubic:        2.279
                                 4th Order:       -0.089
                                 5th Order:        0.000
                                 6th Order:        0.000
                                 7th Order:        0.000
                                 8th Order:        0.000
                                 9th Order:        0.000
Efficiency Calibration Report             6/25/2018   9:41:10 PM   Page  7


                      EMPIRICAL Efficiency Calibration Equation
                      =========================================

      Empirical Equation Terms ->  Scaling:      696.250
                                    Offset:       -3.494
                                     Slope:        0.899
                                 Quadratic:        0.043
                                     Cubic:        0.059
                                 4th Order:       -0.089
                                 5th Order:        0.000

                      LINEAR Efficiency Calibration Equation
                      ======================================

         Linear Equation Terms ->   Offset:       -0.000
                                     Slope:       -1.569
                                 Quadratic:      189.136
                                     Cubic:   -17233.867
                                 4th Order:   376762.938
                                 5th Order:        0.000
                                 6th Order:        0.000
                                 7th Order:        0.000
                                 8th Order:        0.000
                                 9th Order:        0.000
Peak-to-Total Calibration Report          6/25/2018   9:41:10 PM   Page  8


**************************************************************************
**   P E A K - T O - T O T A L   C A L I B R A T I O N   R E P O R T   ***
**************************************************************************

     Detector Name:  DSA1000A                        
     Sample Title:   Sample title.                                     


                  Peak-to-Total Calibration Equation
                  =============================================

                                 No Peak-to-Total Equation

Peak Locate Analysis Report             6/25/2018   9:41:10 PM     Page  9

**************************************************************************
*****             P E A K    L O C A T E    R E P O R T              *****
**************************************************************************

     Detector Name:  DSA1000A                        
     Sample Title:   Sample title.                                     
               Peak Locate Performed on:  6/25/2018   9:41:09 PM
               Peak Locate From Channel:      1
               Peak Locate To Channel:    65535
               Peak Search Sensitivity:     2.50

     Peak   Centroid    Centroid     Energy       Peak
      No.    Channel   Uncertainty   (keV)    Significance

       1       41.30      <NA>         11.02      <NA> 
       2      102.42      <NA>         27.69      <NA> 
       3      113.01      <NA>         30.58      <NA> 
       4      202.87      <NA>         55.10      <NA> 
       5      370.32      <NA>        100.78      <NA> 
       6      401.37      <NA>        109.25      <NA> 
       7      423.43      <NA>        115.27      <NA> 
       8      502.00      <NA>        137.04      <NA> 
       9      508.04      <NA>        138.40      <NA> 
      10      739.80      <NA>        201.58      <NA> 
      11      808.52      <NA>        220.33      <NA> 
      12      930.00      <NA>        253.47      <NA> 
      13      994.65      <NA>        271.11      <NA> 
      14     1021.33      <NA>        278.39      <NA> 
      15     1140.83      <NA>        310.99      <NA> 
      16     1233.30      <NA>        336.22      <NA> 
      17     1257.96      <NA>        342.95      <NA> 
      18     1272.57      <NA>        346.94      <NA> 
      19     1302.19      <NA>        355.02      <NA> 
      20     1454.39      <NA>        396.54      <NA> 
      21     1529.01      <NA>        416.90      <NA> 
      22     1628.77      <NA>        444.12      <NA> 
      23     1698.71      <NA>        463.20      <NA> 
      24     1752.93      <NA>        477.99      <NA> 
      25     1768.14      <NA>        482.14      <NA> 
      26     1790.53      <NA>        488.25      <NA> 
      27     1962.63      <NA>        535.20      <NA> 
      28     2017.58      <NA>        550.19      <NA> 
      29     2261.23      <NA>        616.67      <NA> 
      30     2363.58      <NA>        644.59      <NA> 
      31     2419.00      <NA>        659.71      <NA> 
      32     2506.31      <NA>        683.53      <NA> 
      33     2661.42      <NA>        725.85      <NA> 
      34     2891.68      <NA>        788.67      <NA> 
      35     3002.37      <NA>        818.87      <NA> 
      36     3023.37      <NA>        824.60      <NA> 
      37     3569.60      <NA>        973.62      <NA> 
      38     3862.37      <NA>       1053.50      <NA> 
      39     4024.47      <NA>       1097.73      <NA> 
      40     4532.84      <NA>       1236.42      <NA> 
      41     4744.96      <NA>       1294.29      <NA> 
Peak Locate Analysis Report             6/25/2018   9:41:10 PM     Page 10


     Peak   Centroid    Centroid     Energy       Peak
      No.    Channel   Uncertainty   (keV)    Significance

      42     5202.49      <NA>       1418.48      <NA> 
      43     5213.69      <NA>       1422.05      <NA> 
      44     5359.41      <NA>       1461.93      <NA> 
      45     5390.30      <NA>       1470.36      <NA> 
      46     5530.68      <NA>       1508.66      <NA> 
      47     5873.97      <NA>       1602.31      <NA> 
      48     6080.52      <NA>       1658.67      <NA> 
      49     6271.00      <NA>       1710.63      <NA> 
      50     6429.59      <NA>       1753.90      <NA> 
      51     6693.79      <NA>       1825.98      <NA> 
      52     7201.48      <NA>       1964.49      <NA> 
      53     7751.33      <NA>       2114.51      <NA> 

? = Adjacent peak noted

Errors quoted at  1.000 sigma
Peak Analysis Report             6/25/2018   9:41:10 PM            Page 11


**************************************************************************
*****           P E A K    A N A L Y S I S    R E P O R T            *****
**************************************************************************


     Detector Name:  DSA1000A                        
     Sample Title:   Sample title.                                     
     Peak Analysis Performed on:  6/25/2018   9:41:09 PM
               Peak Analysis From Channel:      1
               Peak Analysis To Channel:     8192

   Peak  ROI  ROI    Peak    Energy   FWHM  Net Peak  Net Area  Continuum 
    No. start end  centroid   (keV)   (keV)  Area     Uncert.    Counts 

    1    39-   45    41.30    11.02   0.53        35.0   40.51   8.49E+002 
    2    95-  105   102.42    27.69   0.38        78.9   47.11   8.99E+002 
    3   111-  118   113.01    30.58   0.28        19.7   36.67   6.54E+002 
    4   200-  207   202.87    55.10   0.39       -45.8   32.90   5.60E+002 
    5   367-  374   370.32   100.78   0.47       -25.3   32.88   5.45E+002 
    6   398-  409   401.37   109.25   0.41        23.5   44.06   7.64E+002 
    7   420-  429   423.43   115.27   0.36        -1.9   38.89   6.70E+002 
 M  8   497-  516   503.23   137.04   1.25       149.4   54.80   1.09E+003 
 m  9   497-  516   508.23   138.40   1.25      3177.4   84.60   1.09E+003 
   10   736-  743   739.80   201.58   0.67        30.6   33.32   5.35E+002 
   11   800-  812   808.52   220.33   0.49        80.4   49.83   9.14E+002 
   12   919-  934   930.00   253.47   0.27        11.4   58.16   1.12E+003 
   13   991- 1001   994.65   271.11   0.68        34.4   38.47   6.06E+002 
   14  1012- 1027  1021.33   278.39   0.47        23.9   52.65   9.14E+002 
   15  1134- 1144  1140.83   310.99   0.44        23.6   35.20   5.10E+002 
   16  1225- 1241  1233.30   336.22   1.38      1207.8   59.23   7.36E+002 
   17  1254- 1261  1257.96   342.95   0.27        -9.5   25.66   3.29E+002 
   18  1269- 1284  1272.57   346.94   0.79         4.3   44.72   6.58E+002 
   19  1295- 1311  1302.19   355.02   1.29       304.8   49.30   6.77E+002 
   20  1449- 1459  1454.39   396.54   0.62        41.3   31.13   3.89E+002 
   21  1514- 1538  1529.01   416.90   1.47     13450.4  134.40   1.07E+003 
   22  1625- 1632  1628.77   444.12   0.32        32.6   23.25   2.51E+002 
   23  1688- 1708  1698.71   463.20   1.62       307.1   51.92   6.59E+002 
   24  1748- 1757  1752.93   477.99   0.48        -1.4   26.27   3.06E+002 
   25  1758- 1774  1768.14   482.14   0.33        -4.8   41.19   5.43E+002 
   26  1781- 1797  1790.53   488.25   0.27        -7.5   42.88   5.90E+002 
   27  1958- 1967  1962.63   535.20   0.60        19.6   29.71   3.81E+002 
   28  2013- 2023  2017.58   550.19   0.51        42.0   28.96   3.35E+002 
   29  2257- 2269  2261.23   616.67   0.29        -7.0   35.16   4.71E+002 
   30  2358- 2370  2363.58   644.59   0.51        33.2   34.05   4.28E+002 
   31  2409- 2426  2419.00   659.71   0.42         0.8   45.62   6.38E+002 
   32  2499- 2512  2506.31   683.53   0.31        32.9   35.92   4.56E+002 
   33  2655- 2666  2661.42   725.85   0.56        42.1   31.78   3.86E+002 
   34  2880- 2899  2891.68   788.67   0.81        60.9   50.40   7.03E+002 
   35  2991- 3013  3002.37   818.87   1.62      3032.0   82.72   9.84E+002 
   36  3014- 3038  3023.37   824.60   0.27         6.5   65.94   1.05E+003 
   37  3563- 3578  3569.60   973.62   0.38        61.4   42.95   5.91E+002 
   38  3858- 3868  3862.37  1053.50   0.38        41.5   32.11   4.13E+002 
   39  4006- 4036  4024.47  1097.73   1.86     13201.3  134.17   9.47E+002 
   40  4522- 4541  4532.84  1236.42   1.65       238.0   31.05   2.07E+002 
   41  4723- 4757  4744.96  1294.29   1.98     16385.8  137.96   4.62E+002 
 M 42  5196- 5219  5200.15  1418.48   0.50        18.6    2.85   2.70E+001 
Peak Analysis Report             6/25/2018   9:41:10 PM            Page 12


   Peak  ROI  ROI    Peak    Energy   FWHM  Net Peak  Net Area  Continuum 
    No. start end  centroid   (keV)   (keV)  Area     Uncert.    Counts 

 m 43  5196- 5219  5213.24  1422.05   0.50        19.4    3.13   3.15E+001 
   44  5352- 5365  5359.41  1461.93   0.53        32.1   13.63   5.59E+001 
   45  5383- 5396  5390.30  1470.36   0.37        18.5   14.45   6.75E+001 
   46  5517- 5542  5530.68  1508.66   2.19      1772.5   48.31   1.32E+002 
   47  5862- 5885  5873.97  1602.31   1.68       116.9   22.32   9.21E+001 
   48  6074- 6086  6080.52  1658.67   0.27         7.3   12.34   5.17E+001 
   49  6265- 6285  6271.00  1710.63   0.52        93.4   21.20   9.76E+001 
   50  6416- 6442  6429.59  1753.90   2.17       419.2   30.10   1.11E+002 
   51  6688- 6699  6693.79  1825.98   0.50        25.5   11.91   4.45E+001 
   52  7195- 7207  7201.48  1964.49   0.27       -21.4   11.69   5.74E+001 
   53  7732- 7765  7751.33  2114.51   2.38      1962.9   48.75   7.91E+001 

M = First peak in a multiplet region
m = Other peak in a multiplet region
F = Fitted singlet

Errors quoted at  1.000 sigma
Peak Analysis Report                    6/25/2018   9:41:10 PM          Page 13


*******************************************************************************
*****  S T A N D A R D   V M S   P E A K   A N A L Y S I S   R E P O R T  *****
*******************************************************************************

        Configuration Title:                                         
        Spectrum Title:              Sample title.            
        Peak Analysis Performed on:  6/25/18   9:41:09 PM
        Peak Analysis From Channel:      1    To Channel:     8192
        Peak Search Sensitivity:      2.50    Gaussian Sensitivity:  1.00
        Max Iterations: 15  Fit Singlets: No  Critical Level Test: No 
        Use Fixed FWHM: No  FWHM Reject:  No  FWHM Reject Ratio:  0.00 
        Peak Fit Engine Name: PANOLIN1        Continuum Type: STEP   

   Pk IT  Energy      Area   Bkgnd  FWHM Channel  Left  PW  Cts/Sec  %err   Fit

    1  0    11.02       35     849  0.53   41.30    39   7 5.8E-001 115.6   0.0
    2  0    27.69       79     899  0.38  102.42    95  11 1.3E+000  59.7   0.0
    3  0    30.58       20     654  0.28  113.01   111   8 3.3E-001 186.6   0.0
    4  0    55.10      -46     560  0.39  202.87   200   8-7.6E-001 -71.8   0.0
    5  0   100.78      -25     545  0.47  370.32   367   8-4.2E-001 -130.   0.0
    6  0   109.25       23     764  0.41  401.37   398  12 3.9E-001 187.8   0.0
    7  0   115.27       -2     670  0.36  423.43   420  10-3.2E-002 -2004   0.0
 M  8 12   137.04      149    1086  1.25  503.23   497  20 2.5E+000  36.7   0.9
 m  9 12   138.40     3177    1095  1.25  508.23   497  20 5.3E+001   2.7   0.9
   10  0   201.58       31     535  0.67  739.80   736   8 5.1E-001 108.8   0.0
   11  0   220.33       80     914  0.49  808.52   800  13 1.3E+000  62.0   0.0
   12  0   253.47       11    1118  0.27  930.00   919  16 1.9E-001 508.7   0.0
   13  0   271.11       34     606  0.68  994.65   991  11 5.7E-001 111.9   0.0
   14  0   278.39       24     914  0.47 1021.33  1012  16 4.0E-001 220.3   0.0
   15  0   310.99       24     510  0.44 1140.83  1134  11 3.9E-001 149.4   0.0
   16  0   336.22     1208     736  1.38 1233.30  1225  17 2.0E+001   4.9   0.0
   17  0   342.95       -9     329  0.27 1257.96  1254   8-1.6E-001 -271.   0.0
   18  0   346.94        4     658  0.79 1272.57  1269  16 7.2E-002 1037.   0.0
   19  0   355.02      305     677  1.29 1302.19  1295  17 5.1E+000  16.2   0.0
   20  0   396.54       41     389  0.62 1454.39  1449  11 6.9E-001  75.4   0.0
   21  0   416.90    13450    1072  1.47 1529.01  1514  25 2.2E+002   1.0   0.0
   22  0   444.12       33     251  0.32 1628.77  1625   8 5.4E-001  71.3   0.0
   23  0   463.20      307     659  1.62 1698.71  1688  21 5.1E+000  16.9   0.0
   24  0   477.99       -1     306  0.48 1752.93  1748  10-2.4E-002 -1821   0.0
   25  0   482.14       -5     543  0.33 1768.14  1758  17-7.9E-002 -864.   0.0
   26  0   488.25       -7     590  0.27 1790.53  1781  17-1.2E-001 -574.   0.0
   27  0   535.20       20     381  0.60 1962.63  1958  10 3.3E-001 151.4   0.0
   28  0   550.19       42     335  0.51 2017.58  2013  11 7.0E-001  69.0   0.0
   29  0   616.67       -7     471  0.29 2261.23  2257  13-1.2E-001 -504.   0.0
   30  0   644.59       33     428  0.51 2363.58  2358  13 5.5E-001 102.6   0.0
   31  0   659.71        1     638  0.42 2419.00  2409  18 1.4E-002 5558.   0.0
   32  0   683.53       33     456  0.31 2506.31  2499  14 5.5E-001 109.3   0.0
   33  0   725.85       42     386  0.56 2661.42  2655  12 7.0E-001  75.5   0.0
   34  0   788.67       61     703  0.81 2891.68  2880  20 1.0E+000  82.8   0.0
   35  0   818.87     3032     984  1.62 3002.37  2991  23 5.1E+001   2.7   0.0
   36  0   824.60        6    1053  0.27 3023.37  3014  25 1.1E-001 1015.   0.0
   37  0   973.62       61     591  0.38 3569.60  3563  16 1.0E+000  70.0   0.0
   38  0  1053.50       42     413  0.38 3862.37  3858  11 6.9E-001  77.4   0.0
Peak Analysis Report                    6/25/2018   9:41:10 PM          Page 14


   Pk IT  Energy      Area   Bkgnd  FWHM Channel  Left  PW  Cts/Sec  %err   Fit

   39  0  1097.73    13201     947  1.86 4024.47  4006  31 2.2E+002   1.0   0.0
   40  0  1236.42      238     207  1.65 4532.84  4522  20 4.0E+000  13.0   0.0
   41  0  1294.29    16386     462  1.98 4744.96  4723  35 2.7E+002   0.8   0.0
 M 42 32  1418.48       19      27  0.50 5200.15  5196  24 3.1E-001  15.4   1.4
 m 43 32  1422.05       19      32  0.50 5213.24  5196  24 3.2E-001  16.2   1.4
   44  0  1461.93       32      56  0.53 5359.41  5352  14 5.4E-001  42.4   0.0
   45  0  1470.36       19      67  0.37 5390.30  5383  14 3.1E-001  78.0   0.0
   46  0  1508.66     1773     132  2.19 5530.68  5517  26 3.0E+001   2.7   0.0
   47  0  1602.31      117      92  1.68 5873.97  5862  24 1.9E+000  19.1   0.0
   48  0  1658.67        7      52  0.27 6080.52  6074  13 1.2E-001 169.7   0.0
   49  0  1710.63       93      98  0.52 6271.00  6265  21 1.6E+000  22.7   0.0
   50  0  1753.90      419     111  2.17 6429.59  6416  27 7.0E+000   7.2   0.0
   51  0  1825.98       26      44  0.50 6693.79  6688  12 4.3E-001  46.7   0.0
   52  0  1964.49      -21      57  0.27 7201.48  7195  13-3.6E-001 -54.7   0.0
   53  0  2114.51     1963      79  2.38 7751.33  7732  34 3.3E+001   2.5   0.0

M = First peak in a multiplet region
m = Other peak in a multiplet region
F = Fitted singlet

Errors quoted at  1.000 sigma
Peak Analysis Report             6/25/2018   9:41:10 PM            Page 15


**************************************************************************
*****           P E A K    A N A L Y S I S    R E P O R T            *****
**************************************************************************


     Detector Name:  DSA1000A                        
     Sample Title:   Sample title.                                     
     Peak Analysis Performed on:  6/25/2018   9:41:09 PM
               Peak Analysis From Channel:      1
               Peak Analysis To Channel:     8192

   Peak  ROI  ROI   Energy   Net Peak Net Area  Continuum  Critical 
    No. start end    (keV)     Area    Uncert.    Counts     Level

    1    39-   45    11.02        35.0   40.51   8.49E+002  6.59E+001 
    2    95-  105    27.69        78.9   47.11   8.99E+002  7.61E+001 
    3   111-  118    30.58        19.7   36.67   6.54E+002  5.99E+001 
    4   200-  207    55.10       -45.8   32.90   5.60E+002  5.53E+001 
    5   367-  374   100.78       -25.3   32.88   5.45E+002  5.47E+001 
    6   398-  409   109.25        23.5   44.06   7.64E+002  7.20E+001 
    7   420-  429   115.27        -1.9   38.89   6.70E+002  6.40E+001 
 M  8   497-  516   137.04       149.4   54.80   1.09E+003  7.67E+001 
 m  9   497-  516   138.40      3177.4   84.60   1.09E+003  7.70E+001 
   10   736-  743   201.58        30.6   33.32   5.35E+002  5.40E+001 
   11   800-  812   220.33        80.4   49.83   9.14E+002  8.06E+001 
   12   919-  934   253.47        11.4   58.16   1.12E+003  9.55E+001 
   13   991- 1001   271.11        34.4   38.47   6.06E+002  6.25E+001 
   14  1012- 1027   278.39        23.9   52.65   9.14E+002  8.62E+001 
   15  1134- 1144   310.99        23.6   35.20   5.10E+002  5.74E+001 
   16  1225- 1241   336.22      1207.8   59.23   7.36E+002  7.89E+001 
   17  1254- 1261   342.95        -9.5   25.66   3.29E+002  4.25E+001 
   18  1269- 1284   346.94         4.3   44.72   6.58E+002  7.35E+001 
   19  1295- 1311   355.02       304.8   49.30   6.77E+002  7.58E+001 
   20  1449- 1459   396.54        41.3   31.13   3.89E+002  5.01E+001 
   21  1514- 1538   416.90     13450.4  134.40   1.07E+003  1.12E+002 
   22  1625- 1632   444.12        32.6   23.25   2.51E+002  3.71E+001 
   23  1688- 1708   463.20       307.1   51.92   6.59E+002  8.04E+001 
   24  1748- 1757   477.99        -1.4   26.27   3.06E+002  4.33E+001 
   25  1758- 1774   482.14        -4.8   41.19   5.43E+002  6.78E+001 
   26  1781- 1797   488.25        -7.5   42.88   5.90E+002  7.07E+001 
   27  1958- 1967   535.20        19.6   29.71   3.81E+002  4.83E+001 
   28  2013- 2023   550.19        42.0   28.96   3.35E+002  4.64E+001 
   29  2257- 2269   616.67        -7.0   35.16   4.71E+002  5.80E+001 
   30  2358- 2370   644.59        33.2   34.05   4.28E+002  5.52E+001 
   31  2409- 2426   659.71         0.8   45.62   6.38E+002  7.50E+001 
   32  2499- 2512   683.53        32.9   35.92   4.56E+002  5.83E+001 
   33  2655- 2666   725.85        42.1   31.78   3.86E+002  5.12E+001 
   34  2880- 2899   788.67        60.9   50.40   7.03E+002  8.19E+001 
   35  2991- 3013   818.87      3032.0   82.72   9.84E+002  1.02E+002 
   36  3014- 3038   824.60         6.5   65.94   1.05E+003  1.08E+002 
   37  3563- 3578   973.62        61.4   42.95   5.91E+002  6.95E+001 
   38  3858- 3868  1053.50        41.5   32.11   4.13E+002  5.18E+001 
   39  4006- 4036  1097.73     13201.3  134.17   9.47E+002  1.14E+002 
   40  4522- 4541  1236.42       238.0   31.05   2.07E+002  4.43E+001 
   41  4723- 4757  1294.29     16385.8  137.96   4.62E+002  8.47E+001 
 M 42  5196- 5219  1418.48        18.6    2.85   2.70E+001  1.21E+001 
Peak Analysis Report             6/25/2018   9:41:10 PM            Page 16


   Peak  ROI  ROI   Energy   Net Peak Net Area  Continuum  Critical 
    No. start end    (keV)     Area    Uncert.    Counts     Level

 m 43  5196- 5219  1422.05        19.4    3.13   3.15E+001  1.31E+001 
   44  5352- 5365  1461.93        32.1   13.63   5.59E+001  2.04E+001 
   45  5383- 5396  1470.36        18.5   14.45   6.75E+001  2.27E+001 
   46  5517- 5542  1508.66      1772.5   48.31   1.32E+002  3.90E+001 
   47  5862- 5885  1602.31       116.9   22.32   9.21E+001  3.21E+001 
   48  6074- 6086  1658.67         7.3   12.34   5.17E+001  1.98E+001 
   49  6265- 6285  1710.63        93.4   21.20   9.76E+001  3.10E+001 
   50  6416- 6442  1753.90       419.2   30.10   1.11E+002  3.63E+001 
   51  6688- 6699  1825.98        25.5   11.91   4.45E+001  1.77E+001 
   52  7195- 7207  1964.49       -21.4   11.69   5.74E+001  2.07E+001 
   53  7732- 7765  2114.51      1962.9   48.75   7.91E+001  3.35E+001 

M = First peak in a multiplet region
m = Other peak in a multiplet region
F = Fitted singlet

Errors quoted at  1.000 sigma
Peak with NID Report             6/25/2018   9:41:10 PM            Page 17


**************************************************************************
*****           P E A K    W I T H   N I D    R E P O R T            *****
**************************************************************************


     Detector Name:  DSA1000A                        
     Sample Title:   Sample title.                                     
     Peak Analysis Performed on:  6/25/2018   9:41:09 PM
               Peak Analysis From Channel:      1
               Peak Analysis To Channel:     8192
     Tentative NID Library:   C:\GENIE2K\CAMFILES\NAA LIB LONG.NLB     
     Peak Match Tolerance :    3.000 keV

   Peak  ROI  ROI    Peak    Energy   Net Peak Net Area  Continuum  Tentative
    No. Start End  Centroid   (keV)     Area    Uncert.    Counts    Nuclide 

    1    39-   45    41.30    11.02  3.50E+001   40.51   8.49E+002   .....    
    2    95-  105   102.42    27.69  7.89E+001   47.11   8.99E+002   .....    
    3   111-  118   113.01    30.58  1.97E+001   36.67   6.54E+002   .....    
    4   200-  207   202.87    55.10 -4.58E+001   32.90   5.60E+002   .....    
    5   367-  374   370.32   100.78 -2.53E+001   32.88   5.45E+002   TA-182   
                                                                     TE-131x  
                                                                     SM-153   
                                                                     GD-153   
    6   398-  409   401.37   109.25  2.35E+001   44.06   7.64E+002   YB-169   
    7   420-  429   423.43   115.27 -1.94E+000   38.89   6.70E+002   LU-177x  
                                                                     LU-177   
 M  8   497-  516   503.23   137.04  1.49E+002   54.80   1.09E+003   RE-186   
                                                                     HF-181   
                                                                     SE-75    
                                                                     W-187    
 m  9   497-  516   508.23   138.40  3.18E+003   84.60   1.09E+003   RE-186   
                                                                     HF-181   
                                                                     SE-75    
   10   736-  743   739.80   201.58  3.06E+001   33.32   5.35E+002   TE-131x  
                                                                     XE-127   
                                                                     LU-177x  
                                                                     AU-198m  
   11   800-  812   808.52   220.33  8.04E+001   49.83   9.14E+002   TA-182   
   12   919-  934   930.00   253.47  1.14E+001   58.16   1.12E+003   CE-137x  
   13   991- 1001   994.65   271.11  3.44E+001   38.47   6.06E+002   .....    
   14  1012- 1027  1021.33   278.39  2.39E+001   52.65   9.14E+002   HG-197   
                                                                     HG-203   
                                                                     SE-75    
                                                                     BA-133   
                                                                     HO-166   
                                                                     BA-133m  
   15  1134- 1144  1140.83   310.99  2.36E+001   35.20   5.10E+002   IR-192   
   16  1225- 1241  1233.30   336.22  1.21E+003   59.23   7.36E+002   CD-115   
                                                                     TE-131x  
   17  1254- 1261  1257.96   342.95 -9.46E+000   25.66   3.29E+002   HF-175   
                                                                     EU-152x  
                                                                     PM-151   
                                                                     HF-181   
   18  1269- 1284  1272.57   346.94  4.31E+000   44.72   6.58E+002   PT-197m  
                                                                     HF-181   
                                                                     EU-152x  
Peak with NID Report             6/25/2018   9:41:10 PM            Page 18

   19  1295- 1311  1302.19   355.02  3.05E+002   49.30   6.77E+002   BA-133   
   20  1449- 1459  1454.39   396.54  4.13E+001   31.13   3.89E+002   YB-175   
   21  1514- 1538  1529.01   416.90  1.35E+004  134.40   1.07E+003   GE-77    
                                                                     LU-177x  
   22  1625- 1632  1628.77   444.12  3.26E+001   23.25   2.51E+002   AG-110m  
   23  1688- 1708  1698.71   463.20  3.07E+002   51.92   6.59E+002   SB-125   
   24  1748- 1757  1752.93   477.99 -1.44E+000   26.27   3.06E+002   W-187    
   25  1758- 1774  1768.14   482.14 -4.77E+000   41.19   5.43E+002   HF-181   
                                                                     W-187    
   26  1781- 1797  1790.53   488.25 -7.46E+000   42.88   5.90E+002   Ca-47    
                                                                     LA-140   
   27  1958- 1967  1962.63   535.20  1.96E+001   29.71   3.81E+002   .....    
   28  2013- 2023  2017.58   550.19  4.20E+001   28.96   3.35E+002   W-187    
   29  2257- 2269  2261.23   616.67 -6.97E+000   35.16   4.71E+002   W-187    
                                                                     AG-108m  
                                                                     BR-82x   
   30  2358- 2370  2363.58   644.59  3.32E+001   34.05   4.28E+002   SB-124   
                                                                     OS-185   
   31  2409- 2426  2419.00   659.71  8.21E-001   45.62   6.38E+002   AG-110m  
                                                                     AS-76    
   32  2499- 2512  2506.31   683.53  3.29E+001   35.92   4.56E+002   W-187    
   33  2655- 2666  2661.42   725.85  4.21E+001   31.78   3.86E+002   IN-114m  
                                                                     ZR-95    
                                                                     AG-108m  
   34  2880- 2899  2891.68   788.67  6.09E+001   50.40   7.03E+002   .....    
   35  2991- 3013  3002.37   818.87  3.03E+003   82.72   9.84E+002   PA-232   
                                                                     AG-110m  
   36  3014- 3038  3023.37   824.60  6.50E+000   65.94   1.05E+003   .....    
   37  3563- 3578  3569.60   973.62  6.14E+001   42.95   5.91E+002   .....    
   38  3858- 3868  3862.37  1053.50  4.15E+001   32.11   4.13E+002   GA-72    
Peak with NID Report             6/25/2018   9:41:10 PM            Page 19


   Peak  ROI  ROI    Peak    Energy   Net Peak Net Area  Continuum  Tentative
    No. start end  centroid   (keV)     Area    Uncert.    Counts    Nuclide 

   39  4006- 4036  4024.47  1097.73  1.32E+004  134.17   9.47E+002   FE-59    
   40  4522- 4541  4532.84  1236.42  2.38E+002   31.05   2.07E+002   .....    
   41  4723- 4757  4744.96  1294.29  1.64E+004  137.96   4.62E+002   FE-59    
                                                                     Ca-47    
 M 42  5196- 5219  5200.15  1418.48  1.86E+001    2.85   2.70E+001   .....    
 m 43  5196- 5219  5213.24  1422.05  1.94E+001    3.13   3.15E+001   .....    
   44  5352- 5365  5359.41  1461.93  3.21E+001   13.63   5.59E+001   .....    
   45  5383- 5396  5390.30  1470.36  1.85E+001   14.45   6.75E+001   .....    
   46  5517- 5542  5530.68  1508.66  1.77E+003   48.31   1.32E+002   .....    
   47  5862- 5885  5873.97  1602.31  1.17E+002   22.32   9.21E+001   .....    
   48  6074- 6086  6080.52  1658.67  7.27E+000   12.34   5.17E+001   .....    
   49  6265- 6285  6271.00  1710.63  9.34E+001   21.20   9.76E+001   .....    
   50  6416- 6442  6429.59  1753.90  4.19E+002   30.10   1.11E+002   .....    
   51  6688- 6699  6693.79  1825.98  2.55E+001   11.91   4.45E+001   .....    
   52  7195- 7207  7201.48  1964.49 -2.14E+001   11.69   5.74E+001   .....    
   53  7732- 7765  7751.33  2114.51  1.96E+003   48.75   7.91E+001   .....    

M = First peak in a multiplet region
m = Other peak in a multiplet region
F = Fitted singlet

Errors quoted at  1.000 sigma
Peak Efficiency Report             6/25/2018   9:41:10 PM          Page 20


**************************************************************************
*****         P E A K    E F F I C I E N C Y    R E P O R T          *****
**************************************************************************

     Detector Name:  DSA1000A                        
     Sample Title:   Sample title.                                     
     Peak Analysis Performed on:  6/25/2018   9:41:09 PM


 Peak  Energy   Net Peak  Net Area       Peak     Efficiency
 No.   (keV)      Area   Uncertainty  Efficiency  Uncertainty

    1    11.02  3.50E+001    40.51     2.39E-002    2.06E-003
    2    27.69  7.89E+001    47.11     2.39E-002    2.06E-003
    3    30.58  1.97E+001    36.67     2.39E-002    2.06E-003
    4    55.10 -4.58E+001    32.90     2.39E-002    2.06E-003
    5   100.78 -2.53E+001    32.88     8.84E-002    2.28E-004
    6   109.25  2.35E+001    44.06     9.28E-002    2.58E-004
    7   115.27 -1.94E+000    38.89     9.29E-002    2.84E-004
 M  8   137.04  1.49E+002    54.80     9.31E-002    3.85E-004
 m  9   138.40  3.18E+003    84.60     9.32E-002    3.92E-004
   10   201.58  3.06E+001    33.32     8.45E-002    5.17E-004
   11   220.33  8.04E+001    49.83     7.89E-002    4.67E-004
   12   253.47  1.14E+001    58.16     7.10E-002    3.99E-004
   13   271.11  3.44E+001    38.47     6.74E-002    3.70E-004
   14   278.39  2.39E+001    52.65     6.61E-002    3.59E-004
   15   310.99  2.36E+001    35.20     6.08E-002    3.16E-004
   16   336.22  1.21E+003    59.23     5.73E-002    2.90E-004
   17   342.95 -9.46E+000    25.66     5.64E-002    2.83E-004
   18   346.94  4.31E+000    44.72     5.59E-002    2.80E-004
   19   355.02  3.05E+002    49.30     5.50E-002    2.73E-004
   20   396.54  4.13E+001    31.13     5.05E-002    2.40E-004
   21   416.90  1.35E+004   134.40     4.86E-002    2.27E-004
   22   444.12  3.26E+001    23.25     4.61E-002    2.21E-004
   23   463.20  3.07E+002    51.92     4.44E-002    2.21E-004
   24   477.99 -1.44E+000    26.27     4.32E-002    2.21E-004
   25   482.14 -4.77E+000    41.19     4.28E-002    2.21E-004
   26   488.25 -7.46E+000    42.88     4.23E-002    2.21E-004
   27   535.20  1.96E+001    29.71     3.90E-002    2.22E-004
   28   550.19  4.20E+001    28.96     3.80E-002    2.22E-004
   29   616.67 -6.97E+000    35.16     3.43E-002    2.21E-004
   30   644.59  3.32E+001    34.05     3.30E-002    2.17E-004
   31   659.71  8.21E-001    45.62     3.24E-002    2.16E-004
   32   683.53  3.29E+001    35.92     3.14E-002    2.13E-004
   33   725.85  4.21E+001    31.78     2.98E-002    2.09E-004
   34   788.67  6.09E+001    50.40     2.77E-002    2.03E-004
   35   818.87  3.03E+003    82.72     2.68E-002    2.01E-004
   36   824.60  6.50E+000    65.94     2.66E-002    2.00E-004
   37   973.62  6.14E+001    42.95     2.26E-002    1.09E-004
   38  1053.50  4.15E+001    32.11     2.09E-002    7.96E-005
   39  1097.73  1.32E+004   134.17     2.00E-002    6.77E-005
   40  1236.42  2.38E+002    31.05     1.79E-002    5.04E-005
   41  1294.29  1.64E+004   137.96     1.73E-002    4.89E-005
 M 42  1418.48  1.86E+001     2.85     1.69E-002    4.80E-005
Peak Efficiency Report             6/25/2018   9:41:10 PM          Page 21


 Peak  Energy   Net Peak  Net Area       Peak     Efficiency
 No.   (keV)      Area   Uncertainty  Efficiency  Uncertainty

 m 43  1422.05  1.94E+001     3.13     1.69E-002    4.80E-005
   44  1461.93  3.21E+001    13.63     1.69E-002    4.80E-005
   45  1470.36  1.85E+001    14.45     1.69E-002    4.80E-005
   46  1508.66  1.77E+003    48.31     1.69E-002    4.80E-005
   47  1602.31  1.17E+002    22.32     1.69E-002    4.80E-005
   48  1658.67  7.27E+000    12.34     1.69E-002    4.80E-005
   49  1710.63  9.34E+001    21.20     1.69E-002    4.80E-005
   50  1753.90  4.19E+002    30.10     1.69E-002    4.80E-005
   51  1825.98  2.55E+001    11.91     1.69E-002    4.80E-005
   52  1964.49 -2.14E+001    11.69     1.69E-002    4.80E-005
   53  2114.51  1.96E+003    48.75     1.69E-002    4.80E-005


M = First peak in a multiplet region
m = Other peak in a multiplet region
F = Fitted singlet

Errors quoted at  1.000 sigma
Background Subtract Report             6/25/2018   9:41:10 PM      Page 22

No background subtract performed on this spectrum.
No area correction performed on this spectrum.
Nuclide Identification Report        6/25/2018   9:41:10 PM        Page 23


*************************************************************************
*****   N U C L I D E   I D E N T I F I C A T I O N   R E P O R T   *****
*************************************************************************

     Sample Title:         Sample title.                           
     Nuclide Library Used: C:\GENIE2K\CAMFILES\NAA LIB LONG.NLB    

   ....................    IDENTIFIED NUCLIDES     ....................

   Nuclide    Id       Energy   Yield     Activity     Activity
   Name    Confidence  (keV)     (%)     (uCi/Unit)   Uncertainty

   Ca-47     0.746    489.23*    5.90   -1.346E-003   7.733E-003
                      807.86     5.90
                     1297.09*   67.00    6.381E-001   5.669E-003
   FE-59     0.924   1099.25*   56.50    5.259E-001   1.506E-002
                     1291.60*   43.20    9.897E-001   2.669E-002
   AG-108m   0.288     79.13     6.60
                      433.94    90.50
                      614.28*   89.80   -1.019E-004   5.137E-004
                      722.94*   90.80    7.011E-004   5.297E-004
   CD-115    0.470    336.24*   45.90    2.070E-002   1.116E-003
                      527.90    27.40
   XE-127    0.387    172.13    25.50
                      202.86*   68.30    2.391E-004   2.602E-004
                      374.99    17.20
   BA-133    0.524    276.40*    7.16    2.273E-003   5.008E-003
                      302.85    18.33
                      356.02*   62.05    4.026E-003   6.516E-004
                      383.85     8.94
   CE-137x   0.988    254.29*   11.00    6.598E-004   3.356E-003
   PM-151    0.205    167.75     8.30
                      275.21     6.80
                      340.08*   22.50   -3.358E-004   9.109E-004
   SM-153    0.903    103.18*   31.40   -4.103E-004   5.334E-004
   HF-175    0.996    343.40*   86.86   -8.697E-005   2.359E-004
   YB-175    0.999    396.32*    6.50    5.661E-003   4.326E-003
   HF-181    0.398    133.02    43.30
                      136.26*    5.85    1.235E-002   4.548E-003
                      345.93*   15.12    2.297E-004   2.383E-003
                      482.18*   80.50   -6.229E-005   5.382E-004
   OS-185    0.787    646.12*   81.00    5.587E-004   5.733E-004
                      874.81     6.61
                      880.52     5.00
   RE-186    1.000    137.16*    8.20    8.810E-003   3.248E-003
   W-187     0.456     59.72     7.20
                       61.14    12.50
                       69.30     5.36
                       72.00    11.10
                      134.25*    8.80    8.211E-003   3.025E-003
                      479.55*   21.80   -6.909E-005   1.258E-003
                      551.52*    5.08    9.790E-003   6.764E-003
                      618.26*    6.28   -1.457E-003   7.347E-003
                      685.73*   27.30    1.729E-003   1.890E-003
Nuclide Identification Report        6/25/2018   9:41:10 PM        Page 24


   Nuclide    Id       Energy   Yield    Activity     Activity
   Name    Confidence  (keV)     (%)    (uCi/Unit)   Uncertainty


       * = Energy line found in the spectrum.
       Energy Tolerance :    3.000 keV
       Nuclide confidence index threshold =   0.05
       Errors quoted at  1.000 sigma

Nuclide Identification Report        6/25/2018   9:41:10 PM        Page 25


   **********   U N I D E N T I F I E D   P E A K S   **********

               Peak Locate Performed on:  6/25/2018   9:41:09 PM
               Peak Locate From Channel:      1
               Peak Locate To Channel:    65535

       Peak   Energy           Peak Size in        Peak CPS
        No.   (keV)          Counts per Second   % Uncertainty

         1    11.02             5.8378E-001         115.65
         2    27.69             1.3156E+000          59.68
         3    30.58             3.2757E-001         186.59
         4    55.10            -7.6373E-001         -71.80
         6   109.25             3.9107E-001         187.78
         7   115.27            -3.2335E-002        -2004.4
      m  9   138.40             5.2957E+001           2.66
        11   220.33             1.3404E+000          61.96
        13   271.11             5.7313E-001         111.88
        15   310.99             3.9263E-001         149.42
        21   416.90             2.2417E+002           1.00
        22   444.12             5.4313E-001          71.33
        23   463.20             5.1182E+000          16.91
        27   535.20             3.2708E-001         151.39
        31   659.71             1.3680E-002        5558.41
        34   788.67             1.0147E+000          82.78
        35   818.87             5.0534E+001           2.73
        36   824.60             1.0827E-001        1015.08
        37   973.62             1.0229E+000          69.99
        38  1053.50             6.9167E-001          77.38
        40  1236.42             3.9663E+000          13.05
      M 42  1418.48             3.0954E-001          15.35
      m 43  1422.05             3.2326E-001          16.15
        44  1461.93             5.3532E-001          42.45
        45  1470.36             3.0891E-001          77.96
        46  1508.66             2.9542E+001           2.73
        47  1602.31             1.9480E+000          19.10
        48  1658.67             1.2119E-001         169.73
        49  1710.63             1.5570E+000          22.70
        50  1753.90             6.9862E+000           7.18
        51  1825.98             4.2524E-001          46.68
        52  1964.49            -3.5625E-001         -54.67
        53  2114.51             3.2716E+001           2.48

       M = First peak in a multiplet region
       m = Other peak in a multiplet region
       F = Fitted singlet

       Errors quoted at  1.000 sigma
Interference Corrected Activity Report    6/25/2018   9:41:10 PM   Page 26


*************************************************************************
*****   N U C L I D E   I D E N T I F I C A T I O N   R E P O R T   *****
*************************************************************************

     Sample Title:         Sample title.                           
     Nuclide Library Used: C:\GENIE2K\CAMFILES\NAA LIB LONG.NLB    

   ....................    IDENTIFIED NUCLIDES     ....................

   Nuclide    Id       Energy    Yield     Activity     Activity
   Name    Confidence  (keV)      (%)     (uCi/Unit)   Uncertainty

   Ca-47     0.746    489.23*     5.90  -1.34576E-003  7.73264E-003
                      807.86      5.90
                     1297.09*    67.00   6.38141E-001  5.66914E-003
   FE-59     0.924   1099.25*    56.50   5.25940E-001  1.50567E-002
                     1291.60*    43.20   9.89659E-001  2.66894E-002
   AG-108m   0.288     79.13      6.60
                      433.94     90.50
                      614.28*    89.80  -1.01876E-004  5.13664E-004
                      722.94*    90.80   7.01145E-004  5.29669E-004
   CD-115    0.470    336.24*    45.90   2.06997E-002  1.11565E-003
                      527.90     27.40
   XE-127    0.387    172.13     25.50
                      202.86*    68.30   2.39117E-004  2.60176E-004
                      374.99     17.20
   BA-133    0.524    276.40*     7.16   2.27299E-003  5.00805E-003
                      302.85     18.33
                      356.02*    62.05   4.02608E-003  6.51649E-004
                      383.85      8.94
   CE-137x   0.988    254.29*    11.00   6.59766E-004  3.35625E-003
   PM-151    0.205    167.75      8.30
                      275.21      6.80
                      340.08*    22.50  -3.35820E-004  9.10904E-004
   SM-153    0.903    103.18*    31.40  -4.10302E-004  5.33370E-004
   HF-175    0.996    343.40*    86.86  -8.69716E-005  2.35883E-004
   YB-175    0.999    396.32*     6.50   5.66078E-003  4.32628E-003
   HF-181    0.398    133.02     43.30
                      136.26*     5.85   1.23484E-002  4.54822E-003
                      345.93*    15.12   2.29719E-004  2.38253E-003
                      482.18*    80.50  -6.22936E-005  5.38199E-004
   OS-185    0.787    646.12*    81.00   5.58671E-004  5.73288E-004
                      874.81      6.61
                      880.52      5.00
   RE-186    1.000    137.16*     8.20   8.81010E-003  3.24835E-003
   W-187     0.456     59.72      7.20
                       61.14     12.50
                       69.30      5.36
                       72.00     11.10
                      134.25*     8.80   8.21098E-003  3.02549E-003
                      479.55*    21.80  -6.90875E-005  1.25815E-003
                      551.52*     5.08   9.78967E-003  6.76445E-003
                      618.26*     6.28  -1.45714E-003  7.34708E-003
                      685.73*    27.30   1.72916E-003  1.89034E-003
Interference Corrected Activity Report    6/25/2018   9:41:10 PM   Page 27


   Nuclide    Id       Energy    Yield    Activity     Activity
   Name    Confidence  (keV)      (%)    (uCi/Unit)   Uncertainty


       * = Energy line found in the spectrum.
       @ = Energy line not used for Weighted Mean Activity
       Energy Tolerance :    3.000 keV
       Nuclide confidence index threshold =   0.05
       Errors quoted at  1.000 sigma

Interference Corrected Activity Report    6/25/2018   9:41:10 PM   Page 28


*************************************************************************
*****   I N T E R F E R E N C E   C O R R E C T E D   R E P O R T   *****
*************************************************************************


                 Nuclide       Wt mean         Wt mean
       Nuclide     Id          Activity        Activity
       Name     Confidence    (uCi/Unit)      Uncertainty

       Ca-47      0.746      2.990102E-001   6.733115E-003
       FE-59      0.924      5.259401E-001   5.633581E-003
    X  SE-75      0.208
    X  ZR-95      0.102
       AG-108m    0.288      7.011446E-004   5.294660E-004
       CD-115     0.470      2.069971E-002   1.115646E-003
       XE-127     0.387      2.391173E-004   2.601758E-004
       BA-133     0.524      3.996889E-003   6.462011E-004
    X  BA-133m    0.898
       CE-137x    0.988      6.597662E-004   3.356252E-003
    ?  PM-151     0.205     -3.358201E-004   9.109044E-004
       SM-153     0.903     -4.103020E-004   5.333702E-004
    ?  HF-175     0.996     -8.697157E-005   2.358828E-004
       YB-175     0.999      5.660782E-003   4.326284E-003
       HF-181     0.398      2.297193E-004   2.382529E-003
       OS-185     0.787      5.586713E-004   5.732882E-004
       RE-186     1.000      6.163684E-003   4.141090E-003
       W-187      0.456      2.313703E-003   1.819488E-003
    X  PT-197m    0.997
    X  HG-203     0.989

       ? = nuclide is part of an undetermined solution
       X = nuclide rejected by the interference analysis
       @ = nuclide contains energy lines not used in Weighted Mean Activity

       Errors quoted at  1.000 sigma

Interference Corrected Activity Report    6/25/2018   9:41:10 PM   Page 29


   **********   U N I D E N T I F I E D   P E A K S   **********

               Peak Locate Performed on:  6/25/2018   9:41:09 PM
               Peak Locate From Channel:      1
               Peak Locate To Channel:    65535

       Peak   Energy           Peak Size in        Peak CPS
        No.   (keV)          Counts per Second   % Uncertainty

         1    11.02             5.8378E-001         115.65
         2    27.69             1.3156E+000          59.68
         3    30.58             3.2757E-001         186.59
         4    55.10            -7.6373E-001         -71.80
         6   109.25             3.9107E-001         187.78
         7   115.27            -3.2335E-002        -2004.4
      m  9   138.40             5.2957E+001           2.66
        11   220.33             1.3404E+000          61.96
        13   271.11             5.7313E-001         111.88
        15   310.99             3.9263E-001         149.42
        21   416.90             2.2417E+002           1.00
        22   444.12             5.4313E-001          71.33
        23   463.20             5.1182E+000          16.91
        27   535.20             3.2708E-001         151.39
        31   659.71             1.3680E-002        5558.41
        34   788.67             1.0147E+000          82.78
        35   818.87             5.0534E+001           2.73
        36   824.60             1.0827E-001        1015.08
        37   973.62             1.0229E+000          69.99
        38  1053.50             6.9167E-001          77.38
        40  1236.42             3.9663E+000          13.05
      M 42  1418.48             3.0954E-001          15.35
      m 43  1422.05             3.2326E-001          16.15
        44  1461.93             5.3532E-001          42.45
        45  1470.36             3.0891E-001          77.96
        46  1508.66             2.9542E+001           2.73
        47  1602.31             1.9480E+000          19.10
        48  1658.67             1.2119E-001         169.73
        49  1710.63             1.5570E+000          22.70
        50  1753.90             6.9862E+000           7.18
        51  1825.98             4.2524E-001          46.68
        52  1964.49            -3.5625E-001         -54.67
        53  2114.51             3.2716E+001           2.48

       M = First peak in a multiplet region
       m = Other peak in a multiplet region
       F = Fitted singlet

       Errors quoted at  1.000 sigma
Nuclide MDA Report                      6/25/2018   9:41:10 PM     Page 30


No MDA analysis results available for reporting purposes
Nuclide MDA Report                      6/25/2018   9:41:10 PM     Page 31


No MDA analysis results available for reporting purposes
Action Level Summary Report             6/25/2018   9:41:10 PM     Page 32


No Action Level results available for reporting purposes
Auto Gain Adjust                     6/25/2018   9:41:10 PM       Page 33


*************************************************************************
*****                 A U T O  G A I N   A D J U S T                *****
*************************************************************************

Report Generated On:                               6/25/2018   9:41:10 PM


Status:                                                                 
No AGA results for reporting.


This report is valid only if a Certificate was the source of the true values.


Status:                                                                 
No AGA results for reporting.

