*************************************************************************
*****        G A M M A   S P E C T R U M    A N A L Y S I S         *****
*************************************************************************


Filename: DSA1000A                                                     

Report Generated On             : 6/25/2018   9:54:01 PM

Sample Title                    : Sample title.                          
Sample Description              :                                 
Sample Identification           :                 
Sample Type                     :                 
Sample Geometry                 :                 

Peak Locate Threshold           :  2.50
Peak Locate Range (in channels) :     1 - 65535
Peak Area Range (in channels)   :   100 -  8172
Identification Energy Tolerance :    3.000 keV

Sample Size                     :  1.000E+000 Unit    

Sample Taken On                 :                       
Acquisition Started             : 6/25/2018   9:52:12 PM

Live Time                       :       60.0 seconds
Real Time                       :       63.0 seconds

Dead Time                       :   4.82 %


              Energy Calibration Used Done On       : 6/23/2018 
              Efficiency Calibration Used Done On   : 6/23/2018 
              Efficiency ID                         :                        

Peak Analysis Report             6/25/2018   9:54:01 PM            Page  2


**************************************************************************
*****           P E A K    A N A L Y S I S    R E P O R T            *****
**************************************************************************


     Detector Name:  DSA1000A                        
     Sample Title:   Sample title.                                     
     Peak Analysis Performed on:  6/25/2018   9:54:01 PM
               Peak Analysis From Channel:      1
               Peak Analysis To Channel:     8192

   Peak  ROI  ROI    Peak    Energy   FWHM  Net Peak  Net Area  Continuum 
    No. start end  centroid   (keV)   (keV)  Area     Uncert.    Counts 

    1    96-  102    98.30    26.57   0.38        12.8   32.03   5.29E+002 
    2   132-  138   134.05    36.32   0.41         5.2   29.87   4.67E+002 
    3   193-  202   197.20    53.55   0.32        -1.8   36.86   6.02E+002 
    4   214-  224   221.48    60.17   0.27       -24.8   38.75   6.37E+002 
    5   251-  261   254.54    69.19   0.27        37.3   38.00   5.90E+002 
    6   386-  396   390.86   106.38   0.27        -1.6   38.49   6.21E+002 
    7   426-  436   432.27   117.68   0.38        44.5   38.00   5.87E+002 
    8   482-  490   486.86   132.57   0.27        -7.9   33.34   5.24E+002 
 M  9   494-  515   500.61   136.33   1.27       126.5   26.12   8.18E+002 
 m 10   494-  515   508.12   138.37   1.27      2780.1   60.18   8.64E+002 
   11   631-  644   636.10   173.29   0.48       -17.2   45.53   7.55E+002 
   12  1134- 1141  1137.21   310.01   0.30         8.2   24.42   2.91E+002 
   13  1189- 1201  1194.40   325.61   0.90        17.5   33.58   4.21E+002 
   14  1224- 1242  1233.22   336.20   1.40      1286.0   59.95   6.84E+002 
   15  1262- 1270  1266.56   345.30   0.50        -0.2   25.68   3.09E+002 
   16  1294- 1312  1303.39   355.35   1.09       226.1   50.95   6.97E+002 
   17  1312- 1323  1319.28   359.68   0.41       -11.6   33.49   4.52E+002 
   18  1337- 1344  1340.77   365.54   0.66       -20.3   23.03   2.72E+002 
   19  1512- 1538  1528.86   416.86   1.43     11352.5  124.76   9.17E+002 
   20  1692- 1706  1698.78   463.22   1.19       167.4   38.10   4.45E+002 
   21  1867- 1888  1878.71   512.31   0.60       122.0   49.58   6.22E+002 
   22  1997- 2006  2001.42   545.79   0.67         7.4   25.82   2.92E+002 
   23  2112- 2121  2116.81   577.27   0.67         6.6   25.78   2.89E+002 
   24  2247- 2258  2252.35   614.25   0.27        17.7   30.11   3.54E+002 
   25  2258- 2267  2262.94   617.14   0.45        -7.3   26.32   3.10E+002 
   26  2349- 2364  2357.28   642.87   0.54        44.2   35.95   4.15E+002 
   27  2374- 2383  2378.57   648.68   0.64       -10.8   25.39   2.89E+002 
   28  2449- 2459  2454.27   669.33   0.83        17.8   27.69   3.13E+002 
   29  2651- 2666  2655.36   724.20   0.45       -47.1   37.81   4.88E+002 
   30  2991- 3013  3002.50   818.90   1.72      2742.7   76.08   7.86E+002 
   31  3040- 3053  3044.22   830.29   0.38         6.3   37.33   5.02E+002 
   32  3061- 3080  3072.69   838.05   0.40       -48.7   50.84   7.51E+002 
   33  3346- 3358  3352.46   914.38   0.30        39.3   32.58   3.87E+002 
   34  3359- 3373  3368.75   918.83   0.34         5.2   37.56   4.87E+002 
   35  3431- 3444  3437.98   937.72   0.87        99.3   33.11   3.62E+002 
   36  3562- 3576  3570.21   973.79   1.43        26.6   38.24   4.95E+002 
   37  3943- 3953  3947.31  1076.67   0.57        27.4   30.17   3.69E+002 
   38  4004- 4036  4024.51  1097.74   1.84     11165.4  125.29   8.34E+002 
   39  4524- 4556  4531.50  1236.06   1.04        77.4   45.86   3.69E+002 
   40  4632- 4654  4648.08  1267.86   0.39       -23.6   30.00   2.36E+002 
   41  4701- 4712  4706.64  1283.84   0.84        11.8   16.44   1.03E+002 
   42  4724- 4757  4744.92  1294.28   2.04     14003.7  126.65   3.66E+002 
Peak Analysis Report             6/25/2018   9:54:01 PM            Page  3


   Peak  ROI  ROI    Peak    Energy   FWHM  Net Peak  Net Area  Continuum 
    No. start end  centroid   (keV)   (keV)  Area     Uncert.    Counts 

   43  4929- 4940  4934.58  1346.03   0.40        23.9   12.08   4.81E+001 
   44  5131- 5142  5136.78  1401.19   0.29        24.8   11.46   4.22E+001 
   45  5242- 5259  5253.00  1432.90   0.72        51.3   19.94   1.06E+002 
   46  5350- 5365  5355.01  1460.73   0.31        24.9   14.76   6.41E+001 
   47  5515- 5543  5530.76  1508.68   1.82      1598.5   46.28   1.17E+002 
   48  5649- 5661  5655.74  1542.78   0.39        16.0   12.20   4.60E+001 
   49  5866- 5884  5872.00  1601.78   1.17        72.1   19.44   8.89E+001 
   50  6266- 6287  6272.00  1710.91   1.08        99.1   19.45   7.39E+001 
   51  6419- 6444  6431.75  1754.49   1.64       284.5   29.87   1.44E+002 
   52  6471- 6482  6476.00  1766.56   0.27        21.3   10.25   3.27E+001 
   53  6641- 6654  6648.06  1813.51   0.98        11.5   12.60   5.25E+001 
   54  7736- 7765  7751.39  2114.52   2.47      1715.1   44.93   6.39E+001 

M = First peak in a multiplet region
m = Other peak in a multiplet region
F = Fitted singlet

Errors quoted at  1.000 sigma
Nuclide Identification Report        6/25/2018   9:54:01 PM        Page  4


No nuclide identification results available for reporting purposes
*************************************************************************
*****        G A M M A   S P E C T R U M    A N A L Y S I S         *****
*************************************************************************


Filename: DSA1000A                                                     

Report Generated On             : 6/25/2018   9:54:02 PM

Sample Title                    : Sample title.                          
Sample Description              :                                 
Sample Identification           :                 
Sample Type                     :                 
Sample Geometry                 :                 

Peak Locate Threshold           :  2.50
Peak Locate Range (in channels) :     1 - 65535
Peak Area Range (in channels)   :     1 -  8192
Identification Energy Tolerance :    3.000 keV

Sample Size                     :  1.000E+000 Unit    

Sample Taken On                 :                       
Acquisition Started             : 6/25/2018   9:52:12 PM

Live Time                       :       60.0 seconds
Real Time                       :       63.0 seconds

Dead Time                       :   4.82 %


              Energy Calibration Used Done On       : 6/23/2018 
              Efficiency Calibration Used Done On   : 6/23/2018 
              Efficiency ID                         :                        

Energy Calibration Report            6/25/2018   9:54:02 PM       Page  5


**************************************************************************
*****       E N E R G Y   C A L I B R A T I O N   R E P O R T        *****
**************************************************************************

     Detector Name:  DSA1000A                        
     Sample Title:   Sample title.                                     

       *************  ENERGY CALIBRATION COEFFICIENTS  *************

               Energy Calibrate Performed on:  6/23/2018  12:56:08 PM
                       by:                       
               Energy Calibrate Type:          POLY    

   Energy(keV) =    -0.253 +     0.273*ch +  0.00E+000*ch^2 +  0.00E+000*ch^3

       *************  SHAPE CALIBRATION COEFFICIENTS   *************

               Shape Calibrate Performed on:  6/23/2018  12:56:08 PM
                       by:                        

               FWHM     =     0.795  +   0.026*E^1/2

               LOW TAIL =   0.0E+000 +  0.0E+000*E

****************     ENERGY CALIBRATION RESULTS TABLE     ****************

                    Centroid      Centroid         Energy
                    Channel       error            (keV )
                      220.59        0.07             60.01
                      317.99        0.02             86.54
                      386.80        0.01            105.31
                      451.84        0.03            122.06
                     2426.14        0.01            661.66
                     3062.96        0.38            834.83

       *********     SHAPE CALIBRATION RESULTS TABLE      *********

             Energy     FWHM       FWHM         TAIL        TAIL
             (keV )     channels   error        channels    error
               60.01      3.13      0.17           0.00      0.00
               86.54      3.87      0.04           0.00      0.00
              105.31      3.88      0.01           0.00      0.00
              122.06      3.92      0.07           0.00      0.00
              661.66      5.34      0.01           0.00      0.00
              834.83      1.36      0.55           0.00      0.00
Efficiency Calibration Report             6/25/2018   9:54:02 PM   Page  6


**************************************************************************
*****   E F F I C I E N C Y   C A L I B R A T I O N    R E P O R T   *****
**************************************************************************

     Detector Name:  DSA1000A                        
     Sample Title:   Sample title.                                     

     Geometry Description:                 
     Efficiency Calibration Performed on:  6/23/2018   4:29:36 PM
                       by:                         
     Geometry Type Used:   INTERPOL        

                            Efficiency Triplets
                            ===================

                   Energy         Efficiency        Error

                     60.00         2.39E-002      2.06E-003
                     86.50         7.50E-002      1.86E-004
                    105.30         9.27E-002      2.42E-004
                    176.30         9.35E-002      6.01E-004
                    427.90         4.77E-002      2.21E-004
                    600.60         3.51E-002      2.22E-004
                    834.80         2.64E-002      2.00E-004
                   1173.20         1.87E-002      5.20E-005
                   1332.50         1.69E-002      4.80E-005

                      DUAL Efficiency Calibration Equation
                      ====================================

         Single Equation Terms ->   Offset:     -143.191
                                     Slope:       91.147
                                 Quadratic:      -21.757
                                     Cubic:        2.279
                                 4th Order:       -0.089
                                 5th Order:        0.000
                                 6th Order:        0.000
                                 7th Order:        0.000
                                 8th Order:        0.000
                                 9th Order:        0.000
Efficiency Calibration Report             6/25/2018   9:54:02 PM   Page  7


                      EMPIRICAL Efficiency Calibration Equation
                      =========================================

      Empirical Equation Terms ->  Scaling:      696.250
                                    Offset:       -3.494
                                     Slope:        0.899
                                 Quadratic:        0.043
                                     Cubic:        0.059
                                 4th Order:       -0.089
                                 5th Order:        0.000

                      LINEAR Efficiency Calibration Equation
                      ======================================

         Linear Equation Terms ->   Offset:       -0.000
                                     Slope:       -1.569
                                 Quadratic:      189.136
                                     Cubic:   -17233.867
                                 4th Order:   376762.938
                                 5th Order:        0.000
                                 6th Order:        0.000
                                 7th Order:        0.000
                                 8th Order:        0.000
                                 9th Order:        0.000
Peak-to-Total Calibration Report          6/25/2018   9:54:02 PM   Page  8


**************************************************************************
**   P E A K - T O - T O T A L   C A L I B R A T I O N   R E P O R T   ***
**************************************************************************

     Detector Name:  DSA1000A                        
     Sample Title:   Sample title.                                     


                  Peak-to-Total Calibration Equation
                  =============================================

                                 No Peak-to-Total Equation

Peak Locate Analysis Report             6/25/2018   9:54:02 PM     Page  9

**************************************************************************
*****             P E A K    L O C A T E    R E P O R T              *****
**************************************************************************

     Detector Name:  DSA1000A                        
     Sample Title:   Sample title.                                     
               Peak Locate Performed on:  6/25/2018   9:54:01 PM
               Peak Locate From Channel:      1
               Peak Locate To Channel:    65535
               Peak Search Sensitivity:     2.50

     Peak   Centroid    Centroid     Energy       Peak
      No.    Channel   Uncertainty   (keV)    Significance

       1       98.30      <NA>         26.57      <NA> 
       2      134.05      <NA>         36.32      <NA> 
       3      197.20      <NA>         53.55      <NA> 
       4      221.48      <NA>         60.17      <NA> 
       5      254.54      <NA>         69.19      <NA> 
       6      390.86      <NA>        106.38      <NA> 
       7      432.27      <NA>        117.68      <NA> 
       8      486.86      <NA>        132.57      <NA> 
       9      503.00      <NA>        136.33      <NA> 
      10      507.95      <NA>        138.37      <NA> 
      11      636.10      <NA>        173.29      <NA> 
      12     1137.21      <NA>        310.01      <NA> 
      13     1194.40      <NA>        325.61      <NA> 
      14     1233.22      <NA>        336.20      <NA> 
      15     1266.56      <NA>        345.30      <NA> 
      16     1303.39      <NA>        355.35      <NA> 
      17     1319.28      <NA>        359.68      <NA> 
      18     1340.77      <NA>        365.54      <NA> 
      19     1528.86      <NA>        416.86      <NA> 
      20     1698.78      <NA>        463.22      <NA> 
      21     1878.71      <NA>        512.31      <NA> 
      22     2001.42      <NA>        545.79      <NA> 
      23     2116.81      <NA>        577.27      <NA> 
      24     2252.35      <NA>        614.25      <NA> 
      25     2262.94      <NA>        617.14      <NA> 
      26     2357.28      <NA>        642.87      <NA> 
      27     2378.57      <NA>        648.68      <NA> 
      28     2454.27      <NA>        669.33      <NA> 
      29     2655.36      <NA>        724.20      <NA> 
      30     3002.50      <NA>        818.90      <NA> 
      31     3044.22      <NA>        830.29      <NA> 
      32     3072.69      <NA>        838.05      <NA> 
      33     3352.46      <NA>        914.38      <NA> 
      34     3368.75      <NA>        918.83      <NA> 
      35     3437.98      <NA>        937.72      <NA> 
      36     3570.21      <NA>        973.79      <NA> 
      37     3947.31      <NA>       1076.67      <NA> 
      38     4024.51      <NA>       1097.74      <NA> 
      39     4531.50      <NA>       1236.06      <NA> 
      40     4648.08      <NA>       1267.86      <NA> 
      41     4706.64      <NA>       1283.84      <NA> 
Peak Locate Analysis Report             6/25/2018   9:54:02 PM     Page 10


     Peak   Centroid    Centroid     Energy       Peak
      No.    Channel   Uncertainty   (keV)    Significance

      42     4744.92      <NA>       1294.28      <NA> 
      43     4934.58      <NA>       1346.03      <NA> 
      44     5136.78      <NA>       1401.19      <NA> 
      45     5253.00      <NA>       1432.90      <NA> 
      46     5355.01      <NA>       1460.73      <NA> 
      47     5530.76      <NA>       1508.68      <NA> 
      48     5655.74      <NA>       1542.78      <NA> 
      49     5872.00      <NA>       1601.78      <NA> 
      50     6272.00      <NA>       1710.91      <NA> 
      51     6431.75      <NA>       1754.49      <NA> 
      52     6476.00      <NA>       1766.56      <NA> 
      53     6648.06      <NA>       1813.51      <NA> 
      54     7751.39      <NA>       2114.52      <NA> 

? = Adjacent peak noted

Errors quoted at  1.000 sigma
Peak Analysis Report             6/25/2018   9:54:02 PM            Page 11


**************************************************************************
*****           P E A K    A N A L Y S I S    R E P O R T            *****
**************************************************************************


     Detector Name:  DSA1000A                        
     Sample Title:   Sample title.                                     
     Peak Analysis Performed on:  6/25/2018   9:54:01 PM
               Peak Analysis From Channel:      1
               Peak Analysis To Channel:     8192

   Peak  ROI  ROI    Peak    Energy   FWHM  Net Peak  Net Area  Continuum 
    No. start end  centroid   (keV)   (keV)  Area     Uncert.    Counts 

    1    96-  102    98.30    26.57   0.38        12.8   32.03   5.29E+002 
    2   132-  138   134.05    36.32   0.41         5.2   29.87   4.67E+002 
    3   193-  202   197.20    53.55   0.32        -1.8   36.86   6.02E+002 
    4   214-  224   221.48    60.17   0.27       -24.8   38.75   6.37E+002 
    5   251-  261   254.54    69.19   0.27        37.3   38.00   5.90E+002 
    6   386-  396   390.86   106.38   0.27        -1.6   38.49   6.21E+002 
    7   426-  436   432.27   117.68   0.38        44.5   38.00   5.87E+002 
    8   482-  490   486.86   132.57   0.27        -7.9   33.34   5.24E+002 
 M  9   494-  515   500.61   136.33   1.27       126.5   26.12   8.18E+002 
 m 10   494-  515   508.12   138.37   1.27      2780.1   60.18   8.64E+002 
   11   631-  644   636.10   173.29   0.48       -17.2   45.53   7.55E+002 
   12  1134- 1141  1137.21   310.01   0.30         8.2   24.42   2.91E+002 
   13  1189- 1201  1194.40   325.61   0.90        17.5   33.58   4.21E+002 
   14  1224- 1242  1233.22   336.20   1.40      1286.0   59.95   6.84E+002 
   15  1262- 1270  1266.56   345.30   0.50        -0.2   25.68   3.09E+002 
   16  1294- 1312  1303.39   355.35   1.09       226.1   50.95   6.97E+002 
   17  1312- 1323  1319.28   359.68   0.41       -11.6   33.49   4.52E+002 
   18  1337- 1344  1340.77   365.54   0.66       -20.3   23.03   2.72E+002 
   19  1512- 1538  1528.86   416.86   1.43     11352.5  124.76   9.17E+002 
   20  1692- 1706  1698.78   463.22   1.19       167.4   38.10   4.45E+002 
   21  1867- 1888  1878.71   512.31   0.60       122.0   49.58   6.22E+002 
   22  1997- 2006  2001.42   545.79   0.67         7.4   25.82   2.92E+002 
   23  2112- 2121  2116.81   577.27   0.67         6.6   25.78   2.89E+002 
   24  2247- 2258  2252.35   614.25   0.27        17.7   30.11   3.54E+002 
   25  2258- 2267  2262.94   617.14   0.45        -7.3   26.32   3.10E+002 
   26  2349- 2364  2357.28   642.87   0.54        44.2   35.95   4.15E+002 
   27  2374- 2383  2378.57   648.68   0.64       -10.8   25.39   2.89E+002 
   28  2449- 2459  2454.27   669.33   0.83        17.8   27.69   3.13E+002 
   29  2651- 2666  2655.36   724.20   0.45       -47.1   37.81   4.88E+002 
   30  2991- 3013  3002.50   818.90   1.72      2742.7   76.08   7.86E+002 
   31  3040- 3053  3044.22   830.29   0.38         6.3   37.33   5.02E+002 
   32  3061- 3080  3072.69   838.05   0.40       -48.7   50.84   7.51E+002 
   33  3346- 3358  3352.46   914.38   0.30        39.3   32.58   3.87E+002 
   34  3359- 3373  3368.75   918.83   0.34         5.2   37.56   4.87E+002 
   35  3431- 3444  3437.98   937.72   0.87        99.3   33.11   3.62E+002 
   36  3562- 3576  3570.21   973.79   1.43        26.6   38.24   4.95E+002 
   37  3943- 3953  3947.31  1076.67   0.57        27.4   30.17   3.69E+002 
   38  4004- 4036  4024.51  1097.74   1.84     11165.4  125.29   8.34E+002 
   39  4524- 4556  4531.50  1236.06   1.04        77.4   45.86   3.69E+002 
   40  4632- 4654  4648.08  1267.86   0.39       -23.6   30.00   2.36E+002 
   41  4701- 4712  4706.64  1283.84   0.84        11.8   16.44   1.03E+002 
   42  4724- 4757  4744.92  1294.28   2.04     14003.7  126.65   3.66E+002 
Peak Analysis Report             6/25/2018   9:54:02 PM            Page 12


   Peak  ROI  ROI    Peak    Energy   FWHM  Net Peak  Net Area  Continuum 
    No. start end  centroid   (keV)   (keV)  Area     Uncert.    Counts 

   43  4929- 4940  4934.58  1346.03   0.40        23.9   12.08   4.81E+001 
   44  5131- 5142  5136.78  1401.19   0.29        24.8   11.46   4.22E+001 
   45  5242- 5259  5253.00  1432.90   0.72        51.3   19.94   1.06E+002 
   46  5350- 5365  5355.01  1460.73   0.31        24.9   14.76   6.41E+001 
   47  5515- 5543  5530.76  1508.68   1.82      1598.5   46.28   1.17E+002 
   48  5649- 5661  5655.74  1542.78   0.39        16.0   12.20   4.60E+001 
   49  5866- 5884  5872.00  1601.78   1.17        72.1   19.44   8.89E+001 
   50  6266- 6287  6272.00  1710.91   1.08        99.1   19.45   7.39E+001 
   51  6419- 6444  6431.75  1754.49   1.64       284.5   29.87   1.44E+002 
   52  6471- 6482  6476.00  1766.56   0.27        21.3   10.25   3.27E+001 
   53  6641- 6654  6648.06  1813.51   0.98        11.5   12.60   5.25E+001 
   54  7736- 7765  7751.39  2114.52   2.47      1715.1   44.93   6.39E+001 

M = First peak in a multiplet region
m = Other peak in a multiplet region
F = Fitted singlet

Errors quoted at  1.000 sigma
Peak Analysis Report                    6/25/2018   9:54:02 PM          Page 13


*******************************************************************************
*****  S T A N D A R D   V M S   P E A K   A N A L Y S I S   R E P O R T  *****
*******************************************************************************

        Configuration Title:                                         
        Spectrum Title:              Sample title.            
        Peak Analysis Performed on:  6/25/18   9:54:01 PM
        Peak Analysis From Channel:      1    To Channel:     8192
        Peak Search Sensitivity:      2.50    Gaussian Sensitivity:  1.00
        Max Iterations: 15  Fit Singlets: No  Critical Level Test: No 
        Use Fixed FWHM: No  FWHM Reject:  No  FWHM Reject Ratio:  0.00 
        Peak Fit Engine Name: PANOLIN1        Continuum Type: STEP   

   Pk IT  Energy      Area   Bkgnd  FWHM Channel  Left  PW  Cts/Sec  %err   Fit

    1  0    26.57       13     529  0.38   98.30    96   7 2.1E-001 250.3   0.0
    2  0    36.32        5     467  0.41  134.05   132   7 8.7E-002 575.3   0.0
    3  0    53.55       -2     602  0.32  197.20   193  10-3.1E-002 -1999   0.0
    4  0    60.17      -25     637  0.27  221.48   214  11-4.1E-001 -156.   0.0
    5  0    69.19       37     590  0.27  254.54   251  11 6.2E-001 101.7   0.0
    6  0   106.38       -2     621  0.27  390.86   386  11-2.7E-002 -2353   0.0
    7  0   117.68       45     587  0.38  432.27   426  11 7.4E-001  85.4   0.0
    8  0   132.57       -8     524  0.27  486.86   482   9-1.3E-001 -423.   0.0
 M  9 19   136.33      127     818  1.27  500.61   494  22 2.1E+000  20.6   1.0
 m 10 19   138.37     2780     864  1.27  508.12   494  22 4.6E+001   2.2   1.0
   11  0   173.29      -17     755  0.48  636.10   631  14-2.9E-001 -264.   0.0
   12  0   310.01        8     291  0.30 1137.21  1134   8 1.4E-001 298.5   0.0
   13  0   325.61       17     421  0.90 1194.40  1189  13 2.9E-001 191.9   0.0
   14  0   336.20     1286     684  1.40 1233.22  1224  19 2.1E+001   4.7   0.0
   15  0   345.30       -0     309  0.50 1266.56  1262   9-3.4E-003 *****   0.0
   16  0   355.35      226     697  1.09 1303.39  1294  19 3.8E+000  22.5   0.0
   17  0   359.68      -12     452  0.41 1319.28  1312  12-1.9E-001 -288.   0.0
   18  0   365.54      -20     272  0.66 1340.77  1337   8-3.4E-001 -113.   0.0
   19  0   416.86    11352     917  1.43 1528.86  1512  27 1.9E+002   1.1   0.0
   20  0   463.22      167     445  1.19 1698.78  1692  15 2.8E+000  22.8   0.0
   21  0   512.31      122     622  0.60 1878.71  1867  22 2.0E+000  40.7   0.0
   22  0   545.79        7     292  0.67 2001.42  1997  10 1.2E-001 348.2   0.0
   23  0   577.27        7     289  0.67 2116.81  2112  10 1.1E-001 388.1   0.0
   24  0   614.25       18     354  0.27 2252.35  2247  12 2.9E-001 170.4   0.0
   25  0   617.14       -7     310  0.45 2262.94  2258  10-1.2E-001 -359.   0.0
   26  0   642.87       44     415  0.54 2357.28  2349  16 7.4E-001  81.4   0.0
   27  0   648.68      -11     289  0.64 2378.57  2374  10-1.8E-001 -235.   0.0
   28  0   669.33       18     313  0.83 2454.27  2449  11 3.0E-001 155.4   0.0
   29  0   724.20      -47     488  0.45 2655.36  2651  16-7.9E-001 -80.2   0.0
   30  0   818.90     2743     786  1.72 3002.50  2991  23 4.6E+001   2.8   0.0
   31  0   830.29        6     502  0.38 3044.22  3040  14 1.0E-001 597.3   0.0
   32  0   838.05      -49     751  0.40 3072.69  3061  20-8.1E-001 -104.   0.0
   33  0   914.38       39     387  0.30 3352.46  3346  13 6.5E-001  82.9   0.0
   34  0   918.83        5     487  0.34 3368.75  3359  15 8.7E-002 719.1   0.0
   35  0   937.72       99     362  0.87 3437.98  3431  14 1.7E+000  33.4   0.0
   36  0   973.79       27     495  1.43 3570.21  3562  15 4.4E-001 143.8   0.0
   37  0  1076.67       27     369  0.57 3947.31  3943  11 4.6E-001 109.9   0.0
   38  0  1097.74    11165     834  1.84 4024.51  4004  33 1.9E+002   1.1   0.0
Peak Analysis Report                    6/25/2018   9:54:02 PM          Page 14


   Pk IT  Energy      Area   Bkgnd  FWHM Channel  Left  PW  Cts/Sec  %err   Fit

   39  0  1236.06       77     369  1.04 4531.50  4524  33 1.3E+000  59.3   0.0
   40  0  1267.86      -24     236  0.39 4648.08  4632  23-3.9E-001 -126.   0.0
   41  0  1283.84       12     103  0.84 4706.64  4701  12 2.0E-001 139.5   0.0
   42  0  1294.28    14004     366  2.04 4744.92  4724  34 2.3E+002   0.9   0.0
   43  0  1346.03       24      48  0.40 4934.58  4929  12 4.0E-001  50.6   0.0
   44  0  1401.19       25      42  0.29 5136.78  5131  12 4.1E-001  46.3   0.0
   45  0  1432.90       51     106  0.72 5253.00  5242  18 8.5E-001  38.9   0.0
   46  0  1460.73       25      64  0.31 5355.01  5350  16 4.1E-001  59.4   0.0
   47  0  1508.68     1598     117  1.82 5530.76  5515  29 2.7E+001   2.9   0.0
   48  0  1542.78       16      46  0.39 5655.74  5649  13 2.7E-001  76.5   0.0
   49  0  1601.78       72      89  1.17 5872.00  5866  19 1.2E+000  27.0   0.0
   50  0  1710.91       99      74  1.08 6272.00  6266  22 1.7E+000  19.6   0.0
   51  0  1754.49      284     144  1.64 6431.75  6419  26 4.7E+000  10.5   0.0
   52  0  1766.56       21      33  0.27 6476.00  6471  12 3.5E-001  48.2   0.0
   53  0  1813.51       12      53  0.98 6648.06  6641  14 1.9E-001 109.6   0.0
   54  0  2114.52     1715      64  2.47 7751.39  7736  30 2.9E+001   2.6   0.0

M = First peak in a multiplet region
m = Other peak in a multiplet region
F = Fitted singlet

Errors quoted at  1.000 sigma
Peak Analysis Report             6/25/2018   9:54:02 PM            Page 15


**************************************************************************
*****           P E A K    A N A L Y S I S    R E P O R T            *****
**************************************************************************


     Detector Name:  DSA1000A                        
     Sample Title:   Sample title.                                     
     Peak Analysis Performed on:  6/25/2018   9:54:01 PM
               Peak Analysis From Channel:      1
               Peak Analysis To Channel:     8192

   Peak  ROI  ROI   Energy   Net Peak Net Area  Continuum  Critical 
    No. start end    (keV)     Area    Uncert.    Counts     Level

    1    96-  102    26.57        12.8   32.03   5.29E+002  5.24E+001 
    2   132-  138    36.32         5.2   29.87   4.67E+002  4.90E+001 
    3   193-  202    53.55        -1.8   36.86   6.02E+002  6.07E+001 
    4   214-  224    60.17       -24.8   38.75   6.37E+002  6.43E+001 
    5   251-  261    69.19        37.3   38.00   5.90E+002  6.17E+001 
    6   386-  396   106.38        -1.6   38.49   6.21E+002  6.34E+001 
    7   426-  436   117.68        44.5   38.00   5.87E+002  6.15E+001 
    8   482-  490   132.57        -7.9   33.34   5.24E+002  5.50E+001 
 M  9   494-  515   136.33       126.5   26.12   8.18E+002  6.65E+001 
 m 10   494-  515   138.37      2780.1   60.18   8.64E+002  6.84E+001 
   11   631-  644   173.29       -17.2   45.53   7.55E+002  7.52E+001 
   12  1134- 1141   310.01         8.2   24.42   2.91E+002  3.99E+001 
   13  1189- 1201   325.61        17.5   33.58   4.21E+002  5.48E+001 
   14  1224- 1242   336.20      1286.0   59.95   6.84E+002  7.90E+001 
   15  1262- 1270   345.30        -0.2   25.68   3.09E+002  4.23E+001 
   16  1294- 1312   355.35       226.1   50.95   6.97E+002  8.01E+001 
   17  1312- 1323   359.68       -11.6   33.49   4.52E+002  5.54E+001 
   18  1337- 1344   365.54       -20.3   23.03   2.72E+002  3.86E+001 
   19  1512- 1538   416.86     11352.5  124.76   9.17E+002  1.07E+002 
   20  1692- 1706   463.22       167.4   38.10   4.45E+002  5.89E+001 
   21  1867- 1888   512.31       122.0   49.58   6.22E+002  7.95E+001 
   22  1997- 2006   545.79         7.4   25.82   2.92E+002  4.22E+001 
   23  2112- 2121   577.27         6.6   25.78   2.89E+002  4.22E+001 
   24  2247- 2258   614.25        17.7   30.11   3.54E+002  4.90E+001 
   25  2258- 2267   617.14        -7.3   26.32   3.10E+002  4.35E+001 
   26  2349- 2364   642.87        44.2   35.95   4.15E+002  5.81E+001 
   27  2374- 2383   648.68       -10.8   25.39   2.89E+002  4.21E+001 
   28  2449- 2459   669.33        17.8   27.69   3.13E+002  4.50E+001 
   29  2651- 2666   724.20       -47.1   37.81   4.88E+002  6.32E+001 
   30  2991- 3013   818.90      2742.7   76.08   7.86E+002  9.08E+001 
   31  3040- 3053   830.29         6.3   37.33   5.02E+002  6.13E+001 
   32  3061- 3080   838.05       -48.7   50.84   7.51E+002  8.44E+001 
   33  3346- 3358   914.38        39.3   32.58   3.87E+002  5.26E+001 
   34  3359- 3373   918.83         5.2   37.56   4.87E+002  6.17E+001 
   35  3431- 3444   937.72        99.3   33.11   3.62E+002  5.19E+001 
   36  3562- 3576   973.79        26.6   38.24   4.95E+002  6.23E+001 
   37  3943- 3953  1076.67        27.4   30.17   3.69E+002  4.89E+001 
   38  4004- 4036  1097.74     11165.4  125.29   8.34E+002  1.11E+002 
   39  4524- 4556  1236.06        77.4   45.86   3.69E+002  7.40E+001 
   40  4632- 4654  1267.86       -23.6   30.00   2.36E+002  5.00E+001 
   41  4701- 4712  1283.84        11.8   16.44   1.03E+002  2.64E+001 
   42  4724- 4757  1294.28     14003.7  126.65   3.66E+002  7.42E+001 
Peak Analysis Report             6/25/2018   9:54:02 PM            Page 16


   Peak  ROI  ROI   Energy   Net Peak Net Area  Continuum  Critical 
    No. start end    (keV)     Area    Uncert.    Counts     Level

   43  4929- 4940  1346.03        23.9   12.08   4.81E+001  1.82E+001 
   44  5131- 5142  1401.19        24.8   11.46   4.22E+001  1.70E+001 
   45  5242- 5259  1432.90        51.3   19.94   1.06E+002  3.06E+001 
   46  5350- 5365  1460.73        24.9   14.76   6.41E+001  2.29E+001 
   47  5515- 5543  1508.68      1598.5   46.28   1.17E+002  3.83E+001 
   48  5649- 5661  1542.78        16.0   12.20   4.60E+001  1.90E+001 
   49  5866- 5884  1601.78        72.1   19.44   8.89E+001  2.88E+001 
   50  6266- 6287  1710.91        99.1   19.45   7.39E+001  2.75E+001 
   51  6419- 6444  1754.49       284.5   29.87   1.44E+002  4.06E+001 
   52  6471- 6482  1766.56        21.3   10.25   3.27E+001  1.51E+001 
   53  6641- 6654  1813.51        11.5   12.60   5.25E+001  2.00E+001 
   54  7736- 7765  2114.52      1715.1   44.93   6.39E+001  2.87E+001 

M = First peak in a multiplet region
m = Other peak in a multiplet region
F = Fitted singlet

Errors quoted at  1.000 sigma
Peak with NID Report             6/25/2018   9:54:02 PM            Page 17


**************************************************************************
*****           P E A K    W I T H   N I D    R E P O R T            *****
**************************************************************************


     Detector Name:  DSA1000A                        
     Sample Title:   Sample title.                                     
     Peak Analysis Performed on:  6/25/2018   9:54:01 PM
               Peak Analysis From Channel:      1
               Peak Analysis To Channel:     8192
     Tentative NID Library:   C:\GENIE2K\CAMFILES\NAA LIB LONG.NLB     
     Peak Match Tolerance :    3.000 keV

   Peak  ROI  ROI    Peak    Energy   Net Peak Net Area  Continuum  Tentative
    No. Start End  Centroid   (keV)     Area    Uncert.    Counts    Nuclide 

    1    96-  102    98.30    26.57  1.28E+001   32.03   5.29E+002   .....    
    2   132-  138   134.05    36.32  5.19E+000   29.87   4.67E+002   .....    
    3   193-  202   197.20    53.55 -1.84E+000   36.86   6.02E+002   .....    
    4   214-  224   221.48    60.17 -2.48E+001   38.75   6.37E+002   W-187    
                                                                     W-187    
    5   251-  261   254.54    69.19  3.73E+001   38.00   5.90E+002   W-187    
                                                                     W-187    
    6   386-  396   390.86   106.38 -1.64E+000   38.49   6.21E+002   LU-177x  
    7   426-  436   432.27   117.68  4.45E+001   38.00   5.87E+002   .....    
    8   482-  490   486.86   132.57 -7.86E+000   33.34   5.24E+002   HF-181   
                                                                     HG-197   
                                                                     W-187    
                                                                     YB-169   
 M  9   494-  515   500.61   136.33  1.27E+002   26.12   8.18E+002   HF-181   
                                                                     SE-75    
                                                                     RE-186   
                                                                     W-187    
                                                                     HG-197   
 m 10   494-  515   508.12   138.37  2.78E+003   60.18   8.64E+002   RE-186   
                                                                     HF-181   
                                                                     SE-75    
   11   631-  644   636.10   173.29 -1.72E+001   45.53   7.55E+002   LU-177x  
                                                                     XE-127   
                                                                     LU-177x  
                                                                     AS-71    
   12  1134- 1141  1137.21   310.01  8.18E+000   24.42   2.91E+002   IR-192   
                                                                     YB-169   
   13  1189- 1201  1194.40   325.61  1.75E+001   33.58   4.21E+002   RU-97    
                                                                     LU-177x  
                                                                     IR-194   
   14  1224- 1242  1233.22   336.20  1.29E+003   59.95   6.84E+002   CD-115   
                                                                     TE-131x  
   15  1262- 1270  1266.56   345.30 -2.04E-001   25.68   3.09E+002   HF-181   
                                                                     EU-152x  
                                                                     PT-197m  
                                                                     HF-175   
   16  1294- 1312  1303.39   355.35  2.26E+002   50.95   6.97E+002   BA-133   
   17  1312- 1323  1319.28   359.68 -1.16E+001   33.49   4.52E+002   .....    
   18  1337- 1344  1340.77   365.54 -2.03E+001   23.03   2.72E+002   GE-77    
                                                                     GD-159   
   19  1512- 1538  1528.86   416.86  1.14E+004  124.76   9.17E+002   GE-77    
Peak with NID Report             6/25/2018   9:54:02 PM            Page 18

                                                                     LU-177x  
   20  1692- 1706  1698.78   463.22  1.67E+002   38.10   4.45E+002   SB-125   
   21  1867- 1888  1878.71   512.31  1.22E+002   49.58   6.22E+002   AS-71    
                                                                     ZN-65    
                                                                     SR-85x   
   22  1997- 2006  2001.42   545.79  7.42E+000   25.82   2.92E+002   .....    
   23  2112- 2121  2116.81   577.27  6.64E+000   25.78   2.89E+002   .....    
   24  2247- 2258  2252.35   614.25  1.77E+001   30.11   3.54E+002   AG-108m  
                                                                     IR-192   
   25  2258- 2267  2262.94   617.14 -7.33E+000   26.32   3.10E+002   W-187    
                                                                     BR-82x   
                                                                     AG-108m  
   26  2349- 2364  2357.28   642.87  4.42E+001   35.95   4.15E+002   SB-124   
   27  2374- 2383  2378.57   648.68 -1.08E+001   25.39   2.89E+002   OS-185   
                                                                     SB-124   
   28  2449- 2459  2454.27   669.33  1.78E+001   27.69   3.13E+002   HO-166   
   29  2651- 2666  2655.36   724.20 -4.71E+001   37.81   4.88E+002   ZR-95    
                                                                     IN-114m  
                                                                     AG-108m  
                                                                     SB-124   
                                                                     EU-154   
                                                                     CE-143   
   30  2991- 3013  3002.50   818.90  2.74E+003   76.08   7.86E+002   PA-232   
                                                                     AG-110m  
   31  3040- 3053  3044.22   830.29  6.25E+000   37.33   5.02E+002   HO-166   
                                                                     BR-82x   
   32  3061- 3080  3072.69   838.05 -4.87E+001   50.84   7.51E+002   .....    
   33  3346- 3358  3352.46   914.38  3.93E+001   32.58   3.87E+002   .....    
   34  3359- 3373  3368.75   918.83  5.22E+000   37.56   4.87E+002   .....    
   35  3431- 3444  3437.98   937.72  9.93E+001   33.11   3.62E+002   AG-110m  
   36  3562- 3576  3570.21   973.79  2.66E+001   38.24   4.95E+002   .....    
   37  3943- 3953  3947.31  1076.67  2.74E+001   30.17   3.69E+002   RB-86    
   38  4004- 4036  4024.51  1097.74  1.12E+004  125.29   8.34E+002   FE-59    
Peak with NID Report             6/25/2018   9:54:02 PM            Page 19


   Peak  ROI  ROI    Peak    Energy   Net Peak Net Area  Continuum  Tentative
    No. start end  centroid   (keV)     Area    Uncert.    Counts    Nuclide 

   39  4524- 4556  4531.50  1236.06  7.74E+001   45.86   3.69E+002   .....    
   40  4632- 4654  4648.08  1267.86 -2.36E+001   30.00   2.36E+002   Si-32    
   41  4701- 4712  4706.64  1283.84  1.18E+001   16.44   1.03E+002   .....    
   42  4724- 4757  4744.92  1294.28  1.40E+004  126.65   3.66E+002   FE-59    
                                                                     Ca-47    
   43  4929- 4940  4934.58  1346.03  2.39E+001   12.08   4.81E+001   .....    
   44  5131- 5142  5136.78  1401.19  2.48E+001   11.46   4.22E+001   .....    
   45  5242- 5259  5253.00  1432.90  5.13E+001   19.94   1.06E+002   .....    
   46  5350- 5365  5355.01  1460.73  2.49E+001   14.76   6.41E+001   .....    
   47  5515- 5543  5530.76  1508.68  1.60E+003   46.28   1.17E+002   .....    
   48  5649- 5661  5655.74  1542.78  1.60E+001   12.20   4.60E+001   .....    
   49  5866- 5884  5872.00  1601.78  7.21E+001   19.44   8.89E+001   .....    
   50  6266- 6287  6272.00  1710.91  9.91E+001   19.45   7.39E+001   .....    
   51  6419- 6444  6431.75  1754.49  2.84E+002   29.87   1.44E+002   .....    
   52  6471- 6482  6476.00  1766.56  2.13E+001   10.25   3.27E+001   .....    
   53  6641- 6654  6648.06  1813.51  1.15E+001   12.60   5.25E+001   .....    
   54  7736- 7765  7751.39  2114.52  1.72E+003   44.93   6.39E+001   .....    

M = First peak in a multiplet region
m = Other peak in a multiplet region
F = Fitted singlet

Errors quoted at  1.000 sigma
Peak Efficiency Report             6/25/2018   9:54:02 PM          Page 20


**************************************************************************
*****         P E A K    E F F I C I E N C Y    R E P O R T          *****
**************************************************************************

     Detector Name:  DSA1000A                        
     Sample Title:   Sample title.                                     
     Peak Analysis Performed on:  6/25/2018   9:54:01 PM


 Peak  Energy   Net Peak  Net Area       Peak     Efficiency
 No.   (keV)      Area   Uncertainty  Efficiency  Uncertainty

    1    26.57  1.28E+001    32.03     2.39E-002    2.06E-003
    2    36.32  5.19E+000    29.87     2.39E-002    2.06E-003
    3    53.55 -1.84E+000    36.86     2.39E-002    2.06E-003
    4    60.17 -2.48E+001    38.75     2.41E-002    2.02E-003
    5    69.19  3.73E+001    38.00     3.73E-002    8.07E-004
    6   106.38 -1.64E+000    38.49     9.28E-002    2.46E-004
    7   117.68  4.45E+001    38.00     9.29E-002    2.94E-004
    8   132.57 -7.86E+000    33.34     9.31E-002    3.63E-004
 M  9   136.33  1.27E+002    26.12     9.31E-002    3.82E-004
 m 10   138.37  2.78E+003    60.18     9.32E-002    3.92E-004
   11   173.29 -1.72E+001    45.53     9.35E-002    5.83E-004
   12   310.01  8.18E+000    24.42     6.09E-002    3.18E-004
   13   325.61  1.75E+001    33.58     5.87E-002    3.00E-004
   14   336.20  1.29E+003    59.95     5.73E-002    2.90E-004
   15   345.30 -2.04E-001    25.68     5.61E-002    2.81E-004
   16   355.35  2.26E+002    50.95     5.49E-002    2.72E-004
   17   359.68 -1.16E+001    33.49     5.44E-002    2.69E-004
   18   365.54 -2.03E+001    23.03     5.37E-002    2.64E-004
   19   416.86  1.14E+004   124.76     4.86E-002    2.27E-004
   20   463.22  1.67E+002    38.10     4.44E-002    2.21E-004
   21   512.31  1.22E+002    49.58     4.05E-002    2.22E-004
   22   545.79  7.42E+000    25.82     3.83E-002    2.22E-004
   23   577.27  6.64E+000    25.78     3.64E-002    2.22E-004
   24   614.25  1.77E+001    30.11     3.44E-002    2.21E-004
   25   617.14 -7.33E+000    26.32     3.43E-002    2.20E-004
   26   642.87  4.42E+001    35.95     3.31E-002    2.18E-004
   27   648.68 -1.08E+001    25.39     3.28E-002    2.17E-004
   28   669.33  1.78E+001    27.69     3.20E-002    2.15E-004
   29   724.20 -4.71E+001    37.81     2.98E-002    2.09E-004
   30   818.90  2.74E+003    76.08     2.68E-002    2.01E-004
   31   830.29  6.25E+000    37.33     2.65E-002    2.00E-004
   32   838.05 -4.87E+001    50.84     2.63E-002    1.97E-004
   33   914.38  3.93E+001    32.58     2.41E-002    1.39E-004
   34   918.83  5.22E+000    37.56     2.39E-002    1.37E-004
   35   937.72  9.93E+001    33.11     2.34E-002    1.26E-004
   36   973.79  2.66E+001    38.24     2.26E-002    1.09E-004
   37  1076.67  2.74E+001    30.17     2.04E-002    7.30E-005
   38  1097.74  1.12E+004   125.29     2.00E-002    6.77E-005
   39  1236.06  7.74E+001    45.86     1.79E-002    5.04E-005
   40  1267.86 -2.36E+001    30.00     1.76E-002    4.96E-005
   41  1283.84  1.18E+001    16.44     1.74E-002    4.92E-005
   42  1294.28  1.40E+004   126.65     1.73E-002    4.89E-005
Peak Efficiency Report             6/25/2018   9:54:02 PM          Page 21


 Peak  Energy   Net Peak  Net Area       Peak     Efficiency
 No.   (keV)      Area   Uncertainty  Efficiency  Uncertainty

   43  1346.03  2.39E+001    12.08     1.69E-002    4.80E-005
   44  1401.19  2.48E+001    11.46     1.69E-002    4.80E-005
   45  1432.90  5.13E+001    19.94     1.69E-002    4.80E-005
   46  1460.73  2.49E+001    14.76     1.69E-002    4.80E-005
   47  1508.68  1.60E+003    46.28     1.69E-002    4.80E-005
   48  1542.78  1.60E+001    12.20     1.69E-002    4.80E-005
   49  1601.78  7.21E+001    19.44     1.69E-002    4.80E-005
   50  1710.91  9.91E+001    19.45     1.69E-002    4.80E-005
   51  1754.49  2.84E+002    29.87     1.69E-002    4.80E-005
   52  1766.56  2.13E+001    10.25     1.69E-002    4.80E-005
   53  1813.51  1.15E+001    12.60     1.69E-002    4.80E-005
   54  2114.52  1.72E+003    44.93     1.69E-002    4.80E-005


M = First peak in a multiplet region
m = Other peak in a multiplet region
F = Fitted singlet

Errors quoted at  1.000 sigma
Background Subtract Report             6/25/2018   9:54:02 PM      Page 22

No background subtract performed on this spectrum.
No area correction performed on this spectrum.
Nuclide Identification Report        6/25/2018   9:54:02 PM        Page 23


*************************************************************************
*****   N U C L I D E   I D E N T I F I C A T I O N   R E P O R T   *****
*************************************************************************

     Sample Title:         Sample title.                           
     Nuclide Library Used: C:\GENIE2K\CAMFILES\NAA LIB LONG.NLB    

   ....................    IDENTIFIED NUCLIDES     ....................

   Nuclide    Id       Energy   Yield     Activity     Activity
   Name    Confidence  (keV)     (%)     (uCi/Unit)   Uncertainty

   Si-32     0.949   1266.15*    0.07   -8.662E-001   1.099E+000
   Ca-47     0.569    489.23     5.90
                      807.86     5.90
                     1297.09*   67.00    5.454E-001   5.169E-003
   FE-59     0.924   1099.25*   56.50    4.448E-001   1.291E-002
                     1291.60*   43.20    8.458E-001   2.298E-002
   AS-71     0.959    174.95*   82.40   -1.006E-004   2.662E-004
                      511.00*   56.56    2.396E-003   9.741E-004
   RB-86     0.998   1077.00*    8.64    7.012E-003   7.710E-003
   AG-108m   0.357     79.13     6.60
                      433.94    90.50
                      614.28*   89.80    2.573E-004   4.384E-004
                      722.94*   90.80   -7.835E-004   6.288E-004
   CD-115    0.470    336.24*   45.90    2.204E-002   1.139E-003
                      527.90    27.40
   BA-133    0.407    276.40     7.16
                      302.85    18.33
                      356.02*   62.05    2.989E-003   6.738E-004
                      383.85     8.94
   GD-159    0.933    363.56*   11.00   -1.550E-003   1.805E-003
   HF-181    0.242    133.02*   43.30   -8.789E-005   3.726E-004
                      136.26*    5.85    1.046E-002   2.186E-003
                      345.93*   15.12   -1.082E-005   1.363E-003
                      482.18    80.50
   OS-185    0.725    646.12*   81.00   -1.825E-004   4.298E-004
                      874.81     6.61
                      880.52     5.00
   IR-194    0.866    328.45*   13.10    1.026E-003   1.973E-003

       * = Energy line found in the spectrum.
       Energy Tolerance :    3.000 keV
       Nuclide confidence index threshold =   0.05
       Errors quoted at  1.000 sigma

Nuclide Identification Report        6/25/2018   9:54:02 PM        Page 24


   **********   U N I D E N T I F I E D   P E A K S   **********

               Peak Locate Performed on:  6/25/2018   9:54:01 PM
               Peak Locate From Channel:      1
               Peak Locate To Channel:    65535

       Peak   Energy           Peak Size in        Peak CPS
        No.   (keV)          Counts per Second   % Uncertainty

         1    26.57             2.1327E-001         250.34
         2    36.32             8.6520E-002         575.33
         3    53.55            -3.0729E-002        -1999.1
         4    60.17            -4.1360E-001        -156.15
         5    69.19             6.2242E-001         101.74
         6   106.38            -2.7261E-002        -2353.2
         7   117.68             7.4168E-001          85.39
      m 10   138.37             4.6335E+001           2.16
        12   310.01             1.3634E-001         298.53
        17   359.68            -1.9366E-001        -288.27
        19   416.86             1.8921E+002           1.10
        20   463.22             2.7899E+000          22.76
        22   545.79             1.2361E-001         348.19
        23   577.27             1.1070E-001         388.11
        25   617.14            -1.2215E-001        -359.16
        26   642.87             7.3621E-001          81.39
        28   669.33             2.9692E-001         155.45
        30   818.90             4.5712E+001           2.77
        31   830.29             1.0417E-001         597.26
        32   838.05            -8.1125E-001        -104.45
        33   914.38             6.5499E-001          82.90
        34   918.83             8.7060E-002         719.06
        35   937.72             1.6542E+000          33.36
        36   973.79             4.4323E-001         143.81
        39  1236.06             1.2899E+000          59.26
        41  1283.84             1.9645E-001         139.47
        43  1346.03             3.9757E-001          50.63
        44  1401.19             4.1294E-001          46.27
        45  1432.90             8.5464E-001          38.89
        46  1460.73             4.1433E-001          59.38
        47  1508.68             2.6641E+001           2.90
        48  1542.78             2.6586E-001          76.47
        49  1601.78             1.2011E+000          26.97
        50  1710.91             1.6511E+000          19.63
        51  1754.49             4.7413E+000          10.50
        52  1766.56             3.5432E-001          48.23
        53  1813.51             1.9167E-001         109.61
        54  2114.52             2.8585E+001           2.62

       M = First peak in a multiplet region
       m = Other peak in a multiplet region
       F = Fitted singlet

       Errors quoted at  1.000 sigma
Interference Corrected Activity Report    6/25/2018   9:54:02 PM   Page 25


*************************************************************************
*****   N U C L I D E   I D E N T I F I C A T I O N   R E P O R T   *****
*************************************************************************

     Sample Title:         Sample title.                           
     Nuclide Library Used: C:\GENIE2K\CAMFILES\NAA LIB LONG.NLB    

   ....................    IDENTIFIED NUCLIDES     ....................

   Nuclide    Id       Energy    Yield     Activity     Activity
   Name    Confidence  (keV)      (%)     (uCi/Unit)   Uncertainty

   Si-32     0.949   1266.15*     0.07  -8.66206E-001  1.09942E+000
   Ca-47     0.569    489.23      5.90
                      807.86      5.90
                     1297.09*    67.00   5.45364E-001  5.16872E-003
   FE-59     0.924   1099.25*    56.50   4.44836E-001  1.29094E-002
                     1291.60*    43.20   8.45777E-001  2.29794E-002
   AS-71     0.959    174.95*    82.40  -1.00626E-004  2.66247E-004
                      511.00*    56.56   2.39584E-003  9.74140E-004
   RB-86     0.998   1077.00*     8.64   7.01249E-003  7.70971E-003
   AG-108m   0.357     79.13      6.60
                      433.94     90.50
                      614.28*    89.80   2.57342E-004  4.38424E-004
                      722.94*    90.80  -7.83495E-004  6.28828E-004
   CD-115    0.470    336.24*    45.90   2.20386E-002  1.13944E-003
                      527.90     27.40
   BA-133    0.407    276.40      7.16
                      302.85     18.33
                      356.02*    62.05   2.98917E-003  6.73840E-004
                      383.85      8.94
   GD-159    0.933    363.56*    11.00  -1.54991E-003  1.80534E-003
   HF-181    0.242    133.02*    43.30  -8.78864E-005  3.72585E-004
                      136.26*     5.85   1.04593E-002  2.18631E-003
                      345.93*    15.12  -1.08231E-005  1.36319E-003
                      482.18     80.50
   OS-185    0.725    646.12*    81.00  -1.82453E-004  4.29794E-004
                      874.81      6.61
                      880.52      5.00
   IR-194    0.866    328.45*    13.10   1.02556E-003  1.97306E-003

       * = Energy line found in the spectrum.
       @ = Energy line not used for Weighted Mean Activity
       Energy Tolerance :    3.000 keV
       Nuclide confidence index threshold =   0.05
       Errors quoted at  1.000 sigma

Interference Corrected Activity Report    6/25/2018   9:54:02 PM   Page 26


*************************************************************************
*****   I N T E R F E R E N C E   C O R R E C T E D   R E P O R T   *****
*************************************************************************


                 Nuclide       Wt mean         Wt mean
       Nuclide     Id          Activity        Activity
       Name     Confidence    (uCi/Unit)      Uncertainty

       Si-32      0.949     -8.662060E-001   1.099419E+000
       Ca-47      0.569      2.585298E-001   6.165768E-003
       FE-59      0.924      4.448362E-001   5.213479E-003
       AS-71      0.959      2.395838E-003   9.741402E-004
    X  SR-85x     0.950
       RB-86      0.998      7.012490E-003   7.709713E-003
    X  ZR-95      0.124
       AG-108m    0.357      2.573424E-004   4.384237E-004
       CD-115     0.470      2.203864E-002   1.139444E-003
       BA-133     0.407      2.989173E-003   6.738401E-004
       GD-159     0.933     -1.549907E-003   1.805343E-003
    X  HF-175     0.938
       HF-181     0.242      1.045929E-002   2.186305E-003
       OS-185     0.725     -1.824530E-004   4.297938E-004
    X  RE-186     0.988
       IR-194     0.866      1.025565E-003   1.973063E-003
    X  HG-197     0.794
    X  PT-197m    0.975

       ? = nuclide is part of an undetermined solution
       X = nuclide rejected by the interference analysis
       @ = nuclide contains energy lines not used in Weighted Mean Activity

       Errors quoted at  1.000 sigma

Interference Corrected Activity Report    6/25/2018   9:54:02 PM   Page 27


   **********   U N I D E N T I F I E D   P E A K S   **********

               Peak Locate Performed on:  6/25/2018   9:54:01 PM
               Peak Locate From Channel:      1
               Peak Locate To Channel:    65535

       Peak   Energy           Peak Size in        Peak CPS
        No.   (keV)          Counts per Second   % Uncertainty

         1    26.57             2.1327E-001         250.34
         2    36.32             8.6520E-002         575.33
         3    53.55            -3.0729E-002        -1999.1
         4    60.17            -4.1360E-001        -156.15
         5    69.19             6.2242E-001         101.74
         6   106.38            -2.7261E-002        -2353.2
         7   117.68             7.4168E-001          85.39
      m 10   138.37             4.6335E+001           2.16
        12   310.01             1.3634E-001         298.53
        17   359.68            -1.9366E-001        -288.27
        19   416.86             1.8921E+002           1.10
        20   463.22             2.7899E+000          22.76
        22   545.79             1.2361E-001         348.19
        23   577.27             1.1070E-001         388.11
        25   617.14            -1.2215E-001        -359.16
        26   642.87             7.3621E-001          81.39
        28   669.33             2.9692E-001         155.45
        30   818.90             4.5712E+001           2.77
        31   830.29             1.0417E-001         597.26
        32   838.05            -8.1125E-001        -104.45
        33   914.38             6.5499E-001          82.90
        34   918.83             8.7060E-002         719.06
        35   937.72             1.6542E+000          33.36
        36   973.79             4.4323E-001         143.81
        39  1236.06             1.2899E+000          59.26
        41  1283.84             1.9645E-001         139.47
        43  1346.03             3.9757E-001          50.63
        44  1401.19             4.1294E-001          46.27
        45  1432.90             8.5464E-001          38.89
        46  1460.73             4.1433E-001          59.38
        47  1508.68             2.6641E+001           2.90
        48  1542.78             2.6586E-001          76.47
        49  1601.78             1.2011E+000          26.97
        50  1710.91             1.6511E+000          19.63
        51  1754.49             4.7413E+000          10.50
        52  1766.56             3.5432E-001          48.23
        53  1813.51             1.9167E-001         109.61
        54  2114.52             2.8585E+001           2.62

       M = First peak in a multiplet region
       m = Other peak in a multiplet region
       F = Fitted singlet

       Errors quoted at  1.000 sigma
Nuclide MDA Report                      6/25/2018   9:54:02 PM     Page 28


No MDA analysis results available for reporting purposes
Nuclide MDA Report                      6/25/2018   9:54:02 PM     Page 29


No MDA analysis results available for reporting purposes
Action Level Summary Report             6/25/2018   9:54:02 PM     Page 30


No Action Level results available for reporting purposes
Auto Gain Adjust                     6/25/2018   9:54:02 PM       Page 31


*************************************************************************
*****                 A U T O  G A I N   A D J U S T                *****
*************************************************************************

Report Generated On:                               6/25/2018   9:54:02 PM


Status:                                                                 
No AGA results for reporting.


This report is valid only if a Certificate was the source of the true values.


Status:                                                                 
No AGA results for reporting.

