*************************************************************************
*****        G A M M A   S P E C T R U M    A N A L Y S I S         *****
*************************************************************************


Filename: DSA1000A                                                     

Report Generated On             : 6/25/2018   9:57:12 PM

Sample Title                    : Sample title.                          
Sample Description              :                                 
Sample Identification           :                 
Sample Type                     :                 
Sample Geometry                 :                 

Peak Locate Threshold           :  2.50
Peak Locate Range (in channels) :     1 - 65535
Peak Area Range (in channels)   :   100 -  8172
Identification Energy Tolerance :    3.000 keV

Sample Size                     :  1.000E+000 Unit    

Sample Taken On                 :                       
Acquisition Started             : 6/25/2018   9:55:57 PM

Live Time                       :       60.0 seconds
Real Time                       :       63.0 seconds

Dead Time                       :   4.72 %


              Energy Calibration Used Done On       : 6/23/2018 
              Efficiency Calibration Used Done On   : 6/23/2018 
              Efficiency ID                         :                        

Peak Analysis Report             6/25/2018   9:57:13 PM            Page  2


**************************************************************************
*****           P E A K    A N A L Y S I S    R E P O R T            *****
**************************************************************************


     Detector Name:  DSA1000A                        
     Sample Title:   Sample title.                                     
     Peak Analysis Performed on:  6/25/2018   9:57:13 PM
               Peak Analysis From Channel:      1
               Peak Analysis To Channel:     8192

   Peak  ROI  ROI    Peak    Energy   FWHM  Net Peak  Net Area  Continuum 
    No. start end  centroid   (keV)   (keV)  Area     Uncert.    Counts 

    1    55-   61    57.64    15.47   0.33        23.3   34.52   6.17E+002 
    2    96-  103    98.10    26.51   0.49        13.9   35.11   6.04E+002 
    3   113-  120   117.28    31.74   0.53         5.3   33.24   5.47E+002 
    4   135-  143   139.03    37.68   0.27        16.4   34.97   5.64E+002 
    5   173-  182   175.28    47.57   0.50        29.8   36.58   5.74E+002 
    6   264-  275   268.27    72.94   0.48        65.5   42.66   7.00E+002 
    7   442-  454   446.97   121.69   0.28        14.7   43.36   7.08E+002 
    8   501-  516   508.11   138.37   1.25      2713.6   75.63   1.00E+003 
    9   582-  591   585.96   159.61   0.73        21.9   35.70   5.49E+002 
   10   695-  704   700.86   190.96   0.71        40.3   35.72   5.45E+002 
   11   789-  799   792.86   216.06   0.57        12.7   40.11   6.69E+002 
   12   843-  851   846.88   230.80   0.31        12.5   35.24   5.75E+002 
   13   908-  916   911.99   248.56   0.34        26.7   34.99   5.57E+002 
   14   973-  984   978.10   266.60   0.28         7.3   36.70   5.33E+002 
   15  1101- 1123  1114.84   303.90   0.61        95.3   56.77   8.06E+002 
   16  1174- 1182  1178.05   321.15   0.50        10.9   26.60   3.25E+002 
 M 17  1222- 1242  1228.57   334.93   1.34        59.7   53.14   5.10E+002 
 m 18  1222- 1242  1233.36   336.24   1.34      1221.4   69.60   5.67E+002 
   19  1269- 1279  1273.89   347.30   0.27        45.6   29.48   3.45E+002 
   20  1294- 1312  1303.19   355.29   1.14       264.5   50.10   6.64E+002 
   21  1412- 1423  1416.15   386.11   0.31         6.3   31.42   3.89E+002 
   22  1500- 1516  1510.38   411.82   1.22      1101.4   60.72   8.30E+002 
   23  1519- 1538  1528.91   416.87   1.42     10641.2  115.91   8.00E+002 
   24  1579- 1588  1583.35   431.72   0.77        23.6   24.99   2.65E+002 
   25  1689- 1703  1698.68   463.19   1.26       180.2   37.19   4.18E+002 
   26  1772- 1779  1775.04   484.02   0.30        -2.9   21.26   2.26E+002 
   27  2027- 2040  2035.07   554.96   0.27        -5.4   32.23   3.76E+002 
   28  2136- 2150  2140.22   583.65   0.38        -9.7   35.26   4.34E+002 
   29  2519- 2531  2523.78   688.30   0.29        82.1   31.23   3.38E+002 
   30  2534- 2549  2538.41   692.29   0.35        38.4   35.56   4.07E+002 
   31  2831- 2848  2836.00   773.48   0.27       -10.1   41.98   5.37E+002 
   32  2986- 3013  3002.16   818.81   1.76      2495.2   82.42   9.51E+002 
   33  3061- 3084  3070.00   837.32   0.27        27.4   59.18   8.68E+002 
   34  3087- 3098  3092.73   843.52   0.51         5.3   33.09   4.33E+002 
   35  3174- 3184  3179.52   867.20   0.55        -8.7   32.18   4.35E+002 
   36  3423- 3433  3428.03   935.00   0.28        16.8   26.84   2.95E+002 
   37  3564- 3574  3568.82   973.41   0.58        54.1   27.55   2.95E+002 
   38  3883- 3893  3887.87  1060.46   0.67        72.9   29.18   3.26E+002 
   39  4003- 4036  4024.47  1097.72   1.88     10934.3  126.20   9.00E+002 
   40  4287- 4296  4291.24  1170.51   0.29         7.0   17.01   1.25E+002 
   41  4517- 4543  4531.36  1236.02   1.51       135.5   34.08   2.34E+002 
   42  4721- 4757  4744.92  1294.28   1.99     13549.7  125.62   3.73E+002 
Peak Analysis Report             6/25/2018   9:57:13 PM            Page  3


   Peak  ROI  ROI    Peak    Energy   FWHM  Net Peak  Net Area  Continuum 
    No. start end  centroid   (keV)   (keV)  Area     Uncert.    Counts 

   43  5241- 5260  5252.65  1432.80   1.20        66.7   19.05   8.33E+001 
   44  5341- 5352  5346.73  1458.47   0.44         3.2   11.82   5.28E+001 
   45  5354- 5370  5361.78  1462.58   0.33        58.4   13.72   3.96E+001 
   46  5514- 5543  5530.60  1508.64   2.09      1538.6   46.13   1.23E+002 
   47  5864- 5882  5876.66  1603.05   1.47        61.6   19.93   9.94E+001 
   48  6266- 6287  6275.13  1711.76   2.75       121.0   18.17   5.60E+001 
   49  6420- 6441  6429.98  1754.01   0.69       276.4   24.12   8.16E+001 
   50  6450- 6463  6457.00  1761.38   0.27       -39.8   14.68   9.28E+001 
   51  6880- 6892  6886.55  1878.57   0.32        11.1   12.44   5.39E+001 
   52  7027- 7038  7032.11  1918.28   0.48         8.8    9.73   3.42E+001 
   53  7041- 7052  7046.85  1922.31   0.99        17.6    9.76   3.04E+001 
   54  7107- 7118  7112.41  1940.19   0.27       -10.4   10.45   4.34E+001 
   55  7317- 7328  7322.72  1997.57   0.27        11.5    7.67   1.85E+001 
   56  7732- 7765  7751.22  2114.48   2.32      1662.9   43.87   5.01E+001 
   57  7877- 7888  7882.47  2150.28   0.30         0.2    6.60   1.68E+001 
   58  8085- 8097  8091.56  2207.33   0.40         6.0    6.38   1.30E+001 

M = First peak in a multiplet region
m = Other peak in a multiplet region
F = Fitted singlet

Errors quoted at  1.000 sigma
Nuclide Identification Report        6/25/2018   9:57:13 PM        Page  4


No nuclide identification results available for reporting purposes
*************************************************************************
*****        G A M M A   S P E C T R U M    A N A L Y S I S         *****
*************************************************************************


Filename: DSA1000A                                                     

Report Generated On             : 6/25/2018   9:57:14 PM

Sample Title                    : Sample title.                          
Sample Description              :                                 
Sample Identification           :                 
Sample Type                     :                 
Sample Geometry                 :                 

Peak Locate Threshold           :  2.50
Peak Locate Range (in channels) :     1 - 65535
Peak Area Range (in channels)   :     1 -  8192
Identification Energy Tolerance :    3.000 keV

Sample Size                     :  1.000E+000 Unit    

Sample Taken On                 :                       
Acquisition Started             : 6/25/2018   9:55:57 PM

Live Time                       :       60.0 seconds
Real Time                       :       63.0 seconds

Dead Time                       :   4.72 %


              Energy Calibration Used Done On       : 6/23/2018 
              Efficiency Calibration Used Done On   : 6/23/2018 
              Efficiency ID                         :                        

Energy Calibration Report            6/25/2018   9:57:14 PM       Page  5


**************************************************************************
*****       E N E R G Y   C A L I B R A T I O N   R E P O R T        *****
**************************************************************************

     Detector Name:  DSA1000A                        
     Sample Title:   Sample title.                                     

       *************  ENERGY CALIBRATION COEFFICIENTS  *************

               Energy Calibrate Performed on:  6/23/2018  12:56:08 PM
                       by:                       
               Energy Calibrate Type:          POLY    

   Energy(keV) =    -0.253 +     0.273*ch +  0.00E+000*ch^2 +  0.00E+000*ch^3

       *************  SHAPE CALIBRATION COEFFICIENTS   *************

               Shape Calibrate Performed on:  6/23/2018  12:56:08 PM
                       by:                        

               FWHM     =     0.795  +   0.026*E^1/2

               LOW TAIL =   0.0E+000 +  0.0E+000*E

****************     ENERGY CALIBRATION RESULTS TABLE     ****************

                    Centroid      Centroid         Energy
                    Channel       error            (keV )
                      220.59        0.07             60.01
                      317.99        0.02             86.54
                      386.80        0.01            105.31
                      451.84        0.03            122.06
                     2426.14        0.01            661.66
                     3062.96        0.38            834.83

       *********     SHAPE CALIBRATION RESULTS TABLE      *********

             Energy     FWHM       FWHM         TAIL        TAIL
             (keV )     channels   error        channels    error
               60.01      3.13      0.17           0.00      0.00
               86.54      3.87      0.04           0.00      0.00
              105.31      3.88      0.01           0.00      0.00
              122.06      3.92      0.07           0.00      0.00
              661.66      5.34      0.01           0.00      0.00
              834.83      1.36      0.55           0.00      0.00
Efficiency Calibration Report             6/25/2018   9:57:14 PM   Page  6


**************************************************************************
*****   E F F I C I E N C Y   C A L I B R A T I O N    R E P O R T   *****
**************************************************************************

     Detector Name:  DSA1000A                        
     Sample Title:   Sample title.                                     

     Geometry Description:                 
     Efficiency Calibration Performed on:  6/23/2018   4:29:36 PM
                       by:                         
     Geometry Type Used:   INTERPOL        

                            Efficiency Triplets
                            ===================

                   Energy         Efficiency        Error

                     60.00         2.39E-002      2.06E-003
                     86.50         7.50E-002      1.86E-004
                    105.30         9.27E-002      2.42E-004
                    176.30         9.35E-002      6.01E-004
                    427.90         4.77E-002      2.21E-004
                    600.60         3.51E-002      2.22E-004
                    834.80         2.64E-002      2.00E-004
                   1173.20         1.87E-002      5.20E-005
                   1332.50         1.69E-002      4.80E-005

                      DUAL Efficiency Calibration Equation
                      ====================================

         Single Equation Terms ->   Offset:     -143.191
                                     Slope:       91.147
                                 Quadratic:      -21.757
                                     Cubic:        2.279
                                 4th Order:       -0.089
                                 5th Order:        0.000
                                 6th Order:        0.000
                                 7th Order:        0.000
                                 8th Order:        0.000
                                 9th Order:        0.000
Efficiency Calibration Report             6/25/2018   9:57:14 PM   Page  7


                      EMPIRICAL Efficiency Calibration Equation
                      =========================================

      Empirical Equation Terms ->  Scaling:      696.250
                                    Offset:       -3.494
                                     Slope:        0.899
                                 Quadratic:        0.043
                                     Cubic:        0.059
                                 4th Order:       -0.089
                                 5th Order:        0.000

                      LINEAR Efficiency Calibration Equation
                      ======================================

         Linear Equation Terms ->   Offset:       -0.000
                                     Slope:       -1.569
                                 Quadratic:      189.136
                                     Cubic:   -17233.867
                                 4th Order:   376762.938
                                 5th Order:        0.000
                                 6th Order:        0.000
                                 7th Order:        0.000
                                 8th Order:        0.000
                                 9th Order:        0.000
Peak-to-Total Calibration Report          6/25/2018   9:57:14 PM   Page  8


**************************************************************************
**   P E A K - T O - T O T A L   C A L I B R A T I O N   R E P O R T   ***
**************************************************************************

     Detector Name:  DSA1000A                        
     Sample Title:   Sample title.                                     


                  Peak-to-Total Calibration Equation
                  =============================================

                                 No Peak-to-Total Equation

Peak Locate Analysis Report             6/25/2018   9:57:14 PM     Page  9

**************************************************************************
*****             P E A K    L O C A T E    R E P O R T              *****
**************************************************************************

     Detector Name:  DSA1000A                        
     Sample Title:   Sample title.                                     
               Peak Locate Performed on:  6/25/2018   9:57:12 PM
               Peak Locate From Channel:      1
               Peak Locate To Channel:    65535
               Peak Search Sensitivity:     2.50

     Peak   Centroid    Centroid     Energy       Peak
      No.    Channel   Uncertainty   (keV)    Significance

       1       57.64      <NA>         15.47      <NA> 
       2       98.10      <NA>         26.51      <NA> 
       3      117.28      <NA>         31.74      <NA> 
       4      139.03      <NA>         37.68      <NA> 
       5      175.28      <NA>         47.57      <NA> 
       6      268.27      <NA>         72.94      <NA> 
       7      446.97      <NA>        121.69      <NA> 
       8      508.11      <NA>        138.37      <NA> 
       9      585.96      <NA>        159.61      <NA> 
      10      700.86      <NA>        190.96      <NA> 
      11      792.86      <NA>        216.06      <NA> 
      12      846.88      <NA>        230.80      <NA> 
      13      911.99      <NA>        248.56      <NA> 
      14      978.10      <NA>        266.60      <NA> 
      15     1114.84      <NA>        303.90      <NA> 
      16     1178.05      <NA>        321.15      <NA> 
      17     1228.00      <NA>        334.93      <NA> 
      18     1233.32      <NA>        336.24      <NA> 
      19     1273.89      <NA>        347.30      <NA> 
      20     1303.19      <NA>        355.29      <NA> 
      21     1416.15      <NA>        386.11      <NA> 
      22     1510.38      <NA>        411.82      <NA> 
      23     1528.91      <NA>        416.87      <NA> 
      24     1583.35      <NA>        431.72      <NA> 
      25     1698.68      <NA>        463.19      <NA> 
      26     1775.04      <NA>        484.02      <NA> 
      27     2035.07      <NA>        554.96      <NA> 
      28     2140.22      <NA>        583.65      <NA> 
      29     2523.78      <NA>        688.30      <NA> 
      30     2538.41      <NA>        692.29      <NA> 
      31     2836.00      <NA>        773.48      <NA> 
      32     3002.16      <NA>        818.81      <NA> 
      33     3070.00      <NA>        837.32      <NA> 
      34     3092.73      <NA>        843.52      <NA> 
      35     3179.52      <NA>        867.20      <NA> 
      36     3428.03      <NA>        935.00      <NA> 
      37     3568.82      <NA>        973.41      <NA> 
      38     3887.87      <NA>       1060.46      <NA> 
      39     4024.47      <NA>       1097.72      <NA> 
      40     4291.24      <NA>       1170.51      <NA> 
      41     4531.36      <NA>       1236.02      <NA> 
Peak Locate Analysis Report             6/25/2018   9:57:14 PM     Page 10


     Peak   Centroid    Centroid     Energy       Peak
      No.    Channel   Uncertainty   (keV)    Significance

      42     4744.92      <NA>       1294.28      <NA> 
      43     5252.65      <NA>       1432.80      <NA> 
      44     5346.73      <NA>       1458.47      <NA> 
      45     5361.78      <NA>       1462.58      <NA> 
      46     5530.60      <NA>       1508.64      <NA> 
      47     5876.66      <NA>       1603.05      <NA> 
      48     6275.13      <NA>       1711.76      <NA> 
      49     6429.98      <NA>       1754.01      <NA> 
      50     6457.00      <NA>       1761.38      <NA> 
      51     6886.55      <NA>       1878.57      <NA> 
      52     7032.11      <NA>       1918.28      <NA> 
      53     7046.85      <NA>       1922.31      <NA> 
      54     7112.41      <NA>       1940.19      <NA> 
      55     7322.72      <NA>       1997.57      <NA> 
      56     7751.22      <NA>       2114.48      <NA> 
      57     7882.47      <NA>       2150.28      <NA> 
      58     8091.56      <NA>       2207.33      <NA> 

? = Adjacent peak noted

Errors quoted at  1.000 sigma
Peak Analysis Report             6/25/2018   9:57:14 PM            Page 11


**************************************************************************
*****           P E A K    A N A L Y S I S    R E P O R T            *****
**************************************************************************


     Detector Name:  DSA1000A                        
     Sample Title:   Sample title.                                     
     Peak Analysis Performed on:  6/25/2018   9:57:13 PM
               Peak Analysis From Channel:      1
               Peak Analysis To Channel:     8192

   Peak  ROI  ROI    Peak    Energy   FWHM  Net Peak  Net Area  Continuum 
    No. start end  centroid   (keV)   (keV)  Area     Uncert.    Counts 

    1    55-   61    57.64    15.47   0.33        23.3   34.52   6.17E+002 
    2    96-  103    98.10    26.51   0.49        13.9   35.11   6.04E+002 
    3   113-  120   117.28    31.74   0.53         5.3   33.24   5.47E+002 
    4   135-  143   139.03    37.68   0.27        16.4   34.97   5.64E+002 
    5   173-  182   175.28    47.57   0.50        29.8   36.58   5.74E+002 
    6   264-  275   268.27    72.94   0.48        65.5   42.66   7.00E+002 
    7   442-  454   446.97   121.69   0.28        14.7   43.36   7.08E+002 
    8   501-  516   508.11   138.37   1.25      2713.6   75.63   1.00E+003 
    9   582-  591   585.96   159.61   0.73        21.9   35.70   5.49E+002 
   10   695-  704   700.86   190.96   0.71        40.3   35.72   5.45E+002 
   11   789-  799   792.86   216.06   0.57        12.7   40.11   6.69E+002 
   12   843-  851   846.88   230.80   0.31        12.5   35.24   5.75E+002 
   13   908-  916   911.99   248.56   0.34        26.7   34.99   5.57E+002 
   14   973-  984   978.10   266.60   0.28         7.3   36.70   5.33E+002 
   15  1101- 1123  1114.84   303.90   0.61        95.3   56.77   8.06E+002 
   16  1174- 1182  1178.05   321.15   0.50        10.9   26.60   3.25E+002 
 M 17  1222- 1242  1228.57   334.93   1.34        59.7   53.14   5.10E+002 
 m 18  1222- 1242  1233.36   336.24   1.34      1221.4   69.60   5.67E+002 
   19  1269- 1279  1273.89   347.30   0.27        45.6   29.48   3.45E+002 
   20  1294- 1312  1303.19   355.29   1.14       264.5   50.10   6.64E+002 
   21  1412- 1423  1416.15   386.11   0.31         6.3   31.42   3.89E+002 
   22  1500- 1516  1510.38   411.82   1.22      1101.4   60.72   8.30E+002 
   23  1519- 1538  1528.91   416.87   1.42     10641.2  115.91   8.00E+002 
   24  1579- 1588  1583.35   431.72   0.77        23.6   24.99   2.65E+002 
   25  1689- 1703  1698.68   463.19   1.26       180.2   37.19   4.18E+002 
   26  1772- 1779  1775.04   484.02   0.30        -2.9   21.26   2.26E+002 
   27  2027- 2040  2035.07   554.96   0.27        -5.4   32.23   3.76E+002 
   28  2136- 2150  2140.22   583.65   0.38        -9.7   35.26   4.34E+002 
   29  2519- 2531  2523.78   688.30   0.29        82.1   31.23   3.38E+002 
   30  2534- 2549  2538.41   692.29   0.35        38.4   35.56   4.07E+002 
   31  2831- 2848  2836.00   773.48   0.27       -10.1   41.98   5.37E+002 
   32  2986- 3013  3002.16   818.81   1.76      2495.2   82.42   9.51E+002 
   33  3061- 3084  3070.00   837.32   0.27        27.4   59.18   8.68E+002 
   34  3087- 3098  3092.73   843.52   0.51         5.3   33.09   4.33E+002 
   35  3174- 3184  3179.52   867.20   0.55        -8.7   32.18   4.35E+002 
   36  3423- 3433  3428.03   935.00   0.28        16.8   26.84   2.95E+002 
   37  3564- 3574  3568.82   973.41   0.58        54.1   27.55   2.95E+002 
   38  3883- 3893  3887.87  1060.46   0.67        72.9   29.18   3.26E+002 
   39  4003- 4036  4024.47  1097.72   1.88     10934.3  126.20   9.00E+002 
   40  4287- 4296  4291.24  1170.51   0.29         7.0   17.01   1.25E+002 
   41  4517- 4543  4531.36  1236.02   1.51       135.5   34.08   2.34E+002 
   42  4721- 4757  4744.92  1294.28   1.99     13549.7  125.62   3.73E+002 
Peak Analysis Report             6/25/2018   9:57:14 PM            Page 12


   Peak  ROI  ROI    Peak    Energy   FWHM  Net Peak  Net Area  Continuum 
    No. start end  centroid   (keV)   (keV)  Area     Uncert.    Counts 

   43  5241- 5260  5252.65  1432.80   1.20        66.7   19.05   8.33E+001 
   44  5341- 5352  5346.73  1458.47   0.44         3.2   11.82   5.28E+001 
   45  5354- 5370  5361.78  1462.58   0.33        58.4   13.72   3.96E+001 
   46  5514- 5543  5530.60  1508.64   2.09      1538.6   46.13   1.23E+002 
   47  5864- 5882  5876.66  1603.05   1.47        61.6   19.93   9.94E+001 
   48  6266- 6287  6275.13  1711.76   2.75       121.0   18.17   5.60E+001 
   49  6420- 6441  6429.98  1754.01   0.69       276.4   24.12   8.16E+001 
   50  6450- 6463  6457.00  1761.38   0.27       -39.8   14.68   9.28E+001 
   51  6880- 6892  6886.55  1878.57   0.32        11.1   12.44   5.39E+001 
   52  7027- 7038  7032.11  1918.28   0.48         8.8    9.73   3.42E+001 
   53  7041- 7052  7046.85  1922.31   0.99        17.6    9.76   3.04E+001 
   54  7107- 7118  7112.41  1940.19   0.27       -10.4   10.45   4.34E+001 
   55  7317- 7328  7322.72  1997.57   0.27        11.5    7.67   1.85E+001 
   56  7732- 7765  7751.22  2114.48   2.32      1662.9   43.87   5.01E+001 
   57  7877- 7888  7882.47  2150.28   0.30         0.2    6.60   1.68E+001 
   58  8085- 8097  8091.56  2207.33   0.40         6.0    6.38   1.30E+001 

M = First peak in a multiplet region
m = Other peak in a multiplet region
F = Fitted singlet

Errors quoted at  1.000 sigma
Peak Analysis Report                    6/25/2018   9:57:14 PM          Page 13


*******************************************************************************
*****  S T A N D A R D   V M S   P E A K   A N A L Y S I S   R E P O R T  *****
*******************************************************************************

        Configuration Title:                                         
        Spectrum Title:              Sample title.            
        Peak Analysis Performed on:  6/25/18   9:57:13 PM
        Peak Analysis From Channel:      1    To Channel:     8192
        Peak Search Sensitivity:      2.50    Gaussian Sensitivity:  1.00
        Max Iterations: 15  Fit Singlets: No  Critical Level Test: No 
        Use Fixed FWHM: No  FWHM Reject:  No  FWHM Reject Ratio:  0.00 
        Peak Fit Engine Name: PANOLIN1        Continuum Type: STEP   

   Pk IT  Energy      Area   Bkgnd  FWHM Channel  Left  PW  Cts/Sec  %err   Fit

    1  0    15.47       23     617  0.33   57.64    55   7 3.9E-001 148.4   0.0
    2  0    26.51       14     604  0.49   98.10    96   8 2.3E-001 252.2   0.0
    3  0    31.74        5     547  0.53  117.28   113   8 8.9E-002 623.5   0.0
    4  0    37.68       16     564  0.27  139.03   135   9 2.7E-001 212.7   0.0
    5  0    47.57       30     574  0.50  175.28   173  10 5.0E-001 122.9   0.0
    6  0    72.94       66     700  0.48  268.27   264  12 1.1E+000  65.1   0.0
    7  0   121.69       15     708  0.28  446.97   442  13 2.5E-001 294.1   0.0
    8  0   138.37     2714    1003  1.25  508.11   501  16 4.5E+001   2.8   0.0
    9  0   159.61       22     549  0.73  585.96   582  10 3.6E-001 163.0   0.0
   10  0   190.96       40     545  0.71  700.86   695  10 6.7E-001  88.6   0.0
   11  0   216.06       13     669  0.57  792.86   789  11 2.1E-001 317.0   0.0
   12  0   230.80       13     575  0.31  846.88   843   9 2.1E-001 280.8   0.0
   13  0   248.56       27     557  0.34  911.99   908   9 4.5E-001 130.9   0.0
   14  0   266.60        7     533  0.28  978.10   973  12 1.2E-001 505.0   0.0
   15  0   303.90       95     806  0.61 1114.84  1101  23 1.6E+000  59.6   0.0
   16  0   321.15       11     325  0.50 1178.05  1174   9 1.8E-001 243.0   0.0
 M 17 32   334.93       60     510  1.34 1228.57  1222  21 9.9E-001  89.1   0.9
 m 18 32   336.24     1221     567  1.34 1233.36  1222  21 2.0E+001   5.7   0.9
   19  0   347.30       46     345  0.27 1273.89  1269  11 7.6E-001  64.7   0.0
   20  0   355.29      265     664  1.14 1303.19  1294  19 4.4E+000  18.9   0.0
   21  0   386.11        6     389  0.31 1416.15  1412  12 1.0E-001 501.2   0.0
   22  0   411.82     1101     830  1.22 1510.38  1500  17 1.8E+001   5.5   0.0
   23  0   416.87    10641     800  1.42 1528.91  1519  20 1.8E+002   1.1   0.0
   24  0   431.72       24     265  0.77 1583.35  1579  10 3.9E-001 105.8   0.0
   25  0   463.19      180     418  1.26 1698.68  1689  15 3.0E+000  20.6   0.0
   26  0   484.02       -3     226  0.30 1775.04  1772   8-4.9E-002 -721.   0.0
   27  0   554.96       -5     376  0.27 2035.07  2027  14-9.0E-002 -593.   0.0
   28  0   583.65      -10     434  0.38 2140.22  2136  15-1.6E-001 -362.   0.0
   29  0   688.30       82     338  0.29 2523.78  2519  13 1.4E+000  38.0   0.0
   30  0   692.29       38     407  0.35 2538.41  2534  16 6.4E-001  92.7   0.0
   31  0   773.48      -10     537  0.27 2836.00  2831  18-1.7E-001 -416.   0.0
   32  0   818.81     2495     951  1.76 3002.16  2986  28 4.2E+001   3.3   0.0
   33  0   837.32       27     868  0.27 3070.00  3061  24 4.6E-001 215.8   0.0
   34  0   843.52        5     433  0.51 3092.73  3087  12 8.8E-002 625.9   0.0
   35  0   867.20       -9     435  0.55 3179.52  3174  11-1.4E-001 -370.   0.0
   36  0   935.00       17     295  0.28 3428.03  3423  11 2.8E-001 160.1   0.0
   37  0   973.41       54     295  0.58 3568.82  3564  11 9.0E-001  50.9   0.0
   38  0  1060.46       73     326  0.67 3887.87  3883  11 1.2E+000  40.0   0.0
Peak Analysis Report                    6/25/2018   9:57:14 PM          Page 14


   Pk IT  Energy      Area   Bkgnd  FWHM Channel  Left  PW  Cts/Sec  %err   Fit

   39  0  1097.72    10934     900  1.88 4024.47  4003  34 1.8E+002   1.2   0.0
   40  0  1170.51        7     125  0.29 4291.24  4287  10 1.2E-001 242.9   0.0
   41  0  1236.02      135     234  1.51 4531.36  4517  27 2.3E+000  25.2   0.0
   42  0  1294.28    13550     373  1.99 4744.92  4721  37 2.3E+002   0.9   0.0
   43  0  1432.80       67      83  1.20 5252.65  5241  20 1.1E+000  28.6   0.0
   44  0  1458.47        3      53  0.44 5346.73  5341  12 5.3E-002 373.5   0.0
   45  0  1462.58       58      40  0.33 5361.78  5354  17 9.7E-001  23.5   0.0
   46  0  1508.64     1539     123  2.09 5530.60  5514  30 2.6E+001   3.0   0.0
   47  0  1603.05       62      99  1.47 5876.66  5864  19 1.0E+000  32.3   0.0
   48  0  1711.76      121      56  2.75 6275.13  6266  22 2.0E+000  15.0   0.0
   49  0  1754.01      276      82  0.69 6429.98  6420  22 4.6E+000   8.7   0.0
   50  0  1761.38      -40      93  0.27 6457.00  6450  14-6.6E-001 -36.9   0.0
   51  0  1878.57       11      54  0.32 6886.55  6880  13 1.9E-001 111.6   0.0
   52  0  1918.28        9      34  0.48 7032.11  7027  12 1.5E-001 110.4   0.0
   53  0  1922.31       18      30  0.99 7046.85  7041  12 2.9E-001  55.4   0.0
   54  0  1940.19      -10      43  0.27 7112.41  7107  12-1.7E-001 -100.   0.0
   55  0  1997.57       12      18  0.27 7322.72  7317  12 1.9E-001  66.6   0.0
   56  0  2114.48     1663      50  2.32 7751.22  7732  34 2.8E+001   2.6   0.0
   57  0  2150.28        0      17  0.30 7882.47  7877  12 3.9E-003 2803.   0.0
   58  0  2207.33        6      13  0.40 8091.56  8085  13 1.0E-001 106.4   0.0

M = First peak in a multiplet region
m = Other peak in a multiplet region
F = Fitted singlet

Errors quoted at  1.000 sigma
Peak Analysis Report             6/25/2018   9:57:14 PM            Page 15


**************************************************************************
*****           P E A K    A N A L Y S I S    R E P O R T            *****
**************************************************************************


     Detector Name:  DSA1000A                        
     Sample Title:   Sample title.                                     
     Peak Analysis Performed on:  6/25/2018   9:57:13 PM
               Peak Analysis From Channel:      1
               Peak Analysis To Channel:     8192

   Peak  ROI  ROI   Energy   Net Peak Net Area  Continuum  Critical 
    No. start end    (keV)     Area    Uncert.    Counts     Level

    1    55-   61    15.47        23.3   34.52   6.17E+002  5.62E+001 
    2    96-  103    26.51        13.9   35.11   6.04E+002  5.74E+001 
    3   113-  120    31.74         5.3   33.24   5.47E+002  5.46E+001 
    4   135-  143    37.68        16.4   34.97   5.64E+002  5.71E+001 
    5   173-  182    47.57        29.8   36.58   5.74E+002  5.95E+001 
    6   264-  275    72.94        65.5   42.66   7.00E+002  6.89E+001 
    7   442-  454   121.69        14.7   43.36   7.08E+002  7.10E+001 
    8   501-  516   138.37      2713.6   75.63   1.00E+003  9.02E+001 
    9   582-  591   159.61        21.9   35.70   5.49E+002  5.82E+001 
   10   695-  704   190.96        40.3   35.72   5.45E+002  5.78E+001 
   11   789-  799   216.06        12.7   40.11   6.69E+002  6.57E+001 
   12   843-  851   230.80        12.5   35.24   5.75E+002  5.77E+001 
   13   908-  916   248.56        26.7   34.99   5.57E+002  5.69E+001 
   14   973-  984   266.60         7.3   36.70   5.33E+002  6.02E+001 
   15  1101- 1123   303.90        95.3   56.77   8.06E+002  9.20E+001 
   16  1174- 1182   321.15        10.9   26.60   3.25E+002  4.34E+001 
 M 17  1222- 1242   334.93        59.7   53.14   5.10E+002  5.25E+001 
 m 18  1222- 1242   336.24      1221.4   69.60   5.67E+002  5.54E+001 
   19  1269- 1279   347.30        45.6   29.48   3.45E+002  4.72E+001 
   20  1294- 1312   355.29       264.5   50.10   6.64E+002  7.79E+001 
   21  1412- 1423   386.11         6.3   31.42   3.89E+002  5.15E+001 
   22  1500- 1516   411.82      1101.4   60.72   8.30E+002  8.36E+001 
   23  1519- 1538   416.87     10641.2  115.91   8.00E+002  8.69E+001 
   24  1579- 1588   431.72        23.6   24.99   2.65E+002  4.03E+001 
   25  1689- 1703   463.19       180.2   37.19   4.18E+002  5.71E+001 
   26  1772- 1779   484.02        -2.9   21.26   2.26E+002  3.51E+001 
   27  2027- 2040   554.96        -5.4   32.23   3.76E+002  5.32E+001 
   28  2136- 2150   583.65        -9.7   35.26   4.34E+002  5.82E+001 
   29  2519- 2531   688.30        82.1   31.23   3.38E+002  4.92E+001 
   30  2534- 2549   692.29        38.4   35.56   4.07E+002  5.76E+001 
   31  2831- 2848   773.48       -10.1   41.98   5.37E+002  6.93E+001 
   32  2986- 3013   818.81      2495.2   82.42   9.51E+002  1.08E+002 
   33  3061- 3084   837.32        27.4   59.18   8.68E+002  9.70E+001 
   34  3087- 3098   843.52         5.3   33.09   4.33E+002  5.43E+001 
   35  3174- 3184   867.20        -8.7   32.18   4.35E+002  5.32E+001 
   36  3423- 3433   935.00        16.8   26.84   2.95E+002  4.36E+001 
   37  3564- 3574   973.41        54.1   27.55   2.95E+002  4.37E+001 
   38  3883- 3893  1060.46        72.9   29.18   3.26E+002  4.59E+001 
   39  4003- 4036  1097.72     10934.3  126.20   9.00E+002  1.16E+002 
   40  4287- 4296  1170.51         7.0   17.01   1.25E+002  2.76E+001 
   41  4517- 4543  1236.02       135.5   34.08   2.34E+002  5.27E+001 
   42  4721- 4757  1294.28     13549.7  125.62   3.73E+002  7.77E+001 
Peak Analysis Report             6/25/2018   9:57:14 PM            Page 16


   Peak  ROI  ROI   Energy   Net Peak Net Area  Continuum  Critical 
    No. start end    (keV)     Area    Uncert.    Counts     Level

   43  5241- 5260  1432.80        66.7   19.05   8.33E+001  2.83E+001 
   44  5341- 5352  1458.47         3.2   11.82   5.28E+001  1.92E+001 
   45  5354- 5370  1462.58        58.4   13.72   3.96E+001  1.87E+001 
   46  5514- 5543  1508.64      1538.6   46.13   1.23E+002  3.99E+001 
   47  5864- 5882  1603.05        61.6   19.93   9.94E+001  3.01E+001 
   48  6266- 6287  1711.76       121.0   18.17   5.60E+001  2.38E+001 
   49  6420- 6441  1754.01       276.4   24.12   8.16E+001  2.87E+001 
   50  6450- 6463  1761.38       -39.8   14.68   9.28E+001  2.63E+001 
   51  6880- 6892  1878.57        11.1   12.44   5.39E+001  1.97E+001 
   52  7027- 7038  1918.28         8.8    9.73   3.42E+001  1.52E+001 
   53  7041- 7052  1922.31        17.6    9.76   3.04E+001  1.45E+001 
   54  7107- 7118  1940.19       -10.4   10.45   4.34E+001  1.80E+001 
   55  7317- 7328  1997.57        11.5    7.67   1.85E+001  1.13E+001 
   56  7732- 7765  2114.48      1662.9   43.87   5.01E+001  2.66E+001 
   57  7877- 7888  2150.28         0.2    6.60   1.68E+001  1.08E+001 
   58  8085- 8097  2207.33         6.0    6.38   1.30E+001  9.70E+000 

M = First peak in a multiplet region
m = Other peak in a multiplet region
F = Fitted singlet

Errors quoted at  1.000 sigma
Peak with NID Report             6/25/2018   9:57:14 PM            Page 17


**************************************************************************
*****           P E A K    W I T H   N I D    R E P O R T            *****
**************************************************************************


     Detector Name:  DSA1000A                        
     Sample Title:   Sample title.                                     
     Peak Analysis Performed on:  6/25/2018   9:57:13 PM
               Peak Analysis From Channel:      1
               Peak Analysis To Channel:     8192
     Tentative NID Library:   C:\GENIE2K\CAMFILES\NAA LIB LONG.NLB     
     Peak Match Tolerance :    3.000 keV

   Peak  ROI  ROI    Peak    Energy   Net Peak Net Area  Continuum  Tentative
    No. Start End  Centroid   (keV)     Area    Uncert.    Counts    Nuclide 

    1    55-   61    57.64    15.47  2.33E+001   34.52   6.17E+002   .....    
    2    96-  103    98.10    26.51  1.39E+001   35.11   6.04E+002   .....    
    3   113-  120   117.28    31.74  5.33E+000   33.24   5.47E+002   .....    
    4   135-  143   139.03    37.68  1.64E+001   34.97   5.64E+002   .....    
    5   173-  182   175.28    47.57  2.98E+001   36.58   5.74E+002   .....    
    6   264-  275   268.27    72.94  6.55E+001   42.66   7.00E+002   W-187    
    7   442-  454   446.97   121.69  1.47E+001   43.36   7.08E+002   EU-152x  
                                                                     SE-75    
                                                                     EU-154   
                                                                     BA-131   
    8   501-  516   508.11   138.37  2.71E+003   75.63   1.00E+003   RE-186   
                                                                     HF-181   
                                                                     SE-75    
    9   582-  591   585.96   159.61  2.19E+001   35.70   5.49E+002   TE-123m  
   10   695-  704   700.86   190.96  4.03E+001   35.72   5.45E+002   IN-114m  
                                                                     XE-125   
   11   789-  799   792.86   216.06  1.27E+001   40.11   6.69E+002   BA-131   
                                                                     RU-97    
                                                                     GE-77    
                                                                     AU-198m  
                                                                     LU-177x  
   12   843-  851   846.88   230.80  1.25E+001   35.24   5.75E+002   LU-177x  
                                                                     XE-133m  
   13   908-  916   911.99   248.56  2.67E+001   34.99   5.57E+002   EU-154   
                                                                     LU-177x  
   14   973-  984   978.10   266.60  7.27E+000   36.70   5.33E+002   BI-210x  
                                                                     BI-210   
                                                                     SE-75    
                                                                     GE-77    
   15  1101- 1123  1114.84   303.90  9.53E+001   56.77   8.06E+002   BI-210   
                                                                     BI-210x  
                                                                     BA-133   
                                                                     RH-105   
   16  1174- 1182  1178.05   321.15  1.09E+001   26.60   3.25E+002   CR-51    
                                                                     LU-177x  
                                                                     RH-105   
 M 17  1222- 1242  1228.57   334.93  5.97E+001   53.14   5.10E+002   TE-131x  
                                                                     CD-115   
 m 18  1222- 1242  1233.36   336.24  1.22E+003   69.60   5.67E+002   CD-115   
                                                                     TE-131x  
   19  1269- 1279  1273.89   347.30  4.56E+001   29.48   3.45E+002   PT-197m  
Peak with NID Report             6/25/2018   9:57:14 PM            Page 18

                                                                     HF-181   
   20  1294- 1312  1303.19   355.29  2.65E+002   50.10   6.64E+002   BA-133   
   21  1412- 1423  1416.15   386.11  6.27E+000   31.42   3.89E+002   PA-232   
                                                                     BA-133   
   22  1500- 1516  1510.38   411.82  1.10E+003   60.72   8.30E+002   AU-198   
                                                                     HO-166   
                                                                     LU-177x  
   23  1519- 1538  1528.91   416.87  1.06E+004  115.91   8.00E+002   GE-77    
                                                                     LU-177x  
   24  1579- 1588  1583.35   431.72  2.36E+001   24.99   2.65E+002   AG-108m  
   25  1689- 1703  1698.68   463.19  1.80E+002   37.19   4.18E+002   SB-125   
   26  1772- 1779  1775.04   484.02 -2.95E+000   21.26   2.26E+002   HF-181   
                                                                     LA-140   
   27  2027- 2040  2035.07   554.96 -5.43E+000   32.23   3.76E+002   BR-82x   
   28  2136- 2150  2140.22   583.65 -9.72E+000   35.26   4.34E+002   PA-232   
   29  2519- 2531  2523.78   688.30  8.21E+001   31.23   3.38E+002   AG-110m  
                                                                     W-187    
   30  2534- 2549  2538.41   692.29  3.84E+001   35.56   4.07E+002   .....    
   31  2831- 2848  2836.00   773.48 -1.01E+001   41.98   5.37E+002   TE-131x  
   32  2986- 3013  3002.16   818.81  2.50E+003   82.42   9.51E+002   PA-232   
                                                                     AG-110m  
   33  3061- 3084  3070.00   837.32  2.74E+001   59.18   8.68E+002   .....    
   34  3087- 3098  3092.73   843.52  5.29E+000   33.09   4.33E+002   .....    
   35  3174- 3184  3179.52   867.20 -8.68E+000   32.18   4.35E+002   PA-232   
                                                                     LA-140   
   36  3423- 3433  3428.03   935.00  1.68E+001   26.84   2.95E+002   AG-110m  
   37  3564- 3574  3568.82   973.41  5.41E+001   27.55   2.95E+002   .....    
   38  3883- 3893  3887.87  1060.46  7.29E+001   29.18   3.26E+002   .....    
Peak with NID Report             6/25/2018   9:57:14 PM            Page 19


   Peak  ROI  ROI    Peak    Energy   Net Peak Net Area  Continuum  Tentative
    No. start end  centroid   (keV)     Area    Uncert.    Counts    Nuclide 

   39  4003- 4036  4024.47  1097.72  1.09E+004  126.20   9.00E+002   FE-59    
   40  4287- 4296  4291.24  1170.51  7.00E+000   17.01   1.25E+002   CO-60    
   41  4517- 4543  4531.36  1236.02  1.35E+002   34.08   2.34E+002   .....    
   42  4721- 4757  4744.92  1294.28  1.35E+004  125.62   3.73E+002   FE-59    
                                                                     Ca-47    
   43  5241- 5260  5252.65  1432.80  6.67E+001   19.05   8.33E+001   .....    
   44  5341- 5352  5346.73  1458.47  3.17E+000   11.82   5.28E+001   .....    
   45  5354- 5370  5361.78  1462.58  5.84E+001   13.72   3.96E+001   .....    
   46  5514- 5543  5530.60  1508.64  1.54E+003   46.13   1.23E+002   .....    
   47  5864- 5882  5876.66  1603.05  6.16E+001   19.93   9.94E+001   .....    
   48  6266- 6287  6275.13  1711.76  1.21E+002   18.17   5.60E+001   .....    
   49  6420- 6441  6429.98  1754.01  2.76E+002   24.12   8.16E+001   .....    
   50  6450- 6463  6457.00  1761.38 -3.98E+001   14.68   9.28E+001   .....    
   51  6880- 6892  6886.55  1878.57  1.11E+001   12.44   5.39E+001   .....    
   52  7027- 7038  7032.11  1918.28  8.81E+000    9.73   3.42E+001   .....    
   53  7041- 7052  7046.85  1922.31  1.76E+001    9.76   3.04E+001   .....    
   54  7107- 7118  7112.41  1940.19 -1.04E+001   10.45   4.34E+001   .....    
   55  7317- 7328  7322.72  1997.57  1.15E+001    7.67   1.85E+001   .....    
   56  7732- 7765  7751.22  2114.48  1.66E+003   43.87   5.01E+001   .....    
   57  7877- 7888  7882.47  2150.28  2.35E-001    6.60   1.68E+001   .....    
   58  8085- 8097  8091.56  2207.33  6.00E+000    6.38   1.30E+001   .....    

M = First peak in a multiplet region
m = Other peak in a multiplet region
F = Fitted singlet

Errors quoted at  1.000 sigma
Peak Efficiency Report             6/25/2018   9:57:14 PM          Page 20


**************************************************************************
*****         P E A K    E F F I C I E N C Y    R E P O R T          *****
**************************************************************************

     Detector Name:  DSA1000A                        
     Sample Title:   Sample title.                                     
     Peak Analysis Performed on:  6/25/2018   9:57:13 PM


 Peak  Energy   Net Peak  Net Area       Peak     Efficiency
 No.   (keV)      Area   Uncertainty  Efficiency  Uncertainty

    1    15.47  2.33E+001    34.52     2.39E-002    2.06E-003
    2    26.51  1.39E+001    35.11     2.39E-002    2.06E-003
    3    31.74  5.33E+000    33.24     2.39E-002    2.06E-003
    4    37.68  1.64E+001    34.97     2.39E-002    2.06E-003
    5    47.57  2.98E+001    36.58     2.39E-002    2.06E-003
    6    72.94  6.55E+001    42.66     4.40E-002    5.71E-004
    7   121.69  1.47E+001    43.36     9.30E-002    3.12E-004
    8   138.37  2.71E+003    75.63     9.32E-002    3.92E-004
    9   159.61  2.19E+001    35.70     9.34E-002    5.04E-004
   10   190.96  4.03E+001    35.72     8.80E-002    5.49E-004
   11   216.06  1.27E+001    40.11     8.01E-002    4.78E-004
   12   230.80  1.25E+001    35.24     7.62E-002    4.43E-004
   13   248.56  2.67E+001    34.99     7.20E-002    4.08E-004
   14   266.60  7.27E+000    36.70     6.83E-002    3.77E-004
   15   303.90  9.53E+001    56.77     6.18E-002    3.25E-004
   16   321.15  1.09E+001    26.60     5.93E-002    3.05E-004
 M 17   334.93  5.97E+001    53.14     5.74E-002    2.91E-004
 m 18   336.24  1.22E+003    69.60     5.73E-002    2.90E-004
   19   347.30  4.56E+001    29.48     5.59E-002    2.79E-004
   20   355.29  2.65E+002    50.10     5.49E-002    2.72E-004
   21   386.11  6.27E+000    31.42     5.16E-002    2.48E-004
   22   411.82  1.10E+003    60.72     4.91E-002    2.30E-004
   23   416.87  1.06E+004   115.91     4.86E-002    2.27E-004
   24   431.72  2.36E+001    24.99     4.73E-002    2.21E-004
   25   463.19  1.80E+002    37.19     4.44E-002    2.21E-004
   26   484.02 -2.95E+000    21.26     4.27E-002    2.21E-004
   27   554.96 -5.43E+000    32.23     3.77E-002    2.22E-004
   28   583.65 -9.72E+000    35.26     3.60E-002    2.22E-004
   29   688.30  8.21E+001    31.23     3.12E-002    2.13E-004
   30   692.29  3.84E+001    35.56     3.10E-002    2.12E-004
   31   773.48 -1.01E+001    41.98     2.82E-002    2.05E-004
   32   818.81  2.50E+003    82.42     2.68E-002    2.01E-004
   33   837.32  2.74E+001    59.18     2.63E-002    1.97E-004
   34   843.52  5.29E+000    33.09     2.61E-002    1.92E-004
   35   867.20 -8.68E+000    32.18     2.54E-002    1.72E-004
   36   935.00  1.68E+001    26.84     2.35E-002    1.28E-004
   37   973.41  5.41E+001    27.55     2.26E-002    1.09E-004
   38  1060.46  7.29E+001    29.18     2.07E-002    7.76E-005
   39  1097.72  1.09E+004   126.20     2.00E-002    6.77E-005
   40  1170.51  7.00E+000    17.01     1.88E-002    5.25E-005
   41  1236.02  1.35E+002    34.08     1.79E-002    5.04E-005
   42  1294.28  1.35E+004   125.62     1.73E-002    4.89E-005
Peak Efficiency Report             6/25/2018   9:57:14 PM          Page 21


 Peak  Energy   Net Peak  Net Area       Peak     Efficiency
 No.   (keV)      Area   Uncertainty  Efficiency  Uncertainty

   43  1432.80  6.67E+001    19.05     1.69E-002    4.80E-005
   44  1458.47  3.17E+000    11.82     1.69E-002    4.80E-005
   45  1462.58  5.84E+001    13.72     1.69E-002    4.80E-005
   46  1508.64  1.54E+003    46.13     1.69E-002    4.80E-005
   47  1603.05  6.16E+001    19.93     1.69E-002    4.80E-005
   48  1711.76  1.21E+002    18.17     1.69E-002    4.80E-005
   49  1754.01  2.76E+002    24.12     1.69E-002    4.80E-005
   50  1761.38 -3.98E+001    14.68     1.69E-002    4.80E-005
   51  1878.57  1.11E+001    12.44     1.69E-002    4.80E-005
   52  1918.28  8.81E+000     9.73     1.69E-002    4.80E-005
   53  1922.31  1.76E+001     9.76     1.69E-002    4.80E-005
   54  1940.19 -1.04E+001    10.45     1.69E-002    4.80E-005
   55  1997.57  1.15E+001     7.67     1.69E-002    4.80E-005
   56  2114.48  1.66E+003    43.87     1.69E-002    4.80E-005
   57  2150.28  2.35E-001     6.60     1.69E-002    4.80E-005
   58  2207.33  6.00E+000     6.38     1.69E-002    4.80E-005


M = First peak in a multiplet region
m = Other peak in a multiplet region
F = Fitted singlet

Errors quoted at  1.000 sigma
Background Subtract Report             6/25/2018   9:57:14 PM      Page 22

No background subtract performed on this spectrum.
No area correction performed on this spectrum.
Nuclide Identification Report        6/25/2018   9:57:14 PM        Page 23


*************************************************************************
*****   N U C L I D E   I D E N T I F I C A T I O N   R E P O R T   *****
*************************************************************************

     Sample Title:         Sample title.                           
     Nuclide Library Used: C:\GENIE2K\CAMFILES\NAA LIB LONG.NLB    

   ....................    IDENTIFIED NUCLIDES     ....................

   Nuclide    Id       Energy   Yield     Activity     Activity
   Name    Confidence  (keV)     (%)     (uCi/Unit)   Uncertainty

   Ca-47     0.569    489.23     5.90
                      807.86     5.90
                     1297.09*   67.00    5.277E-001   5.116E-003
   FE-59     0.924   1099.25*   56.50    4.356E-001   1.270E-002
                     1291.60*   43.20    8.184E-001   2.230E-002
   CO-60     0.157   1173.24*   99.90    1.682E-004   4.087E-004
                     1332.50    99.98
   GE-77     0.324    211.03    30.80
                      215.50*   28.60    2.488E-004   7.888E-004
                      264.44*   53.90    8.895E-005   4.492E-004
                      367.40    14.00
                      416.33*   21.80    4.523E-001   1.355E-002
                      558.02    16.10
                      631.82     6.95
                      714.35     7.17
                     1085.19     6.05
   RH-105    0.915    306.10*    5.10    1.361E-002   8.180E-003
                      318.90*   19.10    4.354E-004   1.058E-003
   IN-114m   0.593    190.27*   14.74    1.400E-003   1.240E-003
                      558.43     4.00
                      725.24     4.00
   CD-115    0.470    336.24*   45.90    2.093E-002   1.281E-003
                      527.90    27.40
   TE-123m   0.993    159.00*   84.00    1.258E-004   2.050E-004
   XE-125    0.412    188.43*   54.90    3.760E-004   3.332E-004
                      243.40    28.80
   BA-133    0.853    276.40     7.16
                      302.85*   18.33    3.785E-003   2.256E-003
                      356.02*   62.05    3.496E-003   6.625E-004
                      383.85*    8.94    6.126E-004   3.071E-003
   XE-133m   0.901    233.22*   10.00    7.418E-004   2.083E-003
   EU-154    0.191    123.07*   40.40    1.768E-004   5.200E-004
                      247.93*    6.83    2.448E-003   3.204E-003
                      722.30    20.00
                      873.20    12.09
                      996.30    10.34
                     1004.76    17.90
                     1274.51    34.40
   HF-181    0.361    133.02    43.30
                      136.26*    5.85    2.243E-001   9.646E-003
                      345.93*   15.12    2.430E-003   1.572E-003
                      482.18*   80.50   -3.865E-005   2.788E-004
Nuclide Identification Report        6/25/2018   9:57:14 PM        Page 24


   Nuclide    Id       Energy   Yield    Activity     Activity
   Name    Confidence  (keV)     (%)    (uCi/Unit)   Uncertainty

   RE-186    0.974    137.16*    8.20    1.600E-001   7.391E-003
   AU-198    1.000    411.80*   95.58    1.057E-002   5.852E-004

       * = Energy line found in the spectrum.
       Energy Tolerance :    3.000 keV
       Nuclide confidence index threshold =   0.05
       Errors quoted at  1.000 sigma

Nuclide Identification Report        6/25/2018   9:57:14 PM        Page 25


   **********   U N I D E N T I F I E D   P E A K S   **********

               Peak Locate Performed on:  6/25/2018   9:57:12 PM
               Peak Locate From Channel:      1
               Peak Locate To Channel:    65535

       Peak   Energy           Peak Size in        Peak CPS
        No.   (keV)          Counts per Second   % Uncertainty

         1    15.47             3.8776E-001         148.37
         2    26.51             2.3208E-001         252.17
         3    31.74             8.8859E-002         623.50
         4    37.68             2.7408E-001         212.66
         5    47.57             4.9596E-001         122.94
         6    72.94             1.0924E+000          65.08
      M 17   334.93             9.9431E-001          89.07
        24   431.72             3.9386E-001         105.76
        25   463.19             3.0027E+000          20.64
        27   554.96            -9.0476E-002        -593.78
        28   583.65            -1.6203E-001        -362.74
        29   688.30             1.3690E+000          38.03
        30   692.29             6.3937E-001          92.70
        31   773.48            -1.6821E-001        -415.98
        32   818.81             4.1586E+001           3.30
        33   837.32             4.5699E-001         215.83
        34   843.52             8.8128E-002         625.88
        35   867.20            -1.4472E-001        -370.65
        36   935.00             2.7954E-001         160.05
        37   973.41             9.0238E-001          50.88
        38  1060.46             1.2158E+000          40.00
        41  1236.02             2.2575E+000          25.16
        43  1432.80             1.1114E+000          28.57
        44  1458.47             5.2753E-002         373.48
        45  1462.58             9.7313E-001          23.50
        46  1508.64             2.5643E+001           3.00
        47  1603.05             1.0269E+000          32.35
        48  1711.76             2.0165E+000          15.02
        49  1754.01             4.6059E+000           8.73
        50  1761.38            -6.6305E-001         -36.90
        51  1878.57             1.8577E-001         111.58
        52  1918.28             1.4690E-001         110.40
        53  1922.31             2.9358E-001          55.38
        54  1940.19            -1.7361E-001        -100.31
        55  1997.57             1.9208E-001          66.56
        56  2114.48             2.7716E+001           2.64
        57  2150.28             3.9216E-003        2803.84
        58  2207.33             1.0000E-001         106.41

       M = First peak in a multiplet region
       m = Other peak in a multiplet region
       F = Fitted singlet

       Errors quoted at  1.000 sigma
Interference Corrected Activity Report    6/25/2018   9:57:14 PM   Page 26


*************************************************************************
*****   N U C L I D E   I D E N T I F I C A T I O N   R E P O R T   *****
*************************************************************************

     Sample Title:         Sample title.                           
     Nuclide Library Used: C:\GENIE2K\CAMFILES\NAA LIB LONG.NLB    

   ....................    IDENTIFIED NUCLIDES     ....................

   Nuclide    Id       Energy    Yield     Activity     Activity
   Name    Confidence  (keV)      (%)     (uCi/Unit)   Uncertainty

   Ca-47     0.569    489.23      5.90
                      807.86      5.90
                     1297.09*    67.00   5.27683E-001  5.11570E-003
   FE-59     0.924   1099.25*    56.50   4.35621E-001  1.26965E-002
                     1291.60*    43.20   8.18356E-001  2.22970E-002
   CO-60     0.157   1173.24*    99.90   1.68248E-004  4.08732E-004
                     1332.50     99.98
   GE-77     0.324    211.03     30.80
                      215.50*    28.60   2.48808E-004  7.88815E-004
                      264.44*    53.90   8.89532E-005  4.49233E-004
                      367.40     14.00
                      416.33*    21.80   4.52291E-001  1.35535E-002
                      558.02     16.10
                      631.82      6.95
                      714.35      7.17
                     1085.19      6.05
   RH-105    0.915    306.10*     5.10   1.36069E-002  8.17998E-003
                      318.90*    19.10   4.35419E-004  1.05801E-003
   IN-114m   0.593    190.27*    14.74   1.40005E-003  1.24024E-003
                      558.43      4.00
                      725.24      4.00
   CD-115    0.470    336.24*    45.90   2.09331E-002  1.28147E-003
                      527.90     27.40
   TE-123m   0.993    159.00*    84.00   1.25778E-004  2.05039E-004
   XE-125    0.412    188.43*    54.90   3.76028E-004  3.33173E-004
                      243.40     28.80
   BA-133    0.853    276.40      7.16
                      302.85*    18.33   3.78523E-003  2.25613E-003
                      356.02*    62.05   3.49635E-003  6.62490E-004
                      383.85*     8.94   6.12599E-004  3.07063E-003
   XE-133m   0.901    233.22*    10.00   7.41795E-004  2.08333E-003
   EU-154    0.191    123.07*    40.40   1.76802E-004  5.20039E-004
                      247.93*     6.83   2.44754E-003  3.20369E-003
                      722.30     20.00
                      873.20     12.09
                      996.30     10.34
                     1004.76     17.90
                     1274.51     34.40
   HF-181    0.361    133.02     43.30
                      136.26*     5.85   2.24302E-001  9.64603E-003
                      345.93*    15.12   2.42980E-003  1.57189E-003
                      482.18*    80.50  -3.86483E-005  2.78839E-004
Interference Corrected Activity Report    6/25/2018   9:57:14 PM   Page 27


   Nuclide    Id       Energy    Yield    Activity     Activity
   Name    Confidence  (keV)      (%)    (uCi/Unit)   Uncertainty

   RE-186    0.974    137.16*     8.20   1.60030E-001  7.39094E-003
   AU-198    1.000    411.80*    95.58   1.05742E-002  5.85187E-004

       * = Energy line found in the spectrum.
       @ = Energy line not used for Weighted Mean Activity
       Energy Tolerance :    3.000 keV
       Nuclide confidence index threshold =   0.05
       Errors quoted at  1.000 sigma

Interference Corrected Activity Report    6/25/2018   9:57:14 PM   Page 28


*************************************************************************
*****   I N T E R F E R E N C E   C O R R E C T E D   R E P O R T   *****
*************************************************************************


                 Nuclide       Wt mean         Wt mean
       Nuclide     Id          Activity        Activity
       Name     Confidence    (uCi/Unit)      Uncertainty

       Ca-47      0.569      2.467910E-001   6.130497E-003
    X  CR-51      0.980
       FE-59      0.924      4.356208E-001   5.239171E-003
       CO-60      0.157      1.682479E-004   4.087315E-004
    X  SE-75      0.642
       GE-77      0.324      5.028811E-004   3.902048E-004
    X  RU-97      0.851
       RH-105     0.915      4.518873E-004   1.049704E-003
    ?  IN-114m    0.593      1.400046E-003   1.240241E-003
       CD-115     0.470      2.093312E-002   1.281468E-003
       TE-123m    0.993      1.257783E-004   2.050392E-004
    ?  XE-125     0.412      3.760278E-004   3.331726E-004
    X  BA-131     0.253
       BA-133     0.853      3.390292E-003   6.227790E-004
       XE-133m    0.901      7.417953E-004   2.083330E-003
       EU-154     0.191      2.350989E-004   5.133198E-004
       HF-181     0.361      2.429804E-003   1.571748E-003
       RE-186     0.974      1.582964E-001   4.648151E-003
    X  PT-197m    0.989
       AU-198     1.000      1.057419E-002   5.851869E-004
    X  BI-210     0.986
    X  BI-210x    0.985

       ? = nuclide is part of an undetermined solution
       X = nuclide rejected by the interference analysis
       @ = nuclide contains energy lines not used in Weighted Mean Activity

       Errors quoted at  1.000 sigma

Interference Corrected Activity Report    6/25/2018   9:57:14 PM   Page 29


   **********   U N I D E N T I F I E D   P E A K S   **********

               Peak Locate Performed on:  6/25/2018   9:57:12 PM
               Peak Locate From Channel:      1
               Peak Locate To Channel:    65535

       Peak   Energy           Peak Size in        Peak CPS
        No.   (keV)          Counts per Second   % Uncertainty

         1    15.47             3.8776E-001         148.37
         2    26.51             2.3208E-001         252.17
         3    31.74             8.8859E-002         623.50
         4    37.68             2.7408E-001         212.66
         5    47.57             4.9596E-001         122.94
         6    72.94             1.0924E+000          65.08
      M 17   334.93             9.9431E-001          89.07
        24   431.72             3.9386E-001         105.76
        25   463.19             3.0027E+000          20.64
        27   554.96            -9.0476E-002        -593.78
        28   583.65            -1.6203E-001        -362.74
        29   688.30             1.3690E+000          38.03
        30   692.29             6.3937E-001          92.70
        31   773.48            -1.6821E-001        -415.98
        32   818.81             4.1586E+001           3.30
        33   837.32             4.5699E-001         215.83
        34   843.52             8.8128E-002         625.88
        35   867.20            -1.4472E-001        -370.65
        36   935.00             2.7954E-001         160.05
        37   973.41             9.0238E-001          50.88
        38  1060.46             1.2158E+000          40.00
        41  1236.02             2.2575E+000          25.16
        43  1432.80             1.1114E+000          28.57
        44  1458.47             5.2753E-002         373.48
        45  1462.58             9.7313E-001          23.50
        46  1508.64             2.5643E+001           3.00
        47  1603.05             1.0269E+000          32.35
        48  1711.76             2.0165E+000          15.02
        49  1754.01             4.6059E+000           8.73
        50  1761.38            -6.6305E-001         -36.90
        51  1878.57             1.8577E-001         111.58
        52  1918.28             1.4690E-001         110.40
        53  1922.31             2.9358E-001          55.38
        54  1940.19            -1.7361E-001        -100.31
        55  1997.57             1.9208E-001          66.56
        56  2114.48             2.7716E+001           2.64
        57  2150.28             3.9216E-003        2803.84
        58  2207.33             1.0000E-001         106.41

       M = First peak in a multiplet region
       m = Other peak in a multiplet region
       F = Fitted singlet

       Errors quoted at  1.000 sigma
Nuclide MDA Report                      6/25/2018   9:57:14 PM     Page 30


No MDA analysis results available for reporting purposes
Nuclide MDA Report                      6/25/2018   9:57:14 PM     Page 31


No MDA analysis results available for reporting purposes
Action Level Summary Report             6/25/2018   9:57:14 PM     Page 32


No Action Level results available for reporting purposes
Auto Gain Adjust                     6/25/2018   9:57:14 PM       Page 33


*************************************************************************
*****                 A U T O  G A I N   A D J U S T                *****
*************************************************************************

Report Generated On:                               6/25/2018   9:57:14 PM


Status:                                                                 
No AGA results for reporting.


This report is valid only if a Certificate was the source of the true values.


Status:                                                                 
No AGA results for reporting.

